{"total": {"lines":{"total":2846,"covered":1529,"skipped":0,"pct":53.72},"statements":{"total":3367,"covered":1807,"skipped":0,"pct":53.66},"functions":{"total":1212,"covered":587,"skipped":0,"pct":48.43},"branches":{"total":2418,"covered":1123,"skipped":0,"pct":46.44},"branchesTrue":{"total":0,"covered":0,"skipped":0,"pct":100}}
,"/Users/Areli/Desktop/kaviland/KAVI---Proyecto-IS/src/app/_layout.tsx": {"lines":{"total":15,"covered":0,"skipped":0,"pct":0},"functions":{"total":6,"covered":0,"skipped":0,"pct":0},"statements":{"total":16,"covered":0,"skipped":0,"pct":0},"branches":{"total":8,"covered":0,"skipped":0,"pct":0}}
,"/Users/Areli/Desktop/kaviland/KAVI---Proyecto-IS/src/app/index.tsx": {"lines":{"total":2,"covered":0,"skipped":0,"pct":0},"functions":{"total":1,"covered":0,"skipped":0,"pct":0},"statements":{"total":2,"covered":0,"skipped":0,"pct":0},"branches":{"total":2,"covered":0,"skipped":0,"pct":0}}
,"/Users/Areli/Desktop/kaviland/KAVI---Proyecto-IS/src/app/(app)/_layout.tsx": {"lines":{"total":6,"covered":0,"skipped":0,"pct":0},"functions":{"total":3,"covered":0,"skipped":0,"pct":0},"statements":{"total":6,"covered":0,"skipped":0,"pct":0},"branches":{"total":2,"covered":0,"skipped":0,"pct":0}}
,"/Users/Areli/Desktop/kaviland/KAVI---Proyecto-IS/src/app/(app)/admin.tsx": {"lines":{"total":20,"covered":0,"skipped":0,"pct":0},"functions":{"total":8,"covered":0,"skipped":0,"pct":0},"statements":{"total":20,"covered":0,"skipped":0,"pct":0},"branches":{"total":20,"covered":0,"skipped":0,"pct":0}}
,"/Users/Areli/Desktop/kaviland/KAVI---Proyecto-IS/src/app/(app)/themes.tsx": {"lines":{"total":16,"covered":0,"skipped":0,"pct":0},"functions":{"total":10,"covered":0,"skipped":0,"pct":0},"statements":{"total":18,"covered":0,"skipped":0,"pct":0},"branches":{"total":22,"covered":0,"skipped":0,"pct":0}}
,"/Users/Areli/Desktop/kaviland/KAVI---Proyecto-IS/src/app/(app)/(tabs)/_layout.tsx": {"lines":{"total":4,"covered":0,"skipped":0,"pct":0},"functions":{"total":2,"covered":0,"skipped":0,"pct":0},"statements":{"total":4,"covered":0,"skipped":0,"pct":0},"branches":{"total":2,"covered":0,"skipped":0,"pct":0}}
,"/Users/Areli/Desktop/kaviland/KAVI---Proyecto-IS/src/app/(app)/(tabs)/_layout.web.tsx": {"lines":{"total":15,"covered":0,"skipped":0,"pct":0},"functions":{"total":6,"covered":0,"skipped":0,"pct":0},"statements":{"total":15,"covered":0,"skipped":0,"pct":0},"branches":{"total":19,"covered":0,"skipped":0,"pct":0}}
,"/Users/Areli/Desktop/kaviland/KAVI---Proyecto-IS/src/app/(app)/(tabs)/calendar.tsx": {"lines":{"total":81,"covered":72,"skipped":0,"pct":88.88},"functions":{"total":45,"covered":35,"skipped":0,"pct":77.77},"statements":{"total":110,"covered":95,"skipped":0,"pct":86.36},"branches":{"total":47,"covered":33,"skipped":0,"pct":70.21}}
,"/Users/Areli/Desktop/kaviland/KAVI---Proyecto-IS/src/app/(app)/(tabs)/fitness.tsx": {"lines":{"total":16,"covered":0,"skipped":0,"pct":0},"functions":{"total":9,"covered":0,"skipped":0,"pct":0},"statements":{"total":17,"covered":0,"skipped":0,"pct":0},"branches":{"total":20,"covered":0,"skipped":0,"pct":0}}
,"/Users/Areli/Desktop/kaviland/KAVI---Proyecto-IS/src/app/(app)/(tabs)/profile.tsx": {"lines":{"total":83,"covered":0,"skipped":0,"pct":0},"functions":{"total":35,"covered":0,"skipped":0,"pct":0},"statements":{"total":89,"covered":0,"skipped":0,"pct":0},"branches":{"total":56,"covered":0,"skipped":0,"pct":0}}
,"/Users/Areli/Desktop/kaviland/KAVI---Proyecto-IS/src/app/(app)/(tabs)/shared.tsx": {"lines":{"total":67,"covered":50,"skipped":0,"pct":74.62},"functions":{"total":42,"covered":27,"skipped":0,"pct":64.28},"statements":{"total":82,"covered":59,"skipped":0,"pct":71.95},"branches":{"total":109,"covered":72,"skipped":0,"pct":66.05}}
,"/Users/Areli/Desktop/kaviland/KAVI---Proyecto-IS/src/app/(app)/activity/[id].tsx": {"lines":{"total":68,"covered":0,"skipped":0,"pct":0},"functions":{"total":25,"covered":0,"skipped":0,"pct":0},"statements":{"total":79,"covered":0,"skipped":0,"pct":0},"branches":{"total":90,"covered":0,"skipped":0,"pct":0}}
,"/Users/Areli/Desktop/kaviland/KAVI---Proyecto-IS/src/app/(app)/activity/new.tsx": {"lines":{"total":54,"covered":38,"skipped":0,"pct":70.37},"functions":{"total":15,"covered":7,"skipped":0,"pct":46.66},"statements":{"total":61,"covered":39,"skipped":0,"pct":63.93},"branches":{"total":73,"covered":58,"skipped":0,"pct":79.45}}
,"/Users/Areli/Desktop/kaviland/KAVI---Proyecto-IS/src/app/(app)/activity/share.tsx": {"lines":{"total":54,"covered":0,"skipped":0,"pct":0},"functions":{"total":20,"covered":0,"skipped":0,"pct":0},"statements":{"total":64,"covered":0,"skipped":0,"pct":0},"branches":{"total":76,"covered":0,"skipped":0,"pct":0}}
,"/Users/Areli/Desktop/kaviland/KAVI---Proyecto-IS/src/app/(app)/shared/availability.tsx": {"lines":{"total":56,"covered":0,"skipped":0,"pct":0},"functions":{"total":27,"covered":0,"skipped":0,"pct":0},"statements":{"total":71,"covered":0,"skipped":0,"pct":0},"branches":{"total":52,"covered":0,"skipped":0,"pct":0}}
,"/Users/Areli/Desktop/kaviland/KAVI---Proyecto-IS/src/app/(app)/theme/new.tsx": {"lines":{"total":45,"covered":0,"skipped":0,"pct":0},"functions":{"total":21,"covered":0,"skipped":0,"pct":0},"statements":{"total":56,"covered":0,"skipped":0,"pct":0},"branches":{"total":47,"covered":0,"skipped":0,"pct":0}}
,"/Users/Areli/Desktop/kaviland/KAVI---Proyecto-IS/src/app/(app)/workout/[id].tsx": {"lines":{"total":67,"covered":0,"skipped":0,"pct":0},"functions":{"total":30,"covered":0,"skipped":0,"pct":0},"statements":{"total":76,"covered":0,"skipped":0,"pct":0},"branches":{"total":64,"covered":0,"skipped":0,"pct":0}}
,"/Users/Areli/Desktop/kaviland/KAVI---Proyecto-IS/src/app/(auth)/_layout.tsx": {"lines":{"total":1,"covered":0,"skipped":0,"pct":0},"functions":{"total":1,"covered":0,"skipped":0,"pct":0},"statements":{"total":1,"covered":0,"skipped":0,"pct":0},"branches":{"total":0,"covered":0,"skipped":0,"pct":100}}
,"/Users/Areli/Desktop/kaviland/KAVI---Proyecto-IS/src/app/(auth)/forgot-password.tsx": {"lines":{"total":7,"covered":7,"skipped":0,"pct":100},"functions":{"total":3,"covered":3,"skipped":0,"pct":100},"statements":{"total":8,"covered":8,"skipped":0,"pct":100},"branches":{"total":4,"covered":4,"skipped":0,"pct":100}}
,"/Users/Areli/Desktop/kaviland/KAVI---Proyecto-IS/src/app/(auth)/login.tsx": {"lines":{"total":10,"covered":9,"skipped":0,"pct":90},"functions":{"total":5,"covered":4,"skipped":0,"pct":80},"statements":{"total":11,"covered":10,"skipped":0,"pct":90.9},"branches":{"total":4,"covered":4,"skipped":0,"pct":100}}
,"/Users/Areli/Desktop/kaviland/KAVI---Proyecto-IS/src/app/(auth)/register.tsx": {"lines":{"total":64,"covered":56,"skipped":0,"pct":87.5},"functions":{"total":22,"covered":19,"skipped":0,"pct":86.36},"statements":{"total":68,"covered":60,"skipped":0,"pct":88.23},"branches":{"total":61,"covered":56,"skipped":0,"pct":91.8}}
,"/Users/Areli/Desktop/kaviland/KAVI---Proyecto-IS/src/components/auth-header.tsx": {"lines":{"total":2,"covered":2,"skipped":0,"pct":100},"functions":{"total":1,"covered":1,"skipped":0,"pct":100},"statements":{"total":2,"covered":2,"skipped":0,"pct":100},"branches":{"total":1,"covered":1,"skipped":0,"pct":100}}
,"/Users/Areli/Desktop/kaviland/KAVI---Proyecto-IS/src/components/error-fallback.tsx": {"lines":{"total":3,"covered":0,"skipped":0,"pct":0},"functions":{"total":2,"covered":0,"skipped":0,"pct":0},"statements":{"total":3,"covered":0,"skipped":0,"pct":0},"branches":{"total":2,"covered":0,"skipped":0,"pct":0}}
,"/Users/Areli/Desktop/kaviland/KAVI---Proyecto-IS/src/components/modal-header.tsx": {"lines":{"total":6,"covered":6,"skipped":0,"pct":100},"functions":{"total":2,"covered":1,"skipped":0,"pct":50},"statements":{"total":7,"covered":6,"skipped":0,"pct":85.71},"branches":{"total":4,"covered":2,"skipped":0,"pct":50}}
,"/Users/Areli/Desktop/kaviland/KAVI---Proyecto-IS/src/components/splash-view.tsx": {"lines":{"total":5,"covered":0,"skipped":0,"pct":0},"functions":{"total":1,"covered":0,"skipped":0,"pct":0},"statements":{"total":5,"covered":0,"skipped":0,"pct":0},"branches":{"total":0,"covered":0,"skipped":0,"pct":100}}
,"/Users/Areli/Desktop/kaviland/KAVI---Proyecto-IS/src/components/calendar/activity-block.tsx": {"lines":{"total":8,"covered":0,"skipped":0,"pct":0},"functions":{"total":3,"covered":0,"skipped":0,"pct":0},"statements":{"total":8,"covered":0,"skipped":0,"pct":0},"branches":{"total":25,"covered":0,"skipped":0,"pct":0}}
,"/Users/Areli/Desktop/kaviland/KAVI---Proyecto-IS/src/components/calendar/activity-form-mapping.ts": {"lines":{"total":11,"covered":0,"skipped":0,"pct":0},"functions":{"total":3,"covered":0,"skipped":0,"pct":0},"statements":{"total":11,"covered":0,"skipped":0,"pct":0},"branches":{"total":29,"covered":0,"skipped":0,"pct":0}}
,"/Users/Areli/Desktop/kaviland/KAVI---Proyecto-IS/src/components/calendar/activity-form.tsx": {"lines":{"total":34,"covered":0,"skipped":0,"pct":0},"functions":{"total":20,"covered":0,"skipped":0,"pct":0},"statements":{"total":37,"covered":0,"skipped":0,"pct":0},"branches":{"total":11,"covered":0,"skipped":0,"pct":0}}
,"/Users/Areli/Desktop/kaviland/KAVI---Proyecto-IS/src/components/calendar/activity-style.ts": {"lines":{"total":7,"covered":0,"skipped":0,"pct":0},"functions":{"total":3,"covered":0,"skipped":0,"pct":0},"statements":{"total":8,"covered":0,"skipped":0,"pct":0},"branches":{"total":5,"covered":0,"skipped":0,"pct":0}}
,"/Users/Areli/Desktop/kaviland/KAVI---Proyecto-IS/src/components/calendar/apply-filters.ts": {"lines":{"total":3,"covered":0,"skipped":0,"pct":0},"functions":{"total":2,"covered":0,"skipped":0,"pct":0},"statements":{"total":4,"covered":0,"skipped":0,"pct":0},"branches":{"total":6,"covered":0,"skipped":0,"pct":0}}
,"/Users/Areli/Desktop/kaviland/KAVI---Proyecto-IS/src/components/calendar/calendar-header.tsx": {"lines":{"total":21,"covered":0,"skipped":0,"pct":0},"functions":{"total":11,"covered":0,"skipped":0,"pct":0},"statements":{"total":22,"covered":0,"skipped":0,"pct":0},"branches":{"total":23,"covered":0,"skipped":0,"pct":0}}
,"/Users/Areli/Desktop/kaviland/KAVI---Proyecto-IS/src/components/calendar/day-view.tsx": {"lines":{"total":3,"covered":0,"skipped":0,"pct":0},"functions":{"total":3,"covered":0,"skipped":0,"pct":0},"statements":{"total":5,"covered":0,"skipped":0,"pct":0},"branches":{"total":0,"covered":0,"skipped":0,"pct":100}}
,"/Users/Areli/Desktop/kaviland/KAVI---Proyecto-IS/src/components/calendar/due-reminders-banner.tsx": {"lines":{"total":16,"covered":0,"skipped":0,"pct":0},"functions":{"total":11,"covered":0,"skipped":0,"pct":0},"statements":{"total":22,"covered":0,"skipped":0,"pct":0},"branches":{"total":8,"covered":0,"skipped":0,"pct":0}}
,"/Users/Areli/Desktop/kaviland/KAVI---Proyecto-IS/src/components/calendar/filter-sheet.tsx": {"lines":{"total":9,"covered":0,"skipped":0,"pct":0},"functions":{"total":7,"covered":0,"skipped":0,"pct":0},"statements":{"total":11,"covered":0,"skipped":0,"pct":0},"branches":{"total":8,"covered":0,"skipped":0,"pct":0}}
,"/Users/Areli/Desktop/kaviland/KAVI---Proyecto-IS/src/components/calendar/group-by-day.ts": {"lines":{"total":12,"covered":0,"skipped":0,"pct":0},"functions":{"total":2,"covered":0,"skipped":0,"pct":0},"statements":{"total":15,"covered":0,"skipped":0,"pct":0},"branches":{"total":4,"covered":0,"skipped":0,"pct":0}}
,"/Users/Areli/Desktop/kaviland/KAVI---Proyecto-IS/src/components/calendar/index.ts": {"lines":{"total":0,"covered":0,"skipped":0,"pct":0},"functions":{"total":0,"covered":0,"skipped":0,"pct":0},"statements":{"total":0,"covered":0,"skipped":0,"pct":0},"branches":{"total":0,"covered":0,"skipped":0,"pct":0}}
,"/Users/Areli/Desktop/kaviland/KAVI---Proyecto-IS/src/components/calendar/layout-blocks.ts": {"lines":{"total":22,"covered":0,"skipped":0,"pct":0},"functions":{"total":10,"covered":0,"skipped":0,"pct":0},"statements":{"total":29,"covered":0,"skipped":0,"pct":0},"branches":{"total":9,"covered":0,"skipped":0,"pct":0}}
,"/Users/Areli/Desktop/kaviland/KAVI---Proyecto-IS/src/components/calendar/month-view.tsx": {"lines":{"total":53,"covered":0,"skipped":0,"pct":0},"functions":{"total":17,"covered":0,"skipped":0,"pct":0},"statements":{"total":57,"covered":0,"skipped":0,"pct":0},"branches":{"total":64,"covered":0,"skipped":0,"pct":0}}
,"/Users/Areli/Desktop/kaviland/KAVI---Proyecto-IS/src/components/calendar/overlay.ts": {"lines":{"total":3,"covered":0,"skipped":0,"pct":0},"functions":{"total":3,"covered":0,"skipped":0,"pct":0},"statements":{"total":4,"covered":0,"skipped":0,"pct":0},"branches":{"total":2,"covered":0,"skipped":0,"pct":0}}
,"/Users/Areli/Desktop/kaviland/KAVI---Proyecto-IS/src/components/calendar/people-tabs.tsx": {"lines":{"total":13,"covered":0,"skipped":0,"pct":0},"functions":{"total":8,"covered":0,"skipped":0,"pct":0},"statements":{"total":14,"covered":0,"skipped":0,"pct":0},"branches":{"total":16,"covered":0,"skipped":0,"pct":0}}
,"/Users/Areli/Desktop/kaviland/KAVI---Proyecto-IS/src/components/calendar/recurrence-field.tsx": {"lines":{"total":20,"covered":0,"skipped":0,"pct":0},"functions":{"total":9,"covered":0,"skipped":0,"pct":0},"statements":{"total":22,"covered":0,"skipped":0,"pct":0},"branches":{"total":34,"covered":0,"skipped":0,"pct":0}}
,"/Users/Areli/Desktop/kaviland/KAVI---Proyecto-IS/src/components/calendar/reminders-field.tsx": {"lines":{"total":6,"covered":0,"skipped":0,"pct":0},"functions":{"total":5,"covered":0,"skipped":0,"pct":0},"statements":{"total":8,"covered":0,"skipped":0,"pct":0},"branches":{"total":2,"covered":0,"skipped":0,"pct":0}}
,"/Users/Areli/Desktop/kaviland/KAVI---Proyecto-IS/src/components/calendar/theme-field.tsx": {"lines":{"total":9,"covered":0,"skipped":0,"pct":0},"functions":{"total":5,"covered":0,"skipped":0,"pct":0},"statements":{"total":10,"covered":0,"skipped":0,"pct":0},"branches":{"total":8,"covered":0,"skipped":0,"pct":0}}
,"/Users/Areli/Desktop/kaviland/KAVI---Proyecto-IS/src/components/calendar/theme-picker.tsx": {"lines":{"total":23,"covered":0,"skipped":0,"pct":0},"functions":{"total":13,"covered":0,"skipped":0,"pct":0},"statements":{"total":25,"covered":0,"skipped":0,"pct":0},"branches":{"total":20,"covered":0,"skipped":0,"pct":0}}
,"/Users/Areli/Desktop/kaviland/KAVI---Proyecto-IS/src/components/calendar/timeline.tsx": {"lines":{"total":47,"covered":0,"skipped":0,"pct":0},"functions":{"total":27,"covered":0,"skipped":0,"pct":0},"statements":{"total":59,"covered":0,"skipped":0,"pct":0},"branches":{"total":29,"covered":0,"skipped":0,"pct":0}}
,"/Users/Areli/Desktop/kaviland/KAVI---Proyecto-IS/src/components/calendar/week-view.tsx": {"lines":{"total":4,"covered":0,"skipped":0,"pct":0},"functions":{"total":3,"covered":0,"skipped":0,"pct":0},"statements":{"total":6,"covered":0,"skipped":0,"pct":0},"branches":{"total":2,"covered":0,"skipped":0,"pct":0}}
,"/Users/Areli/Desktop/kaviland/KAVI---Proyecto-IS/src/components/calendar/workout-draft.tsx": {"lines":{"total":31,"covered":0,"skipped":0,"pct":0},"functions":{"total":21,"covered":0,"skipped":0,"pct":0},"statements":{"total":33,"covered":0,"skipped":0,"pct":0},"branches":{"total":38,"covered":0,"skipped":0,"pct":0}}
,"/Users/Areli/Desktop/kaviland/KAVI---Proyecto-IS/src/components/fitness/exercise-card.tsx": {"lines":{"total":38,"covered":0,"skipped":0,"pct":0},"functions":{"total":14,"covered":0,"skipped":0,"pct":0},"statements":{"total":39,"covered":0,"skipped":0,"pct":0},"branches":{"total":59,"covered":0,"skipped":0,"pct":0}}
,"/Users/Areli/Desktop/kaviland/KAVI---Proyecto-IS/src/components/ui/action-row.tsx": {"lines":{"total":4,"covered":4,"skipped":0,"pct":100},"functions":{"total":2,"covered":2,"skipped":0,"pct":100},"statements":{"total":4,"covered":4,"skipped":0,"pct":100},"branches":{"total":5,"covered":4,"skipped":0,"pct":80}}
,"/Users/Areli/Desktop/kaviland/KAVI---Proyecto-IS/src/components/ui/app-text.tsx": {"lines":{"total":3,"covered":3,"skipped":0,"pct":100},"functions":{"total":1,"covered":1,"skipped":0,"pct":100},"statements":{"total":3,"covered":3,"skipped":0,"pct":100},"branches":{"total":5,"covered":5,"skipped":0,"pct":100}}
,"/Users/Areli/Desktop/kaviland/KAVI---Proyecto-IS/src/components/ui/avatar.tsx": {"lines":{"total":6,"covered":6,"skipped":0,"pct":100},"functions":{"total":2,"covered":2,"skipped":0,"pct":100},"statements":{"total":6,"covered":6,"skipped":0,"pct":100},"branches":{"total":5,"covered":4,"skipped":0,"pct":80}}
,"/Users/Areli/Desktop/kaviland/KAVI---Proyecto-IS/src/components/ui/banner.tsx": {"lines":{"total":5,"covered":5,"skipped":0,"pct":100},"functions":{"total":1,"covered":1,"skipped":0,"pct":100},"statements":{"total":5,"covered":5,"skipped":0,"pct":100},"branches":{"total":3,"covered":3,"skipped":0,"pct":100}}
,"/Users/Areli/Desktop/kaviland/KAVI---Proyecto-IS/src/components/ui/button.tsx": {"lines":{"total":7,"covered":7,"skipped":0,"pct":100},"functions":{"total":2,"covered":2,"skipped":0,"pct":100},"statements":{"total":7,"covered":7,"skipped":0,"pct":100},"branches":{"total":14,"covered":13,"skipped":0,"pct":92.85}}
,"/Users/Areli/Desktop/kaviland/KAVI---Proyecto-IS/src/components/ui/chip.tsx": {"lines":{"total":5,"covered":5,"skipped":0,"pct":100},"functions":{"total":2,"covered":2,"skipped":0,"pct":100},"statements":{"total":5,"covered":5,"skipped":0,"pct":100},"branches":{"total":13,"covered":12,"skipped":0,"pct":92.3}}
,"/Users/Areli/Desktop/kaviland/KAVI---Proyecto-IS/src/components/ui/date-picker-sheet.tsx": {"lines":{"total":13,"covered":1,"skipped":0,"pct":7.69},"functions":{"total":7,"covered":0,"skipped":0,"pct":0},"statements":{"total":13,"covered":1,"skipped":0,"pct":7.69},"branches":{"total":11,"covered":0,"skipped":0,"pct":0}}
,"/Users/Areli/Desktop/kaviland/KAVI---Proyecto-IS/src/components/ui/dimension-dots.tsx": {"lines":{"total":3,"covered":3,"skipped":0,"pct":100},"functions":{"total":2,"covered":2,"skipped":0,"pct":100},"statements":{"total":3,"covered":3,"skipped":0,"pct":100},"branches":{"total":1,"covered":1,"skipped":0,"pct":100}}
,"/Users/Areli/Desktop/kaviland/KAVI---Proyecto-IS/src/components/ui/fab.tsx": {"lines":{"total":6,"covered":6,"skipped":0,"pct":100},"functions":{"total":2,"covered":2,"skipped":0,"pct":100},"statements":{"total":6,"covered":6,"skipped":0,"pct":100},"branches":{"total":5,"covered":3,"skipped":0,"pct":60}}
,"/Users/Areli/Desktop/kaviland/KAVI---Proyecto-IS/src/components/ui/field-button.tsx": {"lines":{"total":4,"covered":4,"skipped":0,"pct":100},"functions":{"total":2,"covered":2,"skipped":0,"pct":100},"statements":{"total":4,"covered":4,"skipped":0,"pct":100},"branches":{"total":15,"covered":14,"skipped":0,"pct":93.33}}
,"/Users/Areli/Desktop/kaviland/KAVI---Proyecto-IS/src/components/ui/icon-button.tsx": {"lines":{"total":3,"covered":3,"skipped":0,"pct":100},"functions":{"total":2,"covered":2,"skipped":0,"pct":100},"statements":{"total":3,"covered":3,"skipped":0,"pct":100},"branches":{"total":4,"covered":3,"skipped":0,"pct":75}}
,"/Users/Areli/Desktop/kaviland/KAVI---Proyecto-IS/src/components/ui/icon.tsx": {"lines":{"total":2,"covered":0,"skipped":0,"pct":0},"functions":{"total":1,"covered":0,"skipped":0,"pct":0},"statements":{"total":2,"covered":0,"skipped":0,"pct":0},"branches":{"total":3,"covered":0,"skipped":0,"pct":0}}
,"/Users/Areli/Desktop/kaviland/KAVI---Proyecto-IS/src/components/ui/index.ts": {"lines":{"total":0,"covered":0,"skipped":0,"pct":0},"functions":{"total":0,"covered":0,"skipped":0,"pct":0},"statements":{"total":0,"covered":0,"skipped":0,"pct":0},"branches":{"total":0,"covered":0,"skipped":0,"pct":0}}
,"/Users/Areli/Desktop/kaviland/KAVI---Proyecto-IS/src/components/ui/screen.tsx": {"lines":{"total":8,"covered":8,"skipped":0,"pct":100},"functions":{"total":1,"covered":1,"skipped":0,"pct":100},"statements":{"total":8,"covered":8,"skipped":0,"pct":100},"branches":{"total":18,"covered":17,"skipped":0,"pct":94.44}}
,"/Users/Areli/Desktop/kaviland/KAVI---Proyecto-IS/src/components/ui/segmented.tsx": {"lines":{"total":7,"covered":7,"skipped":0,"pct":100},"functions":{"total":4,"covered":4,"skipped":0,"pct":100},"statements":{"total":7,"covered":7,"skipped":0,"pct":100},"branches":{"total":6,"covered":5,"skipped":0,"pct":83.33}}
,"/Users/Areli/Desktop/kaviland/KAVI---Proyecto-IS/src/components/ui/settings-row.tsx": {"lines":{"total":15,"covered":15,"skipped":0,"pct":100},"functions":{"total":4,"covered":4,"skipped":0,"pct":100},"statements":{"total":15,"covered":15,"skipped":0,"pct":100},"branches":{"total":30,"covered":28,"skipped":0,"pct":93.33}}
,"/Users/Areli/Desktop/kaviland/KAVI---Proyecto-IS/src/components/ui/sheet.tsx": {"lines":{"total":19,"covered":18,"skipped":0,"pct":94.73},"functions":{"total":6,"covered":4,"skipped":0,"pct":66.66},"statements":{"total":20,"covered":18,"skipped":0,"pct":90},"branches":{"total":23,"covered":14,"skipped":0,"pct":60.86}}
,"/Users/Areli/Desktop/kaviland/KAVI---Proyecto-IS/src/components/ui/states.tsx": {"lines":{"total":8,"covered":8,"skipped":0,"pct":100},"functions":{"total":4,"covered":4,"skipped":0,"pct":100},"statements":{"total":8,"covered":8,"skipped":0,"pct":100},"branches":{"total":5,"covered":5,"skipped":0,"pct":100}}
,"/Users/Areli/Desktop/kaviland/KAVI---Proyecto-IS/src/components/ui/switch-row.tsx": {"lines":{"total":17,"covered":17,"skipped":0,"pct":100},"functions":{"total":7,"covered":7,"skipped":0,"pct":100},"statements":{"total":19,"covered":19,"skipped":0,"pct":100},"branches":{"total":13,"covered":9,"skipped":0,"pct":69.23}}
,"/Users/Areli/Desktop/kaviland/KAVI---Proyecto-IS/src/components/ui/text-field.tsx": {"lines":{"total":15,"covered":15,"skipped":0,"pct":100},"functions":{"total":6,"covered":6,"skipped":0,"pct":100},"statements":{"total":16,"covered":16,"skipped":0,"pct":100},"branches":{"total":28,"covered":26,"skipped":0,"pct":92.85}}
,"/Users/Areli/Desktop/kaviland/KAVI---Proyecto-IS/src/components/ui/time-picker-sheet.tsx": {"lines":{"total":27,"covered":6,"skipped":0,"pct":22.22},"functions":{"total":15,"covered":2,"skipped":0,"pct":13.33},"statements":{"total":33,"covered":8,"skipped":0,"pct":24.24},"branches":{"total":11,"covered":0,"skipped":0,"pct":0}}
,"/Users/Areli/Desktop/kaviland/KAVI---Proyecto-IS/src/components/ui/wordmark.tsx": {"lines":{"total":5,"covered":5,"skipped":0,"pct":100},"functions":{"total":1,"covered":1,"skipped":0,"pct":100},"statements":{"total":5,"covered":5,"skipped":0,"pct":100},"branches":{"total":12,"covered":12,"skipped":0,"pct":100}}
,"/Users/Areli/Desktop/kaviland/KAVI---Proyecto-IS/src/constants/demo.ts": {"lines":{"total":1,"covered":1,"skipped":0,"pct":100},"functions":{"total":0,"covered":0,"skipped":0,"pct":100},"statements":{"total":1,"covered":1,"skipped":0,"pct":100},"branches":{"total":0,"covered":0,"skipped":0,"pct":100}}
,"/Users/Areli/Desktop/kaviland/KAVI---Proyecto-IS/src/constants/dimensions.ts": {"lines":{"total":3,"covered":3,"skipped":0,"pct":100},"functions":{"total":1,"covered":1,"skipped":0,"pct":100},"statements":{"total":3,"covered":3,"skipped":0,"pct":100},"branches":{"total":0,"covered":0,"skipped":0,"pct":100}}
,"/Users/Areli/Desktop/kaviland/KAVI---Proyecto-IS/src/constants/icons.ts": {"lines":{"total":4,"covered":3,"skipped":0,"pct":75},"functions":{"total":1,"covered":0,"skipped":0,"pct":0},"statements":{"total":4,"covered":3,"skipped":0,"pct":75},"branches":{"total":2,"covered":0,"skipped":0,"pct":0}}
,"/Users/Areli/Desktop/kaviland/KAVI---Proyecto-IS/src/constants/people-colors.ts": {"lines":{"total":18,"covered":18,"skipped":0,"pct":100},"functions":{"total":4,"covered":4,"skipped":0,"pct":100},"statements":{"total":22,"covered":22,"skipped":0,"pct":100},"branches":{"total":9,"covered":8,"skipped":0,"pct":88.88}}
,"/Users/Areli/Desktop/kaviland/KAVI---Proyecto-IS/src/constants/reminders.ts": {"lines":{"total":7,"covered":7,"skipped":0,"pct":100},"functions":{"total":2,"covered":2,"skipped":0,"pct":100},"statements":{"total":11,"covered":11,"skipped":0,"pct":100},"branches":{"total":6,"covered":6,"skipped":0,"pct":100}}
,"/Users/Areli/Desktop/kaviland/KAVI---Proyecto-IS/src/constants/theme.ts": {"lines":{"total":17,"covered":17,"skipped":0,"pct":100},"functions":{"total":0,"covered":0,"skipped":0,"pct":100},"statements":{"total":17,"covered":17,"skipped":0,"pct":100},"branches":{"total":0,"covered":0,"skipped":0,"pct":100}}
,"/Users/Areli/Desktop/kaviland/KAVI---Proyecto-IS/src/constants/themes.ts": {"lines":{"total":3,"covered":3,"skipped":0,"pct":100},"functions":{"total":1,"covered":1,"skipped":0,"pct":100},"statements":{"total":4,"covered":4,"skipped":0,"pct":100},"branches":{"total":0,"covered":0,"skipped":0,"pct":100}}
,"/Users/Areli/Desktop/kaviland/KAVI---Proyecto-IS/src/hooks/use-activities-range.ts": {"lines":{"total":19,"covered":19,"skipped":0,"pct":100},"functions":{"total":8,"covered":8,"skipped":0,"pct":100},"statements":{"total":20,"covered":20,"skipped":0,"pct":100},"branches":{"total":2,"covered":2,"skipped":0,"pct":100}}
,"/Users/Areli/Desktop/kaviland/KAVI---Proyecto-IS/src/hooks/use-activity.ts": {"lines":{"total":14,"covered":14,"skipped":0,"pct":100},"functions":{"total":8,"covered":8,"skipped":0,"pct":100},"statements":{"total":15,"covered":15,"skipped":0,"pct":100},"branches":{"total":2,"covered":2,"skipped":0,"pct":100}}
,"/Users/Areli/Desktop/kaviland/KAVI---Proyecto-IS/src/hooks/use-admin.ts": {"lines":{"total":6,"covered":0,"skipped":0,"pct":0},"functions":{"total":3,"covered":0,"skipped":0,"pct":0},"statements":{"total":6,"covered":0,"skipped":0,"pct":0},"branches":{"total":0,"covered":0,"skipped":0,"pct":100}}
,"/Users/Areli/Desktop/kaviland/KAVI---Proyecto-IS/src/hooks/use-auth-actions.ts": {"lines":{"total":15,"covered":0,"skipped":0,"pct":0},"functions":{"total":14,"covered":0,"skipped":0,"pct":0},"statements":{"total":15,"covered":0,"skipped":0,"pct":0},"branches":{"total":0,"covered":0,"skipped":0,"pct":100}}
,"/Users/Areli/Desktop/kaviland/KAVI---Proyecto-IS/src/hooks/use-availability.ts": {"lines":{"total":6,"covered":0,"skipped":0,"pct":0},"functions":{"total":2,"covered":0,"skipped":0,"pct":0},"statements":{"total":6,"covered":0,"skipped":0,"pct":0},"branches":{"total":2,"covered":0,"skipped":0,"pct":0}}
,"/Users/Areli/Desktop/kaviland/KAVI---Proyecto-IS/src/hooks/use-brand-fonts.ts": {"lines":{"total":2,"covered":0,"skipped":0,"pct":0},"functions":{"total":1,"covered":0,"skipped":0,"pct":0},"statements":{"total":2,"covered":0,"skipped":0,"pct":0},"branches":{"total":2,"covered":0,"skipped":0,"pct":0}}
,"/Users/Areli/Desktop/kaviland/KAVI---Proyecto-IS/src/hooks/use-color-scheme.ts": {"lines":{"total":0,"covered":0,"skipped":0,"pct":0},"functions":{"total":0,"covered":0,"skipped":0,"pct":0},"statements":{"total":0,"covered":0,"skipped":0,"pct":0},"branches":{"total":0,"covered":0,"skipped":0,"pct":0}}
,"/Users/Areli/Desktop/kaviland/KAVI---Proyecto-IS/src/hooks/use-color-scheme.web.ts": {"lines":{"total":4,"covered":0,"skipped":0,"pct":0},"functions":{"total":5,"covered":0,"skipped":0,"pct":0},"statements":{"total":7,"covered":0,"skipped":0,"pct":0},"branches":{"total":2,"covered":0,"skipped":0,"pct":0}}
,"/Users/Areli/Desktop/kaviland/KAVI---Proyecto-IS/src/hooks/use-connections.ts": {"lines":{"total":33,"covered":33,"skipped":0,"pct":100},"functions":{"total":18,"covered":18,"skipped":0,"pct":100},"statements":{"total":36,"covered":36,"skipped":0,"pct":100},"branches":{"total":6,"covered":5,"skipped":0,"pct":83.33}}
,"/Users/Areli/Desktop/kaviland/KAVI---Proyecto-IS/src/hooks/use-debounced-value.ts": {"lines":{"total":5,"covered":5,"skipped":0,"pct":100},"functions":{"total":4,"covered":4,"skipped":0,"pct":100},"statements":{"total":7,"covered":7,"skipped":0,"pct":100},"branches":{"total":1,"covered":1,"skipped":0,"pct":100}}
,"/Users/Areli/Desktop/kaviland/KAVI---Proyecto-IS/src/hooks/use-profile.ts": {"lines":{"total":10,"covered":0,"skipped":0,"pct":0},"functions":{"total":6,"covered":0,"skipped":0,"pct":0},"statements":{"total":10,"covered":0,"skipped":0,"pct":0},"branches":{"total":0,"covered":0,"skipped":0,"pct":100}}
,"/Users/Areli/Desktop/kaviland/KAVI---Proyecto-IS/src/hooks/use-realtime.ts": {"lines":{"total":12,"covered":0,"skipped":0,"pct":0},"functions":{"total":5,"covered":0,"skipped":0,"pct":0},"statements":{"total":15,"covered":0,"skipped":0,"pct":0},"branches":{"total":6,"covered":0,"skipped":0,"pct":0}}
,"/Users/Areli/Desktop/kaviland/KAVI---Proyecto-IS/src/hooks/use-reminders.ts": {"lines":{"total":32,"covered":0,"skipped":0,"pct":0},"functions":{"total":16,"covered":0,"skipped":0,"pct":0},"statements":{"total":37,"covered":0,"skipped":0,"pct":0},"branches":{"total":12,"covered":0,"skipped":0,"pct":0}}
,"/Users/Areli/Desktop/kaviland/KAVI---Proyecto-IS/src/hooks/use-shared-badge.ts": {"lines":{"total":4,"covered":0,"skipped":0,"pct":0},"functions":{"total":2,"covered":0,"skipped":0,"pct":0},"statements":{"total":5,"covered":0,"skipped":0,"pct":0},"branches":{"total":4,"covered":0,"skipped":0,"pct":0}}
,"/Users/Areli/Desktop/kaviland/KAVI---Proyecto-IS/src/hooks/use-shares.ts": {"lines":{"total":19,"covered":0,"skipped":0,"pct":0},"functions":{"total":12,"covered":0,"skipped":0,"pct":0},"statements":{"total":20,"covered":0,"skipped":0,"pct":0},"branches":{"total":5,"covered":0,"skipped":0,"pct":0}}
,"/Users/Areli/Desktop/kaviland/KAVI---Proyecto-IS/src/hooks/use-splash-gate.ts": {"lines":{"total":8,"covered":0,"skipped":0,"pct":0},"functions":{"total":5,"covered":0,"skipped":0,"pct":0},"statements":{"total":11,"covered":0,"skipped":0,"pct":0},"branches":{"total":4,"covered":0,"skipped":0,"pct":0}}
,"/Users/Areli/Desktop/kaviland/KAVI---Proyecto-IS/src/hooks/use-theme.ts": {"lines":{"total":3,"covered":3,"skipped":0,"pct":100},"functions":{"total":2,"covered":2,"skipped":0,"pct":100},"statements":{"total":3,"covered":3,"skipped":0,"pct":100},"branches":{"total":0,"covered":0,"skipped":0,"pct":100}}
,"/Users/Areli/Desktop/kaviland/KAVI---Proyecto-IS/src/hooks/use-themes.ts": {"lines":{"total":19,"covered":19,"skipped":0,"pct":100},"functions":{"total":12,"covered":12,"skipped":0,"pct":100},"statements":{"total":24,"covered":24,"skipped":0,"pct":100},"branches":{"total":4,"covered":3,"skipped":0,"pct":75}}
,"/Users/Areli/Desktop/kaviland/KAVI---Proyecto-IS/src/hooks/use-workouts.ts": {"lines":{"total":26,"covered":26,"skipped":0,"pct":100},"functions":{"total":23,"covered":23,"skipped":0,"pct":100},"statements":{"total":31,"covered":31,"skipped":0,"pct":100},"branches":{"total":8,"covered":7,"skipped":0,"pct":87.5}}
,"/Users/Areli/Desktop/kaviland/KAVI---Proyecto-IS/src/lib/auth-errors.ts": {"lines":{"total":21,"covered":21,"skipped":0,"pct":100},"functions":{"total":3,"covered":3,"skipped":0,"pct":100},"statements":{"total":25,"covered":25,"skipped":0,"pct":100},"branches":{"total":22,"covered":22,"skipped":0,"pct":100}}
,"/Users/Areli/Desktop/kaviland/KAVI---Proyecto-IS/src/lib/dates.ts": {"lines":{"total":73,"covered":73,"skipped":0,"pct":100},"functions":{"total":28,"covered":27,"skipped":0,"pct":96.42},"statements":{"total":82,"covered":81,"skipped":0,"pct":98.78},"branches":{"total":33,"covered":31,"skipped":0,"pct":93.93}}
,"/Users/Areli/Desktop/kaviland/KAVI---Proyecto-IS/src/lib/env.ts": {"lines":{"total":5,"covered":5,"skipped":0,"pct":100},"functions":{"total":0,"covered":0,"skipped":0,"pct":100},"statements":{"total":5,"covered":5,"skipped":0,"pct":100},"branches":{"total":9,"covered":9,"skipped":0,"pct":100}}
,"/Users/Areli/Desktop/kaviland/KAVI---Proyecto-IS/src/lib/notifications.ts": {"lines":{"total":5,"covered":0,"skipped":0,"pct":0},"functions":{"total":4,"covered":0,"skipped":0,"pct":0},"statements":{"total":5,"covered":0,"skipped":0,"pct":0},"branches":{"total":0,"covered":0,"skipped":0,"pct":100}}
,"/Users/Areli/Desktop/kaviland/KAVI---Proyecto-IS/src/lib/query-client.ts": {"lines":{"total":1,"covered":0,"skipped":0,"pct":0},"functions":{"total":0,"covered":0,"skipped":0,"pct":100},"statements":{"total":1,"covered":0,"skipped":0,"pct":0},"branches":{"total":0,"covered":0,"skipped":0,"pct":100}}
,"/Users/Areli/Desktop/kaviland/KAVI---Proyecto-IS/src/lib/query-invalidation.ts": {"lines":{"total":3,"covered":3,"skipped":0,"pct":100},"functions":{"total":1,"covered":1,"skipped":0,"pct":100},"statements":{"total":3,"covered":3,"skipped":0,"pct":100},"branches":{"total":0,"covered":0,"skipped":0,"pct":100}}
,"/Users/Areli/Desktop/kaviland/KAVI---Proyecto-IS/src/lib/recurrence.ts": {"lines":{"total":49,"covered":49,"skipped":0,"pct":100},"functions":{"total":10,"covered":10,"skipped":0,"pct":100},"statements":{"total":64,"covered":63,"skipped":0,"pct":98.43},"branches":{"total":66,"covered":63,"skipped":0,"pct":95.45}}
,"/Users/Areli/Desktop/kaviland/KAVI---Proyecto-IS/src/lib/storage.ts": {"lines":{"total":29,"covered":11,"skipped":0,"pct":37.93},"functions":{"total":13,"covered":5,"skipped":0,"pct":38.46},"statements":{"total":30,"covered":12,"skipped":0,"pct":40},"branches":{"total":8,"covered":4,"skipped":0,"pct":50}}
,"/Users/Areli/Desktop/kaviland/KAVI---Proyecto-IS/src/lib/supabase.ts": {"lines":{"total":18,"covered":1,"skipped":0,"pct":5.55},"functions":{"total":6,"covered":0,"skipped":0,"pct":0},"statements":{"total":19,"covered":1,"skipped":0,"pct":5.26},"branches":{"total":10,"covered":0,"skipped":0,"pct":0}}
,"/Users/Areli/Desktop/kaviland/KAVI---Proyecto-IS/src/lib/username.ts": {"lines":{"total":14,"covered":14,"skipped":0,"pct":100},"functions":{"total":2,"covered":2,"skipped":0,"pct":100},"statements":{"total":17,"covered":17,"skipped":0,"pct":100},"branches":{"total":11,"covered":9,"skipped":0,"pct":81.81}}
,"/Users/Areli/Desktop/kaviland/KAVI---Proyecto-IS/src/lib/schemas/activity.ts": {"lines":{"total":3,"covered":0,"skipped":0,"pct":0},"functions":{"total":1,"covered":0,"skipped":0,"pct":0},"statements":{"total":3,"covered":0,"skipped":0,"pct":0},"branches":{"total":2,"covered":0,"skipped":0,"pct":0}}
,"/Users/Areli/Desktop/kaviland/KAVI---Proyecto-IS/src/lib/schemas/auth.ts": {"lines":{"total":15,"covered":15,"skipped":0,"pct":100},"functions":{"total":1,"covered":1,"skipped":0,"pct":100},"statements":{"total":15,"covered":15,"skipped":0,"pct":100},"branches":{"total":0,"covered":0,"skipped":0,"pct":100}}
,"/Users/Areli/Desktop/kaviland/KAVI---Proyecto-IS/src/lib/schemas/theme.ts": {"lines":{"total":1,"covered":0,"skipped":0,"pct":0},"functions":{"total":0,"covered":0,"skipped":0,"pct":100},"statements":{"total":1,"covered":0,"skipped":0,"pct":0},"branches":{"total":0,"covered":0,"skipped":0,"pct":100}}
,"/Users/Areli/Desktop/kaviland/KAVI---Proyecto-IS/src/providers/auth-provider.tsx": {"lines":{"total":22,"covered":22,"skipped":0,"pct":100},"functions":{"total":9,"covered":9,"skipped":0,"pct":100},"statements":{"total":26,"covered":26,"skipped":0,"pct":100},"branches":{"total":12,"covered":8,"skipped":0,"pct":66.66}}
,"/Users/Areli/Desktop/kaviland/KAVI---Proyecto-IS/src/providers/confirm-provider.tsx": {"lines":{"total":20,"covered":19,"skipped":0,"pct":95},"functions":{"total":9,"covered":8,"skipped":0,"pct":88.88},"statements":{"total":22,"covered":21,"skipped":0,"pct":95.45},"branches":{"total":10,"covered":10,"skipped":0,"pct":100}}
,"/Users/Areli/Desktop/kaviland/KAVI---Proyecto-IS/src/providers/index.ts": {"lines":{"total":0,"covered":0,"skipped":0,"pct":0},"functions":{"total":0,"covered":0,"skipped":0,"pct":0},"statements":{"total":0,"covered":0,"skipped":0,"pct":0},"branches":{"total":0,"covered":0,"skipped":0,"pct":0}}
,"/Users/Areli/Desktop/kaviland/KAVI---Proyecto-IS/src/providers/snackbar-provider.tsx": {"lines":{"total":25,"covered":25,"skipped":0,"pct":100},"functions":{"total":9,"covered":9,"skipped":0,"pct":100},"statements":{"total":31,"covered":31,"skipped":0,"pct":100},"branches":{"total":22,"covered":19,"skipped":0,"pct":86.36}}
,"/Users/Areli/Desktop/kaviland/KAVI---Proyecto-IS/src/services/activities.ts": {"lines":{"total":6,"covered":6,"skipped":0,"pct":100},"functions":{"total":0,"covered":0,"skipped":0,"pct":100},"statements":{"total":6,"covered":6,"skipped":0,"pct":100},"branches":{"total":0,"covered":0,"skipped":0,"pct":100}}
,"/Users/Areli/Desktop/kaviland/KAVI---Proyecto-IS/src/services/admin.ts": {"lines":{"total":2,"covered":0,"skipped":0,"pct":0},"functions":{"total":2,"covered":0,"skipped":0,"pct":0},"statements":{"total":2,"covered":0,"skipped":0,"pct":0},"branches":{"total":0,"covered":0,"skipped":0,"pct":100}}
,"/Users/Areli/Desktop/kaviland/KAVI---Proyecto-IS/src/services/auth.ts": {"lines":{"total":11,"covered":0,"skipped":0,"pct":0},"functions":{"total":0,"covered":0,"skipped":0,"pct":100},"statements":{"total":11,"covered":0,"skipped":0,"pct":0},"branches":{"total":0,"covered":0,"skipped":0,"pct":100}}
,"/Users/Areli/Desktop/kaviland/KAVI---Proyecto-IS/src/services/availability.ts": {"lines":{"total":1,"covered":0,"skipped":0,"pct":0},"functions":{"total":0,"covered":0,"skipped":0,"pct":100},"statements":{"total":1,"covered":0,"skipped":0,"pct":0},"branches":{"total":0,"covered":0,"skipped":0,"pct":100}}
,"/Users/Areli/Desktop/kaviland/KAVI---Proyecto-IS/src/services/backend.ts": {"lines":{"total":11,"covered":11,"skipped":0,"pct":100},"functions":{"total":0,"covered":0,"skipped":0,"pct":100},"statements":{"total":11,"covered":11,"skipped":0,"pct":100},"branches":{"total":22,"covered":11,"skipped":0,"pct":50}}
,"/Users/Areli/Desktop/kaviland/KAVI---Proyecto-IS/src/services/connections.ts": {"lines":{"total":7,"covered":0,"skipped":0,"pct":0},"functions":{"total":0,"covered":0,"skipped":0,"pct":100},"statements":{"total":7,"covered":0,"skipped":0,"pct":0},"branches":{"total":0,"covered":0,"skipped":0,"pct":100}}
,"/Users/Areli/Desktop/kaviland/KAVI---Proyecto-IS/src/services/contracts.ts": {"lines":{"total":0,"covered":0,"skipped":0,"pct":0},"functions":{"total":0,"covered":0,"skipped":0,"pct":0},"statements":{"total":0,"covered":0,"skipped":0,"pct":0},"branches":{"total":0,"covered":0,"skipped":0,"pct":0}}
,"/Users/Areli/Desktop/kaviland/KAVI---Proyecto-IS/src/services/profiles.ts": {"lines":{"total":2,"covered":0,"skipped":0,"pct":0},"functions":{"total":0,"covered":0,"skipped":0,"pct":100},"statements":{"total":2,"covered":0,"skipped":0,"pct":0},"branches":{"total":0,"covered":0,"skipped":0,"pct":100}}
,"/Users/Areli/Desktop/kaviland/KAVI---Proyecto-IS/src/services/realtime.ts": {"lines":{"total":1,"covered":0,"skipped":0,"pct":0},"functions":{"total":0,"covered":0,"skipped":0,"pct":100},"statements":{"total":1,"covered":0,"skipped":0,"pct":0},"branches":{"total":0,"covered":0,"skipped":0,"pct":100}}
,"/Users/Areli/Desktop/kaviland/KAVI---Proyecto-IS/src/services/reminders.ts": {"lines":{"total":4,"covered":0,"skipped":0,"pct":0},"functions":{"total":0,"covered":0,"skipped":0,"pct":100},"statements":{"total":4,"covered":0,"skipped":0,"pct":0},"branches":{"total":0,"covered":0,"skipped":0,"pct":100}}
,"/Users/Areli/Desktop/kaviland/KAVI---Proyecto-IS/src/services/shares.ts": {"lines":{"total":5,"covered":0,"skipped":0,"pct":0},"functions":{"total":0,"covered":0,"skipped":0,"pct":100},"statements":{"total":5,"covered":0,"skipped":0,"pct":0},"branches":{"total":0,"covered":0,"skipped":0,"pct":100}}
,"/Users/Areli/Desktop/kaviland/KAVI---Proyecto-IS/src/services/themes.ts": {"lines":{"total":4,"covered":0,"skipped":0,"pct":0},"functions":{"total":0,"covered":0,"skipped":0,"pct":100},"statements":{"total":4,"covered":0,"skipped":0,"pct":0},"branches":{"total":0,"covered":0,"skipped":0,"pct":100}}
,"/Users/Areli/Desktop/kaviland/KAVI---Proyecto-IS/src/services/workouts.ts": {"lines":{"total":11,"covered":0,"skipped":0,"pct":0},"functions":{"total":0,"covered":0,"skipped":0,"pct":100},"statements":{"total":11,"covered":0,"skipped":0,"pct":0},"branches":{"total":0,"covered":0,"skipped":0,"pct":100}}
,"/Users/Areli/Desktop/kaviland/KAVI---Proyecto-IS/src/services/demo/activities.ts": {"lines":{"total":95,"covered":62,"skipped":0,"pct":65.26},"functions":{"total":37,"covered":25,"skipped":0,"pct":67.56},"statements":{"total":116,"covered":73,"skipped":0,"pct":62.93},"branches":{"total":88,"covered":48,"skipped":0,"pct":54.54}}
,"/Users/Areli/Desktop/kaviland/KAVI---Proyecto-IS/src/services/demo/admin.ts": {"lines":{"total":18,"covered":2,"skipped":0,"pct":11.11},"functions":{"total":14,"covered":0,"skipped":0,"pct":0},"statements":{"total":21,"covered":2,"skipped":0,"pct":9.52},"branches":{"total":4,"covered":0,"skipped":0,"pct":0}}
,"/Users/Areli/Desktop/kaviland/KAVI---Proyecto-IS/src/services/demo/auth.ts": {"lines":{"total":66,"covered":66,"skipped":0,"pct":100},"functions":{"total":19,"covered":19,"skipped":0,"pct":100},"statements":{"total":78,"covered":78,"skipped":0,"pct":100},"branches":{"total":36,"covered":33,"skipped":0,"pct":91.66}}
,"/Users/Areli/Desktop/kaviland/KAVI---Proyecto-IS/src/services/demo/availability.ts": {"lines":{"total":12,"covered":1,"skipped":0,"pct":8.33},"functions":{"total":3,"covered":0,"skipped":0,"pct":0},"statements":{"total":16,"covered":1,"skipped":0,"pct":6.25},"branches":{"total":18,"covered":0,"skipped":0,"pct":0}}
,"/Users/Areli/Desktop/kaviland/KAVI---Proyecto-IS/src/services/demo/connections.ts": {"lines":{"total":73,"covered":63,"skipped":0,"pct":86.3},"functions":{"total":34,"covered":30,"skipped":0,"pct":88.23},"statements":{"total":93,"covered":80,"skipped":0,"pct":86.02},"branches":{"total":98,"covered":73,"skipped":0,"pct":74.48}}
,"/Users/Areli/Desktop/kaviland/KAVI---Proyecto-IS/src/services/demo/profiles.ts": {"lines":{"total":17,"covered":1,"skipped":0,"pct":5.88},"functions":{"total":5,"covered":0,"skipped":0,"pct":0},"statements":{"total":22,"covered":1,"skipped":0,"pct":4.54},"branches":{"total":12,"covered":0,"skipped":0,"pct":0}}
,"/Users/Areli/Desktop/kaviland/KAVI---Proyecto-IS/src/services/demo/realtime.ts": {"lines":{"total":2,"covered":1,"skipped":0,"pct":50},"functions":{"total":1,"covered":0,"skipped":0,"pct":0},"statements":{"total":2,"covered":1,"skipped":0,"pct":50},"branches":{"total":0,"covered":0,"skipped":0,"pct":100}}
,"/Users/Areli/Desktop/kaviland/KAVI---Proyecto-IS/src/services/demo/reminders.ts": {"lines":{"total":59,"covered":58,"skipped":0,"pct":98.3},"functions":{"total":34,"covered":30,"skipped":0,"pct":88.23},"statements":{"total":87,"covered":79,"skipped":0,"pct":90.8},"branches":{"total":39,"covered":32,"skipped":0,"pct":82.05}}
,"/Users/Areli/Desktop/kaviland/KAVI---Proyecto-IS/src/services/demo/shares.ts": {"lines":{"total":39,"covered":38,"skipped":0,"pct":97.43},"functions":{"total":20,"covered":16,"skipped":0,"pct":80},"statements":{"total":57,"covered":52,"skipped":0,"pct":91.22},"branches":{"total":32,"covered":29,"skipped":0,"pct":90.62}}
,"/Users/Areli/Desktop/kaviland/KAVI---Proyecto-IS/src/services/demo/store.ts": {"lines":{"total":35,"covered":32,"skipped":0,"pct":91.42},"functions":{"total":19,"covered":16,"skipped":0,"pct":84.21},"statements":{"total":44,"covered":39,"skipped":0,"pct":88.63},"branches":{"total":15,"covered":14,"skipped":0,"pct":93.33}}
,"/Users/Areli/Desktop/kaviland/KAVI---Proyecto-IS/src/services/demo/themes.ts": {"lines":{"total":23,"covered":23,"skipped":0,"pct":100},"functions":{"total":12,"covered":12,"skipped":0,"pct":100},"statements":{"total":32,"covered":31,"skipped":0,"pct":96.87},"branches":{"total":16,"covered":15,"skipped":0,"pct":93.75}}
,"/Users/Areli/Desktop/kaviland/KAVI---Proyecto-IS/src/services/demo/workouts.ts": {"lines":{"total":80,"covered":68,"skipped":0,"pct":85},"functions":{"total":38,"covered":32,"skipped":0,"pct":84.21},"statements":{"total":105,"covered":86,"skipped":0,"pct":81.9},"branches":{"total":64,"covered":44,"skipped":0,"pct":68.75}}
,"/Users/Areli/Desktop/kaviland/KAVI---Proyecto-IS/src/services/supabase/activities.ts": {"lines":{"total":80,"covered":45,"skipped":0,"pct":56.25},"functions":{"total":12,"covered":11,"skipped":0,"pct":91.66},"statements":{"total":101,"covered":54,"skipped":0,"pct":53.46},"branches":{"total":72,"covered":30,"skipped":0,"pct":41.66}}
,"/Users/Areli/Desktop/kaviland/KAVI---Proyecto-IS/src/services/supabase/admin.ts": {"lines":{"total":9,"covered":9,"skipped":0,"pct":100},"functions":{"total":2,"covered":2,"skipped":0,"pct":100},"statements":{"total":12,"covered":12,"skipped":0,"pct":100},"branches":{"total":8,"covered":8,"skipped":0,"pct":100}}
,"/Users/Areli/Desktop/kaviland/KAVI---Proyecto-IS/src/services/supabase/auth.ts": {"lines":{"total":45,"covered":45,"skipped":0,"pct":100},"functions":{"total":14,"covered":14,"skipped":0,"pct":100},"statements":{"total":61,"covered":57,"skipped":0,"pct":93.44},"branches":{"total":38,"covered":33,"skipped":0,"pct":86.84}}
,"/Users/Areli/Desktop/kaviland/KAVI---Proyecto-IS/src/services/supabase/errors.ts": {"lines":{"total":9,"covered":9,"skipped":0,"pct":100},"functions":{"total":2,"covered":2,"skipped":0,"pct":100},"statements":{"total":12,"covered":12,"skipped":0,"pct":100},"branches":{"total":10,"covered":10,"skipped":0,"pct":100}}
,"/Users/Areli/Desktop/kaviland/KAVI---Proyecto-IS/src/services/supabase/profiles.ts": {"lines":{"total":13,"covered":13,"skipped":0,"pct":100},"functions":{"total":3,"covered":3,"skipped":0,"pct":100},"statements":{"total":17,"covered":16,"skipped":0,"pct":94.11},"branches":{"total":10,"covered":9,"skipped":0,"pct":90}}
,"/Users/Areli/Desktop/kaviland/KAVI---Proyecto-IS/src/services/supabase/reminders.ts": {"lines":{"total":32,"covered":32,"skipped":0,"pct":100},"functions":{"total":14,"covered":14,"skipped":0,"pct":100},"statements":{"total":42,"covered":41,"skipped":0,"pct":97.61},"branches":{"total":19,"covered":18,"skipped":0,"pct":94.73}}
,"/Users/Areli/Desktop/kaviland/KAVI---Proyecto-IS/src/services/supabase/shared.ts": {"lines":{"total":77,"covered":68,"skipped":0,"pct":88.31},"functions":{"total":24,"covered":19,"skipped":0,"pct":79.16},"statements":{"total":97,"covered":77,"skipped":0,"pct":79.38},"branches":{"total":74,"covered":59,"skipped":0,"pct":79.72}}
,"/Users/Areli/Desktop/kaviland/KAVI---Proyecto-IS/src/services/supabase/themes.ts": {"lines":{"total":6,"covered":6,"skipped":0,"pct":100},"functions":{"total":4,"covered":4,"skipped":0,"pct":100},"statements":{"total":7,"covered":7,"skipped":0,"pct":100},"branches":{"total":2,"covered":2,"skipped":0,"pct":100}}
,"/Users/Areli/Desktop/kaviland/KAVI---Proyecto-IS/src/services/supabase/workouts.ts": {"lines":{"total":37,"covered":37,"skipped":0,"pct":100},"functions":{"total":19,"covered":19,"skipped":0,"pct":100},"statements":{"total":46,"covered":43,"skipped":0,"pct":93.47},"branches":{"total":34,"covered":30,"skipped":0,"pct":88.23}}
,"/Users/Areli/Desktop/kaviland/KAVI---Proyecto-IS/src/store/calendar-store.ts": {"lines":{"total":18,"covered":18,"skipped":0,"pct":100},"functions":{"total":13,"covered":13,"skipped":0,"pct":100},"statements":{"total":21,"covered":21,"skipped":0,"pct":100},"branches":{"total":8,"covered":8,"skipped":0,"pct":100}}
}
