TN:
SF:src/app/_layout.tsx
FN:18,(anonymous_0)
FN:51,RootNavigator
FN:60,(anonymous_2)
FN:62,(anonymous_3)
FN:82,ErrorBoundary
FN:86,RootLayout
FNF:6
FNH:0
FNDA:0,(anonymous_0)
FNDA:0,RootNavigator
FNDA:0,(anonymous_2)
FNDA:0,(anonymous_3)
FNDA:0,ErrorBoundary
FNDA:0,RootLayout
DA:18,0
DA:23,0
DA:52,0
DA:53,0
DA:54,0
DA:56,0
DA:60,0
DA:61,0
DA:62,0
DA:67,0
DA:69,0
DA:83,0
DA:87,0
DA:89,0
DA:107,0
LF:15
LH:0
BRDA:54,0,0,0
BRDA:54,0,1,0
BRDA:56,1,0,0
BRDA:56,1,1,0
BRDA:61,2,0,0
BRDA:61,2,1,0
BRDA:67,3,0,0
BRDA:67,3,1,0
BRF:8
BRH:0
end_of_record
TN:
SF:src/app/index.tsx
FN:6,IndexScreen
FNF:1
FNH:0
FNDA:0,IndexScreen
DA:7,0
DA:8,0
LF:2
LH:0
BRDA:8,0,0,0
BRDA:8,0,1,0
BRF:2
BRH:0
end_of_record
TN:
SF:src/app/(app)/_layout.tsx
FN:8,ErrorBoundary
FN:13,ReminderSync
FN:20,AppLayout
FNF:3
FNH:0
FNDA:0,ErrorBoundary
FNDA:0,ReminderSync
FNDA:0,AppLayout
DA:9,0
DA:14,0
DA:15,0
DA:16,0
DA:21,0
DA:22,0
LF:6
LH:0
BRDA:21,0,0,0
BRDA:21,0,1,0
BRF:2
BRH:0
end_of_record
TN:
SF:src/app/(app)/admin.tsx
FN:27,StatCard
FN:41,AccountRow
FN:71,AdminScreen
FN:77,(anonymous_3)
FN:93,(anonymous_4)
FN:96,(anonymous_5)
FN:109,(anonymous_6)
FN:119,(anonymous_7)
FNF:8
FNH:0
FNDA:0,StatCard
FNDA:0,AccountRow
FNDA:0,AdminScreen
FNDA:0,(anonymous_3)
FNDA:0,(anonymous_4)
FNDA:0,(anonymous_5)
FNDA:0,(anonymous_6)
FNDA:0,(anonymous_7)
DA:12,0
DA:14,0
DA:28,0
DA:29,0
DA:42,0
DA:43,0
DA:72,0
DA:73,0
DA:74,0
DA:76,0
DA:77,0
DA:81,0
DA:82,0
DA:91,0
DA:93,0
DA:97,0
DA:109,0
DA:114,0
DA:119,0
DA:133,0
LF:20
LH:0
BRDA:47,0,0,0
BRDA:47,0,1,0
BRDA:48,1,0,0
BRDA:48,1,1,0
BRDA:81,2,0,0
BRDA:81,2,1,0
BRDA:92,3,0,0
BRDA:92,3,1,0
BRDA:93,4,0,0
BRDA:93,4,1,0
BRDA:94,5,0,0
BRDA:94,5,1,0
BRDA:107,6,0,0
BRDA:107,6,1,0
BRDA:108,7,0,0
BRDA:108,7,1,0
BRDA:118,8,0,0
BRDA:118,8,1,0
BRDA:123,9,0,0
BRDA:123,9,1,0
BRF:20
BRH:0
end_of_record
TN:
SF:src/app/(app)/themes.tsx
FN:16,ThemesScreen
FN:20,(anonymous_1)
FN:21,(anonymous_2)
FN:23,(anonymous_3)
FN:28,(anonymous_4)
FN:29,(anonymous_5)
FN:53,(anonymous_6)
FN:56,(anonymous_7)
FN:65,(anonymous_8)
FN:75,(anonymous_9)
FNF:10
FNH:0
FNDA:0,ThemesScreen
FNDA:0,(anonymous_1)
FNDA:0,(anonymous_2)
FNDA:0,(anonymous_3)
FNDA:0,(anonymous_4)
FNDA:0,(anonymous_5)
FNDA:0,(anonymous_6)
FNDA:0,(anonymous_7)
FNDA:0,(anonymous_8)
FNDA:0,(anonymous_9)
DA:13,0
DA:17,0
DA:18,0
DA:19,0
DA:20,0
DA:21,0
DA:23,0
DA:24,0
DA:28,0
DA:29,0
DA:47,0
DA:53,0
DA:56,0
DA:66,0
DA:76,0
DA:84,0
LF:16
LH:0
BRDA:20,0,0,0
BRDA:20,0,1,0
BRDA:21,1,0,0
BRDA:21,1,1,0
BRDA:26,2,0,0
BRDA:26,2,1,0
BRDA:29,3,0,0
BRDA:29,3,1,0
BRDA:39,4,0,0
BRDA:39,4,1,0
BRDA:55,5,0,0
BRDA:55,5,1,0
BRDA:56,6,0,0
BRDA:56,6,1,0
BRDA:57,7,0,0
BRDA:57,7,1,0
BRDA:57,8,0,0
BRDA:57,8,1,0
BRDA:60,9,0,0
BRDA:60,9,1,0
BRDA:70,10,0,0
BRDA:70,10,1,0
BRF:22
BRH:0
end_of_record
TN:
SF:src/app/(app)/(tabs)/_layout.tsx
FN:8,ErrorBoundary
FN:13,TabsLayout
FNF:2
FNH:0
FNDA:0,ErrorBoundary
FNDA:0,TabsLayout
DA:9,0
DA:14,0
DA:15,0
DA:17,0
LF:4
LH:0
BRDA:41,0,0,0
BRDA:41,0,1,0
BRF:2
BRH:0
end_of_record
TN:
SF:src/app/(app)/(tabs)/_layout.web.tsx
FN:21,TabButton
FN:32,(anonymous_1)
FN:54,ErrorBoundary
FN:61,TopBar
FN:79,TabsLayoutWeb
FN:85,(anonymous_5)
FNF:6
FNH:0
FNDA:0,TabButton
FNDA:0,(anonymous_1)
FNDA:0,ErrorBoundary
FNDA:0,TopBar
FNDA:0,TabsLayoutWeb
FNDA:0,(anonymous_5)
DA:12,0
DA:22,0
DA:23,0
DA:24,0
DA:25,0
DA:26,0
DA:32,0
DA:55,0
DA:62,0
DA:65,0
DA:66,0
DA:80,0
DA:81,0
DA:86,0
DA:97,0
LF:15
LH:0
BRDA:21,0,0,0
BRDA:25,1,0,0
BRDA:25,1,1,0
BRDA:30,2,0,0
BRDA:30,2,1,0
BRDA:34,3,0,0
BRDA:34,3,1,0
BRDA:35,4,0,0
BRDA:35,4,1,0
BRDA:37,5,0,0
BRDA:37,5,1,0
BRDA:38,6,0,0
BRDA:38,6,1,0
BRDA:39,7,0,0
BRDA:39,7,1,0
BRDA:43,8,0,0
BRDA:43,8,1,0
BRDA:87,9,0,0
BRDA:87,9,1,0
BRF:19
BRH:0
end_of_record
TN:
SF:src/app/(app)/(tabs)/calendar.tsx
FN:23,CalendarScreen
FN:27,(anonymous_1)
FN:28,(anonymous_2)
FN:29,(anonymous_3)
FN:30,(anonymous_4)
FN:31,(anonymous_5)
FN:32,(anonymous_6)
FN:33,(anonymous_7)
FN:34,(anonymous_8)
FN:35,(anonymous_9)
FN:36,(anonymous_10)
FN:37,(anonymous_11)
FN:38,(anonymous_12)
FN:39,(anonymous_13)
FN:44,(anonymous_14)
FN:45,(anonymous_15)
FN:53,(anonymous_16)
FN:54,(anonymous_17)
FN:60,(anonymous_18)
FN:61,(anonymous_19)
FN:68,(anonymous_20)
FN:68,(anonymous_21)
FN:73,(anonymous_22)
FN:73,(anonymous_23)
FN:73,(anonymous_24)
FN:78,(anonymous_25)
FN:79,(anonymous_26)
FN:85,(anonymous_27)
FN:89,(anonymous_28)
FN:93,(anonymous_29)
FN:100,(anonymous_30)
FN:106,(anonymous_31)
FN:107,(anonymous_32)
FN:113,(anonymous_33)
FN:124,(anonymous_34)
FN:126,(anonymous_35)
FN:128,(anonymous_36)
FN:136,(anonymous_37)
FN:142,(anonymous_38)
FN:172,(anonymous_39)
FN:173,(anonymous_40)
FN:174,(anonymous_41)
FN:176,(anonymous_42)
FN:182,(anonymous_43)
FN:186,(anonymous_44)
FNF:45
FNH:35
FNDA:19,CalendarScreen
FNDA:59,(anonymous_1)
FNDA:59,(anonymous_2)
FNDA:59,(anonymous_3)
FNDA:59,(anonymous_4)
FNDA:59,(anonymous_5)
FNDA:59,(anonymous_6)
FNDA:59,(anonymous_7)
FNDA:59,(anonymous_8)
FNDA:59,(anonymous_9)
FNDA:59,(anonymous_10)
FNDA:59,(anonymous_11)
FNDA:59,(anonymous_12)
FNDA:59,(anonymous_13)
FNDA:17,(anonymous_14)
FNDA:17,(anonymous_15)
FNDA:17,(anonymous_16)
FNDA:18,(anonymous_17)
FNDA:17,(anonymous_18)
FNDA:17,(anonymous_19)
FNDA:17,(anonymous_20)
FNDA:4,(anonymous_21)
FNDA:17,(anonymous_22)
FNDA:3,(anonymous_23)
FNDA:2,(anonymous_24)
FNDA:0,(anonymous_25)
FNDA:0,(anonymous_26)
FNDA:3,(anonymous_27)
FNDA:19,(anonymous_28)
FNDA:2,(anonymous_29)
FNDA:1,(anonymous_30)
FNDA:1,(anonymous_31)
FNDA:0,(anonymous_32)
FNDA:0,(anonymous_33)
FNDA:19,(anonymous_34)
FNDA:3,(anonymous_35)
FNDA:0,(anonymous_36)
FNDA:6,(anonymous_37)
FNDA:1,(anonymous_38)
FNDA:0,(anonymous_39)
FNDA:0,(anonymous_40)
FNDA:0,(anonymous_41)
FNDA:1,(anonymous_42)
FNDA:0,(anonymous_43)
FNDA:0,(anonymous_44)
DA:24,19
DA:25,19
DA:26,19
DA:27,59
DA:28,59
DA:29,59
DA:30,59
DA:31,59
DA:32,59
DA:33,59
DA:34,59
DA:35,59
DA:36,59
DA:37,59
DA:38,59
DA:39,59
DA:40,19
DA:41,19
DA:42,19
DA:44,19
DA:45,17
DA:46,17
DA:47,17
DA:53,19
DA:54,19
DA:55,19
DA:56,19
DA:57,19
DA:60,19
DA:61,17
DA:65,19
DA:66,19
DA:67,19
DA:68,17
DA:72,19
DA:73,17
DA:76,19
DA:77,19
DA:79,0
DA:80,0
DA:84,19
DA:85,3
DA:88,19
DA:89,19
DA:93,19
DA:94,2
DA:95,1
DA:96,1
DA:98,1
DA:100,19
DA:101,1
DA:106,19
DA:107,19
DA:110,19
DA:114,0
DA:115,0
DA:123,19
DA:124,19
DA:125,19
DA:126,19
DA:128,19
DA:129,19
DA:130,19
DA:133,19
DA:134,1
DA:137,6
DA:141,18
DA:142,1
DA:143,17
DA:144,6
DA:145,11
DA:146,7
DA:153,4
DA:165,19
DA:172,0
DA:173,0
DA:174,0
DA:176,1
DA:182,0
DA:186,0
DA:191,1
LF:81
LH:72
BRDA:46,0,0,0
BRDA:46,0,1,17
BRDA:46,1,0,17
BRDA:46,1,1,17
BRDA:46,1,2,17
BRDA:47,2,0,0
BRDA:47,2,1,17
BRDA:47,3,0,17
BRDA:47,3,1,0
BRDA:61,4,0,17
BRDA:61,4,1,0
BRDA:68,5,0,17
BRDA:68,5,1,0
BRDA:68,6,0,4
BRDA:68,6,1,4
BRDA:80,7,0,0
BRDA:80,7,1,0
BRDA:85,8,0,3
BRDA:85,8,1,0
BRDA:89,9,0,4
BRDA:89,9,1,15
BRDA:94,10,0,1
BRDA:94,10,1,1
BRDA:95,11,0,1
BRDA:95,11,1,0
BRDA:103,12,0,0
BRDA:103,12,1,1
BRDA:114,13,0,0
BRDA:114,13,1,0
BRDA:115,14,0,0
BRDA:115,14,1,0
BRDA:125,15,0,19
BRDA:125,15,1,1
BRDA:126,16,0,2
BRDA:126,16,1,17
BRDA:130,17,0,19
BRDA:130,17,1,17
BRDA:133,18,0,1
BRDA:133,18,1,18
BRDA:141,19,0,1
BRDA:141,19,1,17
BRDA:143,20,0,6
BRDA:143,20,1,11
BRDA:145,21,0,7
BRDA:145,21,1,4
BRDA:155,22,0,3
BRDA:155,22,1,1
BRF:47
BRH:33
end_of_record
TN:
SF:src/app/(app)/(tabs)/fitness.tsx
FN:14,FitnessScreen
FN:21,(anonymous_1)
FN:25,(anonymous_2)
FN:26,(anonymous_3)
FN:29,(anonymous_4)
FN:33,(anonymous_5)
FN:34,(anonymous_6)
FN:70,(anonymous_7)
FN:74,(anonymous_8)
FNF:9
FNH:0
FNDA:0,FitnessScreen
FNDA:0,(anonymous_1)
FNDA:0,(anonymous_2)
FNDA:0,(anonymous_3)
FNDA:0,(anonymous_4)
FNDA:0,(anonymous_5)
FNDA:0,(anonymous_6)
FNDA:0,(anonymous_7)
FNDA:0,(anonymous_8)
DA:15,0
DA:16,0
DA:17,0
DA:18,0
DA:20,0
DA:21,0
DA:25,0
DA:26,0
DA:28,0
DA:30,0
DA:33,0
DA:34,0
DA:52,0
DA:70,0
DA:74,0
DA:90,0
LF:16
LH:0
BRDA:32,0,0,0
BRDA:32,0,1,0
BRDA:32,1,0,0
BRDA:32,1,1,0
BRDA:34,2,0,0
BRDA:34,2,1,0
BRDA:39,3,0,0
BRDA:39,3,1,0
BRDA:41,4,0,0
BRDA:41,4,1,0
BRDA:42,5,0,0
BRDA:42,5,1,0
BRDA:43,6,0,0
BRDA:43,6,1,0
BRDA:69,7,0,0
BRDA:69,7,1,0
BRDA:70,8,0,0
BRDA:70,8,1,0
BRDA:71,9,0,0
BRDA:71,9,1,0
BRF:20
BRH:0
end_of_record
TN:
SF:src/app/(app)/(tabs)/profile.tsx
FN:59,useNotificationPermission
FN:61,(anonymous_1)
FN:63,(anonymous_2)
FN:66,(anonymous_3)
FN:73,StatTile
FN:91,ProfileScreen
FN:110,(anonymous_6)
FN:113,(anonymous_7)
FN:114,(anonymous_8)
FN:124,(anonymous_9)
FN:128,(anonymous_10)
FN:132,(anonymous_11)
FN:145,(anonymous_12)
FN:149,(anonymous_13)
FN:158,(anonymous_14)
FN:165,(anonymous_15)
FN:175,(anonymous_16)
FN:219,(anonymous_17)
FN:227,(anonymous_18)
FN:228,(anonymous_19)
FN:265,(anonymous_20)
FN:271,(anonymous_21)
FN:277,(anonymous_22)
FN:291,(anonymous_23)
FN:298,(anonymous_24)
FN:298,(anonymous_25)
FN:303,(anonymous_26)
FN:329,(anonymous_27)
FN:334,(anonymous_28)
FN:352,(anonymous_29)
FN:356,(anonymous_30)
FN:381,(anonymous_31)
FN:386,(anonymous_32)
FN:402,(anonymous_33)
FN:419,(anonymous_34)
FNF:35
FNH:19
FNDA:58,useNotificationPermission
FNDA:19,(anonymous_1)
FNDA:19,(anonymous_2)
FNDA:19,(anonymous_3)
FNDA:208,StatTile
FNDA:58,ProfileScreen
FNDA:19,(anonymous_6)
FNDA:58,(anonymous_7)
FNDA:116,(anonymous_8)
FNDA:19,(anonymous_9)
FNDA:0,(anonymous_10)
FNDA:0,(anonymous_11)
FNDA:0,(anonymous_12)
FNDA:0,(anonymous_13)
FNDA:0,(anonymous_14)
FNDA:2,(anonymous_15)
FNDA:58,(anonymous_16)
FNDA:1,(anonymous_17)
FNDA:1,(anonymous_18)
FNDA:52,(anonymous_19)
FNDA:0,(anonymous_20)
FNDA:0,(anonymous_21)
FNDA:0,(anonymous_22)
FNDA:0,(anonymous_23)
FNDA:24,(anonymous_24)
FNDA:24,(anonymous_25)
FNDA:0,(anonymous_26)
FNDA:0,(anonymous_27)
FNDA:1,(anonymous_28)
FNDA:1,(anonymous_29)
FNDA:0,(anonymous_30)
FNDA:0,(anonymous_31)
FNDA:0,(anonymous_32)
FNDA:0,(anonymous_33)
FNDA:0,(anonymous_34)
DA:49,1
DA:51,1
DA:60,58
DA:61,58
DA:62,19
DA:63,19
DA:64,19
DA:66,19
DA:67,19
DA:70,58
DA:74,208
DA:75,208
DA:92,58
DA:93,58
DA:94,58
DA:95,58
DA:96,58
DA:97,58
DA:98,58
DA:99,58
DA:100,58
DA:101,58
DA:102,58
DA:103,58
DA:104,58
DA:105,58
DA:106,58
DA:107,58
DA:108,58
DA:110,58
DA:111,58
DA:113,58
DA:114,116
DA:115,58
DA:116,58
DA:117,58
DA:119,58
DA:124,58
DA:125,19
DA:128,58
DA:129,0
DA:133,0
DA:134,0
DA:140,58
DA:145,58
DA:146,0
DA:150,0
DA:151,0
DA:152,0
DA:158,58
DA:159,0
DA:160,0
DA:161,0
DA:162,0
DA:165,58
DA:166,2
DA:172,2
DA:175,58
DA:176,58
DA:177,18
DA:186,40
DA:187,38
DA:196,2
DA:212,58
DA:219,1
DA:227,1
DA:228,52
DA:265,0
DA:271,0
DA:277,0
DA:291,0
DA:298,24
DA:299,24
DA:303,0
DA:329,0
DA:335,1
DA:353,1
DA:356,0
DA:381,0
DA:387,0
DA:403,0
DA:420,0
DA:438,1
LF:83
LH:61
BRDA:64,0,0,19
BRDA:64,0,1,0
BRDA:113,1,0,58
BRDA:113,1,1,0
BRDA:114,2,0,58
BRDA:114,2,1,0
BRDA:115,3,0,58
BRDA:115,3,1,0
BRDA:116,4,0,58
BRDA:116,4,1,0
BRDA:117,5,0,58
BRDA:117,5,1,58
BRDA:125,6,0,17
BRDA:125,6,1,2
BRDA:125,7,0,17
BRDA:125,7,1,1
BRDA:147,8,0,0
BRDA:147,8,1,0
BRDA:172,9,0,1
BRDA:172,9,1,1
BRDA:176,10,0,18
BRDA:176,10,1,40
BRDA:186,11,0,38
BRDA:186,11,1,2
BRDA:199,12,0,1
BRDA:199,12,1,1
BRDA:206,13,0,1
BRDA:206,13,1,1
BRDA:207,14,0,1
BRDA:207,14,1,1
BRDA:218,15,0,3
BRDA:218,15,1,55
BRDA:219,16,0,3
BRDA:219,16,1,55
BRDA:221,17,0,52
BRDA:221,17,1,6
BRDA:226,18,0,52
BRDA:226,18,1,3
BRDA:231,19,0,0
BRDA:231,19,1,52
BRDA:236,20,0,52
BRDA:236,20,1,3
BRDA:285,21,0,3
BRDA:285,21,1,55
BRDA:296,22,0,6
BRDA:296,22,1,52
BRDA:314,23,0,6
BRDA:314,23,1,52
BRDA:318,24,0,3
BRDA:318,24,1,55
BRDA:330,25,0,0
BRDA:330,25,1,58
BRDA:368,26,0,58
BRDA:368,26,1,0
BRDA:382,27,0,0
BRDA:382,27,1,58
BRF:56
BRH:45
end_of_record
TN:
SF:src/app/(app)/(tabs)/shared.tsx
FN:17,(anonymous_0)
FN:25,visibilityLabel
FN:26,(anonymous_2)
FN:30,SharedScreen
FN:49,(anonymous_4)
FN:50,(anonymous_5)
FN:51,(anonymous_6)
FN:52,(anonymous_7)
FN:53,(anonymous_8)
FN:56,(anonymous_9)
FN:64,(anonymous_10)
FN:73,(anonymous_11)
FN:82,(anonymous_12)
FN:87,(anonymous_13)
FN:92,(anonymous_14)
FN:107,(anonymous_15)
FN:110,(anonymous_16)
FN:110,(anonymous_17)
FN:121,(anonymous_18)
FN:127,(anonymous_19)
FN:132,(anonymous_20)
FN:132,(anonymous_21)
FN:146,(anonymous_22)
FN:149,(anonymous_23)
FN:154,(anonymous_24)
FN:155,(anonymous_25)
FN:176,(anonymous_26)
FN:185,(anonymous_27)
FN:193,(anonymous_28)
FN:212,(anonymous_29)
FN:217,(anonymous_30)
FN:233,(anonymous_31)
FN:233,(anonymous_32)
FN:241,(anonymous_33)
FN:250,(anonymous_34)
FN:259,(anonymous_35)
FN:264,(anonymous_36)
FN:283,(anonymous_37)
FN:290,(anonymous_38)
FN:294,(anonymous_39)
FN:297,(anonymous_40)
FN:311,(anonymous_41)
FNF:42
FNH:27
FNDA:8,(anonymous_0)
FNDA:11,visibilityLabel
FNDA:16,(anonymous_2)
FNDA:22,SharedScreen
FNDA:10,(anonymous_4)
FNDA:10,(anonymous_5)
FNDA:10,(anonymous_6)
FNDA:10,(anonymous_7)
FNDA:10,(anonymous_8)
FNDA:2,(anonymous_9)
FNDA:0,(anonymous_10)
FNDA:0,(anonymous_11)
FNDA:1,(anonymous_12)
FNDA:1,(anonymous_13)
FNDA:4,(anonymous_14)
FNDA:1,(anonymous_15)
FNDA:2,(anonymous_16)
FNDA:1,(anonymous_17)
FNDA:2,(anonymous_18)
FNDA:0,(anonymous_19)
FNDA:1,(anonymous_20)
FNDA:0,(anonymous_21)
FNDA:0,(anonymous_22)
FNDA:5,(anonymous_23)
FNDA:1,(anonymous_24)
FNDA:5,(anonymous_25)
FNDA:3,(anonymous_26)
FNDA:2,(anonymous_27)
FNDA:0,(anonymous_28)
FNDA:0,(anonymous_29)
FNDA:0,(anonymous_30)
FNDA:0,(anonymous_31)
FNDA:0,(anonymous_32)
FNDA:0,(anonymous_33)
FNDA:154,(anonymous_34)
FNDA:0,(anonymous_35)
FNDA:7,(anonymous_36)
FNDA:66,(anonymous_37)
FNDA:0,(anonymous_38)
FNDA:0,(anonymous_39)
FNDA:3,(anonymous_40)
FNDA:0,(anonymous_41)
DA:16,1
DA:17,8
DA:19,1
DA:26,16
DA:31,22
DA:32,22
DA:33,22
DA:34,22
DA:35,22
DA:36,22
DA:37,22
DA:38,22
DA:39,22
DA:40,22
DA:41,22
DA:42,22
DA:45,22
DA:46,22
DA:48,22
DA:49,22
DA:50,22
DA:51,22
DA:52,22
DA:53,22
DA:54,22
DA:56,22
DA:57,2
DA:58,2
DA:64,2
DA:67,22
DA:73,0
DA:82,1
DA:87,1
DA:93,4
DA:107,1
DA:110,2
DA:122,2
DA:127,0
DA:132,1
DA:146,0
DA:150,5
DA:154,1
DA:155,5
DA:177,3
DA:185,2
DA:193,0
DA:212,0
DA:218,0
DA:233,0
DA:241,0
DA:251,154
DA:252,154
DA:253,154
DA:260,0
DA:262,0
DA:264,7
DA:284,66
DA:285,66
DA:291,0
DA:292,0
DA:294,0
DA:297,3
DA:312,0
DA:313,0
DA:314,0
DA:315,0
DA:323,1
LF:67
LH:50
BRDA:26,0,0,11
BRDA:26,0,1,0
BRDA:48,1,0,22
BRDA:48,1,1,1
BRDA:53,2,0,22
BRDA:53,2,1,21
BRDA:54,3,0,22
BRDA:54,3,1,22
BRDA:54,3,2,21
BRDA:54,3,3,21
BRDA:57,4,0,2
BRDA:57,4,1,0
BRDA:59,5,0,0
BRDA:59,5,1,2
BRDA:60,6,0,0
BRDA:60,6,1,2
BRDA:64,7,0,1
BRDA:64,7,1,1
BRDA:85,8,0,1
BRDA:85,8,1,21
BRDA:86,9,0,1
BRDA:86,9,1,21
BRDA:86,10,0,22
BRDA:86,10,1,21
BRDA:87,11,0,1
BRDA:87,11,1,21
BRDA:89,12,0,4
BRDA:89,12,1,18
BRDA:89,13,0,22
BRDA:89,13,1,0
BRDA:102,14,0,4
BRDA:102,14,1,0
BRDA:118,15,0,2
BRDA:118,15,1,20
BRDA:125,16,0,2
BRDA:125,16,1,0
BRDA:142,17,0,16
BRDA:142,17,1,6
BRDA:142,18,0,22
BRDA:142,18,1,21
BRDA:153,19,0,5
BRDA:153,19,1,1
BRDA:155,20,0,0
BRDA:155,20,1,5
BRDA:156,21,0,5
BRDA:156,21,1,5
BRDA:159,22,0,5
BRDA:159,22,1,1
BRDA:163,23,0,1
BRDA:163,23,1,4
BRDA:173,24,0,3
BRDA:173,24,1,19
BRDA:180,25,0,3
BRDA:180,25,1,0
BRDA:204,26,0,0
BRDA:204,26,1,22
BRDA:204,27,0,22
BRDA:204,27,1,22
BRDA:209,28,0,0
BRDA:209,28,1,22
BRDA:209,29,0,22
BRDA:209,29,1,0
BRDA:211,30,0,0
BRDA:211,30,1,22
BRDA:211,31,0,22
BRDA:211,31,1,0
BRDA:214,32,0,0
BRDA:214,32,1,22
BRDA:214,33,0,22
BRDA:214,33,1,0
BRDA:214,33,2,0
BRDA:217,34,0,0
BRDA:217,34,1,22
BRDA:221,35,0,0
BRDA:221,35,1,0
BRDA:226,36,0,0
BRDA:226,36,1,0
BRDA:232,37,0,0
BRDA:232,37,1,0
BRDA:241,38,0,22
BRDA:241,38,1,21
BRDA:251,39,0,154
BRDA:251,39,1,154
BRDA:251,40,0,154
BRDA:251,40,1,147
BRDA:260,41,0,0
BRDA:260,41,1,0
BRDA:262,42,0,0
BRDA:262,42,1,0
BRDA:266,43,0,0
BRDA:266,43,1,7
BRDA:267,44,0,0
BRDA:267,44,1,7
BRDA:269,45,0,0
BRDA:269,45,1,154
BRDA:274,46,0,0
BRDA:274,46,1,22
BRDA:284,47,0,66
BRDA:284,47,1,66
BRDA:291,48,0,0
BRDA:291,48,1,0
BRDA:297,49,0,1
BRDA:297,49,1,2
BRDA:297,50,0,0
BRDA:297,50,1,3
BRDA:304,51,0,22
BRDA:304,51,1,44
BRDA:312,52,0,0
BRDA:312,52,1,0
BRF:109
BRH:72
end_of_record
TN:
SF:src/app/(app)/activity/[id].tsx
FN:24,findMyShare
FN:29,(anonymous_1)
FN:35,ActivityDetailScreen
FN:55,(anonymous_3)
FN:69,(anonymous_4)
FN:76,(anonymous_5)
FN:77,(anonymous_6)
FN:81,(anonymous_7)
FN:83,(anonymous_8)
FN:95,(anonymous_9)
FN:103,(anonymous_10)
FN:122,(anonymous_11)
FN:178,(anonymous_12)
FN:184,(anonymous_13)
FN:203,(anonymous_14)
FN:214,(anonymous_15)
FN:221,(anonymous_16)
FN:233,(anonymous_17)
FN:238,(anonymous_18)
FN:244,(anonymous_19)
FN:254,(anonymous_20)
FN:258,(anonymous_21)
FN:264,(anonymous_22)
FN:267,(anonymous_23)
FN:268,(anonymous_24)
FNF:25
FNH:11
FNDA:0,findMyShare
FNDA:0,(anonymous_1)
FNDA:24,ActivityDetailScreen
FNDA:0,(anonymous_3)
FNDA:1,(anonymous_4)
FNDA:0,(anonymous_5)
FNDA:0,(anonymous_6)
FNDA:2,(anonymous_7)
FNDA:2,(anonymous_8)
FNDA:0,(anonymous_9)
FNDA:0,(anonymous_10)
FNDA:1,(anonymous_11)
FNDA:1,(anonymous_12)
FNDA:1,(anonymous_13)
FNDA:0,(anonymous_14)
FNDA:0,(anonymous_15)
FNDA:0,(anonymous_16)
FNDA:3,(anonymous_17)
FNDA:1,(anonymous_18)
FNDA:3,(anonymous_19)
FNDA:0,(anonymous_20)
FNDA:0,(anonymous_21)
FNDA:0,(anonymous_22)
FNDA:1,(anonymous_23)
FNDA:0,(anonymous_24)
DA:21,1
DA:25,0
DA:26,0
DA:27,0
DA:28,0
DA:29,0
DA:36,24
DA:37,24
DA:38,24
DA:39,24
DA:40,24
DA:41,24
DA:42,24
DA:43,24
DA:44,24
DA:45,24
DA:46,24
DA:47,24
DA:48,24
DA:49,24
DA:51,24
DA:52,24
DA:53,24
DA:55,24
DA:57,24
DA:58,1
DA:65,23
DA:66,1
DA:69,1
DA:74,22
DA:75,22
DA:76,22
DA:77,22
DA:78,22
DA:79,22
DA:81,22
DA:83,22
DA:84,2
DA:90,2
DA:91,1
DA:92,1
DA:96,0
DA:97,0
DA:104,0
DA:122,22
DA:123,1
DA:124,1
DA:125,0
DA:128,22
DA:179,1
DA:184,1
DA:203,0
DA:215,0
DA:216,0
DA:217,0
DA:219,0
DA:221,0
DA:233,3
DA:238,1
DA:244,3
DA:255,0
DA:256,0
DA:257,0
DA:258,0
DA:264,0
DA:267,1
DA:268,0
DA:275,1
LF:68
LH:47
BRDA:29,0,0,0
BRDA:29,0,1,0
BRDA:43,1,0,24
BRDA:43,1,1,24
BRDA:47,2,0,24
BRDA:47,2,1,22
BRDA:51,3,0,24
BRDA:51,3,1,20
BRDA:55,4,0,0
BRDA:55,4,1,0
BRDA:57,5,0,1
BRDA:57,5,1,23
BRDA:65,6,0,1
BRDA:65,6,1,22
BRDA:76,7,0,22
BRDA:76,7,1,0
BRDA:77,8,0,22
BRDA:77,8,1,0
BRDA:78,9,0,22
BRDA:78,9,1,14
BRDA:79,10,0,22
BRDA:79,10,1,14
BRDA:79,10,2,14
BRDA:85,11,0,0
BRDA:85,11,1,2
BRDA:86,12,0,0
BRDA:86,12,1,2
BRDA:90,13,0,1
BRDA:90,13,1,1
BRDA:98,14,0,0
BRDA:98,14,1,0
BRDA:99,15,0,0
BRDA:99,15,1,0
BRDA:101,16,0,0
BRDA:101,16,1,0
BRDA:124,17,0,1
BRDA:124,17,1,0
BRDA:141,18,0,2
BRDA:141,18,1,20
BRDA:145,19,0,2
BRDA:145,19,1,0
BRDA:149,20,0,8
BRDA:149,20,1,14
BRDA:160,21,0,0
BRDA:160,21,1,22
BRDA:168,22,0,1
BRDA:168,22,1,21
BRDA:177,23,0,1
BRDA:177,23,1,21
BRDA:182,24,0,1
BRDA:182,24,1,0
BRDA:194,25,0,0
BRDA:194,25,1,22
BRDA:194,26,0,22
BRDA:194,26,1,20
BRDA:194,26,2,20
BRDA:203,27,0,0
BRDA:203,27,1,0
BRDA:203,28,0,0
BRDA:203,28,1,0
BRDA:204,29,0,0
BRDA:204,29,1,0
BRDA:204,30,0,0
BRDA:204,30,1,0
BRDA:209,31,0,1
BRDA:209,31,1,21
BRDA:209,32,0,22
BRDA:209,32,1,20
BRDA:211,33,0,0
BRDA:211,33,1,1
BRDA:213,34,0,1
BRDA:213,34,1,1
BRDA:215,35,0,0
BRDA:215,35,1,0
BRDA:228,36,0,20
BRDA:228,36,1,2
BRDA:233,37,0,2
BRDA:233,37,1,1
BRDA:244,38,0,1
BRDA:244,38,1,2
BRDA:256,39,0,0
BRDA:256,39,1,0
BRDA:258,40,0,0
BRDA:258,40,1,0
BRDA:265,41,0,1
BRDA:265,41,1,21
BRDA:267,42,0,1
BRDA:267,42,1,1
BRDA:268,43,0,0
BRDA:268,43,1,0
BRF:90
BRH:54
end_of_record
TN:
SF:src/app/(app)/activity/new.tsx
FN:21,ActivityFormScreen
FN:37,(anonymous_1)
FN:38,(anonymous_2)
FN:50,(anonymous_3)
FN:52,(anonymous_4)
FN:62,(anonymous_5)
FN:77,(anonymous_6)
FN:97,(anonymous_7)
FN:103,(anonymous_8)
FN:104,(anonymous_9)
FN:111,(anonymous_10)
FN:115,(anonymous_11)
FN:125,(anonymous_12)
FN:127,(anonymous_13)
FN:132,(anonymous_14)
FNF:15
FNH:7
FNDA:19,ActivityFormScreen
FNDA:0,(anonymous_1)
FNDA:0,(anonymous_2)
FNDA:19,(anonymous_3)
FNDA:0,(anonymous_4)
FNDA:2,(anonymous_5)
FNDA:1,(anonymous_6)
FNDA:0,(anonymous_7)
FNDA:5,(anonymous_8)
FNDA:0,(anonymous_9)
FNDA:3,(anonymous_10)
FNDA:2,(anonymous_11)
FNDA:0,(anonymous_12)
FNDA:0,(anonymous_13)
FNDA:0,(anonymous_14)
DA:16,1
DA:22,19
DA:23,19
DA:24,19
DA:25,19
DA:26,19
DA:27,19
DA:28,19
DA:29,19
DA:30,19
DA:31,19
DA:33,19
DA:34,19
DA:37,19
DA:38,0
DA:39,0
DA:40,0
DA:41,0
DA:42,0
DA:43,0
DA:47,19
DA:48,19
DA:50,19
DA:51,19
DA:52,13
DA:54,6
DA:62,19
DA:63,19
DA:65,19
DA:66,2
DA:73,17
DA:74,2
DA:77,1
DA:82,15
DA:84,15
DA:98,0
DA:99,0
DA:104,5
DA:105,5
DA:106,5
DA:107,4
DA:108,4
DA:112,3
DA:116,2
DA:117,2
DA:124,1
DA:126,0
DA:127,0
DA:129,0
DA:132,0
DA:133,0
DA:134,0
DA:136,0
DA:137,0
LF:54
LH:38
BRDA:24,0,0,15
BRDA:27,1,0,19
BRDA:27,1,1,18
BRDA:39,2,0,0
BRDA:39,2,1,0
BRDA:47,3,0,19
BRDA:47,3,1,13
BRDA:47,3,2,12
BRDA:48,4,0,19
BRDA:48,4,1,18
BRDA:48,4,2,18
BRDA:51,5,0,13
BRDA:51,5,1,6
BRDA:52,6,0,4
BRDA:52,6,1,9
BRDA:52,7,0,13
BRDA:52,7,1,1
BRDA:56,8,0,0
BRDA:56,8,1,6
BRDA:57,9,0,0
BRDA:57,9,1,6
BRDA:62,10,0,2
BRDA:62,10,1,0
BRDA:63,11,0,15
BRDA:63,11,1,4
BRDA:63,12,0,4
BRDA:63,12,1,11
BRDA:65,13,0,2
BRDA:65,13,1,17
BRDA:65,14,0,19
BRDA:65,14,1,15
BRDA:65,14,2,14
BRDA:65,14,3,13
BRDA:65,14,4,1
BRDA:73,15,0,2
BRDA:73,15,1,15
BRDA:73,16,0,17
BRDA:73,16,1,13
BRDA:82,17,0,11
BRDA:82,17,1,4
BRDA:88,18,0,11
BRDA:88,18,1,4
BRDA:90,19,0,11
BRDA:90,19,1,4
BRDA:91,20,0,15
BRDA:91,20,1,14
BRDA:92,21,0,15
BRDA:92,21,1,14
BRDA:93,22,0,15
BRDA:93,22,1,11
BRDA:93,22,2,2
BRDA:94,23,0,0
BRDA:94,23,1,15
BRDA:94,24,0,15
BRDA:94,24,1,11
BRDA:96,25,0,0
BRDA:96,25,1,15
BRDA:99,26,0,0
BRDA:99,26,1,0
BRDA:104,27,0,5
BRDA:104,27,1,5
BRDA:106,28,0,4
BRDA:106,28,1,1
BRDA:109,29,0,2
BRDA:109,29,1,2
BRDA:116,30,0,1
BRDA:116,30,1,1
BRDA:126,31,0,0
BRDA:126,31,1,0
BRDA:133,32,0,0
BRDA:133,32,1,0
BRDA:136,33,0,0
BRDA:136,33,1,0
BRF:73
BRH:58
end_of_record
TN:
SF:src/app/(app)/activity/share.tsx
FN:25,ShareActivityScreen
FN:37,(anonymous_1)
FN:38,(anonymous_2)
FN:39,(anonymous_3)
FN:46,(anonymous_4)
FN:46,(anonymous_5)
FN:46,(anonymous_6)
FN:49,(anonymous_7)
FN:55,(anonymous_8)
FN:65,(anonymous_9)
FN:74,(anonymous_10)
FN:76,(anonymous_11)
FN:77,(anonymous_12)
FN:92,(anonymous_13)
FN:100,(anonymous_14)
FN:109,(anonymous_15)
FN:127,(anonymous_16)
FN:136,(anonymous_17)
FN:137,(anonymous_18)
FN:185,(anonymous_19)
FN:189,(anonymous_20)
FNF:21
FNH:21
FNDA:29,ShareActivityScreen
FNDA:29,(anonymous_1)
FNDA:4,(anonymous_2)
FNDA:28,(anonymous_3)
FNDA:29,(anonymous_4)
FNDA:24,(anonymous_5)
FNDA:5,(anonymous_6)
FNDA:20,(anonymous_7)
FNDA:20,(anonymous_8)
FNDA:24,(anonymous_9)
FNDA:8,(anonymous_10)
FNDA:8,(anonymous_11)
FNDA:8,(anonymous_12)
FNDA:1,(anonymous_13)
FNDA:4,(anonymous_14)
FNDA:1,(anonymous_15)
FNDA:24,(anonymous_16)
FNDA:8,(anonymous_17)
FNDA:24,(anonymous_18)
FNDA:3,(anonymous_19)
FNDA:1,(anonymous_20)
DA:17,1
DA:19,1
DA:26,29
DA:27,29
DA:28,29
DA:29,29
DA:30,29
DA:31,29
DA:32,29
DA:33,29
DA:35,29
DA:37,29
DA:38,29
DA:39,29
DA:45,29
DA:46,29
DA:49,29
DA:50,20
DA:51,20
DA:53,29
DA:55,29
DA:56,20
DA:57,20
DA:58,5
DA:59,5
DA:60,5
DA:62,20
DA:65,29
DA:66,24
DA:67,24
DA:68,5
DA:69,5
DA:70,5
DA:71,5
DA:74,29
DA:76,29
DA:77,8
DA:78,8
DA:79,8
DA:80,7
DA:81,8
DA:84,29
DA:92,1
DA:101,4
DA:109,1
DA:128,24
DA:129,24
DA:130,24
DA:136,8
DA:137,24
DA:186,3
DA:190,1
DA:191,1
DA:192,1
DA:202,1
LF:55
LH:55
BRDA:37,0,0,29
BRDA:37,0,1,2
BRDA:38,1,0,29
BRDA:38,1,1,0
BRDA:50,2,0,0
BRDA:50,2,1,20
BRDA:53,3,0,29
BRDA:53,3,1,0
BRDA:53,4,0,29
BRDA:53,4,1,0
BRDA:57,5,0,20
BRDA:57,5,1,0
BRDA:58,6,0,5
BRDA:58,6,1,4
BRDA:67,7,0,19
BRDA:67,7,1,5
BRDA:67,8,0,24
BRDA:67,8,1,5
BRDA:70,9,0,1
BRDA:70,9,1,4
BRDA:71,10,0,4
BRDA:71,10,1,1
BRDA:79,11,0,1
BRDA:79,11,1,7
BRDA:87,12,0,0
BRDA:87,12,1,29
BRDA:88,13,0,0
BRDA:88,13,1,29
BRDA:88,14,0,29
BRDA:88,14,1,29
BRDA:91,15,0,2
BRDA:91,15,1,27
BRDA:95,16,0,4
BRDA:95,16,1,25
BRDA:95,17,0,29
BRDA:95,17,1,0
BRDA:104,18,0,4
BRDA:104,18,1,0
BRDA:105,19,0,1
BRDA:105,19,1,3
BRDA:109,20,0,4
BRDA:109,20,1,0
BRDA:121,21,0,6
BRDA:121,21,1,23
BRDA:121,22,0,29
BRDA:121,22,1,27
BRDA:123,23,0,2
BRDA:123,23,1,4
BRDA:124,24,0,2
BRDA:124,24,1,4
BRDA:135,25,0,24
BRDA:135,25,1,0
BRDA:139,26,0,8
BRDA:139,26,1,16
BRDA:139,27,0,4
BRDA:139,27,1,12
BRDA:140,28,0,0
BRDA:140,28,1,24
BRDA:144,29,0,24
BRDA:144,29,1,0
BRDA:145,30,0,5
BRDA:145,30,1,19
BRDA:152,31,0,19
BRDA:152,31,1,0
BRDA:162,32,0,8
BRDA:162,32,1,16
BRDA:162,33,0,8
BRDA:162,33,1,16
BRDA:163,34,0,8
BRDA:163,34,1,16
BRDA:170,35,0,1
BRDA:170,35,1,28
BRDA:174,36,0,1
BRDA:174,36,1,0
BRDA:182,37,0,1
BRDA:182,37,1,28
BRDA:192,38,0,1
BRDA:192,38,1,0
BRF:78
BRH:62
end_of_record
TN:
SF:src/app/(app)/shared/availability.tsx
FN:21,(anonymous_0)
FN:30,AvailabilityScreen
FN:39,(anonymous_2)
FN:41,(anonymous_3)
FN:42,(anonymous_4)
FN:43,(anonymous_5)
FN:44,(anonymous_6)
FN:47,(anonymous_7)
FN:49,(anonymous_8)
FN:54,(anonymous_9)
FN:60,(anonymous_10)
FN:60,(anonymous_11)
FN:72,(anonymous_12)
FN:85,(anonymous_13)
FN:94,(anonymous_14)
FN:94,(anonymous_15)
FN:94,(anonymous_16)
FN:102,(anonymous_17)
FN:106,(anonymous_18)
FN:116,(anonymous_19)
FN:120,(anonymous_20)
FN:134,(anonymous_21)
FN:142,(anonymous_22)
FN:150,(anonymous_23)
FN:153,(anonymous_24)
FN:190,(anonymous_25)
FN:195,(anonymous_26)
FN:205,(anonymous_27)
FNF:28
FNH:24
FNDA:17,(anonymous_0)
FNDA:30,AvailabilityScreen
FNDA:18,(anonymous_2)
FNDA:27,(anonymous_3)
FNDA:19,(anonymous_4)
FNDA:19,(anonymous_5)
FNDA:27,(anonymous_6)
FNDA:21,(anonymous_7)
FNDA:0,(anonymous_8)
FNDA:26,(anonymous_9)
FNDA:16,(anonymous_10)
FNDA:8,(anonymous_11)
FNDA:1,(anonymous_12)
FNDA:25,(anonymous_13)
FNDA:9,(anonymous_14)
FNDA:9,(anonymous_15)
FNDA:1,(anonymous_16)
FNDA:0,(anonymous_17)
FNDA:1,(anonymous_18)
FNDA:1,(anonymous_19)
FNDA:16,(anonymous_20)
FNDA:136,(anonymous_21)
FNDA:56,(anonymous_22)
FNDA:952,(anonymous_23)
FNDA:0,(anonymous_24)
FNDA:96,(anonymous_25)
FNDA:0,(anonymous_26)
FNDA:96,(anonymous_27)
DA:15,1
DA:16,1
DA:18,1
DA:19,1
DA:20,1
DA:21,17
DA:22,1
DA:31,30
DA:32,30
DA:33,30
DA:34,30
DA:35,30
DA:36,30
DA:37,30
DA:38,30
DA:39,30
DA:41,30
DA:42,30
DA:43,30
DA:44,30
DA:45,30
DA:47,30
DA:48,21
DA:49,20
DA:50,20
DA:51,20
DA:54,30
DA:55,26
DA:56,18
DA:57,18
DA:58,18
DA:60,30
DA:62,30
DA:64,30
DA:72,1
DA:86,25
DA:87,25
DA:94,9
DA:102,0
DA:106,1
DA:116,1
DA:121,16
DA:135,136
DA:143,56
DA:151,952
DA:154,0
DA:155,0
DA:156,0
DA:157,0
DA:158,0
DA:159,0
DA:160,0
DA:161,0
DA:191,96
DA:196,0
DA:205,96
DA:226,1
LF:57
LH:47
BRDA:41,0,0,30
BRDA:41,0,1,2
BRDA:41,1,0,27
BRDA:41,1,1,26
BRDA:44,2,0,27
BRDA:44,2,1,0
BRDA:48,3,0,1
BRDA:48,3,1,20
BRDA:55,4,0,8
BRDA:55,4,1,18
BRDA:58,5,0,18
BRDA:58,5,1,0
BRDA:60,6,0,8
BRDA:60,6,1,8
BRDA:60,7,0,8
BRDA:60,7,1,0
BRDA:68,8,0,0
BRDA:68,8,1,30
BRDA:71,9,0,2
BRDA:71,9,1,28
BRDA:74,10,0,3
BRDA:74,10,1,27
BRDA:74,11,0,30
BRDA:74,11,1,28
BRDA:78,12,0,25
BRDA:78,12,1,5
BRDA:90,13,0,25
BRDA:90,13,1,0
BRDA:91,14,0,10
BRDA:91,14,1,15
BRDA:94,15,0,1
BRDA:94,15,1,8
BRDA:111,16,0,15
BRDA:111,16,1,10
BRDA:113,17,0,1
BRDA:113,17,1,9
BRDA:115,18,0,1
BRDA:115,18,1,8
BRDA:131,19,0,0
BRDA:131,19,1,8
BRDA:145,20,0,8
BRDA:145,20,1,48
BRDA:155,21,0,0
BRDA:155,21,1,0
BRDA:158,22,0,0
BRDA:158,22,1,0
BRDA:169,23,0,0
BRDA:169,23,1,0
BRDA:169,24,0,0
BRDA:169,24,1,0
BRDA:186,25,0,0
BRDA:186,25,1,8
BRDA:205,26,0,0
BRDA:205,26,1,96
BRF:54
BRH:38
end_of_record
TN:
SF:src/app/(app)/theme/new.tsx
FN:21,ThemeFormScreen
FN:29,(anonymous_1)
FN:39,(anonymous_2)
FN:50,(anonymous_3)
FN:53,(anonymous_4)
FN:55,(anonymous_5)
FN:57,(anonymous_6)
FN:61,(anonymous_7)
FN:70,(anonymous_8)
FN:105,(anonymous_9)
FN:113,(anonymous_10)
FN:119,(anonymous_11)
FN:120,(anonymous_12)
FN:130,(anonymous_13)
FN:136,(anonymous_14)
FN:142,(anonymous_15)
FN:143,(anonymous_16)
FN:155,(anonymous_17)
FN:161,(anonymous_18)
FN:169,(anonymous_19)
FN:170,(anonymous_20)
FNF:21
FNH:0
FNDA:0,ThemeFormScreen
FNDA:0,(anonymous_1)
FNDA:0,(anonymous_2)
FNDA:0,(anonymous_3)
FNDA:0,(anonymous_4)
FNDA:0,(anonymous_5)
FNDA:0,(anonymous_6)
FNDA:0,(anonymous_7)
FNDA:0,(anonymous_8)
FNDA:0,(anonymous_9)
FNDA:0,(anonymous_10)
FNDA:0,(anonymous_11)
FNDA:0,(anonymous_12)
FNDA:0,(anonymous_13)
FNDA:0,(anonymous_14)
FNDA:0,(anonymous_15)
FNDA:0,(anonymous_16)
FNDA:0,(anonymous_17)
FNDA:0,(anonymous_18)
FNDA:0,(anonymous_19)
FNDA:0,(anonymous_20)
DA:18,0
DA:22,0
DA:23,0
DA:24,0
DA:25,0
DA:26,0
DA:27,0
DA:28,0
DA:29,0
DA:31,0
DA:35,0
DA:36,0
DA:37,0
DA:39,0
DA:40,0
DA:41,0
DA:50,0
DA:51,0
DA:53,0
DA:54,0
DA:55,0
DA:57,0
DA:61,0
DA:62,0
DA:63,0
DA:69,0
DA:70,0
DA:73,0
DA:74,0
DA:81,0
DA:82,0
DA:90,0
DA:106,0
DA:114,0
DA:120,0
DA:131,0
DA:137,0
DA:142,0
DA:143,0
DA:156,0
DA:162,0
DA:163,0
DA:169,0
DA:170,0
DA:190,0
LF:45
LH:0
BRDA:29,0,0,0
BRDA:29,0,1,0
BRDA:40,1,0,0
BRDA:40,1,1,0
BRDA:44,2,0,0
BRDA:44,2,1,0
BRDA:50,3,0,0
BRDA:50,3,1,0
BRDA:51,4,0,0
BRDA:51,4,1,0
BRDA:54,5,0,0
BRDA:54,5,1,0
BRDA:62,6,0,0
BRDA:62,6,1,0
BRDA:69,7,0,0
BRDA:69,7,1,0
BRDA:73,8,0,0
BRDA:73,8,1,0
BRDA:73,9,0,0
BRDA:73,9,1,0
BRDA:81,10,0,0
BRDA:81,10,1,0
BRDA:81,11,0,0
BRDA:81,11,1,0
BRDA:81,11,2,0
BRDA:92,12,0,0
BRDA:92,12,1,0
BRDA:93,13,0,0
BRDA:93,13,1,0
BRDA:99,14,0,0
BRDA:99,14,1,0
BRDA:143,15,0,0
BRDA:143,15,1,0
BRDA:144,16,0,0
BRDA:144,16,1,0
BRDA:172,17,0,0
BRDA:172,17,1,0
BRDA:172,18,0,0
BRDA:172,18,1,0
BRDA:173,19,0,0
BRDA:173,19,1,0
BRDA:175,20,0,0
BRDA:175,20,1,0
BRDA:184,21,0,0
BRDA:184,21,1,0
BRDA:185,22,0,0
BRDA:185,22,1,0
BRF:47
BRH:0
end_of_record
TN:
SF:src/app/(app)/workout/[id].tsx
FN:21,WorkoutScreen
FN:38,(anonymous_1)
FN:40,(anonymous_2)
FN:42,(anonymous_3)
FN:45,(anonymous_4)
FN:48,(anonymous_5)
FN:52,(anonymous_6)
FN:61,(anonymous_7)
FN:65,(anonymous_8)
FN:80,(anonymous_9)
FN:99,(anonymous_10)
FN:119,(anonymous_11)
FN:126,(anonymous_12)
FN:149,(anonymous_13)
FN:156,(anonymous_14)
FN:157,(anonymous_15)
FN:166,(anonymous_16)
FN:176,(anonymous_17)
FN:185,(anonymous_18)
FN:186,(anonymous_19)
FN:197,(anonymous_20)
FN:200,(anonymous_21)
FN:205,(anonymous_22)
FN:218,DuplicateSheet
FN:232,(anonymous_24)
FN:235,(anonymous_25)
FN:236,(anonymous_26)
FN:245,(anonymous_27)
FN:250,(anonymous_28)
FN:254,(anonymous_29)
FNF:30
FNH:15
FNDA:19,WorkoutScreen
FNDA:0,(anonymous_1)
FNDA:0,(anonymous_2)
FNDA:0,(anonymous_3)
FNDA:2,(anonymous_4)
FNDA:2,(anonymous_5)
FNDA:1,(anonymous_6)
FNDA:2,(anonymous_7)
FNDA:0,(anonymous_8)
FNDA:1,(anonymous_9)
FNDA:1,(anonymous_10)
FNDA:0,(anonymous_11)
FNDA:0,(anonymous_12)
FNDA:17,(anonymous_13)
FNDA:0,(anonymous_14)
FNDA:2,(anonymous_15)
FNDA:1,(anonymous_16)
FNDA:2,(anonymous_17)
FNDA:0,(anonymous_18)
FNDA:0,(anonymous_19)
FNDA:0,(anonymous_20)
FNDA:1,(anonymous_21)
FNDA:0,(anonymous_22)
FNDA:17,DuplicateSheet
FNDA:13,(anonymous_24)
FNDA:0,(anonymous_25)
FNDA:0,(anonymous_26)
FNDA:0,(anonymous_27)
FNDA:0,(anonymous_28)
FNDA:1,(anonymous_29)
DA:18,1
DA:22,19
DA:23,19
DA:24,19
DA:25,19
DA:26,19
DA:27,19
DA:28,19
DA:29,19
DA:30,19
DA:31,19
DA:32,19
DA:33,19
DA:34,19
DA:35,19
DA:37,19
DA:38,19
DA:40,19
DA:42,19
DA:43,0
DA:45,19
DA:46,2
DA:47,2
DA:49,2
DA:53,1
DA:61,19
DA:62,2
DA:63,2
DA:64,2
DA:65,1
DA:68,19
DA:69,1
DA:76,18
DA:77,1
DA:80,1
DA:85,17
DA:87,17
DA:99,1
DA:119,0
DA:126,0
DA:150,17
DA:156,0
DA:157,2
DA:166,1
DA:176,2
DA:185,0
DA:187,0
DA:188,0
DA:189,0
DA:190,0
DA:191,0
DA:197,0
DA:201,1
DA:202,1
DA:206,0
DA:207,0
DA:231,17
DA:232,17
DA:233,17
DA:234,17
DA:235,17
DA:236,17
DA:238,17
DA:246,0
DA:250,0
DA:254,1
DA:259,1
LF:67
LH:52
BRDA:40,0,0,0
BRDA:40,0,1,0
BRDA:50,1,0,2
BRDA:50,1,1,0
BRDA:62,2,0,0
BRDA:62,2,1,2
BRDA:64,3,0,1
BRDA:64,3,1,1
BRDA:68,4,0,1
BRDA:68,4,1,18
BRDA:76,5,0,1
BRDA:76,5,1,17
BRDA:76,6,0,18
BRDA:76,6,1,17
BRDA:80,7,0,1
BRDA:80,7,1,0
BRDA:85,8,0,17
BRDA:85,8,1,17
BRDA:85,8,2,17
BRDA:90,9,0,9
BRDA:90,9,1,8
BRDA:92,10,0,9
BRDA:92,10,1,8
BRDA:93,11,0,0
BRDA:93,11,1,9
BRDA:104,12,0,0
BRDA:104,12,1,17
BRDA:104,13,0,17
BRDA:104,13,1,17
BRDA:105,14,0,0
BRDA:105,14,1,0
BRDA:105,15,0,0
BRDA:105,15,1,0
BRDA:109,16,0,0
BRDA:109,16,1,17
BRDA:114,17,0,9
BRDA:114,17,1,8
BRDA:126,18,0,0
BRDA:126,18,1,0
BRDA:135,19,0,0
BRDA:135,19,1,8
BRDA:137,20,0,0
BRDA:137,20,1,8
BRDA:146,21,0,0
BRDA:146,21,1,17
BRDA:147,22,0,0
BRDA:147,22,1,0
BRDA:155,23,0,17
BRDA:155,23,1,0
BRDA:160,24,0,9
BRDA:160,24,1,8
BRDA:178,25,0,9
BRDA:178,25,1,8
BRDA:179,26,0,9
BRDA:179,26,1,8
BRDA:235,27,0,17
BRDA:235,27,1,0
BRDA:236,28,0,17
BRDA:236,28,1,0
BRDA:236,29,0,0
BRDA:236,29,1,0
BRDA:236,29,2,0
BRDA:244,30,0,17
BRDA:244,30,1,0
BRF:64
BRH:38
end_of_record
TN:
SF:src/app/(auth)/_layout.tsx
FN:3,AuthLayout
FNF:1
FNH:0
FNDA:0,AuthLayout
DA:4,0
LF:1
LH:0
BRF:0
BRH:0
end_of_record
TN:
SF:src/app/(auth)/forgot-password.tsx
FN:14,ForgotPasswordScreen
FN:21,(anonymous_1)
FN:39,(anonymous_2)
FNF:3
FNH:3
FNDA:16,ForgotPasswordScreen
FNDA:1,(anonymous_1)
FNDA:21,(anonymous_2)
DA:12,1
DA:15,16
DA:16,16
DA:21,16
DA:23,16
DA:40,21
DA:65,1
LF:7
LH:7
BRDA:31,0,0,2
BRDA:31,0,1,14
BRDA:32,1,0,2
BRDA:32,1,1,14
BRF:4
BRH:4
end_of_record
TN:
SF:src/app/(auth)/login.tsx
FN:16,LoginScreen
FN:24,(anonymous_1)
FN:47,(anonymous_2)
FN:62,(anonymous_3)
FN:69,(anonymous_4)
FNF:5
FNH:4
FNDA:20,LoginScreen
FNDA:1,(anonymous_1)
FNDA:26,(anonymous_2)
FNDA:0,(anonymous_3)
FNDA:25,(anonymous_4)
DA:14,1
DA:17,20
DA:18,20
DA:19,20
DA:24,20
DA:26,20
DA:51,26
DA:62,0
DA:73,25
DA:106,1
LF:10
LH:9
BRDA:34,0,0,2
BRDA:34,0,1,18
BRDA:40,1,0,2
BRDA:40,1,1,18
BRF:4
BRH:4
end_of_record
TN:
SF:src/app/(auth)/register.tsx
FN:31,Progress
FN:35,(anonymous_1)
FN:46,RegisterScreen
FN:60,(anonymous_3)
FN:60,(anonymous_4)
FN:79,(anonymous_5)
FN:90,(anonymous_6)
FN:93,(anonymous_7)
FN:116,(anonymous_8)
FN:127,(anonymous_9)
FN:131,(anonymous_10)
FN:137,(anonymous_11)
FN:145,(anonymous_12)
FN:190,(anonymous_13)
FN:213,(anonymous_14)
FN:238,(anonymous_15)
FN:242,(anonymous_16)
FN:261,(anonymous_17)
FN:265,(anonymous_18)
FN:286,(anonymous_19)
FN:298,(anonymous_20)
FN:305,(anonymous_21)
FNF:22
FNH:19
FNDA:71,Progress
FNDA:355,(anonymous_1)
FNDA:71,RegisterScreen
FNDA:19,(anonymous_3)
FNDA:19,(anonymous_4)
FNDA:1,(anonymous_5)
FNDA:1,(anonymous_6)
FNDA:39,(anonymous_7)
FNDA:6,(anonymous_8)
FNDA:3,(anonymous_9)
FNDA:1,(anonymous_10)
FNDA:0,(anonymous_11)
FNDA:0,(anonymous_12)
FNDA:53,(anonymous_13)
FNDA:25,(anonymous_14)
FNDA:12,(anonymous_15)
FNDA:1,(anonymous_16)
FNDA:13,(anonymous_17)
FNDA:5,(anonymous_18)
FNDA:7,(anonymous_19)
FNDA:0,(anonymous_20)
FNDA:7,(anonymous_21)
DA:20,1
DA:23,1
DA:32,71
DA:33,71
DA:36,355
DA:47,71
DA:48,71
DA:49,71
DA:50,71
DA:51,71
DA:53,71
DA:59,71
DA:60,19
DA:61,19
DA:62,19
DA:69,71
DA:75,71
DA:76,71
DA:77,71
DA:79,71
DA:80,1
DA:81,1
DA:82,1
DA:84,1
DA:85,0
DA:86,0
DA:87,0
DA:88,0
DA:90,1
DA:93,71
DA:94,39
DA:95,39
DA:96,36
DA:98,36
DA:103,23
DA:104,10
DA:105,10
DA:106,10
DA:108,10
DA:113,13
DA:114,7
DA:116,6
DA:120,6
DA:123,5
DA:124,5
DA:128,3
DA:129,3
DA:131,1
DA:136,1
DA:138,0
DA:140,0
DA:145,71
DA:146,0
DA:152,71
DA:191,53
DA:214,25
DA:239,12
DA:242,1
DA:262,13
DA:265,5
DA:287,7
DA:298,0
DA:306,7
DA:343,1
LF:64
LH:56
BRDA:38,0,0,134
BRDA:38,0,1,221
BRDA:62,1,0,3
BRDA:62,1,1,16
BRDA:76,2,0,71
BRDA:76,2,1,71
BRDA:76,2,2,69
BRDA:77,3,0,71
BRDA:77,3,1,69
BRDA:77,3,2,69
BRDA:84,4,0,0
BRDA:84,4,1,1
BRDA:84,5,0,1
BRDA:84,5,1,0
BRDA:95,6,0,3
BRDA:95,6,1,36
BRDA:98,7,0,13
BRDA:98,7,1,23
BRDA:103,8,0,10
BRDA:103,8,1,13
BRDA:104,9,0,10
BRDA:104,9,1,0
BRDA:113,10,0,7
BRDA:113,10,1,6
BRDA:120,11,0,5
BRDA:120,11,1,1
BRDA:154,12,0,39
BRDA:154,12,1,32
BRDA:160,13,0,32
BRDA:160,13,1,39
BRDA:169,14,0,65
BRDA:169,14,1,6
BRDA:170,15,0,6
BRDA:170,15,1,65
BRDA:178,16,0,2
BRDA:178,16,1,69
BRDA:179,17,0,6
BRDA:179,17,1,65
BRDA:179,18,0,71
BRDA:179,18,1,6
BRDA:182,19,0,0
BRDA:182,19,1,71
BRDA:182,20,0,71
BRDA:182,20,1,6
BRDA:182,20,2,0
BRDA:186,21,0,39
BRDA:186,21,1,32
BRDA:209,22,0,13
BRDA:209,22,1,58
BRDA:234,23,0,10
BRDA:234,23,1,61
BRDA:257,24,0,6
BRDA:257,24,1,65
BRDA:281,25,0,3
BRDA:281,25,1,68
BRDA:324,26,0,3
BRDA:324,26,1,68
BRDA:326,27,0,6
BRDA:326,27,1,65
BRDA:331,28,0,39
BRDA:331,28,1,32
BRF:61
BRH:56
end_of_record
TN:
SF:src/components/auth-header.tsx
FN:14,AuthHeader
FNF:1
FNH:1
FNDA:75,AuthHeader
DA:19,75
DA:35,3
LF:2
LH:2
BRDA:17,0,0,55
BRF:1
BRH:1
end_of_record
TN:
SF:src/components/error-fallback.tsx
FN:6,ErrorFallback
FN:10,(anonymous_1)
FNF:2
FNH:0
FNDA:0,ErrorFallback
FNDA:0,(anonymous_1)
DA:7,0
DA:8,0
DA:10,0
LF:3
LH:0
BRDA:7,0,0,0
BRDA:7,0,1,0
BRF:2
BRH:0
end_of_record
TN:
SF:src/components/modal-header.tsx
FN:18,ModalHeader
FN:21,(anonymous_1)
FNF:2
FNH:1
FNDA:121,ModalHeader
FNDA:0,(anonymous_1)
DA:15,5
DA:19,121
DA:20,121
DA:21,121
DA:22,121
DA:35,5
LF:6
LH:6
BRDA:21,0,0,121
BRDA:21,0,1,121
BRDA:21,1,0,0
BRDA:21,1,1,0
BRF:4
BRH:2
end_of_record
TN:
SF:src/components/splash-view.tsx
FN:16,SplashView
FNF:1
FNH:0
FNDA:0,SplashView
DA:8,0
DA:9,0
DA:17,0
DA:18,0
DA:30,0
LF:5
LH:0
BRF:0
BRH:0
end_of_record
TN:
SF:src/components/calendar/activity-block.tsx
FN:24,ActivityBlock
FN:33,(anonymous_1)
FN:34,(anonymous_2)
FNF:3
FNH:3
FNDA:8,ActivityBlock
FNDA:1,(anonymous_1)
FNDA:8,(anonymous_2)
DA:24,1
DA:25,8
DA:26,8
DA:27,8
DA:29,8
DA:33,1
DA:34,8
DA:55,1
LF:8
LH:8
BRDA:24,0,0,0
BRDA:24,1,0,1
BRDA:24,2,0,6
BRDA:32,3,0,1
BRDA:32,3,1,7
BRDA:32,4,0,1
BRDA:32,4,1,1
BRDA:37,5,0,1
BRDA:37,5,1,7
BRDA:38,6,0,0
BRDA:38,6,1,8
BRDA:41,7,0,8
BRDA:41,7,1,0
BRDA:42,8,0,0
BRDA:42,8,1,8
BRDA:42,9,0,0
BRDA:42,9,1,8
BRDA:46,10,0,8
BRDA:46,10,1,0
BRDA:46,11,0,8
BRDA:46,11,1,8
BRDA:48,12,0,0
BRDA:48,12,1,8
BRDA:48,13,0,8
BRDA:48,13,1,1
BRF:25
BRH:18
end_of_record
TN:
SF:src/components/calendar/activity-form-mapping.ts
FN:10,defaultFormValues
FN:27,activityToFormValues
FN:46,formValuesToInput
FNF:3
FNH:1
FNDA:18,defaultFormValues
FNDA:0,activityToFormValues
FNDA:0,formValuesToInput
DA:11,18
DA:12,18
DA:13,18
DA:28,0
DA:29,0
DA:30,0
DA:31,0
DA:47,0
DA:48,0
DA:49,0
DA:50,0
LF:11
LH:3
BRDA:10,0,0,0
BRDA:12,1,0,18
BRDA:12,1,1,0
BRDA:14,2,0,18
BRDA:14,2,1,18
BRDA:16,3,0,18
BRDA:16,3,1,0
BRDA:18,4,0,18
BRDA:18,4,1,0
BRDA:27,5,0,0
BRDA:27,6,0,0
BRDA:33,7,0,0
BRDA:33,7,1,0
BRDA:36,8,0,0
BRDA:36,8,1,0
BRDA:48,9,0,0
BRDA:48,9,1,0
BRDA:49,10,0,0
BRDA:49,10,1,0
BRDA:52,11,0,0
BRDA:52,11,1,0
BRDA:57,12,0,0
BRDA:57,12,1,0
BRDA:58,13,0,0
BRDA:58,13,1,0
BRDA:59,14,0,0
BRDA:59,14,1,0
BRDA:60,15,0,0
BRDA:60,15,1,0
BRF:29
BRH:5
end_of_record
TN:
SF:src/components/calendar/activity-form.tsx
FN:34,ActivityForm
FN:56,(anonymous_1)
FN:65,(anonymous_2)
FN:83,(anonymous_3)
FN:86,(anonymous_4)
FN:98,(anonymous_5)
FN:105,(anonymous_6)
FN:113,(anonymous_7)
FN:119,(anonymous_8)
FN:120,(anonymous_9)
FN:129,(anonymous_10)
FN:147,(anonymous_11)
FN:155,(anonymous_12)
FN:161,(anonymous_13)
FN:186,(anonymous_14)
FN:187,(anonymous_15)
FN:196,(anonymous_16)
FN:197,(anonymous_17)
FN:208,(anonymous_18)
FN:209,(anonymous_19)
FNF:20
FNH:10
FNDA:38,ActivityForm
FNDA:3,(anonymous_1)
FNDA:45,(anonymous_2)
FNDA:38,(anonymous_3)
FNDA:0,(anonymous_4)
FNDA:0,(anonymous_5)
FNDA:38,(anonymous_6)
FNDA:0,(anonymous_7)
FNDA:40,(anonymous_8)
FNDA:0,(anonymous_9)
FNDA:43,(anonymous_10)
FNDA:38,(anonymous_11)
FNDA:38,(anonymous_12)
FNDA:41,(anonymous_13)
FNDA:0,(anonymous_14)
FNDA:0,(anonymous_15)
FNDA:0,(anonymous_16)
FNDA:0,(anonymous_17)
FNDA:0,(anonymous_18)
FNDA:0,(anonymous_19)
DA:44,38
DA:45,38
DA:49,38
DA:50,38
DA:51,38
DA:52,38
DA:53,38
DA:54,38
DA:56,38
DA:58,38
DA:66,45
DA:84,38
DA:87,0
DA:89,0
DA:98,0
DA:105,38
DA:113,0
DA:120,40
DA:130,43
DA:148,38
DA:155,38
DA:162,41
DA:186,0
DA:188,0
DA:189,0
DA:196,0
DA:198,0
DA:199,0
DA:200,0
DA:201,0
DA:208,0
DA:210,0
DA:211,0
DA:218,1
LF:34
LH:19
BRDA:40,0,0,36
BRDA:60,1,0,2
BRDA:60,1,1,36
BRDA:87,2,0,0
BRDA:87,2,1,0
BRDA:89,3,0,0
BRDA:89,3,1,0
BRDA:108,4,0,36
BRDA:108,4,1,2
BRDA:169,5,0,3
BRDA:169,5,1,38
BRF:11
BRH:7
end_of_record
TN:
SF:src/components/calendar/activity-style.ts
FN:5,activityColor
FN:10,tint
FN:12,(anonymous_2)
FNF:3
FNH:3
FNDA:16,activityColor
FNDA:232,tint
FNDA:3,(anonymous_2)
DA:6,16
DA:11,232
DA:12,232
DA:13,232
DA:14,232
DA:15,232
DA:16,232
LF:7
LH:7
BRDA:6,0,0,16
BRDA:6,0,1,1
BRDA:10,1,0,3
BRDA:12,2,0,1
BRDA:12,2,1,231
BRF:5
BRH:5
end_of_record
TN:
SF:src/components/calendar/apply-filters.ts
FN:5,applyFilters
FN:8,(anonymous_1)
FNF:2
FNH:2
FNDA:6,applyFilters
FNDA:8,(anonymous_1)
DA:6,6
DA:7,4
DA:9,8
LF:3
LH:3
BRDA:6,0,0,2
BRDA:6,0,1,4
BRDA:9,1,0,8
BRDA:9,1,1,3
BRDA:9,1,2,6
BRDA:9,1,3,3
BRF:6
BRH:6
end_of_record
TN:
SF:src/components/calendar/calendar-header.tsx
FN:29,CalendarHeader
FN:47,(anonymous_1)
FN:54,(anonymous_2)
FN:55,(anonymous_3)
FN:77,(anonymous_4)
FN:80,(anonymous_5)
FN:97,(anonymous_6)
FN:98,(anonymous_7)
FN:104,(anonymous_8)
FN:105,(anonymous_9)
FN:110,(anonymous_10)
FNF:11
FNH:0
FNDA:0,CalendarHeader
FNDA:0,(anonymous_1)
FNDA:0,(anonymous_2)
FNDA:0,(anonymous_3)
FNDA:0,(anonymous_4)
FNDA:0,(anonymous_5)
FNDA:0,(anonymous_6)
FNDA:0,(anonymous_7)
FNDA:0,(anonymous_8)
FNDA:0,(anonymous_9)
FNDA:0,(anonymous_10)
DA:10,0
DA:40,0
DA:41,0
DA:42,0
DA:43,0
DA:44,0
DA:46,0
DA:47,0
DA:49,0
DA:54,0
DA:55,0
DA:77,0
DA:80,0
DA:97,0
DA:99,0
DA:100,0
DA:104,0
DA:106,0
DA:111,0
DA:112,0
DA:121,0
LF:21
LH:0
BRDA:38,0,0,0
BRDA:46,1,0,0
BRDA:46,1,1,0
BRDA:46,2,0,0
BRDA:46,2,1,0
BRDA:47,3,0,0
BRDA:47,3,1,0
BRDA:55,4,0,0
BRDA:55,4,1,0
BRDA:56,5,0,0
BRDA:56,5,1,0
BRDA:63,6,0,0
BRDA:63,6,1,0
BRDA:77,7,0,0
BRDA:77,7,1,0
BRDA:83,8,0,0
BRDA:83,8,1,0
BRDA:84,9,0,0
BRDA:84,9,1,0
BRDA:87,10,0,0
BRDA:87,10,1,0
BRDA:108,11,0,0
BRDA:108,11,1,0
BRF:23
BRH:0
end_of_record
TN:
SF:src/components/calendar/day-view.tsx
FN:17,DayView
FN:18,(anonymous_1)
FN:19,(anonymous_2)
FNF:3
FNH:0
FNDA:0,DayView
FNDA:0,(anonymous_1)
FNDA:0,(anonymous_2)
DA:18,0
DA:19,0
DA:20,0
LF:3
LH:0
BRF:0
BRH:0
end_of_record
TN:
SF:src/components/calendar/due-reminders-banner.tsx
FN:13,DueRemindersBanner
FN:18,(anonymous_1)
FN:20,(anonymous_2)
FN:21,(anonymous_3)
FN:22,(anonymous_4)
FN:26,(anonymous_5)
FN:26,(anonymous_6)
FN:34,(anonymous_7)
FN:40,(anonymous_8)
FN:47,(anonymous_9)
FN:47,(anonymous_10)
FNF:11
FNH:0
FNDA:0,DueRemindersBanner
FNDA:0,(anonymous_1)
FNDA:0,(anonymous_2)
FNDA:0,(anonymous_3)
FNDA:0,(anonymous_4)
FNDA:0,(anonymous_5)
FNDA:0,(anonymous_6)
FNDA:0,(anonymous_7)
FNDA:0,(anonymous_8)
FNDA:0,(anonymous_9)
FNDA:0,(anonymous_10)
DA:14,0
DA:15,0
DA:16,0
DA:17,0
DA:18,0
DA:20,0
DA:21,0
DA:22,0
DA:25,0
DA:26,0
DA:30,0
DA:32,0
DA:35,0
DA:40,0
DA:47,0
DA:56,0
LF:16
LH:0
BRDA:26,0,0,0
BRDA:26,0,1,0
BRDA:26,1,0,0
BRDA:26,1,1,0
BRDA:30,2,0,0
BRDA:30,2,1,0
BRDA:30,3,0,0
BRDA:30,3,1,0
BRF:8
BRH:0
end_of_record
TN:
SF:src/components/calendar/filter-sheet.tsx
FN:10,FilterSheet
FN:24,(anonymous_1)
FN:24,(anonymous_2)
FN:33,(anonymous_3)
FN:39,(anonymous_4)
FN:50,(anonymous_5)
FN:59,(anonymous_6)
FNF:7
FNH:0
FNDA:0,FilterSheet
FNDA:0,(anonymous_1)
FNDA:0,(anonymous_2)
FNDA:0,(anonymous_3)
FNDA:0,(anonymous_4)
FNDA:0,(anonymous_5)
FNDA:0,(anonymous_6)
DA:23,0
DA:24,0
DA:26,0
DA:34,0
DA:39,0
DA:51,0
DA:52,0
DA:59,0
DA:74,0
LF:9
LH:0
BRDA:24,0,0,0
BRDA:24,0,1,0
BRDA:50,1,0,0
BRDA:50,1,1,0
BRDA:58,2,0,0
BRDA:58,2,1,0
BRDA:67,3,0,0
BRDA:67,3,1,0
BRF:8
BRH:0
end_of_record
TN:
SF:src/components/calendar/group-by-day.ts
FN:14,groupByDay
FN:27,(anonymous_1)
FNF:2
FNH:2
FNDA:32,groupByDay
FNDA:5,(anonymous_1)
DA:15,32
DA:16,32
DA:17,20
DA:18,20
DA:19,20
DA:20,24
DA:21,24
DA:22,24
DA:23,19
DA:26,32
DA:27,19
DA:29,32
LF:12
LH:12
BRDA:22,0,0,5
BRDA:22,0,1,19
BRDA:27,1,0,5
BRDA:27,1,1,4
BRF:4
BRH:4
end_of_record
TN:
SF:src/components/calendar/index.ts
FNF:0
FNH:0
LF:0
LH:0
BRF:0
BRH:0
end_of_record
TN:
SF:src/components/calendar/layout-blocks.ts
FN:29,layoutDay
FN:31,(anonymous_1)
FN:32,(anonymous_2)
FN:33,(anonymous_3)
FN:34,(anonymous_4)
FN:35,(anonymous_5)
FN:41,(anonymous_6)
FN:42,(anonymous_7)
FN:49,(anonymous_8)
FN:49,(anonymous_9)
FNF:10
FNH:10
FNDA:35,layoutDay
FNDA:36,(anonymous_1)
FNDA:34,(anonymous_2)
FNDA:34,(anonymous_3)
FNDA:33,(anonymous_4)
FNDA:13,(anonymous_5)
FNDA:24,(anonymous_6)
FNDA:33,(anonymous_7)
FNDA:11,(anonymous_8)
FNDA:10,(anonymous_9)
DA:30,35
DA:31,36
DA:32,34
DA:33,34
DA:34,33
DA:35,13
DA:37,35
DA:38,35
DA:39,35
DA:41,35
DA:42,33
DA:43,33
DA:44,24
DA:47,35
DA:48,33
DA:49,33
DA:50,33
DA:51,33
DA:52,33
DA:53,33
DA:55,35
DA:56,35
LF:22
LH:22
BRDA:29,0,0,14
BRDA:35,1,0,13
BRDA:35,1,1,5
BRDA:48,2,0,4
BRDA:48,2,1,29
BRDA:48,3,0,33
BRDA:48,3,1,13
BRDA:55,4,0,20
BRDA:55,4,1,15
BRF:9
BRH:9
end_of_record
TN:
SF:src/components/calendar/month-view.tsx
FN:51,DayCell
FN:66,(anonymous_1)
FN:67,(anonymous_2)
FN:94,(anonymous_3)
FN:101,(anonymous_4)
FN:125,(anonymous_5)
FN:155,MonthView
FN:157,(anonymous_7)
FN:158,(anonymous_8)
FN:160,(anonymous_9)
FN:162,(anonymous_10)
FN:166,(anonymous_11)
FN:168,(anonymous_12)
FN:171,(anonymous_13)
FN:198,(anonymous_14)
FN:209,(anonymous_15)
FN:213,(anonymous_16)
FNF:17
FNH:16
FNDA:756,DayCell
FNDA:2,(anonymous_1)
FNDA:756,(anonymous_2)
FNDA:0,(anonymous_3)
FNDA:4,(anonymous_4)
FNDA:2,(anonymous_5)
FNDA:18,MonthView
FNDA:9,(anonymous_7)
FNDA:2,(anonymous_8)
FNDA:9,(anonymous_9)
FNDA:54,(anonymous_10)
FNDA:9,(anonymous_11)
FNDA:9,(anonymous_12)
FNDA:18,(anonymous_13)
FNDA:126,(anonymous_14)
FNDA:108,(anonymous_15)
FNDA:756,(anonymous_16)
DA:14,1
DA:15,1
DA:18,1
DA:20,1
DA:21,1
DA:22,1
DA:24,1
DA:26,1
DA:27,1
DA:28,1
DA:30,1
DA:51,1
DA:52,756
DA:53,756
DA:54,756
DA:57,756
DA:58,756
DA:59,756
DA:60,756
DA:62,756
DA:66,2
DA:67,756
DA:95,0
DA:102,4
DA:103,4
DA:104,4
DA:126,2
DA:156,18
DA:157,18
DA:158,18
DA:160,18
DA:161,9
DA:162,54
DA:165,18
DA:166,18
DA:167,9
DA:168,9
DA:171,18
DA:172,18
DA:173,18
DA:174,18
DA:175,18
DA:176,18
DA:177,18
DA:178,18
DA:181,18
DA:182,18
DA:193,18
DA:195,18
DA:199,126
DA:210,108
DA:214,756
DA:238,1
LF:53
LH:52
BRDA:57,0,0,1
BRDA:57,0,1,755
BRDA:57,1,0,756
BRDA:57,1,1,756
BRDA:58,2,0,0
BRDA:58,2,1,756
BRDA:58,3,0,1
BRDA:58,3,1,755
BRDA:59,4,0,1
BRDA:59,4,1,755
BRDA:60,5,0,751
BRDA:60,5,1,5
BRDA:60,6,0,4
BRDA:60,6,1,1
BRDA:69,7,0,18
BRDA:69,7,1,738
BRDA:69,8,0,216
BRDA:69,8,1,522
BRDA:70,9,0,0
BRDA:70,9,1,756
BRDA:78,10,0,18
BRDA:78,10,1,738
BRDA:84,11,0,18
BRDA:84,11,1,738
BRDA:84,12,0,522
BRDA:84,12,1,216
BRDA:85,13,0,18
BRDA:85,13,1,738
BRDA:91,14,0,0
BRDA:91,14,1,756
BRDA:92,15,0,0
BRDA:92,15,1,0
BRDA:103,16,0,4
BRDA:103,16,1,4
BRDA:109,17,0,0
BRDA:109,17,1,4
BRDA:110,18,0,0
BRDA:110,18,1,4
BRDA:112,19,0,4
BRDA:112,19,1,0
BRDA:113,20,0,0
BRDA:113,20,1,4
BRDA:113,21,0,4
BRDA:113,21,1,0
BRDA:123,22,0,1
BRDA:123,22,1,755
BRDA:168,23,0,0
BRDA:168,23,1,9
BRDA:168,24,0,9
BRDA:168,24,1,0
BRDA:181,25,0,9
BRDA:181,25,1,9
BRDA:187,26,0,18
BRDA:187,26,1,9
BRDA:202,27,0,36
BRDA:202,27,1,90
BRDA:212,28,0,90
BRDA:212,28,1,18
BRDA:218,29,0,648
BRDA:218,29,1,108
BRDA:224,30,0,378
BRDA:224,30,1,378
BRDA:224,31,0,378
BRDA:224,31,1,373
BRF:64
BRH:52
end_of_record
TN:
SF:src/components/calendar/overlay.ts
FN:5,isOverlayActivity
FN:14,blocksToActivities
FN:19,(anonymous_2)
FNF:3
FNH:3
FNDA:7,isOverlayActivity
FNDA:5,blocksToActivities
FNDA:6,(anonymous_2)
DA:3,2
DA:6,7
DA:19,6
LF:3
LH:3
BRDA:23,0,0,6
BRDA:23,0,1,5
BRF:2
BRH:2
end_of_record
TN:
SF:src/components/calendar/people-tabs.tsx
FN:21,PersonTab
FN:29,(anonymous_1)
FN:50,PeopleTabs
FN:54,(anonymous_3)
FN:59,(anonymous_4)
FN:65,(anonymous_5)
FN:71,(anonymous_6)
FN:72,(anonymous_7)
FNF:8
FNH:0
FNDA:0,PersonTab
FNDA:0,(anonymous_1)
FNDA:0,PeopleTabs
FNDA:0,(anonymous_3)
FNDA:0,(anonymous_4)
FNDA:0,(anonymous_5)
FNDA:0,(anonymous_6)
FNDA:0,(anonymous_7)
DA:22,0
DA:23,0
DA:29,0
DA:51,0
DA:52,0
DA:53,0
DA:54,0
DA:56,0
DA:60,0
DA:65,0
DA:71,0
DA:72,0
DA:83,0
LF:13
LH:0
BRDA:33,0,0,0
BRDA:33,0,1,0
BRDA:36,1,0,0
BRDA:36,1,1,0
BRDA:38,2,0,0
BRDA:38,2,1,0
BRDA:39,3,0,0
BRDA:39,3,1,0
BRDA:54,4,0,0
BRDA:54,4,1,0
BRDA:54,5,0,0
BRDA:54,5,1,0
BRDA:62,6,0,0
BRDA:62,6,1,0
BRDA:72,7,0,0
BRDA:72,7,1,0
BRF:16
BRH:0
end_of_record
TN:
SF:src/components/calendar/recurrence-field.tsx
FN:21,RecurrenceField
FN:37,(anonymous_1)
FN:55,(anonymous_2)
FN:63,(anonymous_3)
FN:64,(anonymous_4)
FN:79,(anonymous_5)
FN:82,(anonymous_6)
FN:88,(anonymous_7)
FN:89,(anonymous_8)
FNF:9
FNH:1
FNDA:38,RecurrenceField
FNDA:0,(anonymous_1)
FNDA:0,(anonymous_2)
FNDA:0,(anonymous_3)
FNDA:0,(anonymous_4)
FNDA:0,(anonymous_5)
FNDA:0,(anonymous_6)
FNDA:0,(anonymous_7)
FNDA:0,(anonymous_8)
DA:11,1
DA:18,1
DA:32,38
DA:33,38
DA:34,38
DA:35,38
DA:37,38
DA:38,0
DA:39,0
DA:42,38
DA:56,0
DA:57,0
DA:64,0
DA:65,0
DA:79,0
DA:82,0
DA:88,0
DA:90,0
DA:91,0
DA:100,1
LF:20
LH:9
BRDA:33,0,0,38
BRDA:33,0,1,38
BRDA:38,1,0,0
BRDA:38,1,1,0
BRDA:39,2,0,0
BRDA:39,2,1,0
BRDA:39,3,0,0
BRDA:39,3,1,0
BRDA:39,4,0,0
BRDA:39,4,1,0
BRDA:47,5,0,2
BRDA:47,5,1,36
BRDA:53,6,0,0
BRDA:53,6,1,38
BRDA:53,7,0,38
BRDA:53,7,1,0
BRDA:64,8,0,0
BRDA:64,8,1,0
BRDA:65,9,0,0
BRDA:65,9,1,0
BRDA:73,10,0,0
BRDA:73,10,1,38
BRDA:73,11,0,38
BRDA:73,11,1,0
BRDA:77,12,0,0
BRDA:77,12,1,0
BRDA:79,13,0,0
BRDA:79,13,1,0
BRDA:81,14,0,0
BRDA:81,14,1,0
BRDA:86,15,0,0
BRDA:86,15,1,0
BRDA:90,16,0,0
BRDA:90,16,1,0
BRF:34
BRH:8
end_of_record
TN:
SF:src/components/calendar/reminders-field.tsx
FN:10,RemindersField
FN:21,(anonymous_1)
FN:28,(anonymous_2)
FN:28,(anonymous_3)
FN:28,(anonymous_4)
FNF:5
FNH:2
FNDA:38,RemindersField
FNDA:190,(anonymous_1)
FNDA:0,(anonymous_2)
FNDA:0,(anonymous_3)
FNDA:0,(anonymous_4)
DA:11,38
DA:12,38
DA:22,190
DA:23,190
DA:28,0
DA:37,1
LF:6
LH:5
BRDA:28,0,0,0
BRDA:28,0,1,0
BRF:2
BRH:0
end_of_record
TN:
SF:src/components/calendar/theme-field.tsx
FN:12,ThemeField
FN:16,(anonymous_1)
FN:24,(anonymous_2)
FN:30,(anonymous_3)
FN:31,(anonymous_4)
FNF:5
FNH:1
FNDA:38,ThemeField
FNDA:0,(anonymous_1)
FNDA:0,(anonymous_2)
FNDA:0,(anonymous_3)
FNDA:0,(anonymous_4)
DA:13,38
DA:14,38
DA:15,38
DA:16,38
DA:18,38
DA:24,0
DA:30,0
DA:32,0
DA:33,0
LF:9
LH:5
BRDA:16,0,0,38
BRDA:16,0,1,38
BRDA:22,1,0,38
BRDA:22,1,1,38
BRDA:25,2,0,38
BRDA:25,2,1,38
BRDA:25,3,0,38
BRDA:25,3,1,38
BRF:8
BRH:8
end_of_record
TN:
SF:src/components/calendar/theme-picker.tsx
FN:12,normalize
FN:17,ThemePicker
FN:34,(anonymous_2)
FN:38,(anonymous_3)
FN:38,(anonymous_4)
FN:39,(anonymous_5)
FN:49,(anonymous_6)
FN:50,(anonymous_7)
FN:58,(anonymous_8)
FN:67,(anonymous_9)
FN:75,(anonymous_10)
FN:76,(anonymous_11)
FN:102,(anonymous_12)
FNF:13
FNH:3
FNDA:38,normalize
FNDA:38,ThemePicker
FNDA:38,(anonymous_2)
FNDA:0,(anonymous_3)
FNDA:0,(anonymous_4)
FNDA:0,(anonymous_5)
FNDA:0,(anonymous_6)
FNDA:0,(anonymous_7)
FNDA:0,(anonymous_8)
FNDA:0,(anonymous_9)
FNDA:0,(anonymous_10)
FNDA:0,(anonymous_11)
FNDA:0,(anonymous_12)
DA:13,38
DA:28,38
DA:29,38
DA:30,38
DA:31,38
DA:32,38
DA:34,38
DA:35,38
DA:36,38
DA:37,0
DA:38,0
DA:39,0
DA:42,38
DA:49,0
DA:50,0
DA:59,0
DA:68,0
DA:69,0
DA:75,0
DA:76,0
DA:103,0
DA:104,0
DA:111,1
LF:23
LH:11
BRDA:36,0,0,38
BRDA:36,0,1,0
BRDA:38,1,0,0
BRDA:38,1,1,0
BRDA:50,2,0,0
BRDA:50,2,1,0
BRDA:53,3,0,38
BRDA:53,3,1,0
BRDA:56,4,0,0
BRDA:56,4,1,38
BRDA:78,5,0,0
BRDA:78,5,1,0
BRDA:78,6,0,0
BRDA:78,6,1,0
BRDA:79,7,0,0
BRDA:79,7,1,0
BRDA:92,8,0,0
BRDA:92,8,1,38
BRDA:92,9,0,38
BRDA:92,9,1,0
BRF:20
BRH:5
end_of_record
TN:
SF:src/components/calendar/timeline.tsx
FN:22,(anonymous_0)
FN:24,(anonymous_1)
FN:35,useNowMinutes
FN:36,(anonymous_3)
FN:37,(anonymous_4)
FN:38,(anonymous_5)
FN:39,(anonymous_6)
FN:71,DayColumn
FN:87,(anonymous_8)
FN:91,(anonymous_9)
FN:98,(anonymous_10)
FN:99,(anonymous_11)
FN:108,(anonymous_12)
FN:143,Timeline
FN:159,(anonymous_14)
FN:163,(anonymous_15)
FN:165,(anonymous_16)
FN:166,(anonymous_17)
FN:172,(anonymous_18)
FN:172,(anonymous_19)
FN:172,(anonymous_20)
FN:175,(anonymous_21)
FN:182,(anonymous_22)
FN:207,(anonymous_23)
FN:209,(anonymous_24)
FN:221,(anonymous_25)
FN:240,(anonymous_26)
FNF:27
FNH:26
FNDA:24,(anonymous_0)
FNDA:48,(anonymous_1)
FNDA:11,useNowMinutes
FNDA:11,(anonymous_3)
FNDA:11,(anonymous_4)
FNDA:0,(anonymous_5)
FNDA:11,(anonymous_6)
FNDA:17,DayColumn
FNDA:17,(anonymous_8)
FNDA:816,(anonymous_9)
FNDA:1,(anonymous_10)
FNDA:816,(anonymous_11)
FNDA:7,(anonymous_12)
FNDA:11,Timeline
FNDA:17,(anonymous_14)
FNDA:11,(anonymous_15)
FNDA:8,(anonymous_16)
FNDA:11,(anonymous_17)
FNDA:11,(anonymous_18)
FNDA:17,(anonymous_19)
FNDA:8,(anonymous_20)
FNDA:17,(anonymous_21)
FNDA:7,(anonymous_22)
FNDA:1,(anonymous_23)
FNDA:1,(anonymous_24)
FNDA:264,(anonymous_25)
FNDA:17,(anonymous_26)
DA:22,24
DA:24,48
DA:25,1
DA:26,1
DA:31,1
DA:32,1
DA:36,11
DA:37,11
DA:38,11
DA:39,11
DA:41,11
DA:71,1
DA:83,17
DA:84,17
DA:85,17
DA:86,17
DA:87,17
DA:89,17
DA:92,816
DA:93,816
DA:98,1
DA:99,816
DA:109,7
DA:110,7
DA:111,7
DA:153,11
DA:154,11
DA:155,11
DA:156,11
DA:158,11
DA:159,17
DA:160,11
DA:163,11
DA:164,11
DA:165,11
DA:166,11
DA:171,11
DA:172,17
DA:175,17
DA:177,11
DA:183,7
DA:184,7
DA:208,1
DA:210,1
DA:222,264
DA:241,17
DA:260,1
LF:47
LH:47
BRDA:102,0,0,408
BRDA:102,0,1,408
BRDA:103,1,0,0
BRDA:103,1,1,816
BRDA:133,2,0,0
BRDA:133,2,1,17
BRDA:148,3,0,11
BRDA:149,4,0,11
BRDA:150,5,0,11
BRDA:164,6,0,0
BRDA:164,6,1,11
BRDA:172,7,0,17
BRDA:172,7,1,11
BRDA:179,8,0,1
BRDA:179,8,1,10
BRDA:189,9,0,0
BRDA:189,9,1,7
BRDA:190,10,0,0
BRDA:190,10,1,7
BRDA:200,11,0,1
BRDA:200,11,1,10
BRDA:209,12,0,1
BRDA:209,12,1,0
BRDA:228,13,0,0
BRDA:228,13,1,11
BRDA:245,14,0,17
BRDA:245,14,1,11
BRDA:249,15,0,0
BRDA:249,15,1,17
BRF:29
BRH:21
end_of_record
TN:
SF:src/components/calendar/week-view.tsx
FN:19,WeekView
FN:21,(anonymous_1)
FN:22,(anonymous_2)
FNF:3
FNH:0
FNDA:0,WeekView
FNDA:0,(anonymous_1)
FNDA:0,(anonymous_2)
DA:20,0
DA:21,0
DA:22,0
DA:23,0
LF:4
LH:0
BRDA:29,0,0,0
BRDA:29,0,1,0
BRF:2
BRH:0
end_of_record
TN:
SF:src/components/calendar/workout-draft.tsx
FN:17,emptyExercise
FN:29,(anonymous_1)
FN:34,DraftCard
FN:53,(anonymous_3)
FN:71,(anonymous_4)
FN:72,(anonymous_5)
FN:73,(anonymous_6)
FN:80,(anonymous_7)
FN:85,(anonymous_8)
FN:86,(anonymous_9)
FN:101,(anonymous_10)
FN:110,(anonymous_11)
FN:118,(anonymous_12)
FN:141,WorkoutDraft
FN:146,(anonymous_14)
FN:147,(anonymous_15)
FN:180,(anonymous_16)
FN:186,(anonymous_17)
FN:187,(anonymous_18)
FN:187,(anonymous_19)
FN:195,(anonymous_20)
FNF:21
FNH:1
FNDA:0,emptyExercise
FNDA:0,(anonymous_1)
FNDA:0,DraftCard
FNDA:0,(anonymous_3)
FNDA:0,(anonymous_4)
FNDA:0,(anonymous_5)
FNDA:0,(anonymous_6)
FNDA:0,(anonymous_7)
FNDA:0,(anonymous_8)
FNDA:0,(anonymous_9)
FNDA:0,(anonymous_10)
FNDA:0,(anonymous_11)
FNDA:0,(anonymous_12)
FNDA:3,WorkoutDraft
FNDA:0,(anonymous_14)
FNDA:0,(anonymous_15)
FNDA:0,(anonymous_16)
FNDA:0,(anonymous_17)
FNDA:0,(anonymous_18)
FNDA:0,(anonymous_19)
FNDA:0,(anonymous_20)
DA:18,0
DA:29,1
DA:30,0
DA:31,0
DA:47,0
DA:48,0
DA:51,0
DA:53,0
DA:57,0
DA:71,0
DA:72,0
DA:73,0
DA:81,0
DA:85,0
DA:86,0
DA:101,0
DA:110,0
DA:118,0
DA:142,3
DA:143,3
DA:144,3
DA:146,3
DA:147,0
DA:149,3
DA:150,2
DA:168,1
DA:181,0
DA:186,0
DA:187,0
DA:195,0
DA:201,1
LF:31
LH:9
BRDA:31,0,0,0
BRDA:31,0,1,0
BRDA:31,1,0,0
BRDA:31,1,1,0
BRDA:51,2,0,0
BRDA:51,2,1,0
BRDA:51,3,0,0
BRDA:51,3,1,0
BRDA:53,4,0,0
BRDA:53,4,1,0
BRDA:78,5,0,0
BRDA:78,5,1,0
BRDA:88,6,0,0
BRDA:88,6,1,0
BRDA:100,7,0,0
BRDA:100,7,1,0
BRDA:109,8,0,0
BRDA:109,8,1,0
BRDA:110,9,0,0
BRDA:110,9,1,0
BRDA:117,10,0,0
BRDA:117,10,1,0
BRDA:118,11,0,0
BRDA:118,11,1,0
BRDA:144,12,0,3
BRDA:144,12,1,0
BRDA:147,13,0,0
BRDA:147,13,1,0
BRDA:149,14,0,2
BRDA:149,14,1,1
BRDA:149,15,0,3
BRDA:149,15,1,2
BRDA:159,16,0,1
BRDA:159,16,1,1
BRDA:161,17,0,0
BRDA:161,17,1,1
BRDA:192,18,0,1
BRDA:192,18,1,0
BRF:38
BRH:9
end_of_record
TN:
SF:src/components/fitness/exercise-card.tsx
FN:19,(anonymous_0)
FN:25,ExerciseCard
FN:35,(anonymous_2)
FN:45,(anonymous_3)
FN:86,(anonymous_4)
FN:87,(anonymous_5)
FN:97,(anonymous_6)
FN:102,(anonymous_7)
FN:106,(anonymous_8)
FN:114,(anonymous_9)
FN:117,(anonymous_10)
FN:122,(anonymous_11)
FN:125,(anonymous_12)
FN:128,(anonymous_13)
FNF:14
FNH:12
FNDA:3,(anonymous_0)
FNDA:26,ExerciseCard
FNDA:16,(anonymous_2)
FNDA:3,(anonymous_3)
FNDA:2,(anonymous_4)
FNDA:0,(anonymous_5)
FNDA:2,(anonymous_6)
FNDA:1,(anonymous_7)
FNDA:2,(anonymous_8)
FNDA:3,(anonymous_9)
FNDA:1,(anonymous_10)
FNDA:1,(anonymous_11)
FNDA:0,(anonymous_12)
FNDA:1,(anonymous_13)
DA:19,1
DA:20,3
DA:21,3
DA:25,1
DA:26,26
DA:27,26
DA:28,26
DA:29,26
DA:30,26
DA:31,26
DA:32,26
DA:33,26
DA:35,26
DA:36,16
DA:37,16
DA:38,16
DA:39,16
DA:40,16
DA:41,16
DA:44,26
DA:45,3
DA:48,26
DA:49,1
DA:55,1
DA:72,25
DA:86,2
DA:88,0
DA:89,0
DA:98,2
DA:103,1
DA:104,1
DA:106,2
DA:114,3
DA:117,1
DA:122,1
DA:125,0
DA:128,1
DA:133,1
LF:38
LH:35
BRDA:21,0,0,1
BRDA:21,0,1,2
BRDA:21,1,0,3
BRDA:21,1,1,2
BRDA:25,2,0,25
BRDA:28,3,0,26
BRDA:28,3,1,1
BRDA:29,4,0,26
BRDA:29,4,1,1
BRDA:30,5,0,26
BRDA:30,5,1,1
BRDA:31,6,0,26
BRDA:31,6,1,26
BRDA:32,7,0,26
BRDA:32,7,1,26
BRDA:37,8,0,16
BRDA:37,8,1,1
BRDA:38,9,0,16
BRDA:38,9,1,1
BRDA:39,10,0,16
BRDA:39,10,1,1
BRDA:40,11,0,16
BRDA:40,11,1,16
BRDA:41,12,0,16
BRDA:41,12,1,16
BRDA:44,13,0,3
BRDA:44,13,1,23
BRDA:44,14,0,26
BRDA:44,14,1,3
BRDA:45,15,0,3
BRDA:45,15,1,3
BRDA:48,16,0,1
BRDA:48,16,1,25
BRDA:50,17,0,1
BRDA:50,17,1,0
BRDA:51,18,0,1
BRDA:51,18,1,0
BRDA:53,19,0,0
BRDA:53,19,1,1
BRDA:58,20,0,1
BRDA:58,20,1,0
BRDA:63,21,0,0
BRDA:63,21,1,1
BRDA:78,22,0,25
BRDA:78,22,1,1
BRDA:89,23,0,0
BRDA:89,23,1,0
BRDA:89,24,0,0
BRDA:89,24,1,0
BRDA:95,25,0,2
BRDA:95,25,1,23
BRDA:106,26,0,0
BRDA:106,26,1,2
BRDA:117,27,0,1
BRDA:117,27,1,1
BRDA:122,28,0,1
BRDA:122,28,1,0
BRDA:128,29,0,1
BRDA:128,29,1,0
BRF:59
BRH:47
end_of_record
TN:
SF:src/components/ui/action-row.tsx
FN:10,ActionRow
FN:31,(anonymous_1)
FNF:2
FNH:2
FNDA:66,ActionRow
FNDA:66,(anonymous_1)
DA:23,66
DA:24,66
DA:31,66
DA:40,18
LF:4
LH:4
BRDA:14,0,0,43
BRDA:31,1,0,0
BRDA:31,1,1,66
BRDA:31,2,0,1
BRDA:31,2,1,65
BRF:5
BRH:4
end_of_record
TN:
SF:src/components/ui/app-text.tsx
FN:13,AppText
FNF:1
FNH:1
FNDA:6341,AppText
DA:20,6341
DA:21,6341
DA:35,28
LF:3
LH:3
BRDA:14,0,0,647
BRDA:15,1,0,1250
BRDA:16,2,0,4842
BRDA:27,3,0,1499
BRDA:27,3,1,4842
BRF:5
BRH:5
end_of_record
TN:
SF:src/components/ui/avatar.tsx
FN:13,Avatar
FN:19,(anonymous_1)
FNF:2
FNH:2
FNDA:126,Avatar
FNDA:245,(anonymous_1)
DA:14,126
DA:15,126
DA:16,126
DA:19,245
DA:21,126
DA:32,18
LF:6
LH:6
BRDA:13,0,0,49
BRDA:15,1,0,126
BRDA:15,1,1,6
BRDA:25,2,0,101
BRDA:25,2,1,25
BRF:5
BRH:5
end_of_record
TN:
SF:src/components/ui/banner.tsx
FN:18,Banner
FNF:1
FNH:1
FNDA:29,Banner
DA:11,18
DA:19,29
DA:20,29
DA:21,29
DA:33,18
LF:5
LH:5
BRDA:18,0,0,3
BRDA:26,1,0,13
BRDA:26,1,1,16
BRF:3
BRH:3
end_of_record
TN:
SF:src/components/ui/button.tsx
FN:33,Button
FN:52,(anonymous_1)
FNF:2
FNH:2
FNDA:432,Button
FNDA:432,(anonymous_1)
DA:26,19
DA:42,432
DA:43,432
DA:44,432
DA:46,432
DA:52,432
DA:75,19
LF:7
LH:7
BRDA:35,0,0,201
BRDA:36,1,0,255
BRDA:44,2,0,432
BRDA:44,2,1,407
BRDA:54,3,0,370
BRDA:54,3,1,62
BRDA:55,4,0,17
BRDA:55,4,1,415
BRDA:56,5,0,0
BRDA:56,5,1,432
BRDA:57,6,0,35
BRDA:57,6,1,397
BRDA:61,7,0,10
BRDA:61,7,1,422
BRF:14
BRH:13
end_of_record
TN:
SF:src/components/ui/chip.tsx
FN:10,Chip
FN:34,(anonymous_1)
FNF:2
FNH:2
FNDA:221,Chip
FNDA:221,(anonymous_1)
DA:26,221
DA:27,221
DA:28,221
DA:34,221
DA:48,18
LF:5
LH:5
BRDA:16,0,0,220
BRDA:27,1,0,221
BRDA:27,1,1,210
BRDA:36,2,0,1
BRDA:36,2,1,220
BRDA:37,3,0,12
BRDA:37,3,1,209
BRDA:37,4,0,12
BRDA:37,4,1,209
BRDA:38,5,0,0
BRDA:38,5,1,221
BRDA:41,6,0,12
BRDA:41,6,1,209
BRF:13
BRH:12
end_of_record
TN:
SF:src/components/ui/date-picker-sheet.tsx
FN:14,DatePickerSheet
FN:34,(anonymous_1)
FN:38,(anonymous_2)
FN:43,(anonymous_3)
FN:50,(anonymous_4)
FN:59,(anonymous_5)
FN:60,(anonymous_6)
FNF:7
FNH:3
FNDA:55,DatePickerSheet
FNDA:0,(anonymous_1)
FNDA:0,(anonymous_2)
FNDA:385,(anonymous_3)
FNDA:2310,(anonymous_4)
FNDA:0,(anonymous_5)
FNDA:0,(anonymous_6)
DA:27,55
DA:28,55
DA:29,55
DA:31,55
DA:34,0
DA:38,0
DA:44,385
DA:51,2310
DA:52,2310
DA:53,2310
DA:59,0
DA:60,0
DA:74,17
LF:13
LH:9
BRDA:19,0,0,55
BRDA:60,1,0,0
BRDA:60,1,1,0
BRDA:61,2,0,55
BRDA:61,2,1,2255
BRDA:61,3,0,55
BRDA:61,3,1,2200
BRDA:62,4,0,55
BRDA:62,4,1,2255
BRDA:62,5,0,1595
BRDA:62,5,1,660
BRF:11
BRH:9
end_of_record
TN:
SF:src/components/ui/dimension-dots.tsx
FN:7,DimensionDots
FN:10,(anonymous_1)
FNF:2
FNH:2
FNDA:3,DimensionDots
FNDA:21,(anonymous_1)
DA:8,3
DA:11,21
DA:20,18
LF:3
LH:3
BRDA:7,0,0,2
BRF:1
BRH:1
end_of_record
TN:
SF:src/components/ui/fab.tsx
FN:9,Fab
FN:19,(anonymous_1)
FNF:2
FNH:2
FNDA:22,Fab
FNDA:22,(anonymous_1)
DA:10,22
DA:11,22
DA:12,22
DA:14,22
DA:19,22
DA:29,18
LF:6
LH:6
BRDA:9,0,0,21
BRDA:12,1,0,0
BRDA:12,1,1,22
BRDA:22,2,0,0
BRDA:22,2,1,22
BRF:5
BRH:3
end_of_record
TN:
SF:src/components/ui/field-button.tsx
FN:10,FieldButton
FN:39,(anonymous_1)
FNF:2
FNH:2
FNDA:171,FieldButton
FNDA:171,(anonymous_1)
DA:27,171
DA:28,171
DA:39,171
DA:59,18
LF:4
LH:4
BRDA:13,0,0,132
BRDA:35,1,0,171
BRDA:35,1,1,45
BRDA:41,2,0,1
BRDA:41,2,1,170
BRDA:42,3,0,0
BRDA:42,3,1,171
BRDA:43,4,0,1
BRDA:43,4,1,170
BRDA:46,5,0,126
BRDA:46,5,1,45
BRDA:47,6,0,171
BRDA:47,6,1,45
BRDA:50,7,0,1
BRDA:50,7,1,170
BRF:15
BRH:14
end_of_record
TN:
SF:src/components/ui/icon-button.tsx
FN:7,IconButton
FN:28,(anonymous_1)
FNF:2
FNH:2
FNDA:281,IconButton
FNDA:281,(anonymous_1)
DA:20,281
DA:28,281
DA:34,18
LF:3
LH:3
BRDA:28,0,0,0
BRDA:28,0,1,281
BRDA:28,1,0,1
BRDA:28,1,1,280
BRF:4
BRH:3
end_of_record
TN:
SF:src/components/ui/icon.tsx
FN:14,ThemeIcon
FNF:1
FNH:1
FNDA:68,ThemeIcon
DA:15,68
DA:16,68
LF:2
LH:2
BRDA:14,0,0,0
BRDA:15,1,0,38
BRDA:15,1,1,30
BRF:3
BRH:2
end_of_record
TN:
SF:src/components/ui/index.ts
FNF:0
FNH:0
LF:0
LH:0
BRF:0
BRH:0
end_of_record
TN:
SF:src/components/ui/screen.tsx
FN:30,Screen
FNF:1
FNH:1
FNDA:327,Screen
DA:31,327
DA:32,327
DA:33,327
DA:36,327
DA:68,327
DA:69,27
DA:72,300
DA:88,17
LF:8
LH:8
BRDA:30,0,0,19
BRDA:30,1,0,27
BRDA:30,2,0,220
BRDA:30,3,0,206
BRDA:33,4,0,121
BRDA:33,4,1,206
BRDA:33,5,0,327
BRDA:33,5,1,121
BRDA:46,6,0,300
BRDA:46,6,1,27
BRDA:48,7,0,107
BRDA:48,7,1,220
BRDA:68,8,0,27
BRDA:68,8,1,300
BRDA:75,9,0,300
BRDA:75,9,1,0
BRDA:78,10,0,107
BRDA:78,10,1,193
BRF:18
BRH:17
end_of_record
TN:
SF:src/components/ui/segmented.tsx
FN:11,Segmented
FN:23,(anonymous_1)
FN:31,(anonymous_2)
FN:32,(anonymous_3)
FNF:4
FNH:4
FNDA:50,Segmented
FNDA:193,(anonymous_1)
FNDA:4,(anonymous_2)
FNDA:193,(anonymous_3)
DA:20,50
DA:21,50
DA:24,193
DA:25,193
DA:31,4
DA:32,193
DA:47,18
LF:7
LH:7
BRDA:34,0,0,50
BRDA:34,0,1,143
BRDA:35,1,0,0
BRDA:35,1,1,193
BRDA:37,2,0,50
BRDA:37,2,1,143
BRF:6
BRH:5
end_of_record
TN:
SF:src/components/ui/settings-row.tsx
FN:18,SettingsGroup
FN:30,(anonymous_1)
FN:62,SettingsRow
FN:107,(anonymous_3)
FNF:4
FNH:4
FNDA:245,SettingsGroup
FNDA:381,(anonymous_1)
FNDA:389,SettingsRow
FNDA:261,(anonymous_3)
DA:11,18
DA:12,18
DA:19,245
DA:20,245
DA:22,245
DA:31,381
DA:63,389
DA:64,389
DA:65,389
DA:68,389
DA:93,389
DA:94,128
DA:101,261
DA:107,261
DA:113,18
LF:15
LH:15
BRDA:24,0,0,184
BRDA:24,0,1,61
BRDA:32,1,0,136
BRDA:32,1,1,245
BRDA:37,2,0,10
BRDA:37,2,1,235
BRDA:62,3,0,331
BRDA:62,4,0,250
BRDA:64,5,0,58
BRDA:64,5,1,331
BRDA:65,6,0,389
BRDA:65,6,1,262
BRDA:74,7,0,139
BRDA:74,7,1,250
BRDA:80,8,0,389
BRDA:80,8,1,388
BRDA:82,9,0,217
BRDA:82,9,1,171
BRDA:87,10,0,261
BRDA:87,10,1,127
BRDA:93,11,0,128
BRDA:93,11,1,261
BRDA:95,12,0,57
BRDA:95,12,1,71
BRDA:95,13,0,101
BRDA:95,13,1,27
BRDA:104,14,0,117
BRDA:104,14,1,144
BRDA:107,15,0,0
BRDA:107,15,1,261
BRF:30
BRH:29
end_of_record
TN:
SF:src/components/ui/sheet.tsx
FN:29,useKeyboardHeight
FN:31,(anonymous_1)
FN:33,(anonymous_2)
FN:36,(anonymous_3)
FN:37,(anonymous_4)
FN:46,Sheet
FNF:6
FNH:4
FNDA:390,useKeyboardHeight
FNDA:205,(anonymous_1)
FNDA:0,(anonymous_2)
FNDA:0,(anonymous_3)
FNDA:205,(anonymous_4)
FNDA:390,Sheet
DA:14,17
DA:30,390
DA:31,390
DA:32,205
DA:33,205
DA:34,0
DA:36,205
DA:37,205
DA:38,205
DA:39,205
DA:42,390
DA:47,390
DA:48,390
DA:49,390
DA:50,390
DA:51,390
DA:52,390
DA:54,390
DA:91,17
LF:19
LH:18
BRDA:33,0,0,205
BRDA:33,0,1,0
BRDA:36,1,0,205
BRDA:36,1,1,0
BRDA:46,2,0,314
BRDA:50,3,0,390
BRDA:50,3,1,0
BRDA:55,4,0,0
BRDA:55,4,1,390
BRDA:56,5,0,0
BRDA:56,5,1,390
BRDA:61,6,0,0
BRDA:61,6,1,390
BRDA:66,7,0,0
BRDA:66,7,1,390
BRDA:67,8,0,0
BRDA:67,8,1,390
BRDA:67,9,0,390
BRDA:67,9,1,390
BRDA:71,10,0,390
BRDA:71,10,1,0
BRDA:72,11,0,377
BRDA:72,11,1,13
BRF:23
BRH:14
end_of_record
TN:
SF:src/components/ui/states.tsx
FN:11,LoadingState
FN:23,EmptyState
FN:50,ErrorState
FN:62,Skeleton
FNF:4
FNH:4
FNDA:12,LoadingState
FNDA:28,EmptyState
FNDA:18,ErrorState
FNDA:8,Skeleton
DA:12,12
DA:13,12
DA:34,28
DA:51,18
DA:52,18
DA:63,8
DA:64,8
DA:67,18
LF:8
LH:8
BRDA:11,0,0,7
BRDA:40,1,0,22
BRDA:40,1,1,6
BRDA:56,2,0,15
BRDA:56,2,1,3
BRF:5
BRH:5
end_of_record
TN:
SF:src/components/ui/switch-row.tsx
FN:22,Toggle
FN:36,(anonymous_1)
FN:40,(anonymous_2)
FN:44,(anonymous_3)
FN:56,(anonymous_4)
FN:57,(anonymous_5)
FN:66,SwitchRow
FNF:7
FNH:7
FNDA:92,Toggle
FNDA:92,(anonymous_1)
FNDA:92,(anonymous_2)
FNDA:92,(anonymous_3)
FNDA:9,(anonymous_4)
FNDA:92,(anonymous_5)
FNDA:86,SwitchRow
DA:9,18
DA:10,18
DA:11,18
DA:12,18
DA:13,18
DA:14,18
DA:33,92
DA:34,92
DA:35,92
DA:36,92
DA:40,92
DA:44,92
DA:49,92
DA:56,9
DA:57,92
DA:77,86
DA:92,18
LF:17
LH:17
BRDA:26,0,0,91
BRDA:36,1,0,0
BRDA:36,1,1,92
BRDA:36,2,0,0
BRDA:36,2,1,0
BRDA:36,3,0,10
BRDA:36,3,1,82
BRDA:57,4,0,0
BRDA:57,4,1,92
BRDA:57,5,0,1
BRDA:57,5,1,91
BRDA:81,6,0,44
BRDA:81,6,1,42
BRF:13
BRH:9
end_of_record
TN:
SF:src/components/ui/text-field.tsx
FN:18,TextField
FN:47,(anonymous_1)
FN:51,(anonymous_2)
FN:63,(anonymous_3)
FN:63,(anonymous_4)
FN:64,(anonymous_5)
FNF:6
FNH:6
FNDA:457,TextField
FNDA:3,(anonymous_1)
FNDA:7,(anonymous_2)
FNDA:2,(anonymous_3)
FNDA:2,(anonymous_4)
FNDA:43,(anonymous_5)
DA:18,18
DA:22,457
DA:23,457
DA:24,457
DA:26,457
DA:27,457
DA:29,457
DA:48,3
DA:49,3
DA:52,7
DA:53,7
DA:63,2
DA:64,43
DA:87,18
DA:89,18
LF:15
LH:15
BRDA:19,0,0,414
BRDA:19,1,0,455
BRDA:26,2,0,10
BRDA:26,2,1,447
BRDA:26,3,0,4
BRDA:26,3,1,443
BRDA:27,4,0,457
BRDA:27,4,1,447
BRDA:38,5,0,4
BRDA:38,5,1,453
BRDA:39,6,0,2
BRDA:39,6,1,455
BRDA:58,7,0,43
BRDA:58,7,1,414
BRDA:61,8,0,42
BRDA:61,8,1,1
BRDA:64,9,0,0
BRDA:64,9,1,43
BRDA:65,10,0,42
BRDA:65,10,1,1
BRDA:73,11,0,50
BRDA:73,11,1,407
BRDA:76,12,0,10
BRDA:76,12,1,40
BRDA:77,13,0,10
BRDA:77,13,1,40
BRDA:87,14,0,0
BRDA:87,14,1,18
BRF:28
BRH:26
end_of_record
TN:
SF:src/components/ui/time-picker-sheet.tsx
FN:14,(anonymous_0)
FN:16,(anonymous_1)
FN:18,(anonymous_2)
FN:20,Column
FN:35,(anonymous_4)
FN:42,(anonymous_5)
FN:49,(anonymous_6)
FN:66,(anonymous_7)
FN:68,(anonymous_8)
FN:73,(anonymous_9)
FN:85,TimePickerBody
FN:86,(anonymous_11)
FN:87,(anonymous_12)
FN:102,(anonymous_13)
FN:108,TimePickerSheet
FNF:15
FNH:3
FNDA:408,(anonymous_0)
FNDA:1020,(anonymous_1)
FNDA:0,(anonymous_2)
FNDA:0,Column
FNDA:0,(anonymous_4)
FNDA:0,(anonymous_5)
FNDA:0,(anonymous_6)
FNDA:0,(anonymous_7)
FNDA:0,(anonymous_8)
FNDA:0,(anonymous_9)
FNDA:0,TimePickerBody
FNDA:0,(anonymous_11)
FNDA:0,(anonymous_12)
FNDA:0,(anonymous_13)
FNDA:76,TimePickerSheet
DA:12,17
DA:13,17
DA:14,408
DA:16,1020
DA:18,17
DA:31,0
DA:32,0
DA:33,0
DA:35,0
DA:36,0
DA:41,0
DA:43,0
DA:44,0
DA:49,0
DA:60,0
DA:66,0
DA:68,0
DA:74,0
DA:75,0
DA:76,0
DA:86,0
DA:87,0
DA:88,0
DA:90,0
DA:102,0
DA:121,76
DA:129,17
LF:27
LH:7
BRDA:51,0,0,0
BRDA:51,0,1,0
BRDA:51,1,0,0
BRDA:51,1,1,0
BRDA:76,2,0,0
BRDA:76,2,1,0
BRDA:76,3,0,0
BRDA:76,3,1,0
BRDA:113,4,0,0
BRDA:124,5,0,0
BRDA:124,5,1,76
BRF:11
BRH:1
end_of_record
TN:
SF:src/components/ui/wordmark.tsx
FN:27,Wordmark
FNF:1
FNH:1
FNDA:85,Wordmark
DA:28,85
DA:29,85
DA:33,85
DA:72,18
DA:74,18
LF:5
LH:5
BRDA:27,0,0,6
BRDA:27,1,0,85
BRDA:27,2,0,4
BRDA:27,3,0,83
BRDA:29,4,0,2
BRDA:29,4,1,83
BRDA:34,5,0,2
BRDA:34,5,1,83
BRDA:52,6,0,26
BRDA:52,6,1,59
BRDA:57,7,0,26
BRDA:57,7,1,25
BRF:12
BRH:12
end_of_record
TN:
SF:src/constants/demo.ts
FNF:0
FNH:0
DA:7,39
LF:1
LH:1
BRF:0
BRH:0
end_of_record
TN:
SF:src/constants/dimensions.ts
FN:29,(anonymous_0)
FNF:1
FNH:1
FNDA:1274,(anonymous_0)
DA:18,182
DA:28,182
DA:29,1274
LF:3
LH:3
BRF:0
BRH:0
end_of_record
TN:
SF:src/constants/icons.ts
FN:97,isThemeIconName
FNF:1
FNH:1
FNDA:68,isThemeIconName
DA:49,17
DA:95,17
DA:98,68
DA:102,17
LF:4
LH:4
BRDA:98,0,0,68
BRDA:98,0,1,38
BRF:2
BRH:2
end_of_record
TN:
SF:src/constants/people-colors.ts
FN:39,assignPeopleColors
FN:51,(anonymous_1)
FN:62,nextAvailableColor
FN:64,(anonymous_3)
FNF:4
FNH:4
FNDA:17,assignPeopleColors
FNDA:137,(anonymous_1)
FNDA:4,nextAvailableColor
FNDA:16,(anonymous_3)
DA:16,3
DA:28,3
DA:30,3
DA:40,17
DA:41,17
DA:43,17
DA:44,35
DA:45,3
DA:46,3
DA:49,17
DA:50,35
DA:51,137
DA:53,32
DA:54,32
DA:55,32
DA:58,17
DA:63,4
DA:64,16
LF:18
LH:18
BRDA:44,0,0,32
BRDA:44,0,1,3
BRDA:50,1,0,3
BRDA:50,1,1,32
BRDA:53,2,0,32
BRDA:53,2,1,5
BRDA:53,2,2,0
BRDA:64,3,0,4
BRDA:64,3,1,1
BRF:9
BRH:8
end_of_record
TN:
SF:src/constants/reminders.ts
FN:12,describeOffset
FN:13,(anonymous_1)
FNF:2
FNH:2
FNDA:15,describeOffset
FNDA:57,(anonymous_1)
DA:2,3
DA:10,3
DA:13,57
DA:14,15
DA:15,6
DA:16,5
DA:17,4
LF:7
LH:7
BRDA:14,0,0,9
BRDA:14,0,1,6
BRDA:15,1,0,1
BRDA:15,1,1,5
BRDA:16,2,0,1
BRDA:16,2,1,4
BRF:6
BRH:6
end_of_record
TN:
SF:src/constants/theme.ts
FNF:0
FNH:0
DA:16,30
DA:17,30
DA:19,30
DA:61,30
DA:75,30
DA:83,30
DA:89,30
DA:99,30
DA:112,30
DA:123,30
DA:132,30
DA:136,30
DA:137,30
DA:140,30
DA:146,30
DA:149,30
DA:152,30
LF:17
LH:17
BRF:0
BRH:0
end_of_record
TN:
SF:src/constants/themes.ts
FN:33,(anonymous_0)
FNF:1
FNH:1
FNDA:3135,(anonymous_0)
DA:6,165
DA:33,3135
DA:41,165
LF:3
LH:3
BRF:0
BRH:0
end_of_record
TN:
SF:src/hooks/use-activities-range.ts
FN:11,(anonymous_0)
FN:13,(anonymous_1)
FN:17,useActivitiesRange
FN:23,(anonymous_3)
FN:25,(anonymous_4)
FN:30,usePrefetchAdjacentRanges
FN:34,(anonymous_6)
FN:42,(anonymous_7)
FNF:8
FNH:8
FNDA:12,(anonymous_0)
FNDA:6,(anonymous_1)
FNDA:5,useActivitiesRange
FNDA:2,(anonymous_3)
FNDA:15,(anonymous_4)
FNDA:3,usePrefetchAdjacentRanges
FNDA:3,(anonymous_6)
FNDA:4,(anonymous_7)
DA:9,2
DA:12,12
DA:13,6
DA:18,5
DA:19,5
DA:20,5
DA:21,5
DA:23,2
DA:25,15
DA:31,3
DA:32,3
DA:34,3
DA:35,3
DA:36,2
DA:37,4
DA:38,4
DA:39,4
DA:40,4
DA:42,4
LF:19
LH:19
BRDA:35,0,0,1
BRDA:35,0,1,2
BRF:2
BRH:2
end_of_record
TN:
SF:src/hooks/use-activity.ts
FN:8,useActivity
FN:11,(anonymous_1)
FN:16,useActivityMutations
FN:19,(anonymous_3)
FN:22,(anonymous_4)
FN:27,(anonymous_5)
FN:29,(anonymous_6)
FN:36,(anonymous_7)
FNF:8
FNH:8
FNDA:3,useActivity
FNDA:1,(anonymous_1)
FNDA:18,useActivityMutations
FNDA:5,(anonymous_3)
FNDA:3,(anonymous_4)
FNDA:2,(anonymous_5)
FNDA:2,(anonymous_6)
FNDA:1,(anonymous_7)
DA:9,3
DA:11,1
DA:17,18
DA:18,18
DA:19,18
DA:21,18
DA:22,3
DA:26,18
DA:28,2
DA:30,2
DA:31,2
DA:35,18
DA:36,1
DA:40,18
LF:14
LH:14
BRDA:10,0,0,3
BRDA:10,0,1,1
BRF:2
BRH:2
end_of_record
TN:
SF:src/hooks/use-admin.ts
FN:15,useIsAdmin
FN:19,useAdminStats
FN:24,useAdminAccounts
FNF:3
FNH:0
FNDA:0,useIsAdmin
FNDA:0,useAdminStats
FNDA:0,useAdminAccounts
DA:6,0
DA:16,0
DA:20,0
DA:21,0
DA:25,0
DA:26,0
LF:6
LH:0
BRF:0
BRH:0
end_of_record
TN:
SF:src/hooks/use-auth-actions.ts
FN:15,useSignIn
FN:17,(anonymous_1)
FN:21,useSignUp
FN:23,(anonymous_3)
FN:28,useEmailSignUp
FN:31,(anonymous_5)
FN:35,(anonymous_6)
FN:38,(anonymous_7)
FN:44,useChangePassword
FN:46,(anonymous_9)
FN:51,useResetPassword
FN:53,(anonymous_11)
FN:57,useSignOut
FN:61,(anonymous_13)
FNF:14
FNH:0
FNDA:0,useSignIn
FNDA:0,(anonymous_1)
FNDA:0,useSignUp
FNDA:0,(anonymous_3)
FNDA:0,useEmailSignUp
FNDA:0,(anonymous_5)
FNDA:0,(anonymous_6)
FNDA:0,(anonymous_7)
FNDA:0,useChangePassword
FNDA:0,(anonymous_9)
FNDA:0,useResetPassword
FNDA:0,(anonymous_11)
FNDA:0,useSignOut
FNDA:0,(anonymous_13)
DA:16,0
DA:17,0
DA:22,0
DA:23,0
DA:29,0
DA:32,0
DA:35,0
DA:38,0
DA:45,0
DA:47,0
DA:52,0
DA:53,0
DA:58,0
DA:59,0
DA:61,0
LF:15
LH:0
BRF:0
BRH:0
end_of_record
TN:
SF:src/hooks/use-availability.ts
FN:8,useAvailability
FN:15,(anonymous_1)
FNF:2
FNH:0
FNDA:0,useAvailability
FNDA:0,(anonymous_1)
DA:9,0
DA:10,0
DA:11,0
DA:12,0
DA:13,0
DA:15,0
LF:6
LH:0
BRDA:16,0,0,0
BRDA:16,0,1,0
BRF:2
BRH:0
end_of_record
TN:
SF:src/hooks/use-brand-fonts.ts
FN:17,useBrandFonts
FNF:1
FNH:0
FNDA:0,useBrandFonts
DA:18,0
DA:22,0
LF:2
LH:0
BRDA:22,0,0,0
BRDA:22,0,1,0
BRF:2
BRH:0
end_of_record
TN:
SF:src/hooks/use-color-scheme.ts
FNF:0
FNH:0
LF:0
LH:0
BRF:0
BRH:0
end_of_record
TN:
SF:src/hooks/use-color-scheme.web.ts
FN:4,(anonymous_0)
FN:4,(anonymous_1)
FN:10,useColorScheme
FN:11,(anonymous_3)
FN:11,(anonymous_4)
FNF:5
FNH:0
FNDA:0,(anonymous_0)
FNDA:0,(anonymous_1)
FNDA:0,useColorScheme
FNDA:0,(anonymous_3)
FNDA:0,(anonymous_4)
DA:4,0
DA:11,0
DA:12,0
DA:13,0
LF:4
LH:0
BRDA:13,0,0,0
BRDA:13,0,1,0
BRF:2
BRH:0
end_of_record
TN:
SF:src/hooks/use-connections.ts
FN:23,(anonymous_0)
FN:24,(anonymous_1)
FN:27,useContacts
FN:31,(anonymous_3)
FN:40,usePeopleColors
FN:44,(anonymous_5)
FN:46,(anonymous_6)
FN:47,(anonymous_7)
FN:64,useUserSearch
FN:72,(anonymous_9)
FN:78,useConnectionMutations
FN:83,(anonymous_11)
FN:84,(anonymous_12)
FN:87,(anonymous_13)
FN:88,(anonymous_14)
FN:89,(anonymous_15)
FN:91,(anonymous_16)
FN:96,(anonymous_17)
FNF:18
FNH:18
FNDA:11,(anonymous_0)
FNDA:5,(anonymous_1)
FNDA:11,useContacts
FNDA:5,(anonymous_3)
FNDA:8,usePeopleColors
FNDA:8,(anonymous_5)
FNDA:4,(anonymous_6)
FNDA:3,(anonymous_7)
FNDA:5,useUserSearch
FNDA:1,(anonymous_9)
FNDA:21,useConnectionMutations
FNDA:7,(anonymous_11)
FNDA:7,(anonymous_12)
FNDA:1,(anonymous_13)
FNDA:2,(anonymous_14)
FNDA:2,(anonymous_15)
FNDA:1,(anonymous_16)
FNDA:1,(anonymous_17)
DA:21,1
DA:23,11
DA:24,5
DA:28,11
DA:29,11
DA:31,5
DA:41,8
DA:42,8
DA:43,8
DA:44,8
DA:45,8
DA:46,4
DA:47,3
DA:48,8
DA:49,8
DA:50,8
DA:55,1
DA:65,5
DA:66,5
DA:67,5
DA:68,5
DA:70,5
DA:72,1
DA:79,21
DA:80,21
DA:83,21
DA:84,21
DA:86,21
DA:87,1
DA:88,2
DA:89,2
DA:92,1
DA:97,1
LF:33
LH:33
BRDA:45,0,0,8
BRDA:45,0,1,4
BRDA:49,1,0,8
BRDA:49,1,1,0
BRDA:73,2,0,5
BRDA:73,2,1,4
BRF:6
BRH:5
end_of_record
TN:
SF:src/hooks/use-debounced-value.ts
FN:10,useDebouncedValue
FN:13,(anonymous_1)
FN:14,(anonymous_2)
FN:15,(anonymous_3)
FNF:4
FNH:4
FNDA:23,useDebouncedValue
FNDA:18,(anonymous_1)
FNDA:4,(anonymous_2)
FNDA:18,(anonymous_3)
DA:11,23
DA:13,23
DA:14,18
DA:15,18
DA:18,23
LF:5
LH:5
BRDA:10,0,0,20
BRF:1
BRH:1
end_of_record
TN:
SF:src/hooks/use-profile.ts
FN:7,(anonymous_0)
FN:10,useMyProfile
FN:14,(anonymous_2)
FN:19,useUpdateMyProfile
FN:23,(anonymous_4)
FN:24,(anonymous_5)
FNF:6
FNH:0
FNDA:0,(anonymous_0)
FNDA:0,useMyProfile
FNDA:0,(anonymous_2)
FNDA:0,useUpdateMyProfile
FNDA:0,(anonymous_4)
FNDA:0,(anonymous_5)
DA:6,0
DA:7,0
DA:11,0
DA:12,0
DA:14,0
DA:20,0
DA:21,0
DA:22,0
DA:23,0
DA:25,0
LF:10
LH:0
BRF:0
BRH:0
end_of_record
TN:
SF:src/hooks/use-realtime.ts
FN:9,useRealtimeInvalidation
FN:13,(anonymous_1)
FN:16,(anonymous_2)
FN:19,(anonymous_3)
FN:23,(anonymous_4)
FNF:5
FNH:0
FNDA:0,useRealtimeInvalidation
FNDA:0,(anonymous_1)
FNDA:0,(anonymous_2)
FNDA:0,(anonymous_3)
FNDA:0,(anonymous_4)
DA:10,0
DA:11,0
DA:13,0
DA:14,0
DA:15,0
DA:16,0
DA:18,0
DA:19,0
DA:20,0
DA:23,0
DA:24,0
DA:25,0
LF:12
LH:0
BRDA:14,0,0,0
BRDA:14,0,1,0
BRDA:18,1,0,0
BRDA:18,1,1,0
BRDA:24,2,0,0
BRDA:24,2,1,0
BRF:6
BRH:0
end_of_record
TN:
SF:src/hooks/use-reminders.ts
FN:13,(anonymous_0)
FN:14,(anonymous_1)
FN:17,useActivityReminders
FN:21,(anonymous_3)
FN:26,useReminderMutations
FN:29,(anonymous_5)
FN:32,(anonymous_6)
FN:38,(anonymous_7)
FN:46,useUpcomingReminders
FN:50,(anonymous_9)
FN:59,useReminderSync
FN:65,(anonymous_11)
FN:67,(anonymous_12)
FN:73,(anonymous_13)
FN:74,(anonymous_14)
FN:79,(anonymous_15)
FNF:16
FNH:0
FNDA:0,(anonymous_0)
FNDA:0,(anonymous_1)
FNDA:0,useActivityReminders
FNDA:0,(anonymous_3)
FNDA:0,useReminderMutations
FNDA:0,(anonymous_5)
FNDA:0,(anonymous_6)
FNDA:0,(anonymous_7)
FNDA:0,useUpcomingReminders
FNDA:0,(anonymous_9)
FNDA:0,useReminderSync
FNDA:0,(anonymous_11)
FNDA:0,(anonymous_12)
FNDA:0,(anonymous_13)
FNDA:0,(anonymous_14)
FNDA:0,(anonymous_15)
DA:11,0
DA:13,0
DA:14,0
DA:18,0
DA:19,0
DA:21,0
DA:27,0
DA:28,0
DA:29,0
DA:31,0
DA:33,0
DA:37,0
DA:39,0
DA:43,0
DA:47,0
DA:48,0
DA:50,0
DA:60,0
DA:61,0
DA:62,0
DA:63,0
DA:65,0
DA:66,0
DA:67,0
DA:68,0
DA:69,0
DA:70,0
DA:73,0
DA:74,0
DA:75,0
DA:76,0
DA:79,0
LF:32
LH:0
BRDA:20,0,0,0
BRDA:20,0,1,0
BRDA:22,1,0,0
BRDA:22,1,1,0
BRDA:66,2,0,0
BRDA:66,2,1,0
BRDA:68,3,0,0
BRDA:68,3,1,0
BRDA:75,4,0,0
BRDA:75,4,1,0
BRDA:75,5,0,0
BRDA:75,5,1,0
BRF:12
BRH:0
end_of_record
TN:
SF:src/hooks/use-shared-badge.ts
FN:5,useSharedBadgeCount
FN:8,(anonymous_1)
FNF:2
FNH:0
FNDA:0,useSharedBadgeCount
FNDA:0,(anonymous_1)
DA:6,0
DA:7,0
DA:8,0
DA:9,0
LF:4
LH:0
BRDA:8,0,0,0
BRDA:8,0,1,0
BRDA:9,1,0,0
BRDA:9,1,1,0
BRF:4
BRH:0
end_of_record
TN:
SF:src/hooks/use-shares.ts
FN:10,(anonymous_0)
FN:11,(anonymous_1)
FN:14,useActivityShares
FN:17,(anonymous_3)
FN:22,useInvitations
FN:26,(anonymous_5)
FN:31,useShareMutations
FN:34,(anonymous_7)
FN:39,(anonymous_8)
FN:43,(anonymous_9)
FN:48,(anonymous_10)
FN:51,(anonymous_11)
FNF:12
FNH:0
FNDA:0,(anonymous_0)
FNDA:0,(anonymous_1)
FNDA:0,useActivityShares
FNDA:0,(anonymous_3)
FNDA:0,useInvitations
FNDA:0,(anonymous_5)
FNDA:0,useShareMutations
FNDA:0,(anonymous_7)
FNDA:0,(anonymous_8)
FNDA:0,(anonymous_9)
FNDA:0,(anonymous_10)
FNDA:0,(anonymous_11)
DA:8,0
DA:10,0
DA:11,0
DA:15,0
DA:17,0
DA:23,0
DA:24,0
DA:26,0
DA:32,0
DA:33,0
DA:34,0
DA:35,0
DA:36,0
DA:37,0
DA:39,0
DA:41,0
DA:44,0
DA:48,0
DA:51,0
LF:19
LH:0
BRDA:14,0,0,0
BRDA:16,1,0,0
BRDA:16,1,1,0
BRDA:18,2,0,0
BRDA:18,2,1,0
BRF:5
BRH:0
end_of_record
TN:
SF:src/hooks/use-splash-gate.ts
FN:17,useSplashGate
FN:18,(anonymous_1)
FN:20,(anonymous_2)
FN:23,(anonymous_3)
FN:26,(anonymous_4)
FNF:5
FNH:0
FNDA:0,useSplashGate
FNDA:0,(anonymous_1)
FNDA:0,(anonymous_2)
FNDA:0,(anonymous_3)
FNDA:0,(anonymous_4)
DA:10,0
DA:18,0
DA:20,0
DA:21,0
DA:22,0
DA:23,0
DA:26,0
DA:29,0
LF:8
LH:0
BRDA:21,0,0,0
BRDA:21,0,1,0
BRDA:29,1,0,0
BRDA:29,1,1,0
BRF:4
BRH:0
end_of_record
TN:
SF:src/hooks/use-theme.ts
FN:12,useResolvedScheme
FN:16,useTheme
FNF:2
FNH:2
FNDA:10467,useResolvedScheme
FNDA:10467,useTheme
DA:4,29
DA:13,10467
DA:17,10467
LF:3
LH:3
BRF:0
BRH:0
end_of_record
TN:
SF:src/hooks/use-themes.ts
FN:11,(anonymous_0)
FN:14,useThemes
FN:18,(anonymous_2)
FN:25,useThemesByDimension
FN:26,(anonymous_4)
FN:27,(anonymous_5)
FN:29,(anonymous_6)
FN:33,useThemeMutations
FN:36,(anonymous_8)
FN:40,(anonymous_9)
FN:42,(anonymous_10)
FN:45,(anonymous_11)
FNF:12
FNH:12
FNDA:9,(anonymous_0)
FNDA:5,useThemes
FNDA:2,(anonymous_2)
FNDA:4,useThemesByDimension
FNDA:4,(anonymous_4)
FNDA:28,(anonymous_5)
FNDA:28,(anonymous_6)
FNDA:15,useThemeMutations
FNDA:4,(anonymous_8)
FNDA:2,(anonymous_9)
FNDA:2,(anonymous_10)
FNDA:1,(anonymous_11)
DA:10,1
DA:11,9
DA:15,5
DA:16,5
DA:18,2
DA:26,4
DA:27,28
DA:28,4
DA:29,28
DA:34,15
DA:35,15
DA:36,15
DA:37,4
DA:38,4
DA:40,15
DA:41,15
DA:42,2
DA:45,15
DA:46,15
LF:19
LH:19
BRDA:28,0,0,4
BRDA:28,0,1,1
BRDA:29,1,0,28
BRDA:29,1,1,0
BRF:4
BRH:3
end_of_record
TN:
SF:src/hooks/use-workouts.ts
FN:24,(anonymous_0)
FN:25,(anonymous_1)
FN:26,(anonymous_2)
FN:27,(anonymous_3)
FN:30,useWorkouts
FN:32,(anonymous_5)
FN:35,useWorkout
FN:36,(anonymous_7)
FN:39,useWorkoutByActivity
FN:43,(anonymous_9)
FN:48,useExerciseNames
FN:50,(anonymous_11)
FN:53,useWorkoutMutations
FN:56,(anonymous_13)
FN:57,(anonymous_14)
FN:60,(anonymous_15)
FN:61,(anonymous_16)
FN:62,(anonymous_17)
FN:63,(anonymous_18)
FN:65,(anonymous_19)
FN:66,(anonymous_20)
FN:68,(anonymous_21)
FN:70,(anonymous_22)
FNF:23
FNH:23
FNDA:3,(anonymous_0)
FNDA:4,(anonymous_1)
FNDA:4,(anonymous_2)
FNDA:5,(anonymous_3)
FNDA:2,useWorkouts
FNDA:1,(anonymous_5)
FNDA:3,useWorkout
FNDA:1,(anonymous_7)
FNDA:3,useWorkoutByActivity
FNDA:1,(anonymous_9)
FNDA:2,useExerciseNames
FNDA:1,(anonymous_11)
FNDA:24,useWorkoutMutations
FNDA:6,(anonymous_13)
FNDA:3,(anonymous_14)
FNDA:2,(anonymous_15)
FNDA:1,(anonymous_16)
FNDA:1,(anonymous_17)
FNDA:1,(anonymous_18)
FNDA:1,(anonymous_19)
FNDA:1,(anonymous_20)
FNDA:1,(anonymous_21)
FNDA:1,(anonymous_22)
DA:22,1
DA:24,3
DA:25,4
DA:26,4
DA:27,5
DA:31,2
DA:32,2
DA:36,3
DA:40,3
DA:41,3
DA:43,1
DA:49,2
DA:50,2
DA:54,24
DA:55,24
DA:56,24
DA:57,24
DA:59,24
DA:60,2
DA:61,1
DA:62,1
DA:63,1
DA:65,1
DA:66,1
DA:68,1
DA:71,1
LF:26
LH:26
BRDA:36,0,0,3
BRDA:36,0,1,1
BRDA:39,1,0,2
BRDA:42,2,0,3
BRDA:42,2,1,0
BRDA:44,3,0,3
BRDA:44,3,1,3
BRDA:44,3,2,3
BRF:8
BRH:7
end_of_record
TN:
SF:src/lib/auth-errors.ts
FN:15,isOfflineError
FN:22,toAuthMessage
FN:48,(anonymous_2)
FNF:3
FNH:3
FNDA:70,isOfflineError
FNDA:34,toAuthMessage
FNDA:91,(anonymous_2)
DA:2,175
DA:16,70
DA:17,70
DA:23,34
DA:24,32
DA:25,32
DA:26,4
DA:28,28
DA:29,3
DA:31,25
DA:32,1
DA:34,24
DA:35,2
DA:37,22
DA:38,3
DA:40,19
DA:41,14
DA:42,11
DA:43,9
DA:49,91
DA:50,91
LF:21
LH:21
BRDA:16,0,0,36
BRDA:16,0,1,34
BRDA:23,1,0,2
BRDA:23,1,1,32
BRDA:24,2,0,27
BRDA:24,2,1,5
BRDA:25,3,0,4
BRDA:25,3,1,28
BRDA:28,4,0,3
BRDA:28,4,1,25
BRDA:31,5,0,1
BRDA:31,5,1,24
BRDA:34,6,0,2
BRDA:34,6,1,22
BRDA:37,7,0,3
BRDA:37,7,1,19
BRDA:40,8,0,5
BRDA:40,8,1,14
BRDA:41,9,0,3
BRDA:41,9,1,11
BRDA:42,10,0,2
BRDA:42,10,1,9
BRF:22
BRH:22
end_of_record
TN:
SF:src/lib/dates.ts
FN:40,toDayKey
FN:44,fromDayKey
FN:49,toIso
FN:53,fromIso
FN:58,rangeForView
FN:74,shiftAnchor
FN:86,monthGridDays
FN:88,(anonymous_7)
FN:91,weekDays
FN:93,(anonymous_9)
FN:99,nextHalfHour
FN:105,minutesSinceMidnight
FN:109,setTimeOfDay
FN:113,durationMinutes
FN:118,(anonymous_14)
FN:121,formatMonthTitle
FN:126,formatWeekTitle
FN:137,formatDayTitle
FN:142,formatShortDate
FN:147,formatDate
FN:152,formatMinutes
FN:160,formatTime
FN:165,formatHourLabel
FN:170,formatTimeRange
FN:180,clampToDay
FN:197,findFreeSlots
FN:205,(anonymous_26)
FN:215,(anonymous_27)
FNF:28
FNH:27
FNDA:3839,toDayKey
FNDA:142,fromDayKey
FNDA:221,toIso
FNDA:358,fromIso
FNDA:66,rangeForView
FNDA:15,shiftAnchor
FNDA:66,monthGridDays
FNDA:2772,(anonymous_7)
FNDA:47,weekDays
FNDA:329,(anonymous_9)
FNDA:20,nextHalfHour
FNDA:560,minutesSinceMidnight
FNDA:261,setTimeOfDay
FNDA:9,durationMinutes
FNDA:3145,(anonymous_14)
FNDA:56,formatMonthTitle
FNDA:27,formatWeekTitle
[...]
BRDA:94,17,0,1
BRDA:94,17,1,0
BRDA:94,17,2,0
BRDA:99,18,0,1
BRDA:99,18,1,6
BRF:39
BRH:32
end_of_record
TN:
SF:src/services/demo/shares.ts
FN:8,(anonymous_0)
FN:11,(anonymous_1)
FN:12,(anonymous_2)
FN:15,(anonymous_3)
FN:17,(anonymous_4)
FN:21,(anonymous_5)
FN:31,(anonymous_6)
FN:34,(anonymous_7)
FN:35,(anonymous_8)
FN:36,(anonymous_9)
FN:40,(anonymous_10)
FN:43,(anonymous_11)
FN:45,(anonymous_12)
FN:53,(anonymous_13)
FN:55,(anonymous_14)
FN:57,(anonymous_15)
FN:60,(anonymous_16)
FN:61,(anonymous_17)
FN:61,(anonymous_18)
FN:62,(anonymous_19)
FNF:20
FNH:16
FNDA:2,(anonymous_0)
FNDA:5,(anonymous_1)
FNDA:1,(anonymous_2)
FNDA:16,(anonymous_3)
FNDA:511,(anonymous_4)
FNDA:31,(anonymous_5)
FNDA:4,(anonymous_6)
FNDA:8,(anonymous_7)
FNDA:3,(anonymous_8)
FNDA:72,(anonymous_9)
FNDA:0,(anonymous_10)
FNDA:8,(anonymous_11)
FNDA:17,(anonymous_12)
FNDA:4,(anonymous_13)
FNDA:11,(anonymous_14)
FNDA:96,(anonymous_15)
FNDA:6,(anonymous_16)
FNDA:0,(anonymous_17)
FNDA:0,(anonymous_18)
FNDA:0,(anonymous_19)
DA:7,43
DA:9,2
DA:10,2
DA:11,5
DA:12,1
DA:16,16
DA:17,511
DA:18,16
DA:19,14
DA:20,15
DA:21,31
DA:22,14
DA:23,2
DA:24,2
DA:26,12
DA:28,13
DA:32,4
DA:33,4
DA:34,8
DA:36,72
DA:37,3
DA:38,3
DA:40,0
DA:44,8
DA:45,17
DA:46,8
DA:47,7
DA:49,7
DA:50,7
DA:54,4
DA:55,11
DA:56,4
DA:57,96
DA:58,3
DA:59,3
DA:60,6
DA:61,2
DA:62,2
DA:63,2
LF:39
LH:38
BRDA:18,0,0,2
BRDA:18,0,1,14
BRDA:18,1,0,16
BRDA:18,1,1,15
BRDA:20,2,0,1
BRDA:20,2,1,14
BRDA:21,3,0,31
BRDA:21,3,1,3
BRDA:22,4,0,2
BRDA:22,4,1,12
BRDA:23,5,0,1
BRDA:23,5,1,1
BRDA:34,6,0,8
BRDA:34,6,1,8
BRDA:37,7,0,0
BRDA:37,7,1,3
BRDA:45,8,0,17
BRDA:45,8,1,8
BRDA:46,9,0,1
BRDA:46,9,1,7
BRDA:47,10,0,5
BRDA:47,10,1,2
BRDA:49,11,0,5
BRDA:49,11,1,2
BRDA:56,12,0,1
BRDA:56,12,1,3
BRDA:58,13,0,3
BRDA:58,13,1,2
BRDA:59,14,0,1
BRDA:59,14,1,2
BRDA:62,15,0,0
BRDA:62,15,1,0
BRF:32
BRH:29
end_of_record
TN:
SF:src/services/demo/store.ts
FN:42,nextId
FN:59,themeByName
FN:60,(anonymous_2)
FN:65,activity
FN:100,seedActivities
FN:102,(anonymous_5)
FN:133,contactAccount
FN:141,seedOtherActivities
FN:143,(anonymous_8)
FN:165,(anonymous_9)
FN:166,(anonymous_10)
FN:198,emitDataChange
FN:199,(anonymous_12)
FN:202,subscribeDataChanges
FN:204,(anonymous_14)
FN:209,setCurrentUser
FN:211,(anonymous_16)
FN:215,delay
FN:216,(anonymous_18)
FNF:19
FNH:16
FNDA:5643,nextId
FNDA:4920,themeByName
FNDA:47888,(anonymous_2)
FNDA:5084,activity
FNDA:164,seedActivities
FNDA:2624,(anonymous_5)
FNDA:656,contactAccount
FNDA:164,seedOtherActivities
FNDA:2132,(anonymous_8)
FNDA:984,(anonymous_9)
FNDA:1148,(anonymous_10)
FNDA:151,emitDataChange
FNDA:0,(anonymous_12)
FNDA:0,subscribeDataChanges
FNDA:0,(anonymous_14)
FNDA:21,setCurrentUser
FNDA:2,(anonymous_16)
FNDA:341,delay
FNDA:341,(anonymous_18)
DA:41,164
DA:43,5643
DA:44,5643
DA:47,164
DA:49,164
DA:60,47888
DA:61,4920
DA:62,4920
DA:74,5084
DA:75,5084
DA:76,5084
DA:77,5084
DA:78,5084
DA:101,164
DA:102,2624
DA:103,164
DA:126,164
DA:134,656
DA:142,164
DA:143,2132
DA:144,164
DA:145,164
DA:146,164
DA:147,164
DA:164,164
DA:165,984
DA:166,1148
DA:168,164
DA:199,151
DA:203,0
DA:204,0
DA:205,0
DA:210,21
DA:211,21
DA:216,341
LF:35
LH:32
BRDA:61,0,0,0
BRDA:61,0,1,4920
BRDA:71,1,0,2788
BRDA:72,2,0,2952
BRDA:76,3,0,4920
BRDA:76,3,1,164
BRDA:83,4,0,5084
BRDA:83,4,1,164
BRDA:84,5,0,5084
BRDA:84,5,1,164
BRDA:85,6,0,4920
BRDA:85,6,1,164
BRDA:86,7,0,5084
BRDA:86,7,1,164
BRDA:215,8,0,210
BRF:15
BRH:14
end_of_record
TN:
SF:src/services/demo/themes.ts
FN:6,ownTheme
FN:7,(anonymous_1)
FN:14,(anonymous_2)
FN:16,(anonymous_3)
FN:16,(anonymous_4)
FN:19,(anonymous_5)
FN:26,(anonymous_6)
FN:30,(anonymous_7)
FN:32,(anonymous_8)
FN:38,(anonymous_9)
FN:41,(anonymous_10)
FN:43,(anonymous_11)
FNF:12
FNH:12
FNDA:7,ownTheme
FNDA:101,(anonymous_1)
FNDA:4,(anonymous_2)
FNDA:78,(anonymous_3)
FNDA:77,(anonymous_4)
FNDA:8,(anonymous_5)
FNDA:4,(anonymous_6)
FNDA:40,(anonymous_7)
FNDA:63,(anonymous_8)
FNDA:3,(anonymous_9)
FNDA:40,(anonymous_10)
FNDA:63,(anonymous_11)
DA:7,101
DA:8,7
DA:9,6
DA:10,4
DA:13,13
DA:15,4
DA:16,78
DA:20,8
DA:21,8
DA:22,8
DA:23,8
DA:27,4
DA:28,4
DA:29,2
DA:30,40
DA:32,2
DA:33,63
DA:35,2
DA:39,3
DA:40,3
DA:41,40
DA:43,63
DA:44,2
LF:23
LH:23
BRDA:8,0,0,1
BRDA:8,0,1,6
BRDA:9,1,0,2
BRDA:9,1,1,4
BRDA:16,2,0,78
BRDA:16,2,1,2
BRDA:29,3,0,2
BRDA:29,3,1,1
BRDA:30,4,0,2
BRDA:30,4,1,38
BRDA:33,5,0,1
BRDA:33,5,1,62
BRDA:43,6,0,1
BRDA:43,6,1,62
BRDA:44,7,0,0
BRDA:44,7,1,2
BRF:16
BRH:15
end_of_record
TN:
SF:src/services/demo/workouts.ts
FN:14,seed
FN:16,(anonymous_1)
FN:37,find
FN:38,(anonymous_3)
FN:44,totalMinutes
FN:46,(anonymous_5)
FN:47,(anonymous_6)
FN:51,enrich
FN:52,(anonymous_8)
FN:56,(anonymous_9)
FN:61,detail
FN:65,(anonymous_11)
FN:66,(anonymous_12)
FN:67,(anonymous_13)
FN:72,detachWorkoutsFromActivities
FN:78,(anonymous_15)
FN:81,(anonymous_16)
FN:82,(anonymous_17)
FN:86,(anonymous_18)
FN:91,(anonymous_19)
FN:93,(anonymous_20)
FN:97,(anonymous_21)
FN:99,(anonymous_22)
FN:115,(anonymous_23)
FN:126,(anonymous_24)
FN:128,(anonymous_25)
FN:134,(anonymous_26)
FN:137,(anonymous_27)
FN:153,(anonymous_28)
FN:155,(anonymous_29)
FN:161,(anonymous_30)
FN:163,(anonymous_31)
FN:167,(anonymous_32)
FN:169,(anonymous_33)
FN:169,(anonymous_34)
FN:172,(anonymous_35)
FN:172,(anonymous_36)
FN:175,(anonymous_37)
FNF:38
FNH:32
FNDA:93,seed
FNDA:93,(anonymous_1)
FNDA:16,find
FNDA:30,(anonymous_3)
FNDA:28,totalMinutes
FNDA:115,(anonymous_5)
FNDA:15,(anonymous_6)
FNDA:28,enrich
FNDA:31,(anonymous_8)
FNDA:115,(anonymous_9)
FNDA:20,detail
FNDA:83,(anonymous_11)
FNDA:1,(anonymous_12)
FNDA:3,(anonymous_13)
FNDA:4,detachWorkoutsFromActivities
FNDA:3,(anonymous_15)
FNDA:7,(anonymous_16)
FNDA:5,(anonymous_17)
FNDA:4,(anonymous_18)
FNDA:1,(anonymous_19)
FNDA:1,(anonymous_20)
FNDA:18,(anonymous_21)
FNDA:3,(anonymous_22)
FNDA:2,(anonymous_23)
FNDA:2,(anonymous_24)
FNDA:4,(anonymous_25)
FNDA:10,(anonymous_26)
FNDA:38,(anonymous_27)
FNDA:2,(anonymous_28)
FNDA:9,(anonymous_29)
FNDA:1,(anonymous_30)
FNDA:5,(anonymous_31)
FNDA:0,(anonymous_32)
FNDA:0,(anonymous_33)
FNDA:0,(anonymous_34)
FNDA:0,(anonymous_35)
FNDA:0,(anonymous_36)
FNDA:0,(anonymous_37)
DA:10,93
DA:11,93
DA:14,93
DA:15,93
DA:16,93
DA:17,93
DA:18,93
DA:19,93
DA:27,93
DA:28,93
DA:34,372
DA:38,30
DA:39,16
DA:40,14
DA:45,28
DA:46,115
DA:47,15
DA:48,28
DA:52,31
DA:53,28
DA:56,115
DA:62,20
DA:65,83
DA:66,1
DA:67,3
DA:73,4
DA:74,4
DA:77,93
DA:79,3
DA:80,3
DA:81,7
DA:82,5
DA:87,4
DA:88,4
DA:92,1
DA:93,1
DA:94,1
DA:98,18
DA:99,18
DA:100,1
DA:102,17
DA:110,17
DA:111,17
DA:112,17
DA:116,2
DA:117,2
DA:118,2
DA:122,2
DA:123,2
DA:127,2
DA:128,4
DA:129,2
DA:130,9
DA:131,2
DA:135,10
DA:136,10
DA:137,38
DA:138,9
DA:149,9
DA:150,9
DA:154,2
DA:155,9
DA:156,2
DA:157,1
DA:158,1
DA:162,1
DA:163,5
DA:164,1
DA:168,0
DA:169,0
DA:170,0
DA:171,0
DA:172,0
DA:176,0
DA:177,0
DA:178,0
DA:183,0
DA:184,0
DA:196,0
DA:197,0
LF:80
LH:68
BRDA:22,0,0,93
BRDA:22,0,1,0
BRDA:39,1,0,2
BRDA:39,1,1,14
BRDA:47,2,0,15
BRDA:47,2,1,10
BRDA:48,3,0,4
BRDA:48,3,1,24
BRDA:52,4,0,1
BRDA:52,4,1,27
BRDA:55,5,0,28
BRDA:55,5,1,28
BRDA:74,6,0,0
BRDA:74,6,1,4
BRDA:74,7,0,4
BRDA:74,7,1,0
BRDA:93,8,0,1
BRDA:93,8,1,0
BRDA:94,9,0,0
BRDA:94,9,1,1
BRDA:99,10,0,1
BRDA:99,10,1,17
BRDA:99,11,0,18
BRDA:99,11,1,2
BRDA:104,12,0,17
BRDA:104,12,1,16
BRDA:107,13,0,17
BRDA:107,13,1,14
BRDA:120,14,0,1
BRDA:120,14,1,1
BRDA:129,15,0,2
BRDA:129,15,1,0
BRDA:130,16,0,1
BRDA:130,16,1,8
BRDA:137,17,0,9
BRDA:137,17,1,9
BRDA:143,18,0,9
BRDA:143,18,1,6
BRDA:144,19,0,9
BRDA:144,19,1,6
BRDA:145,20,0,9
BRDA:145,20,1,6
BRDA:146,21,0,9
BRDA:146,21,1,7
BRDA:147,22,0,9
BRDA:147,22,1,9
BRDA:156,23,0,1
BRDA:156,23,1,1
BRDA:157,24,0,0
BRDA:157,24,1,1
BRDA:164,25,0,1
BRDA:164,25,1,0
BRDA:171,26,0,0
BRDA:171,26,1,0
BRDA:171,27,0,0
BRDA:171,27,1,0
BRDA:189,28,0,0
BRDA:189,28,1,0
BRDA:190,29,0,0
BRDA:190,29,1,0
BRDA:191,30,0,0
BRDA:191,30,1,0
BRDA:192,31,0,0
BRDA:192,31,1,0
BRF:64
BRH:44
end_of_record
TN:
SF:src/services/supabase/activities.ts
FN:23,toActivity
FN:37,materialize
FN:42,(anonymous_2)
FN:69,findRoot
FN:76,fetchOne
FN:85,(anonymous_5)
FN:94,(anonymous_6)
FN:97,(anonymous_7)
FN:105,(anonymous_8)
FN:122,(anonymous_9)
FN:175,(anonymous_10)
FN:227,(anonymous_11)
FNF:12
FNH:11
FNDA:5,toActivity
FNDA:4,materialize
FNDA:1,(anonymous_2)
FNDA:0,findRoot
FNDA:6,fetchOne
FNDA:8,(anonymous_5)
FNDA:4,(anonymous_6)
FNDA:3,(anonymous_7)
FNDA:5,(anonymous_8)
FNDA:4,(anonymous_9)
FNDA:2,(anonymous_10)
FNDA:1,(anonymous_11)
DA:19,2
DA:24,5
DA:25,5
DA:26,3
DA:38,4
DA:39,4
DA:42,4
DA:44,4
DA:45,4
DA:46,12
DA:47,12
DA:48,11
DA:64,4
DA:65,4
DA:66,4
DA:70,0
DA:71,0
DA:77,6
DA:78,6
DA:79,6
DA:80,4
DA:83,2
DA:86,8
DA:94,7
DA:98,3
DA:99,3
DA:100,2
DA:101,1
DA:102,1
DA:106,5
DA:107,5
DA:118,5
DA:119,5
DA:123,4
DA:124,3
DA:126,3
DA:127,3
DA:131,3
DA:132,3
DA:136,0
DA:137,0
DA:138,0
DA:140,0
DA:143,0
DA:145,0
DA:159,0
DA:164,0
DA:166,0
DA:167,0
DA:168,0
DA:171,0
DA:172,0
DA:176,2
DA:177,1
DA:179,1
DA:180,0
DA:182,0
DA:187,0
DA:188,0
DA:189,0
DA:190,0
DA:193,1
DA:199,0
DA:207,0
DA:208,0
DA:209,0
DA:213,0
DA:214,0
DA:218,0
DA:222,1
DA:223,1
DA:228,1
DA:235,1
DA:237,0
DA:238,0
DA:239,0
DA:240,0
DA:241,0
DA:249,0
DA:250,0
LF:80
LH:45
BRDA:25,0,0,2
BRDA:25,0,1,3
BRDA:26,1,0,3
BRDA:26,1,1,2
BRDA:26,1,2,1
BRDA:47,2,0,1
BRDA:47,2,1,11
BRDA:64,3,0,0
BRDA:64,3,1,4
BRDA:66,4,0,0
BRDA:66,4,1,4
BRDA:70,5,0,0
BRDA:70,5,1,0
BRDA:78,6,0,0
BRDA:78,6,1,6
BRDA:79,7,0,2
BRDA:79,7,1,4
BRDA:99,8,0,1
BRDA:99,8,1,2
BRDA:100,9,0,1
BRDA:100,9,1,1
BRDA:113,10,0,4
BRDA:113,10,1,1
BRDA:118,11,0,4
BRDA:118,11,1,1
BRDA:122,12,0,1
BRDA:126,13,0,3
BRDA:126,13,1,0
BRDA:126,14,0,3
BRDA:126,14,1,1
BRDA:126,14,2,1
BRDA:137,15,0,0
BRDA:137,15,1,0
BRDA:138,16,0,0
BRDA:138,16,1,0
BRDA:140,17,0,0
BRDA:140,17,1,0
BRDA:140,18,0,0
BRDA:140,18,1,0
BRDA:152,19,0,0
BRDA:152,19,1,0
BRDA:164,20,0,0
BRDA:164,20,1,0
BRDA:166,21,0,0
BRDA:166,21,1,0
BRDA:172,22,0,0
BRDA:172,22,1,0
BRDA:175,23,0,2
BRDA:179,24,0,0
BRDA:179,24,1,1
BRDA:187,25,0,0
BRDA:187,25,1,0
BRDA:189,26,0,0
BRDA:189,26,1,0
BRDA:193,27,0,0
BRDA:193,27,1,1
BRDA:208,28,0,0
BRDA:208,28,1,0
BRDA:213,29,0,0
BRDA:213,29,1,0
BRDA:218,30,0,0
BRDA:218,30,1,0
BRDA:223,31,0,0
BRDA:223,31,1,1
BRDA:235,32,0,1
BRDA:235,32,1,0
BRDA:240,33,0,0
BRDA:240,33,1,0
BRDA:249,34,0,0
BRDA:249,34,1,0
BRDA:250,35,0,0
BRDA:250,35,1,0
BRF:72
BRH:30
end_of_record
TN:
SF:src/services/supabase/admin.ts
FN:13,(anonymous_0)
FN:21,(anonymous_1)
FNF:2
FNH:2
FNDA:5,(anonymous_0)
FNDA:4,(anonymous_1)
DA:12,2
DA:14,5
DA:15,5
DA:16,4
DA:17,4
DA:18,3
DA:22,4
DA:23,4
DA:24,3
LF:9
LH:9
BRDA:15,0,0,1
BRDA:15,0,1,4
BRDA:17,1,0,1
BRDA:17,1,1,3
BRDA:23,2,0,1
BRDA:23,2,1,3
BRDA:24,3,0,3
BRDA:24,3,1,1
BRF:8
BRH:8
end_of_record
TN:
SF:src/services/supabase/auth.ts
FN:9,toAuthUser
FN:15,(anonymous_1)
FN:24,(anonymous_2)
FN:43,(anonymous_3)
FN:61,(anonymous_4)
FN:74,(anonymous_5)
FN:83,(anonymous_6)
FN:94,(anonymous_7)
FN:102,(anonymous_8)
FN:108,(anonymous_9)
FN:114,(anonymous_10)
FN:120,(anonymous_11)
FN:121,(anonymous_12)
FN:124,(anonymous_13)
FNF:14
FNH:14
FNDA:10,toAuthUser
FNDA:12,(anonymous_1)
FNDA:4,(anonymous_2)
FNDA:3,(anonymous_3)
FNDA:4,(anonymous_4)
FNDA:1,(anonymous_5)
FNDA:3,(anonymous_6)
FNDA:3,(anonymous_7)
FNDA:2,(anonymous_8)
FNDA:2,(anonymous_9)
FNDA:3,(anonymous_10)
FNDA:1,(anonymous_11)
FNDA:2,(anonymous_12)
FNDA:1,(anonymous_13)
DA:10,10
DA:11,7
DA:14,2
DA:16,12
DA:19,12
DA:20,11
DA:25,4
DA:26,4
DA:27,4
DA:29,3
DA:34,3
DA:35,2
DA:44,3
DA:45,3
DA:47,3
DA:48,1
DA:50,2
DA:57,2
DA:62,4
DA:67,4
DA:68,2
DA:69,2
DA:70,1
DA:75,1
DA:76,1
DA:84,3
DA:88,3
DA:89,2
DA:90,2
DA:95,3
DA:96,3
DA:97,1
DA:98,1
DA:99,1
DA:103,2
DA:104,2
DA:109,2
DA:110,2
DA:111,2
DA:115,3
DA:116,3
DA:117,3
DA:121,1
DA:122,2
DA:124,1
LF:45
LH:45
BRDA:10,0,0,3
BRDA:10,0,1,7
BRDA:11,1,0,7
BRDA:11,1,1,1
BRDA:19,2,0,1
BRDA:19,2,1,11
BRDA:27,3,0,1
BRDA:27,3,1,3
BRDA:32,4,0,3
BRDA:32,4,1,0
BRDA:34,5,0,1
BRDA:34,5,1,2
BRDA:47,6,0,1
BRDA:47,6,1,2
BRDA:54,7,0,2
BRDA:54,7,1,1
BRDA:57,8,0,0
BRDA:57,8,1,2
BRDA:67,9,0,2
BRDA:67,9,1,2
BRDA:69,10,0,1
BRDA:69,10,1,1
BRDA:76,11,0,0
BRDA:76,11,1,1
BRDA:88,12,0,1
BRDA:88,12,1,2
BRDA:90,13,0,1
BRDA:90,13,1,1
BRDA:96,14,0,2
BRDA:96,14,1,1
BRDA:98,15,0,0
BRDA:98,15,1,1
BRDA:104,16,0,1
BRDA:104,16,1,1
BRDA:111,17,0,1
BRDA:111,17,1,1
BRDA:116,18,0,0
BRDA:116,18,1,3
BRF:38
BRH:33
end_of_record
TN:
SF:src/services/supabase/errors.ts
FN:4,toError
FN:17,unwrap
FNF:2
FNH:2
FNDA:23,toError
FNDA:110,unwrap
DA:5,23
DA:7,22
DA:8,16
DA:10,6
DA:11,2
DA:13,4
DA:18,110
DA:19,104
DA:20,103
LF:9
LH:9
BRDA:5,0,0,1
BRDA:5,0,1,22
BRDA:7,1,0,16
BRDA:7,1,1,6
BRDA:10,2,0,2
BRDA:10,2,1,4
BRDA:18,3,0,6
BRDA:18,3,1,104
BRDA:19,4,0,1
BRDA:19,4,1,103
BRF:10
BRH:10
end_of_record
TN:
SF:src/services/supabase/profiles.ts
FN:8,toProfileError
FN:19,(anonymous_1)
FN:30,(anonymous_2)
FNF:3
FNH:3
FNDA:4,toProfileError
FNDA:4,(anonymous_1)
FNDA:4,(anonymous_2)
DA:6,2
DA:9,4
DA:11,4
DA:12,3
DA:13,1
DA:15,2
DA:18,2
DA:20,4
DA:25,4
DA:26,3
DA:31,4
DA:37,4
DA:38,1
LF:13
LH:13
BRDA:9,0,0,0
BRDA:9,0,1,4
BRDA:11,1,0,1
BRDA:11,1,1,3
BRDA:12,2,0,1
BRDA:12,2,1,2
BRDA:25,3,0,1
BRDA:25,3,1,3
BRDA:37,4,0,3
BRDA:37,4,1,1
BRF:10
BRH:9
end_of_record
TN:
SF:src/services/supabase/reminders.ts
FN:18,toReminder
FN:20,(anonymous_1)
FN:27,(anonymous_2)
FN:35,(anonymous_3)
FN:39,(anonymous_4)
FN:46,(anonymous_5)
FN:46,(anonymous_6)
FN:52,(anonymous_7)
FN:53,(anonymous_8)
FN:56,(anonymous_9)
FN:67,(anonymous_10)
FN:77,(anonymous_11)
FN:107,(anonymous_12)
FN:123,(anonymous_13)
FNF:14
FNH:14
FNDA:3,toReminder
FNDA:2,(anonymous_1)
FNDA:13,(anonymous_2)
FNDA:3,(anonymous_3)
FNDA:8,(anonymous_4)
FNDA:7,(anonymous_5)
FNDA:3,(anonymous_6)
FNDA:7,(anonymous_7)
FNDA:8,(anonymous_8)
FNDA:4,(anonymous_9)
FNDA:2,(anonymous_10)
FNDA:9,(anonymous_11)
FNDA:8,(anonymous_12)
FNDA:1,(anonymous_13)
DA:19,3
DA:20,3
DA:24,2
DA:26,2
DA:28,13
DA:35,12
DA:40,8
DA:41,8
DA:45,8
DA:46,8
DA:47,8
DA:48,3
DA:49,3
DA:52,8
DA:53,8
DA:54,8
DA:55,4
DA:56,4
DA:58,4
DA:62,7
DA:63,7
DA:68,2
DA:73,2
DA:78,9
DA:79,9
DA:80,9
DA:107,9
DA:108,8
DA:109,8
DA:111,8
DA:114,8
DA:123,9
LF:32
LH:32
BRDA:20,0,0,3
BRDA:20,0,1,2
BRDA:47,1,0,3
BRDA:47,1,1,5
BRDA:49,2,0,0
BRDA:49,2,1,3
BRDA:54,3,0,4
BRDA:54,3,1,4
BRDA:58,4,0,1
BRDA:58,4,1,3
BRDA:73,5,0,1
BRDA:73,5,1,1
BRDA:111,6,0,3
BRDA:111,6,1,5
BRDA:112,7,0,3
BRDA:112,7,1,2
BRDA:112,7,2,1
BRDA:118,8,0,1
BRDA:118,8,1,7
BRF:19
BRH:18
end_of_record
TN:
SF:src/services/supabase/shared.ts
FN:22,(anonymous_0)
FN:30,(anonymous_1)
FN:50,(anonymous_2)
FN:59,(anonymous_3)
FN:61,(anonymous_4)
FN:62,(anonymous_5)
FN:65,(anonymous_6)
FN:70,(anonymous_7)
FN:83,(anonymous_8)
FN:99,(anonymous_9)
FN:105,(anonymous_10)
FN:123,(anonymous_11)
FN:143,(anonymous_12)
FN:154,(anonymous_13)
FN:157,(anonymous_14)
FN:164,(anonymous_15)
FN:176,(anonymous_16)
FN:180,(anonymous_17)
FN:184,(anonymous_18)
FN:196,(anonymous_19)
FN:215,(anonymous_20)
FN:243,(anonymous_21)
FN:246,(anonymous_22)
FN:249,(anonymous_23)
FNF:24
FNH:19
FNDA:5,(anonymous_0)
FNDA:6,(anonymous_1)
FNDA:5,(anonymous_2)
FNDA:1,(anonymous_3)
FNDA:1,(anonymous_4)
FNDA:1,(anonymous_5)
FNDA:0,(anonymous_6)
FNDA:4,(anonymous_7)
FNDA:3,(anonymous_8)
FNDA:1,(anonymous_9)
FNDA:2,(anonymous_10)
FNDA:2,(anonymous_11)
FNDA:0,(anonymous_12)
FNDA:2,(anonymous_13)
FNDA:2,(anonymous_14)
FNDA:3,(anonymous_15)
FNDA:3,(anonymous_16)
FNDA:1,(anonymous_17)
FNDA:3,(anonymous_18)
FNDA:2,(anonymous_19)
FNDA:5,(anonymous_20)
FNDA:0,(anonymous_21)
FNDA:0,(anonymous_22)
FNDA:0,(anonymous_23)
DA:15,2
DA:23,5
DA:24,5
DA:25,3
DA:26,3
DA:27,3
DA:31,6
DA:33,6
DA:38,6
DA:42,6
DA:47,6
DA:49,6
DA:51,5
DA:52,5
DA:53,5
DA:54,5
DA:59,1
DA:61,1
DA:62,1
DA:66,0
DA:71,4
DA:72,3
DA:76,3
DA:77,1
DA:79,2
DA:84,3
DA:90,3
DA:91,3
DA:100,1
DA:101,1
DA:106,2
DA:107,2
DA:108,1
DA:113,1
DA:114,1
DA:116,1
DA:119,1
DA:124,2
DA:125,2
DA:126,1
DA:131,1
DA:132,1
DA:134,1
DA:137,1
DA:141,2
DA:144,0
DA:150,0
DA:155,2
DA:156,1
DA:157,2
DA:160,1
DA:165,3
DA:175,3
DA:177,3
DA:178,3
DA:180,1
DA:185,3
DA:191,3
DA:192,3
DA:197,2
DA:198,2
DA:203,2
DA:204,2
DA:206,2
DA:210,2
DA:216,5
DA:217,4
DA:222,4
DA:223,3
DA:228,2
DA:237,2
DA:244,0
DA:245,0
DA:246,0
DA:248,0
DA:249,0
DA:250,0
LF:77
LH:68
BRDA:24,0,0,2
BRDA:24,0,1,3
BRDA:26,1,0,0
BRDA:26,1,1,3
BRDA:27,2,0,3
BRDA:27,2,1,1
BRDA:53,3,0,4
BRDA:53,3,1,1
BRDA:57,4,0,3
BRDA:57,4,1,2
BRDA:57,5,0,1
BRDA:57,5,1,1
BRDA:59,6,0,5
BRDA:59,6,1,5
BRDA:59,7,0,1
BRDA:59,7,1,0
BRDA:61,8,0,5
BRDA:61,8,1,4
BRDA:61,9,0,1
BRDA:61,9,1,1
BRDA:62,10,0,5
BRDA:62,10,1,4
BRDA:66,11,0,0
BRDA:66,11,1,0
BRDA:66,12,0,0
BRDA:66,12,1,0
BRDA:71,13,0,1
BRDA:71,13,1,3
BRDA:76,14,0,1
BRDA:76,14,1,2
BRDA:79,15,0,1
BRDA:79,15,1,1
BRDA:90,16,0,0
BRDA:90,16,1,3
BRDA:91,17,0,1
BRDA:91,17,1,2
BRDA:91,18,0,3
BRDA:91,18,1,3
BRDA:101,19,0,0
BRDA:101,19,1,1
BRDA:107,20,0,1
BRDA:107,20,1,1
BRDA:113,21,0,0
BRDA:113,21,1,1
BRDA:119,22,0,0
BRDA:119,22,1,1
BRDA:125,23,0,1
BRDA:125,23,1,1
BRDA:131,24,0,0
BRDA:131,24,1,1
BRDA:137,25,0,0
BRDA:137,25,1,1
BRDA:155,26,0,1
BRDA:155,26,1,1
BRDA:160,27,0,0
BRDA:160,27,1,1
BRDA:187,28,0,2
BRDA:187,28,1,1
BRDA:191,29,0,0
BRDA:191,29,1,3
BRDA:192,30,0,1
BRDA:192,30,1,2
BRDA:192,31,0,3
BRDA:192,31,1,3
BRDA:204,32,0,0
BRDA:204,32,1,2
BRDA:206,33,0,1
BRDA:206,33,1,1
BRDA:216,34,0,1
BRDA:216,34,1,4
BRDA:222,35,0,1
BRDA:222,35,1,3
BRDA:223,36,0,3
BRDA:223,36,1,1
BRF:74
BRH:59
end_of_record
TN:
SF:src/services/supabase/themes.ts
FN:8,(anonymous_0)
FN:14,(anonymous_1)
FN:25,(anonymous_2)
FN:35,(anonymous_3)
FNF:4
FNH:4
FNDA:4,(anonymous_0)
FNDA:3,(anonymous_1)
FNDA:3,(anonymous_2)
FNDA:3,(anonymous_3)
DA:6,2
DA:9,4
DA:15,3
DA:26,3
DA:36,3
DA:37,3
LF:6
LH:6
BRDA:37,0,0,1
BRDA:37,0,1,2
BRF:2
BRH:2
end_of_record
TN:
SF:src/services/supabase/workouts.ts
FN:16,totalMinutes
FN:17,(anonymous_1)
FN:21,toDetail
FN:28,(anonymous_3)
FN:32,fetchDetail
FN:40,nextPosition
FN:54,(anonymous_6)
FN:68,(anonymous_7)
FN:79,(anonymous_8)
FN:90,(anonymous_9)
FN:96,(anonymous_10)
FN:101,(anonymous_11)
FN:112,(anonymous_12)
FN:118,(anonymous_13)
FN:124,(anonymous_14)
FN:131,(anonymous_15)
FN:131,(anonymous_16)
FN:139,(anonymous_17)
FN:156,(anonymous_18)
FNF:19
FNH:19
FNDA:16,totalMinutes
FNDA:17,(anonymous_1)
FNDA:16,toDetail
FNDA:3,(anonymous_3)
FNDA:12,fetchDetail
FNDA:2,nextPosition
FNDA:7,(anonymous_6)
FNDA:2,(anonymous_7)
FNDA:1,(anonymous_8)
FNDA:1,(anonymous_9)
FNDA:2,(anonymous_10)
FNDA:3,(anonymous_11)
FNDA:1,(anonymous_12)
FNDA:1,(anonymous_13)
FNDA:3,(anonymous_14)
FNDA:3,(anonymous_15)
FNDA:1,(anonymous_16)
FNDA:4,(anonymous_17)
FNDA:3,(anonymous_18)
DA:8,2
DA:17,17
DA:18,16
DA:22,16
DA:23,16
DA:28,3
DA:33,12
DA:34,12
DA:35,11
DA:36,10
DA:41,2
DA:49,2
DA:52,2
DA:55,7
DA:62,7
DA:69,2
DA:75,2
DA:76,2
DA:80,1
DA:87,1
DA:91,1
DA:97,2
DA:98,2
DA:102,3
DA:103,3
DA:113,1
DA:119,1
DA:120,1
DA:125,3
DA:131,3
DA:140,4
DA:141,4
DA:154,4
DA:155,3
DA:156,3
DA:167,3
DA:169,4
LF:37
LH:37
BRDA:17,0,0,17
BRDA:17,0,1,12
BRDA:18,1,0,4
BRDA:18,1,1,12
BRDA:25,2,0,16
BRDA:25,2,1,15
BRDA:34,3,0,1
BRDA:34,3,1,11
BRDA:35,4,0,1
BRDA:35,4,1,10
BRDA:49,5,0,1
BRDA:49,5,1,1
BRDA:75,6,0,0
BRDA:75,6,1,2
BRDA:76,7,0,0
BRDA:76,7,1,2
BRDA:98,8,0,1
BRDA:98,8,1,1
BRDA:106,9,0,3
BRDA:106,9,1,2
BRDA:120,10,0,0
BRDA:120,10,1,1
BRDA:154,11,0,3
BRDA:154,11,1,1
BRDA:160,12,0,2
BRDA:160,12,1,1
BRDA:161,13,0,2
BRDA:161,13,1,1
BRDA:162,14,0,2
BRDA:162,14,1,1
BRDA:163,15,0,2
BRDA:163,15,1,1
BRDA:167,16,0,0
BRDA:167,16,1,3
BRF:34
BRH:30
end_of_record
TN:
SF:src/store/calendar-store.ts
FN:48,(anonymous_0)
FN:55,(anonymous_1)
FN:59,(anonymous_2)
FN:60,(anonymous_3)
FN:61,(anonymous_4)
FN:62,(anonymous_5)
FN:63,(anonymous_6)
FN:64,(anonymous_7)
FN:65,(anonymous_8)
FN:67,(anonymous_9)
FN:70,(anonymous_10)
FN:72,(anonymous_11)
FN:79,hasActiveFilters
FNF:13
FNH:13
FNDA:18,(anonymous_0)
FNDA:2,(anonymous_1)
FNDA:2,(anonymous_2)
FNDA:2,(anonymous_3)
FNDA:1,(anonymous_4)
FNDA:2,(anonymous_5)
FNDA:1,(anonymous_6)
FNDA:5,(anonymous_7)
FNDA:5,(anonymous_8)
FNDA:1,(anonymous_9)
FNDA:1,(anonymous_10)
FNDA:21,(anonymous_11)
FNDA:9,hasActiveFilters
DA:7,18
DA:10,18
DA:19,18
DA:48,18
DA:56,2
DA:57,2
DA:59,2
DA:60,2
DA:61,1
DA:62,2
DA:63,1
DA:65,5
DA:67,1
DA:70,1
DA:73,21
DA:74,4
DA:75,4
DA:80,9
LF:18
LH:18
BRDA:66,0,0,1
BRDA:66,0,1,4
BRDA:73,1,0,17
BRDA:73,1,1,4
BRDA:75,2,0,4
BRDA:75,2,1,4
BRDA:80,3,0,9
BRDA:80,3,1,5
BRF:8
BRH:8
end_of_record
