TN:
SF:src/app/_layout.tsx
FN:18,(anonymous_0)
FN:51,RootNavigator
FN:60,(anonymous_2)
FN:62,(anonymous_3)
FN:82,ErrorBoundary
FN:86,RootLayout
FN:94,(anonymous_6)
FNF:7
FNH:0
FNDA:0,(anonymous_0)
FNDA:0,RootNavigator
FNDA:0,(anonymous_2)
FNDA:0,(anonymous_3)
FNDA:0,ErrorBoundary
FNDA:0,RootLayout
FNDA:0,(anonymous_6)
DA:18,0
DA:23,0
DA:52,0
DA:53,0
DA:54,0
DA:56,0
DA:60,0
DA:61,0
DA:62,0
DA:67,0
DA:69,0
DA:83,0
DA:87,0
DA:94,0
DA:95,0
DA:96,0
DA:99,0
DA:118,0
LF:18
LH:0
BRDA:54,0,0,0
BRDA:54,0,1,0
BRDA:56,1,0,0
BRDA:56,1,1,0
BRDA:61,2,0,0
BRDA:61,2,1,0
BRDA:67,3,0,0
BRDA:67,3,1,0
BRDA:95,4,0,0
BRDA:95,4,1,0
BRDA:110,5,0,0
BRDA:110,5,1,0
BRF:12
BRH:0
end_of_record
TN:
SF:src/app/index.tsx
FN:14,IndexScreen
FN:16,(anonymous_1)
FN:17,(anonymous_2)
FN:18,(anonymous_3)
FN:21,(anonymous_4)
FNF:5
FNH:5
FNDA:8,IndexScreen
FNDA:26,(anonymous_1)
FNDA:26,(anonymous_2)
FNDA:26,(anonymous_3)
FNDA:8,(anonymous_4)
DA:15,8
DA:16,26
DA:17,26
DA:18,26
DA:19,8
DA:21,8
DA:22,8
DA:25,8
DA:26,6
LF:9
LH:9
BRDA:19,0,0,8
BRDA:19,0,1,7
BRDA:22,1,0,2
BRDA:22,1,1,6
BRDA:22,2,0,8
BRDA:22,2,1,6
BRDA:25,3,0,2
BRDA:25,3,1,6
BRDA:26,4,0,2
BRDA:26,4,1,4
BRF:10
BRH:10
end_of_record
TN:
SF:src/app/(app)/_layout.tsx
FN:11,ErrorBoundary
FN:16,ReminderSync
FN:28,Preferencias
FN:29,(anonymous_3)
FN:30,(anonymous_4)
FN:37,AppLayout
FNF:6
FNH:5
FNDA:0,ErrorBoundary
FNDA:7,ReminderSync
FNDA:7,Preferencias
FNDA:21,(anonymous_3)
FNDA:6,(anonymous_4)
FNDA:7,AppLayout
DA:12,0
DA:17,7
DA:18,7
DA:19,7
DA:20,7
DA:29,21
DA:30,7
DA:31,6
DA:33,7
DA:38,7
DA:39,7
LF:11
LH:10
BRDA:38,0,0,0
BRDA:38,0,1,7
BRF:2
BRH:1
end_of_record
TN:
SF:src/app/(app)/admin.tsx
FN:27,StatCard
FN:41,AccountRow
FN:71,AdminScreen
FN:77,(anonymous_3)
FN:93,(anonymous_4)
FN:96,(anonymous_5)
FN:109,(anonymous_6)
FN:119,(anonymous_7)
FNF:8
FNH:7
FNDA:60,StatCard
FNDA:6,AccountRow
FNDA:10,AdminScreen
FNDA:6,(anonymous_3)
FNDA:1,(anonymous_4)
FNDA:60,(anonymous_5)
FNDA:0,(anonymous_6)
FNDA:12,(anonymous_7)
DA:12,1
DA:14,1
DA:28,60
DA:29,60
DA:42,6
DA:43,6
DA:72,10
DA:73,10
DA:74,10
DA:76,10
DA:77,6
DA:81,10
DA:82,2
DA:91,8
DA:93,1
DA:97,60
DA:109,0
DA:114,8
DA:119,12
DA:133,1
LF:20
LH:19
BRDA:47,0,0,6
BRDA:47,0,1,0
BRDA:48,1,0,0
BRDA:48,1,1,6
BRDA:81,2,0,2
BRDA:81,2,1,8
BRDA:92,3,0,1
BRDA:92,3,1,7
BRDA:93,4,0,1
BRDA:93,4,1,7
BRDA:94,5,0,6
BRDA:94,5,1,2
BRDA:107,6,0,1
BRDA:107,6,1,7
BRDA:108,7,0,0
BRDA:108,7,1,8
BRDA:118,8,0,8
BRDA:118,8,1,1
BRDA:123,9,0,7
BRDA:123,9,1,1
BRF:20
BRH:17
end_of_record
TN:
SF:src/app/(app)/themes.tsx
FN:16,ThemesScreen
FN:20,(anonymous_1)
FN:21,(anonymous_2)
FN:23,(anonymous_3)
FN:28,(anonymous_4)
FN:29,(anonymous_5)
FN:53,(anonymous_6)
FN:56,(anonymous_7)
FN:65,(anonymous_8)
FN:75,(anonymous_9)
FNF:10
FNH:0
FNDA:0,ThemesScreen
FNDA:0,(anonymous_1)
FNDA:0,(anonymous_2)
FNDA:0,(anonymous_3)
FNDA:0,(anonymous_4)
FNDA:0,(anonymous_5)
FNDA:0,(anonymous_6)
FNDA:0,(anonymous_7)
FNDA:0,(anonymous_8)
FNDA:0,(anonymous_9)
DA:13,0
DA:17,0
DA:18,0
DA:19,0
DA:20,0
DA:21,0
DA:23,0
DA:24,0
DA:28,0
DA:29,0
DA:47,0
DA:53,0
DA:56,0
DA:66,0
DA:76,0
DA:84,0
LF:16
LH:0
BRDA:20,0,0,0
BRDA:20,0,1,0
BRDA:21,1,0,0
BRDA:21,1,1,0
BRDA:26,2,0,0
BRDA:26,2,1,0
BRDA:29,3,0,0
BRDA:29,3,1,0
BRDA:39,4,0,0
BRDA:39,4,1,0
BRDA:55,5,0,0
BRDA:55,5,1,0
BRDA:56,6,0,0
BRDA:56,6,1,0
BRDA:57,7,0,0
BRDA:57,7,1,0
BRDA:57,8,0,0
BRDA:57,8,1,0
BRDA:60,9,0,0
BRDA:60,9,1,0
BRDA:70,10,0,0
BRDA:70,10,1,0
BRF:22
BRH:0
end_of_record
TN:
SF:src/app/(app)/(tabs)/_layout.tsx
FN:15,ErrorBoundary
FN:20,TabsLayout
FNF:2
FNH:0
FNDA:0,ErrorBoundary
FNDA:0,TabsLayout
DA:13,0
DA:16,0
DA:21,0
DA:22,0
DA:24,0
LF:5
LH:0
BRDA:48,0,0,0
BRDA:48,0,1,0
BRF:2
BRH:0
end_of_record
TN:
SF:src/app/(app)/(tabs)/_layout.web.tsx
FN:21,TabButton
FN:32,(anonymous_1)
FN:61,ErrorBoundary
FN:68,TopBar
FN:86,TabsLayoutWeb
FN:92,(anonymous_5)
FNF:6
FNH:0
FNDA:0,TabButton
FNDA:0,(anonymous_1)
FNDA:0,ErrorBoundary
FNDA:0,TopBar
FNDA:0,TabsLayoutWeb
FNDA:0,(anonymous_5)
DA:12,0
DA:22,0
DA:23,0
DA:24,0
DA:25,0
DA:26,0
DA:32,0
DA:59,0
DA:62,0
DA:69,0
DA:72,0
DA:73,0
DA:87,0
DA:88,0
DA:93,0
DA:104,0
LF:16
LH:0
BRDA:21,0,0,0
BRDA:25,1,0,0
BRDA:25,1,1,0
BRDA:30,2,0,0
BRDA:30,2,1,0
BRDA:34,3,0,0
BRDA:34,3,1,0
BRDA:35,4,0,0
BRDA:35,4,1,0
BRDA:37,5,0,0
BRDA:37,5,1,0
BRDA:38,6,0,0
BRDA:38,6,1,0
BRDA:39,7,0,0
BRDA:39,7,1,0
BRDA:43,8,0,0
BRDA:43,8,1,0
BRDA:94,9,0,0
BRDA:94,9,1,0
BRF:19
BRH:0
end_of_record
TN:
SF:src/app/(app)/(tabs)/calendar.tsx
FN:27,CalendarScreen
FN:31,(anonymous_1)
FN:32,(anonymous_2)
FN:33,(anonymous_3)
FN:34,(anonymous_4)
FN:35,(anonymous_5)
FN:36,(anonymous_6)
FN:37,(anonymous_7)
FN:38,(anonymous_8)
FN:39,(anonymous_9)
FN:40,(anonymous_10)
FN:41,(anonymous_11)
FN:42,(anonymous_12)
FN:43,(anonymous_13)
FN:48,(anonymous_14)
FN:49,(anonymous_15)
FN:57,(anonymous_16)
FN:58,(anonymous_17)
FN:64,(anonymous_18)
FN:65,(anonymous_19)
FN:79,(anonymous_20)
FN:84,(anonymous_21)
FN:90,(anonymous_22)
FN:91,(anonymous_23)
FN:94,(anonymous_24)
FN:94,(anonymous_25)
FN:99,(anonymous_26)
FN:99,(anonymous_27)
FN:99,(anonymous_28)
FN:104,(anonymous_29)
FN:105,(anonymous_30)
FN:111,(anonymous_31)
FN:115,(anonymous_32)
FN:119,(anonymous_33)
FN:130,(anonymous_34)
FN:136,(anonymous_35)
FN:137,(anonymous_36)
FN:143,(anonymous_37)
FN:160,(anonymous_38)
FN:169,(anonymous_39)
FN:171,(anonymous_40)
FN:173,(anonymous_41)
FN:181,(anonymous_42)
FN:187,(anonymous_43)
FN:217,(anonymous_44)
FN:218,(anonymous_45)
FN:219,(anonymous_46)
FN:221,(anonymous_47)
FN:227,(anonymous_48)
FN:231,(anonymous_49)
FNF:50
FNH:40
FNDA:22,CalendarScreen
FNDA:69,(anonymous_1)
FNDA:69,(anonymous_2)
FNDA:69,(anonymous_3)
FNDA:69,(anonymous_4)
FNDA:69,(anonymous_5)
FNDA:69,(anonymous_6)
FNDA:69,(anonymous_7)
FNDA:69,(anonymous_8)
FNDA:69,(anonymous_9)
FNDA:69,(anonymous_10)
FNDA:69,(anonymous_11)
FNDA:69,(anonymous_12)
FNDA:69,(anonymous_13)
FNDA:19,(anonymous_14)
FNDA:19,(anonymous_15)
FNDA:19,(anonymous_16)
FNDA:21,(anonymous_17)
FNDA:19,(anonymous_18)
FNDA:19,(anonymous_19)
FNDA:19,(anonymous_20)
FNDA:1,(anonymous_21)
FNDA:66,(anonymous_22)
FNDA:66,(anonymous_23)
FNDA:19,(anonymous_24)
FNDA:4,(anonymous_25)
FNDA:19,(anonymous_26)
FNDA:3,(anonymous_27)
FNDA:2,(anonymous_28)
FNDA:0,(anonymous_29)
FNDA:0,(anonymous_30)
FNDA:3,(anonymous_31)
FNDA:22,(anonymous_32)
FNDA:2,(anonymous_33)
FNDA:1,(anonymous_34)
FNDA:1,(anonymous_35)
FNDA:0,(anonymous_36)
FNDA:0,(anonymous_37)
FNDA:21,(anonymous_38)
FNDA:22,(anonymous_39)
FNDA:3,(anonymous_40)
FNDA:0,(anonymous_41)
FNDA:6,(anonymous_42)
FNDA:1,(anonymous_43)
FNDA:0,(anonymous_44)
FNDA:0,(anonymous_45)
FNDA:0,(anonymous_46)
FNDA:1,(anonymous_47)
FNDA:0,(anonymous_48)
FNDA:0,(anonymous_49)
DA:28,22
DA:29,22
DA:30,22
DA:31,69
DA:32,69
DA:33,69
DA:34,69
DA:35,69
DA:36,69
DA:37,69
DA:38,69
DA:39,69
DA:40,69
DA:41,69
DA:42,69
DA:43,69
DA:44,22
DA:45,22
DA:46,22
DA:48,22
DA:49,19
DA:50,19
DA:51,19
DA:57,22
DA:58,22
DA:59,22
DA:60,22
DA:61,22
DA:64,22
DA:65,19
DA:69,22
DA:70,22
DA:79,22
DA:82,19
DA:84,1
DA:85,19
DA:88,22
DA:89,22
DA:90,66
DA:91,66
DA:92,22
DA:93,22
DA:94,19
DA:98,22
DA:99,19
DA:102,22
DA:103,22
DA:105,0
DA:106,0
DA:110,22
DA:111,3
DA:114,22
DA:115,22
DA:119,22
DA:120,2
DA:121,0
DA:122,0
DA:124,2
DA:125,1
DA:126,1
DA:128,1
DA:130,22
DA:131,1
DA:136,22
DA:137,22
DA:140,22
DA:144,0
DA:145,0
DA:153,22
DA:160,22
DA:161,21
DA:162,21
DA:163,21
DA:164,21
DA:166,21
DA:169,22
DA:170,22
DA:171,22
DA:173,22
DA:174,22
DA:175,22
DA:178,22
DA:179,1
DA:182,6
DA:186,21
DA:187,1
DA:188,20
DA:189,7
DA:190,13
DA:191,9
DA:198,4
DA:210,22
DA:217,0
DA:218,0
DA:219,0
DA:221,1
DA:227,0
DA:231,0
DA:236,1
LF:99
LH:88
BRDA:50,0,0,0
BRDA:50,0,1,19
BRDA:50,1,0,19
BRDA:50,1,1,19
BRDA:50,1,2,19
BRDA:51,2,0,0
BRDA:51,2,1,19
BRDA:51,3,0,19
BRDA:51,3,1,0
BRDA:65,4,0,19
BRDA:65,4,1,0
BRDA:94,5,0,19
BRDA:94,5,1,0
BRDA:94,6,0,4
BRDA:94,6,1,4
BRDA:106,7,0,0
BRDA:106,7,1,0
BRDA:111,8,0,3
BRDA:111,8,1,0
BRDA:115,9,0,4
BRDA:115,9,1,18
BRDA:115,10,0,4
BRDA:115,10,1,0
BRDA:120,11,0,0
BRDA:120,11,1,2
BRDA:124,12,0,1
BRDA:124,12,1,1
BRDA:125,13,0,1
BRDA:125,13,1,0
BRDA:133,14,0,0
BRDA:133,14,1,1
BRDA:144,15,0,0
BRDA:144,15,1,0
BRDA:145,16,0,0
BRDA:145,16,1,0
BRDA:162,17,0,21
BRDA:162,17,1,0
BRDA:162,18,0,21
BRDA:162,18,1,21
BRDA:163,19,0,21
BRDA:163,19,1,0
BRDA:164,20,0,21
BRDA:164,20,1,21
BRDA:164,21,0,21
BRDA:164,21,1,0
BRDA:170,22,0,22
BRDA:170,22,1,1
BRDA:171,23,0,2
BRDA:171,23,1,20
BRDA:175,24,0,22
BRDA:175,24,1,20
BRDA:178,25,0,1
BRDA:178,25,1,21
BRDA:186,26,0,1
BRDA:186,26,1,20
BRDA:188,27,0,7
BRDA:188,27,1,13
BRDA:190,28,0,9
BRDA:190,28,1,4
BRDA:200,29,0,3
BRDA:200,29,1,1
BRF:61
BRH:42
end_of_record
TN:
SF:src/app/(app)/(tabs)/fitness.tsx
FN:15,nombreDe
FN:20,FitnessScreen
FN:25,(anonymous_2)
FN:28,(anonymous_3)
FN:42,(anonymous_4)
FN:45,(anonymous_5)
FN:49,(anonymous_6)
FN:53,(anonymous_7)
FN:54,(anonymous_8)
FN:90,(anonymous_9)
FN:94,(anonymous_10)
FNF:11
FNH:11
FNDA:24,nombreDe
FNDA:21,FitnessScreen
FNDA:63,(anonymous_2)
FNDA:2,(anonymous_3)
FNDA:4,(anonymous_4)
FNDA:1,(anonymous_5)
FNDA:12,(anonymous_6)
FNDA:1,(anonymous_7)
FNDA:12,(anonymous_8)
FNDA:1,(anonymous_9)
FNDA:24,(anonymous_10)
DA:16,24
DA:21,21
DA:22,21
DA:23,21
DA:24,21
DA:25,63
DA:27,21
DA:28,2
DA:42,21
DA:43,4
DA:45,1
DA:48,21
DA:50,12
DA:53,1
DA:54,12
DA:72,21
DA:90,1
DA:94,24
DA:110,1
LF:19
LH:19
BRDA:16,0,0,24
BRDA:16,0,1,22
BRDA:16,0,2,14
BRDA:52,1,0,12
BRDA:52,1,1,1
BRDA:54,2,0,0
BRDA:54,2,1,12
BRDA:61,3,0,12
BRDA:61,3,1,1
BRDA:62,4,0,1
BRDA:62,4,1,11
BRDA:63,5,0,1
BRDA:63,5,1,11
BRDA:89,6,0,1
BRDA:89,6,1,20
BRDA:90,7,0,1
BRDA:90,7,1,20
BRDA:91,8,0,19
BRDA:91,8,1,2
BRF:19
BRH:18
end_of_record
TN:
SF:src/app/(app)/(tabs)/profile.tsx
FN:70,useNotificationPermission
FN:72,(anonymous_1)
FN:74,(anonymous_2)
FN:77,(anonymous_3)
FN:84,StatTile
FN:102,ProfileScreen
FN:106,(anonymous_6)
FN:107,(anonymous_7)
FN:108,(anonymous_8)
FN:109,(anonymous_9)
FN:110,(anonymous_10)
FN:111,(anonymous_11)
FN:112,(anonymous_12)
FN:113,(anonymous_13)
FN:132,(anonymous_14)
FN:135,(anonymous_15)
FN:136,(anonymous_16)
FN:146,(anonymous_17)
FN:150,(anonymous_18)
FN:154,(anonymous_19)
FN:167,(anonymous_20)
FN:171,(anonymous_21)
FN:180,(anonymous_22)
FN:187,(anonymous_23)
FN:197,(anonymous_24)
FN:241,(anonymous_25)
FN:249,(anonymous_26)
FN:250,(anonymous_27)
FN:287,(anonymous_28)
FN:293,(anonymous_29)
FN:299,(anonymous_30)
FN:305,(anonymous_31)
FN:314,(anonymous_32)
FN:318,(anonymous_33)
FN:321,(anonymous_34)
FN:351,(anonymous_35)
FN:362,(anonymous_36)
FN:363,(anonymous_37)
FN:367,(anonymous_38)
FN:417,(anonymous_39)
FN:424,(anonymous_40)
FN:424,(anonymous_41)
FN:429,(anonymous_42)
FN:455,(anonymous_43)
FN:460,(anonymous_44)
FN:478,(anonymous_45)
FN:482,(anonymous_46)
FN:507,(anonymous_47)
FN:512,(anonymous_48)
FN:528,(anonymous_49)
FN:545,(anonymous_50)
FNF:51
FNH:29
FNDA:72,useNotificationPermission
FNDA:23,(anonymous_1)
FNDA:23,(anonymous_2)
FNDA:23,(anonymous_3)
FNDA:264,StatTile
FNDA:72,ProfileScreen
FNDA:218,(anonymous_6)
FNDA:218,(anonymous_7)
FNDA:218,(anonymous_8)
FNDA:218,(anonymous_9)
FNDA:218,(anonymous_10)
FNDA:218,(anonymous_11)
FNDA:218,(anonymous_12)
FNDA:218,(anonymous_13)
FNDA:23,(anonymous_14)
FNDA:72,(anonymous_15)
FNDA:144,(anonymous_16)
FNDA:23,(anonymous_17)
FNDA:0,(anonymous_18)
FNDA:0,(anonymous_19)
FNDA:0,(anonymous_20)
FNDA:0,(anonymous_21)
FNDA:0,(anonymous_22)
FNDA:2,(anonymous_23)
FNDA:72,(anonymous_24)
FNDA:1,(anonymous_25)
FNDA:1,(anonymous_26)
FNDA:66,(anonymous_27)
FNDA:0,(anonymous_28)
FNDA:0,(anonymous_29)
FNDA:0,(anonymous_30)
FNDA:1440,(anonymous_31)
FNDA:0,(anonymous_32)
FNDA:0,(anonymous_33)
FNDA:1440,(anonymous_34)
FNDA:0,(anonymous_35)
FNDA:0,(anonymous_36)
FNDA:0,(anonymous_37)
FNDA:0,(anonymous_38)
FNDA:0,(anonymous_39)
FNDA:24,(anonymous_40)
FNDA:24,(anonymous_41)
FNDA:0,(anonymous_42)
FNDA:0,(anonymous_43)
FNDA:1,(anonymous_44)
FNDA:1,(anonymous_45)
FNDA:0,(anonymous_46)
FNDA:0,(anonymous_47)
FNDA:0,(anonymous_48)
FNDA:0,(anonymous_49)
FNDA:0,(anonymous_50)
DA:60,1
DA:62,1
DA:71,72
DA:72,72
DA:73,23
DA:74,23
DA:75,23
DA:77,23
DA:78,23
DA:81,72
DA:85,264
DA:86,264
DA:103,72
DA:105,72
DA:106,218
DA:107,218
DA:108,218
DA:109,218
DA:110,218
DA:111,218
DA:112,218
DA:113,218
DA:114,72
DA:115,72
DA:116,72
DA:117,72
DA:118,72
DA:119,72
DA:120,72
DA:121,72
DA:122,72
DA:123,72
DA:124,72
DA:125,72
DA:126,72
DA:127,72
DA:128,72
DA:129,72
DA:130,72
DA:132,72
DA:133,72
DA:135,72
DA:136,144
DA:137,72
DA:138,72
DA:139,72
DA:141,72
DA:146,72
DA:147,23
DA:150,72
DA:151,0
DA:155,0
DA:156,0
DA:162,72
DA:167,72
DA:168,0
DA:172,0
DA:173,0
DA:174,0
DA:180,72
DA:181,0
DA:182,0
DA:183,0
DA:184,0
DA:187,72
DA:188,2
DA:194,2
DA:197,72
DA:198,72
DA:199,24
DA:208,48
DA:209,46
DA:218,2
DA:234,72
DA:241,1
DA:249,1
DA:250,66
DA:287,0
DA:293,0
DA:299,0
DA:306,1440
DA:307,1440
DA:316,0
DA:318,0
DA:321,1440
DA:351,0
DA:362,0
DA:364,0
DA:365,0
DA:367,0
DA:417,0
DA:424,24
DA:425,24
DA:429,0
DA:455,0
DA:461,1
DA:479,1
DA:482,0
DA:507,0
DA:513,0
DA:529,0
DA:546,0
DA:564,1
LF:103
LH:74
BRDA:75,0,0,23
BRDA:75,0,1,0
BRDA:135,1,0,72
BRDA:135,1,1,0
BRDA:136,2,0,72
BRDA:136,2,1,0
BRDA:137,3,0,72
BRDA:137,3,1,0
BRDA:138,4,0,72
BRDA:138,4,1,0
BRDA:139,5,0,72
BRDA:139,5,1,72
BRDA:147,6,0,21
BRDA:147,6,1,2
BRDA:147,7,0,21
BRDA:147,7,1,1
BRDA:169,8,0,0
BRDA:169,8,1,0
BRDA:194,9,0,1
BRDA:194,9,1,1
BRDA:198,10,0,24
BRDA:198,10,1,48
BRDA:208,11,0,46
BRDA:208,11,1,2
BRDA:221,12,0,1
BRDA:221,12,1,1
BRDA:228,13,0,1
BRDA:228,13,1,1
BRDA:229,14,0,1
BRDA:229,14,1,1
BRDA:240,15,0,3
BRDA:240,15,1,69
BRDA:241,16,0,3
BRDA:241,16,1,69
BRDA:243,17,0,66
BRDA:243,17,1,6
BRDA:248,18,0,66
BRDA:248,18,1,3
BRDA:253,19,0,0
BRDA:253,19,1,66
BRDA:258,20,0,66
BRDA:258,20,1,3
BRDA:317,21,0,0
BRDA:317,21,1,0
BRDA:318,22,0,0
BRDA:318,22,1,0
BRDA:323,23,0,0
BRDA:323,23,1,1440
BRDA:324,24,0,0
BRDA:324,24,1,1440
BRDA:349,25,0,0
BRDA:349,25,1,72
BRDA:350,26,0,0
BRDA:350,26,1,72
BRDA:359,27,0,0
BRDA:359,27,1,72
BRDA:411,28,0,3
BRDA:411,28,1,69
BRDA:422,29,0,6
BRDA:422,29,1,66
BRDA:440,30,0,6
BRDA:440,30,1,66
BRDA:444,31,0,3
BRDA:444,31,1,69
BRDA:456,32,0,0
BRDA:456,32,1,72
BRDA:494,33,0,72
BRDA:494,33,1,0
BRDA:508,34,0,0
BRDA:508,34,1,72
BRF:70
BRH:50
end_of_record
TN:
SF:src/app/(app)/(tabs)/shared.tsx
FN:17,(anonymous_0)
FN:25,visibilityLabel
FN:26,(anonymous_2)
FN:30,SharedScreen
FN:49,(anonymous_4)
FN:50,(anonymous_5)
FN:51,(anonymous_6)
FN:52,(anonymous_7)
FN:53,(anonymous_8)
FN:56,(anonymous_9)
FN:64,(anonymous_10)
FN:73,(anonymous_11)
FN:82,(anonymous_12)
FN:87,(anonymous_13)
FN:92,(anonymous_14)
FN:113,(anonymous_15)
FN:118,(anonymous_16)
FN:121,(anonymous_17)
FN:127,(anonymous_18)
FN:130,(anonymous_19)
FN:143,(anonymous_20)
FN:149,(anonymous_21)
FN:154,(anonymous_22)
FN:156,(anonymous_23)
FN:175,(anonymous_24)
FN:178,(anonymous_25)
FN:183,(anonymous_26)
FN:184,(anonymous_27)
FN:205,(anonymous_28)
FN:214,(anonymous_29)
FN:222,(anonymous_30)
FN:241,(anonymous_31)
FN:246,(anonymous_32)
FN:262,(anonymous_33)
FN:262,(anonymous_34)
FN:270,(anonymous_35)
FN:279,(anonymous_36)
FN:288,(anonymous_37)
FN:293,(anonymous_38)
FN:296,(anonymous_39)
FN:315,(anonymous_40)
FN:322,(anonymous_41)
FN:326,(anonymous_42)
FN:329,(anonymous_43)
FN:346,(anonymous_44)
FN:353,(anonymous_45)
FNF:46
FNH:28
FNDA:8,(anonymous_0)
FNDA:11,visibilityLabel
FNDA:16,(anonymous_2)
FNDA:24,SharedScreen
FNDA:10,(anonymous_4)
FNDA:10,(anonymous_5)
FNDA:10,(anonymous_6)
FNDA:10,(anonymous_7)
FNDA:10,(anonymous_8)
FNDA:2,(anonymous_9)
FNDA:0,(anonymous_10)
FNDA:0,(anonymous_11)
FNDA:1,(anonymous_12)
FNDA:1,(anonymous_13)
FNDA:6,(anonymous_14)
FNDA:1,(anonymous_15)
FNDA:1,(anonymous_16)
FNDA:0,(anonymous_17)
FNDA:2,(anonymous_18)
FNDA:1,(anonymous_19)
FNDA:2,(anonymous_20)
FNDA:0,(anonymous_21)
FNDA:1,(anonymous_22)
FNDA:0,(anonymous_23)
FNDA:0,(anonymous_24)
FNDA:5,(anonymous_25)
FNDA:1,(anonymous_26)
FNDA:5,(anonymous_27)
FNDA:3,(anonymous_28)
FNDA:2,(anonymous_29)
FNDA:0,(anonymous_30)
FNDA:0,(anonymous_31)
FNDA:0,(anonymous_32)
FNDA:0,(anonymous_33)
FNDA:0,(anonymous_34)
FNDA:0,(anonymous_35)
FNDA:168,(anonymous_36)
FNDA:0,(anonymous_37)
FNDA:0,(anonymous_38)
FNDA:7,(anonymous_39)
FNDA:72,(anonymous_40)
FNDA:0,(anonymous_41)
FNDA:0,(anonymous_42)
FNDA:3,(anonymous_43)
FNDA:0,(anonymous_44)
FNDA:0,(anonymous_45)
DA:16,1
DA:17,8
DA:19,1
DA:26,16
DA:31,24
DA:32,24
DA:33,24
DA:34,24
DA:35,24
DA:36,24
DA:37,24
DA:38,24
DA:39,24
DA:40,24
DA:41,24
DA:42,24
DA:45,24
DA:46,24
DA:48,24
DA:49,24
DA:50,24
DA:51,24
DA:52,24
DA:53,24
DA:54,24
DA:56,24
DA:57,2
DA:58,2
DA:64,2
DA:67,24
DA:73,0
DA:82,1
DA:87,1
DA:93,6
DA:113,1
DA:119,1
DA:121,0
DA:128,2
DA:130,1
DA:144,2
DA:149,0
DA:155,1
DA:157,0
DA:158,0
DA:175,0
DA:179,5
DA:183,1
DA:184,5
DA:206,3
DA:214,2
DA:222,0
DA:241,0
DA:247,0
DA:262,0
DA:270,0
DA:280,168
DA:281,168
DA:282,168
DA:289,0
DA:291,0
DA:293,0
DA:296,7
DA:316,72
DA:317,72
DA:323,0
DA:324,0
DA:326,0
DA:329,3
DA:347,0
DA:348,0
DA:349,0
DA:350,0
DA:353,0
DA:359,1
LF:74
LH:52
BRDA:26,0,0,11
BRDA:26,0,1,0
BRDA:48,1,0,24
BRDA:48,1,1,1
BRDA:53,2,0,24
BRDA:53,2,1,23
BRDA:54,3,0,24
BRDA:54,3,1,24
BRDA:54,3,2,23
BRDA:54,3,3,23
BRDA:57,4,0,2
BRDA:57,4,1,0
BRDA:59,5,0,0
BRDA:59,5,1,2
BRDA:60,6,0,0
BRDA:60,6,1,2
BRDA:64,7,0,1
BRDA:64,7,1,1
BRDA:85,8,0,1
BRDA:85,8,1,23
BRDA:86,9,0,1
BRDA:86,9,1,23
BRDA:86,10,0,24
BRDA:86,10,1,23
BRDA:87,11,0,1
BRDA:87,11,1,23
BRDA:89,12,0,6
BRDA:89,12,1,18
BRDA:89,13,0,24
BRDA:89,13,1,0
BRDA:102,14,0,6
BRDA:102,14,1,0
BRDA:140,15,0,2
BRDA:140,15,1,22
BRDA:147,16,0,2
BRDA:147,16,1,0
BRDA:157,17,0,0
BRDA:157,17,1,0
BRDA:171,18,0,18
BRDA:171,18,1,6
BRDA:171,19,0,24
BRDA:171,19,1,23
BRDA:182,20,0,5
BRDA:182,20,1,1
BRDA:184,21,0,0
BRDA:184,21,1,5
BRDA:185,22,0,5
BRDA:185,22,1,5
BRDA:188,23,0,5
BRDA:188,23,1,1
BRDA:192,24,0,1
BRDA:192,24,1,4
BRDA:202,25,0,3
BRDA:202,25,1,21
BRDA:209,26,0,3
BRDA:209,26,1,0
BRDA:233,27,0,0
BRDA:233,27,1,24
BRDA:233,28,0,24
BRDA:233,28,1,24
BRDA:238,29,0,0
BRDA:238,29,1,24
BRDA:238,30,0,24
BRDA:238,30,1,0
BRDA:240,31,0,0
BRDA:240,31,1,24
BRDA:240,32,0,24
BRDA:240,32,1,0
BRDA:243,33,0,0
BRDA:243,33,1,24
BRDA:243,34,0,24
BRDA:243,34,1,0
BRDA:243,34,2,0
BRDA:246,35,0,0
BRDA:246,35,1,24
BRDA:250,36,0,0
BRDA:250,36,1,0
BRDA:255,37,0,0
BRDA:255,37,1,0
BRDA:261,38,0,0
BRDA:261,38,1,0
BRDA:270,39,0,24
BRDA:270,39,1,23
BRDA:280,40,0,168
BRDA:280,40,1,168
BRDA:280,41,0,168
BRDA:280,41,1,161
BRDA:289,42,0,0
BRDA:289,42,1,0
BRDA:292,43,0,0
BRDA:292,43,1,0
BRDA:293,44,0,0
BRDA:293,44,1,0
BRDA:298,45,0,0
BRDA:298,45,1,7
BRDA:299,46,0,0
BRDA:299,46,1,7
BRDA:301,47,0,0
BRDA:301,47,1,168
BRDA:306,48,0,0
BRDA:306,48,1,24
BRDA:316,49,0,72
BRDA:316,49,1,72
BRDA:323,50,0,0
BRDA:323,50,1,0
BRDA:329,51,0,1
BRDA:329,51,1,2
BRDA:329,52,0,0
BRDA:329,52,1,3
BRDA:336,53,0,24
BRDA:336,53,1,48
BRDA:347,54,0,0
BRDA:347,54,1,0
BRF:113
BRH:72
end_of_record
TN:
SF:src/app/(app)/activity/[id].tsx
FN:24,findMyShare
FN:29,(anonymous_1)
FN:35,ActivityDetailScreen
FN:55,(anonymous_3)
FN:69,(anonymous_4)
FN:78,(anonymous_5)
FN:79,(anonymous_6)
FN:80,(anonymous_7)
FN:81,(anonymous_8)
FN:86,(anonymous_9)
FN:88,(anonymous_10)
FN:100,(anonymous_11)
FN:108,(anonymous_12)
FN:127,(anonymous_13)
FN:183,(anonymous_14)
FN:189,(anonymous_15)
FN:197,(anonymous_16)
FN:229,(anonymous_17)
FN:236,(anonymous_18)
FN:249,(anonymous_19)
FN:256,(anonymous_20)
FN:268,(anonymous_21)
FN:273,(anonymous_22)
FN:279,(anonymous_23)
FN:289,(anonymous_24)
FN:293,(anonymous_25)
FN:299,(anonymous_26)
FN:302,(anonymous_27)
FN:303,(anonymous_28)
FNF:29
FNH:17
FNDA:0,findMyShare
FNDA:0,(anonymous_1)
FNDA:29,ActivityDetailScreen
FNDA:0,(anonymous_3)
FNDA:1,(anonymous_4)
FNDA:9,(anonymous_5)
FNDA:9,(anonymous_6)
FNDA:9,(anonymous_7)
FNDA:9,(anonymous_8)
FNDA:2,(anonymous_9)
FNDA:2,(anonymous_10)
FNDA:0,(anonymous_11)
FNDA:0,(anonymous_12)
FNDA:1,(anonymous_13)
FNDA:1,(anonymous_14)
FNDA:1,(anonymous_15)
FNDA:0,(anonymous_16)
FNDA:16,(anonymous_17)
FNDA:9,(anonymous_18)
FNDA:0,(anonymous_19)
FNDA:0,(anonymous_20)
FNDA:3,(anonymous_21)
FNDA:1,(anonymous_22)
FNDA:3,(anonymous_23)
FNDA:0,(anonymous_24)
FNDA:0,(anonymous_25)
FNDA:0,(anonymous_26)
FNDA:1,(anonymous_27)
FNDA:0,(anonymous_28)
DA:21,1
DA:25,0
DA:26,0
DA:27,0
DA:28,0
DA:29,0
DA:36,29
DA:37,29
DA:38,29
DA:39,29
DA:40,29
DA:41,29
DA:42,29
DA:43,29
DA:44,29
DA:45,29
DA:46,29
DA:47,29
DA:48,29
DA:49,29
DA:51,29
DA:52,29
DA:53,29
DA:55,29
DA:57,29
DA:58,1
DA:65,28
DA:66,1
DA:69,1
DA:74,27
DA:75,27
DA:76,27
DA:77,27
DA:78,9
DA:79,9
DA:80,9
DA:81,9
DA:83,27
DA:84,27
DA:86,27
DA:88,27
DA:89,2
DA:95,2
DA:96,1
DA:97,1
DA:101,0
DA:102,0
DA:109,0
DA:127,27
DA:128,1
DA:129,1
DA:130,0
DA:133,27
DA:184,1
DA:189,1
DA:198,0
DA:230,16
DA:236,9
DA:250,0
DA:251,0
DA:252,0
DA:254,0
DA:256,0
DA:268,3
DA:273,1
DA:279,3
DA:290,0
DA:291,0
DA:292,0
DA:293,0
DA:299,0
DA:302,1
DA:303,0
DA:310,1
LF:74
LH:53
BRDA:29,0,0,0
BRDA:29,0,1,0
BRDA:43,1,0,29
BRDA:43,1,1,29
BRDA:47,2,0,29
BRDA:47,2,1,27
BRDA:51,3,0,29
BRDA:51,3,1,25
BRDA:55,4,0,0
BRDA:55,4,1,0
BRDA:57,5,0,1
BRDA:57,5,1,28
BRDA:65,6,0,1
BRDA:65,6,1,27
BRDA:76,7,0,27
BRDA:76,7,1,0
BRDA:83,8,0,27
BRDA:83,8,1,19
BRDA:84,9,0,27
BRDA:84,9,1,19
BRDA:84,9,2,19
BRDA:90,10,0,0
BRDA:90,10,1,2
BRDA:91,11,0,0
BRDA:91,11,1,2
BRDA:95,12,0,1
BRDA:95,12,1,1
BRDA:103,13,0,0
BRDA:103,13,1,0
BRDA:104,14,0,0
BRDA:104,14,1,0
BRDA:106,15,0,0
BRDA:106,15,1,0
BRDA:129,16,0,1
BRDA:129,16,1,0
BRDA:146,17,0,2
BRDA:146,17,1,25
BRDA:150,18,0,2
BRDA:150,18,1,0
BRDA:154,19,0,8
BRDA:154,19,1,19
BRDA:165,20,0,0
BRDA:165,20,1,27
BRDA:173,21,0,1
BRDA:173,21,1,26
BRDA:182,22,0,1
BRDA:182,22,1,26
BRDA:187,23,0,1
BRDA:187,23,1,0
BRDA:192,24,0,24
BRDA:192,24,1,2
BRDA:200,25,0,0
BRDA:200,25,1,0
BRDA:214,26,0,4
BRDA:214,26,1,23
BRDA:214,27,0,27
BRDA:214,27,1,25
BRDA:230,28,0,9
BRDA:230,28,1,7
BRDA:236,29,0,9
BRDA:236,29,1,0
BRDA:244,30,0,1
BRDA:244,30,1,26
BRDA:244,31,0,27
BRDA:244,31,1,25
BRDA:246,32,0,0
BRDA:246,32,1,1
BRDA:248,33,0,1
BRDA:248,33,1,1
BRDA:250,34,0,0
BRDA:250,34,1,0
BRDA:263,35,0,25
BRDA:263,35,1,2
BRDA:268,36,0,2
BRDA:268,36,1,1
BRDA:279,37,0,1
BRDA:279,37,1,2
BRDA:291,38,0,0
BRDA:291,38,1,0
BRDA:293,39,0,0
BRDA:293,39,1,0
BRDA:300,40,0,1
BRDA:300,40,1,26
BRDA:302,41,0,1
BRDA:302,41,1,1
BRDA:303,42,0,0
BRDA:303,42,1,0
BRF:87
BRH:58
end_of_record
TN:
SF:src/app/(app)/activity/new.tsx
FN:22,ActivityFormScreen
FN:34,(anonymous_1)
FN:53,(anonymous_2)
FN:54,(anonymous_3)
FN:66,(anonymous_4)
FN:68,(anonymous_5)
FN:78,(anonymous_6)
FN:93,(anonymous_7)
FN:115,(anonymous_8)
FN:121,(anonymous_9)
FN:122,(anonymous_10)
FN:129,(anonymous_11)
FN:133,(anonymous_12)
FN:143,(anonymous_13)
FN:145,(anonymous_14)
FN:150,(anonymous_15)
FNF:16
FNH:7
FNDA:19,ActivityFormScreen
FNDA:0,(anonymous_1)
FNDA:0,(anonymous_2)
FNDA:0,(anonymous_3)
FNDA:19,(anonymous_4)
FNDA:0,(anonymous_5)
FNDA:2,(anonymous_6)
FNDA:1,(anonymous_7)
FNDA:0,(anonymous_8)
FNDA:5,(anonymous_9)
FNDA:0,(anonymous_10)
FNDA:3,(anonymous_11)
FNDA:2,(anonymous_12)
FNDA:0,(anonymous_13)
FNDA:0,(anonymous_14)
FNDA:0,(anonymous_15)
DA:17,1
DA:23,19
DA:24,19
DA:25,19
DA:31,19
DA:32,19
DA:33,19
DA:34,19
DA:35,0
DA:36,0
DA:37,0
DA:39,0
DA:41,19
DA:42,19
DA:43,19
DA:44,19
DA:45,19
DA:46,19
DA:47,19
DA:49,19
DA:50,19
DA:53,19
DA:54,0
DA:55,0
DA:56,0
DA:57,0
DA:58,0
DA:59,0
DA:63,19
DA:64,19
DA:66,19
DA:67,19
DA:68,13
DA:70,6
DA:78,19
DA:79,19
DA:81,19
DA:82,2
DA:89,17
DA:90,2
DA:93,1
DA:98,15
DA:100,15
DA:116,0
DA:117,0
DA:122,5
DA:123,5
DA:124,5
DA:125,4
DA:126,4
DA:130,3
DA:134,2
DA:135,2
DA:142,1
DA:144,0
DA:145,0
DA:147,0
DA:150,0
DA:151,0
DA:159,0
DA:161,0
DA:162,0
LF:62
LH:42
BRDA:25,0,0,15
BRDA:36,1,0,0
BRDA:36,1,1,0
BRDA:36,2,0,0
BRDA:36,2,1,0
BRDA:43,3,0,19
BRDA:43,3,1,18
BRDA:55,4,0,0
BRDA:55,4,1,0
BRDA:63,5,0,19
BRDA:63,5,1,13
BRDA:63,5,2,12
BRDA:64,6,0,19
BRDA:64,6,1,18
BRDA:64,6,2,18
BRDA:67,7,0,13
BRDA:67,7,1,6
BRDA:68,8,0,4
BRDA:68,8,1,9
BRDA:68,9,0,13
BRDA:68,9,1,1
BRDA:72,10,0,0
BRDA:72,10,1,6
BRDA:73,11,0,0
BRDA:73,11,1,6
BRDA:78,12,0,2
BRDA:78,12,1,0
BRDA:79,13,0,15
BRDA:79,13,1,4
BRDA:79,14,0,4
BRDA:79,14,1,11
BRDA:81,15,0,2
BRDA:81,15,1,17
BRDA:81,16,0,19
BRDA:81,16,1,15
BRDA:81,16,2,14
BRDA:81,16,3,13
BRDA:81,16,4,1
BRDA:89,17,0,2
BRDA:89,17,1,15
BRDA:89,18,0,17
BRDA:89,18,1,13
BRDA:98,19,0,11
BRDA:98,19,1,4
BRDA:106,20,0,11
BRDA:106,20,1,4
BRDA:108,21,0,11
BRDA:108,21,1,4
BRDA:109,22,0,15
BRDA:109,22,1,14
BRDA:110,23,0,15
BRDA:110,23,1,14
BRDA:111,24,0,15
BRDA:111,24,1,11
BRDA:111,24,2,2
BRDA:112,25,0,0
BRDA:112,25,1,15
BRDA:112,26,0,15
BRDA:112,26,1,11
BRDA:114,27,0,0
BRDA:114,27,1,15
BRDA:117,28,0,0
BRDA:117,28,1,0
BRDA:122,29,0,5
BRDA:122,29,1,5
BRDA:124,30,0,4
BRDA:124,30,1,1
BRDA:127,31,0,2
BRDA:127,31,1,2
BRDA:134,32,0,1
BRDA:134,32,1,1
BRDA:144,33,0,0
BRDA:144,33,1,0
BRDA:153,34,0,0
BRDA:153,34,1,0
BRDA:155,35,0,0
BRDA:155,35,1,0
BRDA:161,36,0,0
BRDA:161,36,1,0
BRF:79
BRH:58
end_of_record
TN:
SF:src/app/(app)/activity/share.tsx
FN:32,ShareActivityScreen
FN:44,(anonymous_1)
FN:45,(anonymous_2)
FN:46,(anonymous_3)
FN:53,(anonymous_4)
FN:53,(anonymous_5)
FN:53,(anonymous_6)
FN:56,(anonymous_7)
FN:62,(anonymous_8)
FN:72,(anonymous_9)
FN:81,(anonymous_10)
FN:83,(anonymous_11)
FN:84,(anonymous_12)
FN:99,(anonymous_13)
FN:107,(anonymous_14)
FN:116,(anonymous_15)
FN:134,(anonymous_16)
FN:143,(anonymous_17)
FN:144,(anonymous_18)
FN:192,(anonymous_19)
FN:196,(anonymous_20)
FNF:21
FNH:21
FNDA:29,ShareActivityScreen
FNDA:29,(anonymous_1)
FNDA:7,(anonymous_2)
FNDA:28,(anonymous_3)
FNDA:29,(anonymous_4)
FNDA:24,(anonymous_5)
FNDA:5,(anonymous_6)
FNDA:20,(anonymous_7)
FNDA:20,(anonymous_8)
FNDA:24,(anonymous_9)
FNDA:8,(anonymous_10)
FNDA:8,(anonymous_11)
FNDA:8,(anonymous_12)
FNDA:1,(anonymous_13)
FNDA:7,(anonymous_14)
FNDA:1,(anonymous_15)
FNDA:24,(anonymous_16)
FNDA:8,(anonymous_17)
FNDA:24,(anonymous_18)
FNDA:3,(anonymous_19)
FNDA:1,(anonymous_20)
DA:18,1
DA:21,1
DA:33,29
DA:34,29
DA:35,29
DA:36,29
DA:37,29
DA:38,29
DA:39,29
DA:40,29
DA:42,29
DA:44,29
DA:45,29
DA:46,29
DA:52,29
DA:53,29
DA:56,29
DA:57,20
DA:58,20
DA:60,29
DA:62,29
DA:63,20
DA:64,20
DA:65,5
DA:66,5
DA:67,5
DA:69,20
DA:72,29
DA:73,24
DA:74,24
DA:75,5
DA:76,5
DA:77,5
DA:78,5
DA:81,29
DA:83,29
DA:84,8
DA:85,8
DA:86,8
DA:87,7
DA:88,8
DA:91,29
DA:99,1
DA:108,7
DA:116,1
DA:135,24
DA:136,24
DA:137,24
DA:143,8
DA:144,24
DA:193,3
DA:197,1
DA:198,1
DA:199,1
DA:209,1
LF:55
LH:55
BRDA:44,0,0,29
BRDA:44,0,1,2
BRDA:45,1,0,29
BRDA:45,1,1,0
BRDA:57,2,0,0
BRDA:57,2,1,20
BRDA:60,3,0,29
BRDA:60,3,1,0
BRDA:60,4,0,29
BRDA:60,4,1,0
BRDA:64,5,0,20
BRDA:64,5,1,0
BRDA:65,6,0,5
BRDA:65,6,1,4
BRDA:74,7,0,19
BRDA:74,7,1,5
BRDA:74,8,0,24
BRDA:74,8,1,5
BRDA:77,9,0,1
BRDA:77,9,1,4
BRDA:78,10,0,4
BRDA:78,10,1,1
BRDA:86,11,0,1
BRDA:86,11,1,7
BRDA:94,12,0,0
BRDA:94,12,1,29
BRDA:95,13,0,0
BRDA:95,13,1,29
BRDA:95,14,0,29
BRDA:95,14,1,29
BRDA:98,15,0,2
BRDA:98,15,1,27
BRDA:102,16,0,4
BRDA:102,16,1,25
BRDA:102,17,0,29
BRDA:102,17,1,0
BRDA:111,18,0,7
BRDA:111,18,1,0
BRDA:112,19,0,1
BRDA:112,19,1,6
BRDA:116,20,0,7
BRDA:116,20,1,0
BRDA:128,21,0,6
BRDA:128,21,1,23
BRDA:128,22,0,29
BRDA:128,22,1,27
BRDA:130,23,0,2
BRDA:130,23,1,4
BRDA:131,24,0,2
BRDA:131,24,1,4
BRDA:142,25,0,24
BRDA:142,25,1,0
BRDA:146,26,0,8
BRDA:146,26,1,16
BRDA:146,27,0,4
BRDA:146,27,1,12
BRDA:147,28,0,0
BRDA:147,28,1,24
BRDA:151,29,0,24
BRDA:151,29,1,0
BRDA:152,30,0,5
BRDA:152,30,1,19
BRDA:159,31,0,19
BRDA:159,31,1,0
BRDA:169,32,0,8
BRDA:169,32,1,16
BRDA:169,33,0,8
BRDA:169,33,1,16
BRDA:170,34,0,8
BRDA:170,34,1,16
BRDA:177,35,0,1
BRDA:177,35,1,28
BRDA:181,36,0,1
BRDA:181,36,1,0
BRDA:189,37,0,1
BRDA:189,37,1,28
BRDA:199,38,0,1
BRDA:199,38,1,0
BRF:78
BRH:62
end_of_record
TN:
SF:src/app/(app)/shared/availability.tsx
FN:21,(anonymous_0)
FN:30,AvailabilityScreen
FN:39,(anonymous_2)
FN:41,(anonymous_3)
FN:42,(anonymous_4)
FN:43,(anonymous_5)
FN:44,(anonymous_6)
FN:47,(anonymous_7)
FN:49,(anonymous_8)
FN:54,(anonymous_9)
FN:60,(anonymous_10)
FN:60,(anonymous_11)
FN:72,(anonymous_12)
FN:85,(anonymous_13)
FN:94,(anonymous_14)
FN:94,(anonymous_15)
FN:94,(anonymous_16)
FN:102,(anonymous_17)
FN:106,(anonymous_18)
FN:116,(anonymous_19)
FN:120,(anonymous_20)
FN:134,(anonymous_21)
FN:142,(anonymous_22)
FN:150,(anonymous_23)
FN:153,(anonymous_24)
FN:190,(anonymous_25)
FN:195,(anonymous_26)
FN:205,(anonymous_27)
FNF:28
FNH:24
FNDA:17,(anonymous_0)
FNDA:30,AvailabilityScreen
FNDA:18,(anonymous_2)
FNDA:27,(anonymous_3)
FNDA:19,(anonymous_4)
FNDA:19,(anonymous_5)
FNDA:27,(anonymous_6)
FNDA:21,(anonymous_7)
FNDA:0,(anonymous_8)
FNDA:26,(anonymous_9)
FNDA:16,(anonymous_10)
FNDA:8,(anonymous_11)
FNDA:1,(anonymous_12)
FNDA:25,(anonymous_13)
FNDA:9,(anonymous_14)
FNDA:9,(anonymous_15)
FNDA:1,(anonymous_16)
FNDA:0,(anonymous_17)
FNDA:1,(anonymous_18)
FNDA:1,(anonymous_19)
FNDA:16,(anonymous_20)
FNDA:136,(anonymous_21)
FNDA:56,(anonymous_22)
FNDA:952,(anonymous_23)
FNDA:0,(anonymous_24)
FNDA:96,(anonymous_25)
FNDA:0,(anonymous_26)
FNDA:96,(anonymous_27)
DA:15,1
DA:16,1
DA:18,1
DA:19,1
DA:20,1
DA:21,17
DA:22,1
DA:31,30
DA:32,30
DA:33,30
DA:34,30
DA:35,30
DA:36,30
DA:37,30
DA:38,30
DA:39,30
DA:41,30
DA:42,30
DA:43,30
DA:44,30
DA:45,30
DA:47,30
DA:48,21
DA:49,20
DA:50,20
DA:51,20
DA:54,30
DA:55,26
DA:56,18
DA:57,18
DA:58,18
DA:60,30
DA:62,30
DA:64,30
DA:72,1
DA:86,25
DA:87,25
DA:94,9
DA:102,0
DA:106,1
DA:116,1
DA:121,16
DA:135,136
DA:143,56
DA:151,952
DA:154,0
DA:155,0
DA:156,0
DA:157,0
DA:158,0
DA:159,0
DA:160,0
DA:161,0
DA:191,96
DA:196,0
DA:205,96
DA:226,1
LF:57
LH:47
BRDA:41,0,0,30
BRDA:41,0,1,2
BRDA:41,1,0,27
BRDA:41,1,1,26
BRDA:44,2,0,27
BRDA:44,2,1,0
BRDA:48,3,0,1
BRDA:48,3,1,20
BRDA:55,4,0,8
BRDA:55,4,1,18
BRDA:58,5,0,18
BRDA:58,5,1,0
BRDA:60,6,0,8
BRDA:60,6,1,8
BRDA:60,7,0,8
BRDA:60,7,1,0
BRDA:68,8,0,0
BRDA:68,8,1,30
BRDA:71,9,0,2
BRDA:71,9,1,28
BRDA:74,10,0,3
BRDA:74,10,1,27
BRDA:74,11,0,30
BRDA:74,11,1,28
BRDA:78,12,0,25
BRDA:78,12,1,5
BRDA:90,13,0,25
BRDA:90,13,1,0
BRDA:91,14,0,10
BRDA:91,14,1,15
BRDA:94,15,0,1
BRDA:94,15,1,8
BRDA:111,16,0,15
BRDA:111,16,1,10
BRDA:113,17,0,1
BRDA:113,17,1,9
BRDA:115,18,0,1
BRDA:115,18,1,8
BRDA:131,19,0,0
BRDA:131,19,1,8
BRDA:145,20,0,8
BRDA:145,20,1,48
BRDA:155,21,0,0
BRDA:155,21,1,0
BRDA:158,22,0,0
BRDA:158,22,1,0
BRDA:169,23,0,0
BRDA:169,23,1,0
BRDA:169,24,0,0
BRDA:169,24,1,0
BRDA:186,25,0,0
BRDA:186,25,1,8
BRDA:205,26,0,0
BRDA:205,26,1,96
BRF:54
BRH:38
end_of_record
TN:
SF:src/app/(app)/theme/new.tsx
FN:21,ThemeFormScreen
FN:29,(anonymous_1)
FN:39,(anonymous_2)
FN:50,(anonymous_3)
FN:53,(anonymous_4)
FN:55,(anonymous_5)
FN:57,(anonymous_6)
FN:61,(anonymous_7)
FN:70,(anonymous_8)
FN:105,(anonymous_9)
FN:113,(anonymous_10)
FN:119,(anonymous_11)
FN:120,(anonymous_12)
FN:130,(anonymous_13)
FN:136,(anonymous_14)
FN:142,(anonymous_15)
FN:143,(anonymous_16)
FN:155,(anonymous_17)
FN:161,(anonymous_18)
FN:169,(anonymous_19)
FN:170,(anonymous_20)
FNF:21
FNH:17
FNDA:34,ThemeFormScreen
FNDA:13,(anonymous_1)
FNDA:15,(anonymous_2)
FNDA:1,(anonymous_3)
FNDA:5,(anonymous_4)
FNDA:0,(anonymous_5)
FNDA:1,(anonymous_6)
FNDA:2,(anonymous_7)
FNDA:0,(anonymous_8)
FNDA:38,(anonymous_9)
FNDA:33,(anonymous_10)
FNDA:231,(anonymous_11)
FNDA:1,(anonymous_12)
FNDA:32,(anonymous_13)
FNDA:384,(anonymous_14)
FNDA:0,(anonymous_15)
FNDA:384,(anonymous_16)
FNDA:32,(anonymous_17)
FNDA:1312,(anonymous_18)
FNDA:0,(anonymous_19)
FNDA:1312,(anonymous_20)
DA:18,1
DA:22,34
DA:23,34
DA:24,34
DA:25,34
DA:26,34
DA:27,34
DA:28,34
DA:29,34
DA:31,34
DA:35,34
DA:36,34
DA:37,34
DA:39,34
DA:40,15
DA:41,6
DA:50,34
DA:51,34
DA:53,34
DA:54,5
DA:55,2
DA:57,3
DA:61,34
DA:62,2
DA:63,2
DA:69,2
DA:70,1
DA:73,34
DA:74,2
DA:81,32
DA:82,0
DA:90,32
DA:106,38
DA:114,33
DA:120,231
DA:131,32
DA:137,384
DA:142,0
DA:143,384
DA:156,32
DA:162,1312
DA:163,1312
DA:169,0
DA:170,1312
DA:190,1
LF:45
LH:42
BRDA:29,0,0,34
BRDA:29,0,1,21
BRDA:40,1,0,6
BRDA:40,1,1,9
BRDA:44,2,0,5
BRDA:44,2,1,1
BRDA:50,3,0,1
BRDA:50,3,1,0
BRDA:51,4,0,13
BRDA:51,4,1,21
BRDA:54,5,0,2
BRDA:54,5,1,3
BRDA:62,6,0,0
BRDA:62,6,1,2
BRDA:69,7,0,1
BRDA:69,7,1,1
BRDA:73,8,0,2
BRDA:73,8,1,32
BRDA:73,9,0,34
BRDA:73,9,1,15
BRDA:81,10,0,0
BRDA:81,10,1,32
BRDA:81,11,0,32
BRDA:81,11,1,13
BRDA:81,11,2,0
BRDA:92,12,0,13
BRDA:92,12,1,19
BRDA:93,13,0,2
BRDA:93,13,1,30
BRDA:99,14,0,32
BRDA:99,14,1,22
BRDA:143,15,0,0
BRDA:143,15,1,384
BRDA:144,16,0,32
BRDA:144,16,1,352
BRDA:172,17,0,32
BRDA:172,17,1,1280
BRDA:172,18,0,32
BRDA:172,18,1,1280
BRDA:173,19,0,0
BRDA:173,19,1,1312
BRDA:175,20,0,32
BRDA:175,20,1,1280
BRDA:184,21,0,13
BRDA:184,21,1,19
BRDA:185,22,0,13
BRDA:185,22,1,19
BRF:47
BRH:41
end_of_record
TN:
SF:src/app/(app)/workout/[id].tsx
FN:22,WorkoutScreen
FN:38,(anonymous_1)
FN:41,(anonymous_2)
FN:43,(anonymous_3)
FN:45,(anonymous_4)
FN:48,(anonymous_5)
FN:51,(anonymous_6)
FN:55,(anonymous_7)
FN:64,(anonymous_8)
FN:68,(anonymous_9)
FN:83,(anonymous_10)
FN:105,(anonymous_11)
FN:120,(anonymous_12)
FN:126,(anonymous_13)
FN:146,(anonymous_14)
FN:153,(anonymous_15)
FN:176,(anonymous_16)
FN:183,(anonymous_17)
FN:184,(anonymous_18)
FN:193,(anonymous_19)
FN:203,(anonymous_20)
FN:212,(anonymous_21)
FN:213,(anonymous_22)
FN:224,(anonymous_23)
FN:227,(anonymous_24)
FN:232,(anonymous_25)
FN:245,DuplicateSheet
FN:259,(anonymous_27)
FN:262,(anonymous_28)
FN:263,(anonymous_29)
FN:272,(anonymous_30)
FN:277,(anonymous_31)
FN:281,(anonymous_32)
FNF:33
FNH:19
FNDA:36,WorkoutScreen
FNDA:109,(anonymous_1)
FNDA:2,(anonymous_2)
FNDA:0,(anonymous_3)
FNDA:0,(anonymous_4)
FNDA:2,(anonymous_5)
FNDA:2,(anonymous_6)
FNDA:1,(anonymous_7)
FNDA:2,(anonymous_8)
FNDA:0,(anonymous_9)
FNDA:1,(anonymous_10)
FNDA:1,(anonymous_11)
FNDA:5,(anonymous_12)
FNDA:2,(anonymous_13)
FNDA:0,(anonymous_14)
FNDA:0,(anonymous_15)
FNDA:34,(anonymous_16)
FNDA:0,(anonymous_17)
FNDA:2,(anonymous_18)
FNDA:1,(anonymous_19)
FNDA:2,(anonymous_20)
FNDA:0,(anonymous_21)
FNDA:0,(anonymous_22)
FNDA:0,(anonymous_23)
FNDA:1,(anonymous_24)
FNDA:0,(anonymous_25)
FNDA:34,DuplicateSheet
FNDA:23,(anonymous_27)
FNDA:0,(anonymous_28)
FNDA:0,(anonymous_29)
FNDA:0,(anonymous_30)
FNDA:0,(anonymous_31)
FNDA:1,(anonymous_32)
DA:19,1
DA:23,36
DA:24,36
DA:25,36
DA:26,36
DA:27,36
DA:28,36
DA:29,36
DA:30,36
DA:31,36
DA:32,36
DA:33,36
DA:34,36
DA:35,36
DA:36,36
DA:37,36
DA:38,109
DA:40,36
DA:41,36
DA:43,36
DA:45,36
DA:46,0
DA:48,36
DA:49,2
DA:50,2
DA:52,2
DA:56,1
DA:64,36
DA:65,2
DA:66,2
DA:67,2
DA:68,1
DA:71,36
DA:72,1
DA:79,35
DA:80,1
DA:83,1
DA:88,34
DA:89,34
DA:91,34
DA:93,34
DA:105,1
DA:121,5
DA:122,5
DA:123,4
DA:127,2
DA:129,2
DA:146,0
DA:153,0
DA:177,34
DA:183,0
DA:184,2
DA:193,1
DA:203,2
DA:212,0
DA:214,0
DA:215,0
DA:216,0
DA:217,0
DA:218,0
DA:224,0
DA:228,1
DA:229,1
DA:233,0
DA:234,0
DA:258,34
DA:259,34
DA:260,34
DA:261,34
DA:262,34
DA:263,34
DA:265,34
DA:273,0
DA:277,0
DA:281,1
DA:286,1
LF:76
LH:61
BRDA:43,0,0,0
BRDA:43,0,1,0
BRDA:53,1,0,2
BRDA:53,1,1,0
BRDA:65,2,0,0
BRDA:65,2,1,2
BRDA:67,3,0,1
BRDA:67,3,1,1
BRDA:71,4,0,1
BRDA:71,4,1,35
BRDA:79,5,0,1
BRDA:79,5,1,34
BRDA:79,6,0,35
BRDA:79,6,1,34
BRDA:83,7,0,1
BRDA:83,7,1,0
BRDA:88,8,0,34
BRDA:88,8,1,34
BRDA:88,8,2,34
BRDA:89,9,0,34
BRDA:89,9,1,27
BRDA:89,9,2,23
BRDA:91,10,0,34
BRDA:91,10,1,27
BRDA:91,10,2,26
BRDA:98,11,0,23
BRDA:98,11,1,11
BRDA:99,12,0,2
BRDA:99,12,1,21
BRDA:110,13,0,0
BRDA:110,13,1,34
BRDA:110,14,0,34
BRDA:110,14,1,34
BRDA:111,15,0,0
BRDA:111,15,1,0
BRDA:111,16,0,0
BRDA:111,16,1,0
BRDA:115,17,0,23
BRDA:115,17,1,11
BRDA:122,18,0,1
BRDA:122,18,1,4
BRDA:122,19,0,5
BRDA:122,19,1,2
BRDA:124,20,0,4
BRDA:124,20,1,2
BRDA:129,21,0,1
BRDA:129,21,1,1
BRDA:134,22,0,23
BRDA:134,22,1,23
BRDA:141,23,0,23
BRDA:141,23,1,11
BRDA:153,24,0,0
BRDA:153,24,1,0
BRDA:162,25,0,0
BRDA:162,25,1,11
BRDA:164,26,0,0
BRDA:164,26,1,11
BRDA:173,27,0,0
BRDA:173,27,1,34
BRDA:174,28,0,0
BRDA:174,28,1,0
BRDA:182,29,0,34
BRDA:182,29,1,0
BRDA:187,30,0,23
BRDA:187,30,1,11
BRDA:205,31,0,23
BRDA:205,31,1,11
BRDA:206,32,0,23
BRDA:206,32,1,11
BRDA:262,33,0,34
BRDA:262,33,1,0
BRDA:263,34,0,34
BRDA:263,34,1,0
BRDA:263,35,0,0
BRDA:263,35,1,0
BRDA:263,35,2,0
BRDA:271,36,0,34
BRDA:271,36,1,0
BRF:78
BRH:54
end_of_record
TN:
SF:src/app/(auth)/_layout.tsx
FN:3,AuthLayout
FNF:1
FNH:0
FNDA:0,AuthLayout
DA:4,0
LF:1
LH:0
BRF:0
BRH:0
end_of_record
TN:
SF:src/app/(auth)/forgot-password.tsx
FN:14,ForgotPasswordScreen
FN:21,(anonymous_1)
FN:39,(anonymous_2)
FNF:3
FNH:3
FNDA:16,ForgotPasswordScreen
FNDA:1,(anonymous_1)
FNDA:21,(anonymous_2)
DA:12,1
DA:15,16
DA:16,16
DA:21,16
DA:23,16
DA:40,21
DA:65,1
LF:7
LH:7
BRDA:31,0,0,2
BRDA:31,0,1,14
BRDA:32,1,0,2
BRDA:32,1,1,14
BRF:4
BRH:4
end_of_record
TN:
SF:src/app/(auth)/login.tsx
FN:16,LoginScreen
FN:24,(anonymous_1)
FN:47,(anonymous_2)
FN:62,(anonymous_3)
FN:69,(anonymous_4)
FNF:5
FNH:4
FNDA:20,LoginScreen
FNDA:1,(anonymous_1)
FNDA:26,(anonymous_2)
FNDA:0,(anonymous_3)
FNDA:25,(anonymous_4)
DA:14,1
DA:17,20
DA:18,20
DA:19,20
DA:24,20
DA:26,20
DA:51,26
DA:62,0
DA:73,25
DA:106,1
LF:10
LH:9
BRDA:34,0,0,2
BRDA:34,0,1,18
BRDA:40,1,0,2
BRDA:40,1,1,18
BRF:4
BRH:4
end_of_record
TN:
SF:src/app/(auth)/register.tsx
FN:31,Progress
FN:35,(anonymous_1)
FN:46,RegisterScreen
FN:60,(anonymous_3)
FN:60,(anonymous_4)
FN:79,(anonymous_5)
FN:90,(anonymous_6)
FN:93,(anonymous_7)
FN:116,(anonymous_8)
FN:127,(anonymous_9)
FN:131,(anonymous_10)
FN:137,(anonymous_11)
FN:145,(anonymous_12)
FN:190,(anonymous_13)
FN:213,(anonymous_14)
FN:238,(anonymous_15)
FN:242,(anonymous_16)
FN:261,(anonymous_17)
FN:265,(anonymous_18)
FN:286,(anonymous_19)
FN:298,(anonymous_20)
FN:305,(anonymous_21)
FNF:22
FNH:19
FNDA:71,Progress
FNDA:355,(anonymous_1)
FNDA:71,RegisterScreen
FNDA:19,(anonymous_3)
FNDA:19,(anonymous_4)
FNDA:1,(anonymous_5)
FNDA:1,(anonymous_6)
FNDA:39,(anonymous_7)
FNDA:6,(anonymous_8)
FNDA:3,(anonymous_9)
FNDA:1,(anonymous_10)
FNDA:0,(anonymous_11)
FNDA:0,(anonymous_12)
FNDA:53,(anonymous_13)
FNDA:25,(anonymous_14)
FNDA:12,(anonymous_15)
FNDA:1,(anonymous_16)
FNDA:13,(anonymous_17)
FNDA:5,(anonymous_18)
FNDA:7,(anonymous_19)
FNDA:0,(anonymous_20)
FNDA:7,(anonymous_21)
DA:20,1
DA:23,1
DA:32,71
DA:33,71
DA:36,355
DA:47,71
DA:48,71
DA:49,71
DA:50,71
DA:51,71
DA:53,71
DA:59,71
DA:60,19
DA:61,19
DA:62,19
DA:69,71
DA:75,71
DA:76,71
DA:77,71
DA:79,71
DA:80,1
DA:81,1
DA:82,1
DA:84,1
DA:85,0
DA:86,0
DA:87,0
DA:88,0
DA:90,1
DA:93,71
DA:94,39
DA:95,39
DA:96,36
DA:98,36
DA:103,23
DA:104,10
DA:105,10
DA:106,10
DA:108,10
DA:113,13
DA:114,7
DA:116,6
DA:120,6
DA:123,5
DA:124,5
DA:128,3
DA:129,3
DA:131,1
DA:136,1
DA:138,0
DA:140,0
DA:145,71
DA:146,0
DA:152,71
DA:191,53
DA:214,25
DA:239,12
DA:242,1
DA:262,13
DA:265,5
DA:287,7
DA:298,0
DA:306,7
DA:343,1
LF:64
LH:56
BRDA:38,0,0,134
BRDA:38,0,1,221
BRDA:62,1,0,3
BRDA:62,1,1,16
BRDA:76,2,0,71
BRDA:76,2,1,71
BRDA:76,2,2,69
BRDA:77,3,0,71
BRDA:77,3,1,69
BRDA:77,3,2,69
BRDA:84,4,0,0
BRDA:84,4,1,1
BRDA:84,5,0,1
BRDA:84,5,1,0
BRDA:95,6,0,3
BRDA:95,6,1,36
BRDA:98,7,0,13
BRDA:98,7,1,23
BRDA:103,8,0,10
BRDA:103,8,1,13
BRDA:104,9,0,10
BRDA:104,9,1,0
BRDA:113,10,0,7
BRDA:113,10,1,6
BRDA:120,11,0,5
BRDA:120,11,1,1
BRDA:154,12,0,39
BRDA:154,12,1,32
BRDA:160,13,0,32
BRDA:160,13,1,39
BRDA:169,14,0,65
BRDA:169,14,1,6
BRDA:170,15,0,6
BRDA:170,15,1,65
BRDA:178,16,0,2
BRDA:178,16,1,69
BRDA:179,17,0,6
BRDA:179,17,1,65
BRDA:179,18,0,71
BRDA:179,18,1,6
BRDA:182,19,0,0
BRDA:182,19,1,71
BRDA:182,20,0,71
BRDA:182,20,1,6
BRDA:182,20,2,0
BRDA:186,21,0,39
BRDA:186,21,1,32
BRDA:209,22,0,13
BRDA:209,22,1,58
BRDA:234,23,0,10
BRDA:234,23,1,61
BRDA:257,24,0,6
BRDA:257,24,1,65
BRDA:281,25,0,3
BRDA:281,25,1,68
BRDA:324,26,0,3
BRDA:324,26,1,68
BRDA:326,27,0,6
BRDA:326,27,1,65
BRDA:331,28,0,39
BRDA:331,28,1,32
BRF:61
BRH:56
end_of_record
TN:
SF:src/components/auth-header.tsx
FN:14,AuthHeader
FNF:1
FNH:1
FNDA:75,AuthHeader
DA:19,75
DA:35,3
LF:2
LH:2
BRDA:17,0,0,55
BRF:1
BRH:1
end_of_record
TN:
SF:src/components/error-fallback.tsx
FN:6,ErrorFallback
FN:10,(anonymous_1)
FNF:2
FNH:0
FNDA:0,ErrorFallback
FNDA:0,(anonymous_1)
DA:7,0
DA:8,0
DA:10,0
LF:3
LH:0
BRDA:7,0,0,0
BRDA:7,0,1,0
BRF:2
BRH:0
end_of_record
TN:
SF:src/components/modal-header.tsx
FN:18,ModalHeader
FN:21,(anonymous_1)
FNF:2
FNH:1
FNDA:187,ModalHeader
FNDA:0,(anonymous_1)
DA:15,7
DA:19,187
DA:20,187
DA:21,187
DA:22,187
DA:35,7
LF:6
LH:6
BRDA:21,0,0,187
BRDA:21,0,1,187
BRDA:21,1,0,0
BRDA:21,1,1,0
BRF:4
BRH:2
end_of_record
TN:
SF:src/components/splash-view.tsx
FN:20,SplashView
FNF:1
FNH:0
FNDA:0,SplashView
DA:7,0
DA:8,0
DA:21,0
DA:33,0
LF:4
LH:0
BRF:0
BRH:0
end_of_record
TN:
SF:src/components/calendar/activity-block.tsx
FN:24,ActivityBlock
FN:33,(anonymous_1)
FN:34,(anonymous_2)
FNF:3
FNH:3
FNDA:8,ActivityBlock
FNDA:1,(anonymous_1)
FNDA:8,(anonymous_2)
DA:24,1
DA:25,8
DA:26,8
DA:27,8
DA:29,8
DA:33,1
DA:34,8
DA:55,1
LF:8
LH:8
BRDA:24,0,0,0
BRDA:24,1,0,1
BRDA:24,2,0,6
BRDA:32,3,0,1
BRDA:32,3,1,7
BRDA:32,4,0,1
BRDA:32,4,1,1
BRDA:37,5,0,1
BRDA:37,5,1,7
BRDA:38,6,0,0
BRDA:38,6,1,8
BRDA:41,7,0,8
BRDA:41,7,1,0
BRDA:42,8,0,0
BRDA:42,8,1,8
BRDA:42,9,0,0
BRDA:42,9,1,8
BRDA:46,10,0,8
BRDA:46,10,1,0
BRDA:46,11,0,8
BRDA:46,11,1,8
BRDA:48,12,0,0
BRDA:48,12,1,8
BRDA:48,13,0,8
BRDA:48,13,1,1
BRF:25
BRH:18
end_of_record
TN:
SF:src/components/calendar/activity-form-mapping.ts
FN:10,defaultFormValues
FN:29,activityToFormValues
FN:50,formValuesToInput
FNF:3
FNH:3
FNDA:24,defaultFormValues
FNDA:10,activityToFormValues
FNDA:8,formValuesToInput
DA:11,24
DA:12,24
DA:13,24
DA:30,10
DA:31,10
DA:32,10
DA:33,10
DA:51,8
DA:52,8
DA:53,8
DA:54,8
LF:11
LH:11
BRDA:10,0,0,2
BRDA:12,1,0,24
BRDA:12,1,1,2
BRDA:14,2,0,24
BRDA:14,2,1,23
BRDA:16,3,0,24
BRDA:16,3,1,5
BRDA:18,4,0,24
BRDA:18,4,1,4
BRDA:29,5,0,7
BRDA:29,6,0,9
BRDA:35,7,0,10
BRDA:35,7,1,9
BRDA:38,8,0,9
BRDA:38,8,1,1
BRDA:52,9,0,1
BRDA:52,9,1,7
BRDA:53,10,0,1
BRDA:53,10,1,7
BRDA:56,11,0,1
BRDA:56,11,1,7
BRDA:62,12,0,0
BRDA:62,12,1,8
BRDA:63,13,0,8
BRDA:63,13,1,7
BRDA:64,14,0,8
BRDA:64,14,1,7
BRDA:65,15,0,8
BRDA:65,15,1,7
BRDA:66,16,0,8
BRDA:66,16,1,7
BRF:31
BRH:30
end_of_record
TN:
SF:src/components/calendar/activity-form.tsx
FN:39,ActivityForm
FN:63,(anonymous_1)
FN:72,(anonymous_2)
FN:90,(anonymous_3)
FN:93,(anonymous_4)
FN:105,(anonymous_5)
FN:112,(anonymous_6)
FN:120,(anonymous_7)
FN:126,(anonymous_8)
FN:127,(anonymous_9)
FN:136,(anonymous_10)
FN:154,(anonymous_11)
FN:164,(anonymous_12)
FN:168,(anonymous_13)
FN:171,(anonymous_14)
FN:187,(anonymous_15)
FN:191,(anonymous_16)
FN:198,(anonymous_17)
FN:223,(anonymous_18)
FN:224,(anonymous_19)
FN:233,(anonymous_20)
FN:234,(anonymous_21)
FN:245,(anonymous_22)
FN:246,(anonymous_23)
FNF:24
FNH:10
FNDA:38,ActivityForm
FNDA:3,(anonymous_1)
FNDA:45,(anonymous_2)
FNDA:38,(anonymous_3)
FNDA:0,(anonymous_4)
FNDA:0,(anonymous_5)
FNDA:38,(anonymous_6)
FNDA:0,(anonymous_7)
FNDA:40,(anonymous_8)
FNDA:0,(anonymous_9)
FNDA:43,(anonymous_10)
FNDA:38,(anonymous_11)
FNDA:0,(anonymous_12)
FNDA:0,(anonymous_13)
FNDA:0,(anonymous_14)
FNDA:0,(anonymous_15)
FNDA:38,(anonymous_16)
FNDA:41,(anonymous_17)
FNDA:0,(anonymous_18)
FNDA:0,(anonymous_19)
FNDA:0,(anonymous_20)
FNDA:0,(anonymous_21)
FNDA:0,(anonymous_22)
FNDA:0,(anonymous_23)
DA:51,38
DA:52,38
DA:56,38
DA:57,38
DA:58,38
DA:59,38
DA:60,38
DA:61,38
DA:63,38
DA:65,38
DA:73,45
DA:91,38
DA:94,0
DA:96,0
DA:105,0
DA:112,38
DA:120,0
DA:127,40
DA:137,43
DA:155,38
DA:165,0
DA:169,0
DA:172,0
DA:173,0
DA:187,0
DA:191,38
DA:199,41
DA:223,0
DA:225,0
DA:226,0
DA:233,0
DA:235,0
DA:236,0
DA:237,0
DA:238,0
DA:245,0
DA:247,0
DA:248,0
DA:255,1
LF:39
LH:19
BRDA:45,0,0,36
BRDA:49,1,0,38
BRDA:67,2,0,2
BRDA:67,2,1,36
BRDA:94,3,0,0
BRDA:94,3,1,0
BRDA:96,4,0,0
BRDA:96,4,1,0
BRDA:115,5,0,36
BRDA:115,5,1,2
BRDA:160,6,0,0
BRDA:160,6,1,38
BRDA:173,7,0,0
BRDA:173,7,1,0
BRDA:206,8,0,3
BRDA:206,8,1,38
BRF:16
BRH:9
end_of_record
TN:
SF:src/components/calendar/activity-style.ts
FN:5,activityColor
FN:10,tint
FN:12,(anonymous_2)
FNF:3
FNH:3
FNDA:16,activityColor
FNDA:250,tint
FNDA:3,(anonymous_2)
DA:6,16
DA:11,250
DA:12,250
DA:13,250
DA:14,250
DA:15,250
DA:16,250
LF:7
LH:7
BRDA:6,0,0,16
BRDA:6,0,1,1
BRDA:10,1,0,3
BRDA:12,2,0,1
BRDA:12,2,1,249
BRF:5
BRH:5
end_of_record
TN:
SF:src/components/calendar/apply-filters.ts
FN:5,applyFilters
FN:8,(anonymous_1)
FNF:2
FNH:2
FNDA:6,applyFilters
FNDA:8,(anonymous_1)
DA:6,6
DA:7,4
DA:9,8
LF:3
LH:3
BRDA:6,0,0,2
BRDA:6,0,1,4
BRDA:9,1,0,8
BRDA:9,1,1,3
BRDA:9,1,2,6
BRDA:9,1,3,3
BRF:6
BRH:6
end_of_record
TN:
SF:src/components/calendar/calendar-header.tsx
FN:29,CalendarHeader
FN:47,(anonymous_1)
FN:54,(anonymous_2)
FN:55,(anonymous_3)
FN:77,(anonymous_4)
FN:80,(anonymous_5)
FN:97,(anonymous_6)
FN:98,(anonymous_7)
FN:104,(anonymous_8)
FN:105,(anonymous_9)
FN:110,(anonymous_10)
FNF:11
FNH:7
FNDA:13,CalendarHeader
FNDA:17,(anonymous_1)
FNDA:1,(anonymous_2)
FNDA:13,(anonymous_3)
FNDA:13,(anonymous_4)
FNDA:1,(anonymous_5)
FNDA:0,(anonymous_6)
FNDA:0,(anonymous_7)
FNDA:0,(anonymous_8)
FNDA:39,(anonymous_9)
FNDA:0,(anonymous_10)
DA:10,1
DA:40,13
DA:41,13
DA:42,13
DA:43,13
DA:44,13
DA:46,13
DA:47,17
DA:49,13
DA:54,1
DA:55,13
DA:77,13
DA:80,1
DA:97,0
DA:99,0
DA:100,0
DA:104,0
DA:106,39
DA:111,0
DA:112,0
DA:121,1
LF:21
LH:15
BRDA:38,0,0,0
BRDA:46,1,0,10
BRDA:46,1,1,3
BRDA:46,2,0,2
BRDA:46,2,1,1
BRDA:47,3,0,13
BRDA:47,3,1,0
BRDA:55,4,0,0
BRDA:55,4,1,13
BRDA:56,5,0,13
BRDA:56,5,1,0
BRDA:63,6,0,13
BRDA:63,6,1,0
BRDA:77,7,0,0
BRDA:77,7,1,13
BRDA:83,8,0,13
BRDA:83,8,1,0
BRDA:84,9,0,1
BRDA:84,9,1,12
BRDA:87,10,0,1
BRDA:87,10,1,12
BRDA:108,11,0,13
BRDA:108,11,1,26
BRF:23
BRH:16
end_of_record
TN:
SF:src/components/calendar/day-view.tsx
FN:17,DayView
FN:18,(anonymous_1)
FN:19,(anonymous_2)
FNF:3
FNH:0
FNDA:0,DayView
FNDA:0,(anonymous_1)
FNDA:0,(anonymous_2)
DA:18,0
DA:19,0
DA:20,0
LF:3
LH:0
BRF:0
BRH:0
end_of_record
TN:
SF:src/components/calendar/derived.ts
FN:8,isDerivedActivity
FN:12,(anonymous_1)
FN:33,workoutsToActivities
FN:35,(anonymous_3)
FN:36,(anonymous_4)
FN:58,nombreDe
FN:70,birthdaysToActivities
FN:106,cumpleañerosDe
FN:113,esHoyCumpleaños
FNF:9
FNH:9
FNDA:5,isDerivedActivity
FNDA:17,(anonymous_1)
FNDA:30,workoutsToActivities
FNDA:9,(anonymous_3)
FNDA:8,(anonymous_4)
FNDA:9,nombreDe
FNDA:33,birthdaysToActivities
FNDA:24,cumpleañerosDe
FNDA:3,esHoyCumpleaños
DA:4,2
DA:5,2
DA:9,5
DA:12,17
DA:34,30
DA:35,9
DA:37,8
DA:38,8
DA:39,8
DA:59,9
DA:75,33
DA:76,33
DA:78,33
DA:79,16
DA:80,11
DA:81,11
DA:83,11
DA:84,12
DA:85,12
DA:86,11
DA:88,9
DA:102,33
DA:107,24
DA:108,24
DA:109,24
DA:114,3
DA:115,2
DA:116,2
LF:28
LH:28
BRDA:9,0,0,5
BRDA:9,0,1,4
BRDA:38,1,0,8
BRDA:38,1,1,7
BRDA:41,2,0,8
BRDA:41,2,1,7
BRDA:59,3,0,9
BRDA:59,3,1,1
BRDA:79,4,0,5
BRDA:79,4,1,11
BRDA:81,5,0,0
BRDA:81,5,1,11
BRDA:81,6,0,11
BRDA:81,6,1,11
BRDA:85,7,0,1
BRDA:85,7,1,11
BRDA:86,8,0,2
BRDA:86,8,1,9
BRDA:86,9,0,11
BRDA:86,9,1,10
BRDA:107,10,0,2
BRDA:107,10,1,22
BRDA:108,11,0,6
BRDA:108,11,1,1
BRDA:113,12,0,1
BRDA:114,13,0,1
BRDA:114,13,1,2
BRDA:116,14,0,2
BRDA:116,14,1,2
BRF:29
BRH:28
end_of_record
TN:
SF:src/components/calendar/due-reminders-banner.tsx
FN:13,DueRemindersBanner
FN:18,(anonymous_1)
FN:20,(anonymous_2)
FN:21,(anonymous_3)
FN:22,(anonymous_4)
FN:26,(anonymous_5)
FN:26,(anonymous_6)
FN:34,(anonymous_7)
FN:40,(anonymous_8)
FN:47,(anonymous_9)
FN:47,(anonymous_10)
FNF:11
FNH:10
FNDA:12,DueRemindersBanner
FNDA:10,(anonymous_1)
FNDA:10,(anonymous_2)
FNDA:0,(anonymous_3)
FNDA:10,(anonymous_4)
FNDA:12,(anonymous_5)
FNDA:17,(anonymous_6)
FNDA:11,(anonymous_7)
FNDA:1,(anonymous_8)
FNDA:2,(anonymous_9)
FNDA:2,(anonymous_10)
DA:14,12
DA:15,12
DA:16,12
DA:17,12
DA:18,12
DA:20,12
DA:21,10
DA:22,10
DA:25,12
DA:26,17
DA:30,12
DA:32,8
DA:35,11
DA:40,1
DA:47,2
DA:56,1
LF:16
LH:16
BRDA:26,0,0,12
BRDA:26,0,1,0
BRDA:26,1,0,17
BRDA:26,1,1,16
BRDA:30,2,0,4
BRDA:30,2,1,8
BRDA:30,3,0,12
BRDA:30,3,1,11
BRF:8
BRH:7
end_of_record
TN:
SF:src/components/calendar/filter-sheet.tsx
FN:10,FilterSheet
FN:24,(anonymous_1)
FN:24,(anonymous_2)
FN:33,(anonymous_3)
FN:39,(anonymous_4)
FN:50,(anonymous_5)
FN:59,(anonymous_6)
FNF:7
FNH:7
FNDA:15,FilterSheet
FNDA:6,(anonymous_1)
FNDA:2,(anonymous_2)
FNDA:105,(anonymous_3)
FNDA:3,(anonymous_4)
FNDA:28,(anonymous_5)
FNDA:3,(anonymous_6)
DA:23,15
DA:24,15
DA:26,15
DA:34,105
DA:39,3
DA:51,28
DA:52,28
DA:59,3
DA:74,1
LF:9
LH:9
BRDA:24,0,0,2
BRDA:24,0,1,4
BRDA:50,1,0,15
BRDA:50,1,1,1
BRDA:58,2,0,2
BRDA:58,2,1,26
BRDA:67,3,0,8
BRDA:67,3,1,7
BRF:8
BRH:8
end_of_record
TN:
SF:src/components/calendar/group-by-day.ts
FN:14,groupByDay
FN:27,(anonymous_1)
FNF:2
FNH:2
FNDA:32,groupByDay
FNDA:5,(anonymous_1)
DA:15,32
DA:16,32
DA:17,20
DA:18,20
DA:19,20
DA:20,24
DA:21,24
DA:22,24
DA:23,19
DA:26,32
DA:27,19
DA:29,32
LF:12
LH:12
BRDA:22,0,0,5
BRDA:22,0,1,19
BRDA:27,1,0,5
BRDA:27,1,1,4
BRF:4
BRH:4
end_of_record
TN:
SF:src/components/calendar/index.ts
FNF:0
FNH:0
LF:0
LH:0
BRF:0
BRH:0
end_of_record
TN:
SF:src/components/calendar/layout-blocks.ts
FN:29,layoutDay
FN:31,(anonymous_1)
FN:32,(anonymous_2)
FN:33,(anonymous_3)
FN:34,(anonymous_4)
FN:35,(anonymous_5)
FN:41,(anonymous_6)
FN:42,(anonymous_7)
FN:49,(anonymous_8)
FN:49,(anonymous_9)
FNF:10
FNH:10
FNDA:35,layoutDay
FNDA:36,(anonymous_1)
FNDA:34,(anonymous_2)
FNDA:34,(anonymous_3)
FNDA:33,(anonymous_4)
FNDA:13,(anonymous_5)
FNDA:24,(anonymous_6)
FNDA:33,(anonymous_7)
FNDA:11,(anonymous_8)
FNDA:10,(anonymous_9)
DA:30,35
DA:31,36
DA:32,34
DA:33,34
DA:34,33
DA:35,13
DA:37,35
DA:38,35
DA:39,35
DA:41,35
DA:42,33
DA:43,33
DA:44,24
DA:47,35
DA:48,33
DA:49,33
DA:50,33
DA:51,33
DA:52,33
DA:53,33
DA:55,35
DA:56,35
LF:22
LH:22
BRDA:29,0,0,14
BRDA:35,1,0,13
BRDA:35,1,1,5
BRDA:48,2,0,4
BRDA:48,2,1,29
BRDA:48,3,0,33
BRDA:48,3,1,13
BRDA:55,4,0,20
BRDA:55,4,1,15
BRF:9
BRH:9
end_of_record
TN:
SF:src/components/calendar/month-view.tsx
FN:51,DayCell
FN:66,(anonymous_1)
FN:67,(anonymous_2)
FN:94,(anonymous_3)
FN:101,(anonymous_4)
FN:125,(anonymous_5)
FN:155,MonthView
FN:157,(anonymous_7)
FN:158,(anonymous_8)
FN:160,(anonymous_9)
FN:162,(anonymous_10)
FN:166,(anonymous_11)
FN:168,(anonymous_12)
FN:171,(anonymous_13)
FN:198,(anonymous_14)
FN:209,(anonymous_15)
FN:213,(anonymous_16)
FNF:17
FNH:16
FNDA:756,DayCell
FNDA:2,(anonymous_1)
FNDA:756,(anonymous_2)
FNDA:0,(anonymous_3)
FNDA:4,(anonymous_4)
FNDA:2,(anonymous_5)
FNDA:18,MonthView
FNDA:9,(anonymous_7)
FNDA:2,(anonymous_8)
FNDA:9,(anonymous_9)
FNDA:54,(anonymous_10)
FNDA:9,(anonymous_11)
FNDA:9,(anonymous_12)
FNDA:18,(anonymous_13)
FNDA:126,(anonymous_14)
FNDA:108,(anonymous_15)
FNDA:756,(anonymous_16)
DA:14,1
DA:15,1
DA:18,1
DA:20,1
DA:21,1
DA:22,1
DA:24,1
DA:26,1
DA:27,1
DA:28,1
DA:30,1
DA:51,1
DA:52,756
DA:53,756
DA:54,756
DA:57,756
DA:58,756
DA:59,756
DA:60,756
DA:62,756
DA:66,2
DA:67,756
DA:95,0
DA:102,4
DA:103,4
DA:104,4
DA:126,2
DA:156,18
DA:157,18
DA:158,18
DA:160,18
DA:161,9
DA:162,54
DA:165,18
DA:166,18
DA:167,9
DA:168,9
DA:171,18
DA:172,18
DA:173,18
DA:174,18
DA:175,18
DA:176,18
DA:177,18
DA:178,18
DA:181,18
DA:182,18
DA:193,18
DA:195,18
DA:199,126
DA:210,108
DA:214,756
DA:238,1
LF:53
LH:52
BRDA:57,0,0,1
BRDA:57,0,1,755
BRDA:57,1,0,756
BRDA:57,1,1,756
BRDA:58,2,0,0
BRDA:58,2,1,756
BRDA:58,3,0,1
BRDA:58,3,1,755
BRDA:59,4,0,1
BRDA:59,4,1,755
BRDA:60,5,0,751
BRDA:60,5,1,5
BRDA:60,6,0,4
BRDA:60,6,1,1
BRDA:69,7,0,18
BRDA:69,7,1,738
BRDA:69,8,0,216
BRDA:69,8,1,522
BRDA:70,9,0,0
BRDA:70,9,1,756
BRDA:78,10,0,18
BRDA:78,10,1,738
BRDA:84,11,0,18
BRDA:84,11,1,738
BRDA:84,12,0,522
BRDA:84,12,1,216
BRDA:85,13,0,18
BRDA:85,13,1,738
BRDA:91,14,0,0
BRDA:91,14,1,756
BRDA:92,15,0,0
BRDA:92,15,1,0
BRDA:103,16,0,4
BRDA:103,16,1,4
BRDA:109,17,0,0
BRDA:109,17,1,4
BRDA:110,18,0,0
BRDA:110,18,1,4
BRDA:112,19,0,4
BRDA:112,19,1,0
BRDA:113,20,0,0
BRDA:113,20,1,4
BRDA:113,21,0,4
BRDA:113,21,1,0
BRDA:123,22,0,1
BRDA:123,22,1,755
BRDA:168,23,0,0
BRDA:168,23,1,9
BRDA:168,24,0,9
BRDA:168,24,1,0
BRDA:181,25,0,9
BRDA:181,25,1,9
BRDA:187,26,0,18
BRDA:187,26,1,9
BRDA:202,27,0,36
BRDA:202,27,1,90
BRDA:212,28,0,90
BRDA:212,28,1,18
BRDA:218,29,0,648
BRDA:218,29,1,108
BRDA:224,30,0,378
BRDA:224,30,1,378
BRDA:224,31,0,378
BRDA:224,31,1,373
BRF:64
BRH:52
end_of_record
TN:
SF:src/components/calendar/overlay.ts
FN:5,isOverlayActivity
FN:19,blocksToActivities
FN:25,(anonymous_2)
FN:27,(anonymous_3)
FN:28,(anonymous_4)
FNF:5
FNH:5
FNDA:7,isOverlayActivity
FNDA:11,blocksToActivities
FNDA:5,(anonymous_2)
FNDA:13,(anonymous_3)
FNDA:11,(anonymous_4)
DA:3,2
DA:6,7
DA:25,11
DA:26,11
DA:27,13
DA:28,11
LF:6
LH:6
BRDA:23,0,0,6
BRDA:32,1,0,11
BRDA:32,1,1,5
BRF:3
BRH:3
end_of_record
TN:
SF:src/components/calendar/people-tabs.tsx
FN:21,PersonTab
FN:29,(anonymous_1)
FN:50,PeopleTabs
FN:54,(anonymous_3)
FN:59,(anonymous_4)
FN:65,(anonymous_5)
FN:71,(anonymous_6)
FN:72,(anonymous_7)
FNF:8
FNH:8
FNDA:31,PersonTab
FNDA:31,(anonymous_1)
FNDA:13,PeopleTabs
FNDA:20,(anonymous_3)
FNDA:18,(anonymous_4)
FNDA:1,(anonymous_5)
FNDA:1,(anonymous_6)
FNDA:13,(anonymous_7)
DA:22,31
DA:23,31
DA:29,31
DA:51,13
DA:52,13
DA:53,13
DA:54,20
DA:56,13
DA:60,18
DA:65,1
DA:71,1
DA:72,13
DA:83,1
LF:13
LH:13
BRDA:33,0,0,18
BRDA:33,0,1,13
BRDA:36,1,0,0
BRDA:36,1,1,31
BRDA:38,2,0,18
BRDA:38,2,1,13
BRDA:39,3,0,18
BRDA:39,3,1,13
BRDA:54,4,0,13
BRDA:54,4,1,1
BRDA:54,5,0,20
BRDA:54,5,1,19
BRDA:62,6,0,18
BRDA:62,6,1,1
BRDA:72,7,0,0
BRDA:72,7,1,13
BRF:16
BRH:14
end_of_record
TN:
SF:src/components/calendar/recurrence-field.tsx
FN:21,RecurrenceField
FN:37,(anonymous_1)
FN:61,(anonymous_2)
FN:69,(anonymous_3)
FN:70,(anonymous_4)
FN:85,(anonymous_5)
FN:88,(anonymous_6)
FN:94,(anonymous_7)
FN:95,(anonymous_8)
FNF:9
FNH:8
FNDA:66,RecurrenceField
FNDA:5,(anonymous_1)
FNDA:56,(anonymous_2)
FNDA:3,(anonymous_3)
FNDA:3,(anonymous_4)
FNDA:2,(anonymous_5)
FNDA:3,(anonymous_6)
FNDA:0,(anonymous_7)
FNDA:2,(anonymous_8)
DA:11,2
DA:18,2
DA:32,66
DA:33,66
DA:34,66
DA:35,66
DA:37,66
DA:38,5
DA:39,4
DA:42,66
DA:62,56
DA:63,56
DA:70,3
DA:71,3
DA:85,2
DA:88,3
DA:94,0
DA:97,2
DA:98,2
DA:107,2
LF:20
LH:19
BRDA:33,0,0,66
BRDA:33,0,1,41
BRDA:38,1,0,1
BRDA:38,1,1,4
BRDA:39,2,0,2
BRDA:39,2,1,2
BRDA:39,3,0,1
BRDA:39,3,1,1
BRDA:39,4,0,4
BRDA:39,4,1,3
BRDA:47,5,0,3
BRDA:47,5,1,63
BRDA:53,6,0,24
BRDA:53,6,1,42
BRDA:53,7,0,66
BRDA:53,7,1,25
BRDA:59,8,0,8
BRDA:59,8,1,58
BRDA:59,9,0,66
BRDA:59,9,1,9
BRDA:70,10,0,2
BRDA:70,10,1,1
BRDA:71,11,0,2
BRDA:71,11,1,1
BRDA:79,12,0,24
BRDA:79,12,1,42
BRDA:79,13,0,66
BRDA:79,13,1,25
BRDA:83,14,0,11
BRDA:83,14,1,13
BRDA:85,15,0,1
BRDA:85,15,1,1
BRDA:87,16,0,11
BRDA:87,16,1,13
BRDA:92,17,0,11
BRDA:92,17,1,13
BRDA:97,18,0,1
BRDA:97,18,1,1
BRF:38
BRH:38
end_of_record
TN:
SF:src/components/calendar/reminders-field.tsx
FN:22,offsetDesde
FN:25,(anonymous_1)
FN:37,RemindersField
FN:43,(anonymous_3)
FN:44,(anonymous_4)
FN:44,(anonymous_5)
FN:47,(anonymous_6)
FN:47,(anonymous_7)
FN:52,(anonymous_8)
FN:54,(anonymous_9)
FN:68,(anonymous_10)
FN:73,(anonymous_11)
FN:76,(anonymous_12)
FN:77,(anonymous_13)
FN:83,(anonymous_14)
FN:87,(anonymous_15)
FN:101,(anonymous_16)
FNF:17
FNH:16
FNDA:72,offsetDesde
FNDA:23,(anonymous_1)
FNDA:61,RemindersField
FNDA:4,(anonymous_3)
FNDA:2,(anonymous_4)
FNDA:1,(anonymous_5)
FNDA:11,(anonymous_6)
FNDA:40,(anonymous_7)
FNDA:1,(anonymous_8)
FNDA:1,(anonymous_9)
FNDA:305,(anonymous_10)
FNDA:3,(anonymous_11)
FNDA:1,(anonymous_12)
FNDA:1,(anonymous_13)
FNDA:6,(anonymous_14)
FNDA:0,(anonymous_15)
FNDA:244,(anonymous_16)
DA:12,2
DA:20,2
DA:23,72
DA:24,72
DA:25,23
DA:26,10
DA:38,61
DA:39,61
DA:40,61
DA:41,61
DA:43,61
DA:44,4
DA:47,61
DA:49,61
DA:50,61
DA:52,61
DA:53,1
DA:54,1
DA:55,1
DA:56,1
DA:59,61
DA:69,305
DA:73,3
DA:77,1
DA:83,6
DA:87,0
DA:101,244
DA:117,2
LF:28
LH:27
BRDA:24,0,0,62
BRDA:24,0,1,10
BRDA:24,1,0,72
BRDA:24,1,1,13
BRDA:25,2,0,10
BRDA:25,2,1,0
BRDA:26,3,0,2
BRDA:26,3,1,8
BRDA:44,4,0,2
BRDA:44,4,1,2
BRDA:50,5,0,61
BRDA:50,5,1,3
BRDA:53,6,0,0
BRDA:53,6,1,1
BRDA:54,7,0,1
BRDA:54,7,1,0
BRDA:102,8,0,3
BRDA:102,8,1,58
BRDA:103,9,0,1
BRDA:103,9,1,2
BRDA:104,10,0,1
BRDA:104,10,1,2
BRDA:106,11,0,1
BRDA:106,11,1,57
BRDA:111,12,0,61
BRDA:111,12,1,3
BRF:26
BRH:23
end_of_record
TN:
SF:src/components/calendar/theme-field.tsx
FN:12,ThemeField
FN:16,(anonymous_1)
FN:24,(anonymous_2)
FN:30,(anonymous_3)
FN:31,(anonymous_4)
FNF:5
FNH:1
FNDA:38,ThemeField
FNDA:0,(anonymous_1)
FNDA:0,(anonymous_2)
FNDA:0,(anonymous_3)
FNDA:0,(anonymous_4)
DA:13,38
DA:14,38
DA:15,38
DA:16,38
DA:18,38
DA:24,0
DA:30,0
DA:32,0
DA:33,0
LF:9
LH:5
BRDA:16,0,0,38
BRDA:16,0,1,38
BRDA:22,1,0,38
BRDA:22,1,1,38
BRDA:25,2,0,38
BRDA:25,2,1,38
BRDA:25,3,0,38
BRDA:25,3,1,38
BRF:8
BRH:8
end_of_record
TN:
SF:src/components/calendar/theme-picker.tsx
FN:12,normalize
FN:17,ThemePicker
FN:34,(anonymous_2)
FN:38,(anonymous_3)
FN:38,(anonymous_4)
FN:39,(anonymous_5)
FN:49,(anonymous_6)
FN:50,(anonymous_7)
FN:58,(anonymous_8)
FN:67,(anonymous_9)
FN:75,(anonymous_10)
FN:76,(anonymous_11)
FN:102,(anonymous_12)
FNF:13
FNH:13
FNDA:106,normalize
FNDA:63,ThemePicker
FNDA:63,(anonymous_2)
FNDA:56,(anonymous_3)
FNDA:24,(anonymous_4)
FNDA:56,(anonymous_5)
FNDA:1,(anonymous_6)
FNDA:25,(anonymous_7)
FNDA:126,(anonymous_8)
FNDA:55,(anonymous_9)
FNDA:1,(anonymous_10)
FNDA:55,(anonymous_11)
FNDA:1,(anonymous_12)
DA:13,106
DA:28,63
DA:29,63
DA:30,63
DA:31,63
DA:32,63
DA:34,63
DA:35,63
DA:36,63
DA:37,8
DA:38,56
DA:39,56
DA:42,63
DA:49,1
DA:50,25
DA:59,126
DA:68,55
DA:69,55
DA:75,1
DA:76,55
DA:103,1
DA:104,1
DA:111,2
LF:23
LH:23
BRDA:36,0,0,55
BRDA:36,0,1,8
BRDA:38,1,0,24
BRDA:38,1,1,19
BRDA:50,2,0,0
BRDA:50,2,1,25
BRDA:53,3,0,61
BRDA:53,3,1,2
BRDA:56,4,0,1
BRDA:56,4,1,62
BRDA:78,5,0,2
BRDA:78,5,1,53
BRDA:78,6,0,2
BRDA:78,6,1,53
BRDA:79,7,0,0
BRDA:79,7,1,55
BRDA:92,8,0,1
BRDA:92,8,1,62
BRDA:92,9,0,63
BRDA:92,9,1,24
BRF:20
BRH:18
end_of_record
TN:
SF:src/components/calendar/timeline.tsx
FN:22,(anonymous_0)
FN:24,(anonymous_1)
FN:35,useNowMinutes
FN:36,(anonymous_3)
FN:37,(anonymous_4)
FN:38,(anonymous_5)
FN:39,(anonymous_6)
FN:71,DayColumn
FN:87,(anonymous_8)
FN:91,(anonymous_9)
FN:98,(anonymous_10)
FN:99,(anonymous_11)
FN:108,(anonymous_12)
FN:143,Timeline
FN:159,(anonymous_14)
FN:163,(anonymous_15)
FN:165,(anonymous_16)
FN:166,(anonymous_17)
FN:172,(anonymous_18)
FN:172,(anonymous_19)
FN:172,(anonymous_20)
FN:175,(anonymous_21)
FN:182,(anonymous_22)
FN:207,(anonymous_23)
FN:209,(anonymous_24)
FN:221,(anonymous_25)
FN:240,(anonymous_26)
FNF:27
FNH:26
FNDA:24,(anonymous_0)
FNDA:48,(anonymous_1)
FNDA:11,useNowMinutes
FNDA:11,(anonymous_3)
FNDA:11,(anonymous_4)
FNDA:0,(anonymous_5)
FNDA:11,(anonymous_6)
FNDA:17,DayColumn
FNDA:17,(anonymous_8)
FNDA:816,(anonymous_9)
FNDA:1,(anonymous_10)
FNDA:816,(anonymous_11)
FNDA:7,(anonymous_12)
FNDA:11,Timeline
FNDA:17,(anonymous_14)
FNDA:11,(anonymous_15)
FNDA:10,(anonymous_16)
FNDA:11,(anonymous_17)
FNDA:11,(anonymous_18)
FNDA:17,(anonymous_19)
FNDA:8,(anonymous_20)
FNDA:17,(anonymous_21)
FNDA:7,(anonymous_22)
FNDA:1,(anonymous_23)
FNDA:1,(anonymous_24)
FNDA:264,(anonymous_25)
FNDA:17,(anonymous_26)
DA:22,24
DA:24,48
DA:25,1
DA:26,1
DA:31,1
DA:32,1
DA:36,11
DA:37,11
DA:38,11
DA:39,11
DA:41,11
DA:71,1
DA:83,17
DA:84,17
DA:85,17
DA:86,17
DA:87,17
DA:89,17
DA:92,816
DA:93,816
DA:98,1
DA:99,816
DA:109,7
DA:110,7
DA:111,7
DA:153,11
DA:154,11
DA:155,11
DA:156,11
DA:158,11
DA:159,17
DA:160,11
DA:163,11
DA:164,11
DA:165,11
DA:166,11
DA:171,11
DA:172,17
DA:175,17
DA:177,11
DA:183,7
DA:184,7
DA:208,1
DA:210,1
DA:222,264
DA:241,17
DA:260,1
LF:47
LH:47
BRDA:102,0,0,408
BRDA:102,0,1,408
BRDA:103,1,0,0
BRDA:103,1,1,816
BRDA:133,2,0,0
BRDA:133,2,1,17
BRDA:148,3,0,11
BRDA:149,4,0,11
BRDA:150,5,0,11
BRDA:164,6,0,0
BRDA:164,6,1,11
BRDA:172,7,0,17
BRDA:172,7,1,11
BRDA:179,8,0,1
BRDA:179,8,1,10
BRDA:189,9,0,0
BRDA:189,9,1,7
BRDA:190,10,0,0
BRDA:190,10,1,7
BRDA:200,11,0,1
BRDA:200,11,1,10
BRDA:209,12,0,1
BRDA:209,12,1,0
BRDA:228,13,0,0
BRDA:228,13,1,11
BRDA:245,14,0,17
BRDA:245,14,1,11
BRDA:249,15,0,0
BRDA:249,15,1,17
BRF:29
BRH:21
end_of_record
TN:
SF:src/components/calendar/visibility-field.tsx
FN:28,VisibilityField
FN:43,(anonymous_1)
FN:45,(anonymous_2)
FN:47,(anonymous_3)
FN:48,(anonymous_4)
FN:85,(anonymous_5)
FN:94,(anonymous_6)
FN:95,(anonymous_7)
FNF:8
FNH:8
FNDA:19,VisibilityField
FNDA:34,(anonymous_1)
FNDA:33,(anonymous_2)
FNDA:2,(anonymous_3)
FNDA:1,(anonymous_4)
FNDA:16,(anonymous_5)
FNDA:2,(anonymous_6)
FNDA:16,(anonymous_7)
DA:10,2
DA:41,19
DA:42,19
DA:43,34
DA:45,33
DA:47,19
DA:48,2
DA:51,19
DA:59,19
DA:86,16
DA:87,16
DA:88,16
DA:94,2
DA:95,16
DA:137,2
LF:15
LH:15
BRDA:43,0,0,19
BRDA:43,0,1,0
BRDA:48,1,0,1
BRDA:48,1,1,1
BRDA:51,2,0,2
BRDA:51,2,1,17
BRDA:53,3,0,10
BRDA:53,3,1,7
BRDA:55,4,0,6
BRDA:55,4,1,1
BRDA:62,5,0,2
BRDA:62,5,1,17
BRDA:78,6,0,10
BRDA:78,6,1,9
BRDA:79,7,0,2
BRDA:79,7,1,8
BRDA:87,8,0,16
BRDA:87,8,1,4
BRDA:93,9,0,16
BRDA:93,9,1,0
BRDA:97,10,0,4
BRDA:97,10,1,12
BRDA:98,11,0,0
BRDA:98,11,1,16
BRDA:103,12,0,16
BRDA:103,12,1,0
BRDA:105,13,0,1
BRDA:105,13,1,15
BRDA:105,14,0,16
BRDA:105,14,1,4
BRDA:111,15,0,4
BRDA:111,15,1,12
BRDA:119,16,0,1
BRDA:119,16,1,18
BRDA:125,17,0,17
BRDA:125,17,1,2
BRF:36
BRH:32
end_of_record
TN:
SF:src/components/calendar/week-view.tsx
FN:19,WeekView
FN:21,(anonymous_1)
FN:22,(anonymous_2)
FNF:3
FNH:0
FNDA:0,WeekView
FNDA:0,(anonymous_1)
FNDA:0,(anonymous_2)
DA:20,0
DA:21,0
DA:22,0
DA:23,0
LF:4
LH:0
BRDA:29,0,0,0
BRDA:29,0,1,0
BRF:2
BRH:0
end_of_record
TN:
SF:src/components/calendar/workout-draft.tsx
FN:20,emptyExercise
FN:33,(anonymous_1)
FN:38,DraftCard
FN:57,(anonymous_3)
FN:75,(anonymous_4)
FN:76,(anonymous_5)
FN:77,(anonymous_6)
FN:84,(anonymous_7)
FN:89,(anonymous_8)
FN:90,(anonymous_9)
FN:105,(anonymous_10)
FN:114,(anonymous_11)
FN:122,(anonymous_12)
FN:145,WorkoutDraft
FN:150,(anonymous_14)
FN:151,(anonymous_15)
FN:184,(anonymous_16)
FN:190,(anonymous_17)
FN:191,(anonymous_18)
FN:191,(anonymous_19)
FN:199,(anonymous_20)
FNF:21
FNH:9
FNDA:2,emptyExercise
FNDA:0,(anonymous_1)
FNDA:5,DraftCard
FNDA:0,(anonymous_3)
FNDA:1,(anonymous_4)
FNDA:0,(anonymous_5)
FNDA:0,(anonymous_6)
FNDA:0,(anonymous_7)
FNDA:0,(anonymous_8)
FNDA:0,(anonymous_9)
FNDA:0,(anonymous_10)
FNDA:0,(anonymous_11)
FNDA:0,(anonymous_12)
FNDA:15,WorkoutDraft
FNDA:1,(anonymous_14)
FNDA:2,(anonymous_15)
FNDA:5,(anonymous_16)
FNDA:1,(anonymous_17)
FNDA:0,(anonymous_18)
FNDA:0,(anonymous_19)
FNDA:2,(anonymous_20)
DA:18,2
DA:21,2
DA:22,2
DA:33,2
DA:34,0
DA:35,0
DA:51,5
DA:52,5
DA:55,5
DA:57,0
DA:61,5
DA:75,1
DA:76,0
DA:77,0
DA:85,0
DA:89,0
DA:90,0
DA:105,0
DA:114,0
DA:122,0
DA:146,15
DA:147,15
DA:148,15
DA:150,15
DA:151,2
DA:153,15
DA:154,6
DA:172,9
DA:185,5
DA:190,1
DA:191,0
DA:199,2
DA:205,2
LF:33
LH:21
BRDA:35,0,0,0
BRDA:35,0,1,0
BRDA:35,1,0,0
BRDA:35,1,1,0
BRDA:55,2,0,0
BRDA:55,2,1,5
BRDA:55,3,0,5
BRDA:55,3,1,0
BRDA:57,4,0,0
BRDA:57,4,1,0
BRDA:82,5,0,0
BRDA:82,5,1,5
BRDA:92,6,0,0
BRDA:92,6,1,0
BRDA:104,7,0,5
BRDA:104,7,1,0
BRDA:113,8,0,5
BRDA:113,8,1,0
BRDA:114,9,0,0
BRDA:114,9,1,0
BRDA:121,10,0,5
BRDA:121,10,1,0
BRDA:122,11,0,0
BRDA:122,11,1,0
BRDA:148,12,0,15
BRDA:148,12,1,0
BRDA:151,13,0,1
BRDA:151,13,1,1
BRDA:153,14,0,6
BRDA:153,14,1,9
BRDA:153,15,0,15
BRDA:153,15,1,7
BRDA:163,16,0,2
BRDA:163,16,1,4
BRDA:165,17,0,1
BRDA:165,17,1,3
BRDA:196,18,0,5
BRDA:196,18,1,4
BRF:38
BRH:19
end_of_record
TN:
SF:src/components/fitness/exercise-card.tsx
FN:19,(anonymous_0)
FN:25,ExerciseCard
FN:35,(anonymous_2)
FN:45,(anonymous_3)
FN:86,(anonymous_4)
FN:87,(anonymous_5)
FN:97,(anonymous_6)
FN:102,(anonymous_7)
FN:106,(anonymous_8)
FN:114,(anonymous_9)
FN:117,(anonymous_10)
FN:122,(anonymous_11)
FN:125,(anonymous_12)
FN:128,(anonymous_13)
FNF:14
FNH:12
FNDA:3,(anonymous_0)
FNDA:26,ExerciseCard
FNDA:16,(anonymous_2)
FNDA:3,(anonymous_3)
FNDA:2,(anonymous_4)
FNDA:0,(anonymous_5)
FNDA:2,(anonymous_6)
FNDA:1,(anonymous_7)
FNDA:2,(anonymous_8)
FNDA:3,(anonymous_9)
FNDA:1,(anonymous_10)
FNDA:1,(anonymous_11)
FNDA:0,(anonymous_12)
FNDA:1,(anonymous_13)
DA:19,1
DA:20,3
DA:21,3
DA:25,1
DA:26,26
DA:27,26
DA:28,26
DA:29,26
DA:30,26
DA:31,26
DA:32,26
DA:33,26
DA:35,26
DA:36,16
DA:37,16
DA:38,16
DA:39,16
DA:40,16
DA:41,16
DA:44,26
DA:45,3
DA:48,26
DA:49,1
DA:55,1
DA:72,25
DA:86,2
DA:88,0
DA:89,0
DA:98,2
DA:103,1
DA:104,1
DA:106,2
DA:114,3
DA:117,1
DA:122,1
DA:125,0
DA:128,1
DA:133,1
LF:38
LH:35
BRDA:21,0,0,1
BRDA:21,0,1,2
BRDA:21,1,0,3
BRDA:21,1,1,2
BRDA:25,2,0,25
BRDA:28,3,0,26
BRDA:28,3,1,1
BRDA:29,4,0,26
BRDA:29,4,1,1
BRDA:30,5,0,26
BRDA:30,5,1,1
BRDA:31,6,0,26
BRDA:31,6,1,26
BRDA:32,7,0,26
BRDA:32,7,1,26
BRDA:37,8,0,16
BRDA:37,8,1,1
BRDA:38,9,0,16
BRDA:38,9,1,1
BRDA:39,10,0,16
BRDA:39,10,1,1
BRDA:40,11,0,16
BRDA:40,11,1,16
BRDA:41,12,0,16
BRDA:41,12,1,16
BRDA:44,13,0,3
BRDA:44,13,1,23
BRDA:44,14,0,26
BRDA:44,14,1,3
BRDA:45,15,0,3
BRDA:45,15,1,3
BRDA:48,16,0,1
BRDA:48,16,1,25
BRDA:50,17,0,1
BRDA:50,17,1,0
BRDA:51,18,0,1
BRDA:51,18,1,0
BRDA:53,19,0,0
BRDA:53,19,1,1
BRDA:58,20,0,1
BRDA:58,20,1,0
BRDA:63,21,0,0
BRDA:63,21,1,1
BRDA:78,22,0,25
BRDA:78,22,1,1
BRDA:89,23,0,0
BRDA:89,23,1,0
BRDA:89,24,0,0
BRDA:89,24,1,0
BRDA:95,25,0,2
BRDA:95,25,1,23
BRDA:106,26,0,0
BRDA:106,26,1,2
BRDA:117,27,0,1
BRDA:117,27,1,1
BRDA:122,28,0,1
BRDA:122,28,1,0
BRDA:128,29,0,1
BRDA:128,29,1,0
BRF:59
BRH:47
end_of_record
TN:
SF:src/components/ui/action-row.tsx
FN:10,ActionRow
FN:31,(anonymous_1)
FNF:2
FNH:2
FNDA:84,ActionRow
FNDA:84,(anonymous_1)
DA:23,84
DA:24,84
DA:31,84
DA:40,32
LF:4
LH:4
BRDA:14,0,0,56
BRDA:31,1,0,0
BRDA:31,1,1,84
BRDA:31,2,0,1
BRDA:31,2,1,83
BRF:5
BRH:4
end_of_record
TN:
SF:src/components/ui/app-text.tsx
FN:13,AppText
FNF:1
FNH:1
FNDA:11181,AppText
DA:20,11181
DA:21,11181
DA:35,43
LF:3
LH:3
BRDA:14,0,0,774
BRDA:15,1,0,2420
BRDA:16,2,0,9138
BRDA:27,3,0,2043
BRDA:27,3,1,9138
BRF:5
BRH:5
end_of_record
TN:
SF:src/components/ui/avatar.tsx
FN:20,Avatar
FN:39,(anonymous_1)
FNF:2
FNH:2
FNDA:161,Avatar
FNDA:315,(anonymous_1)
DA:21,161
DA:23,161
DA:25,161
DA:26,0
DA:35,161
DA:36,161
DA:39,315
DA:41,161
DA:52,32
LF:9
LH:8
BRDA:20,0,0,54
BRDA:25,1,0,0
BRDA:25,1,1,161
BRDA:35,2,0,161
BRDA:35,2,1,6
BRDA:45,3,0,120
BRDA:45,3,1,41
BRF:7
BRH:6
end_of_record
TN:
SF:src/components/ui/banner.tsx
FN:18,Banner
FNF:1
FNH:1
FNDA:31,Banner
DA:11,32
DA:19,31
DA:20,31
DA:21,31
DA:33,32
LF:5
LH:5
BRDA:18,0,0,3
BRDA:26,1,0,13
BRDA:26,1,1,18
BRF:3
BRH:3
end_of_record
TN:
SF:src/components/ui/button.tsx
FN:33,Button
FN:52,(anonymous_1)
FNF:2
FNH:2
FNDA:724,Button
FNDA:724,(anonymous_1)
DA:26,34
DA:42,724
DA:43,724
DA:44,724
DA:46,724
DA:52,724
DA:75,34
LF:7
LH:7
BRDA:35,0,0,328
BRDA:36,1,0,481
BRDA:44,2,0,724
BRDA:44,2,1,664
BRDA:54,3,0,632
BRDA:54,3,1,92
BRDA:55,4,0,44
BRDA:55,4,1,680
BRDA:56,5,0,0
BRDA:56,5,1,724
BRDA:57,6,0,71
BRDA:57,6,1,653
BRDA:61,7,0,11
BRDA:61,7,1,713
BRF:14
BRH:13
end_of_record
TN:
SF:src/components/ui/chip.tsx
FN:10,Chip
FN:34,(anonymous_1)
FNF:2
FNH:2
FNDA:818,Chip
FNDA:818,(anonymous_1)
DA:26,818
DA:27,818
DA:28,818
DA:34,818
DA:48,32
LF:5
LH:5
BRDA:16,0,0,761
BRDA:27,1,0,818
BRDA:27,1,1,443
BRDA:36,2,0,57
BRDA:36,2,1,761
BRDA:37,3,0,75
BRDA:37,3,1,743
BRDA:37,4,0,75
BRDA:37,4,1,743
BRDA:38,5,0,0
BRDA:38,5,1,818
BRDA:41,6,0,75
BRDA:41,6,1,743
BRF:13
BRH:12
end_of_record
TN:
SF:src/components/ui/date-input-sheet.tsx
FN:13,fechaDesde
FN:32,DateInputSheet
FN:59,Campos
FN:80,(anonymous_3)
FN:104,(anonymous_4)
FNF:5
FNH:5
FNDA:47,fechaDesde
FNDA:107,DateInputSheet
FNDA:39,Campos
FNDA:92,(anonymous_3)
FNDA:3,(anonymous_4)
DA:14,47
DA:15,47
DA:16,47
DA:17,47
DA:18,23
DA:19,22
DA:22,22
DA:23,14
DA:48,107
DA:68,39
DA:69,39
DA:70,39
DA:72,39
DA:73,39
DA:74,39
DA:80,92
DA:82,39
DA:104,3
DA:109,31
LF:19
LH:19
BRDA:17,0,0,24
BRDA:17,0,1,23
BRDA:17,1,0,47
BRDA:17,1,1,36
BRDA:17,1,2,29
BRDA:18,2,0,1
BRDA:18,2,1,22
BRDA:18,3,0,23
BRDA:18,3,1,22
BRDA:22,4,0,8
BRDA:22,4,1,14
BRDA:22,5,0,22
BRDA:22,5,1,21
BRDA:22,5,2,14
BRDA:68,6,0,12
BRDA:68,6,1,27
BRDA:69,7,0,12
BRDA:69,7,1,27
BRDA:70,8,0,12
BRDA:70,8,1,27
BRDA:73,9,0,39
BRDA:73,9,1,12
BRDA:73,9,2,1
BRDA:74,10,0,39
BRDA:74,10,1,12
BRDA:96,11,0,11
BRDA:96,11,1,28
BRDA:98,12,0,6
BRDA:98,12,1,22
BRDA:100,13,0,1
BRDA:100,13,1,5
BRDA:104,14,0,3
BRDA:104,14,1,3
BRF:33
BRH:33
end_of_record
TN:
SF:src/components/ui/date-picker-sheet.tsx
FN:14,DatePickerSheet
FN:34,(anonymous_1)
FN:38,(anonymous_2)
FN:43,(anonymous_3)
FN:50,(anonymous_4)
FN:59,(anonymous_5)
FN:60,(anonymous_6)
FNF:7
FNH:4
FNDA:85,DatePickerSheet
FNDA:0,(anonymous_1)
FNDA:0,(anonymous_2)
FNDA:595,(anonymous_3)
FNDA:3570,(anonymous_4)
FNDA:0,(anonymous_5)
FNDA:42,(anonymous_6)
DA:27,85
DA:28,85
DA:29,85
DA:31,85
DA:34,0
DA:38,0
DA:44,595
DA:51,3570
DA:52,3570
DA:53,3570
DA:59,0
DA:60,42
DA:74,31
LF:13
LH:10
BRDA:19,0,0,72
BRDA:60,1,0,0
BRDA:60,1,1,42
BRDA:61,2,0,85
BRDA:61,2,1,3485
BRDA:61,3,0,85
BRDA:61,3,1,3400
BRDA:62,4,0,85
BRDA:62,4,1,3485
BRDA:62,5,0,2465
BRDA:62,5,1,1020
BRF:11
BRH:10
end_of_record
TN:
SF:src/components/ui/dimension-dots.tsx
FN:7,DimensionDots
FN:10,(anonymous_1)
FNF:2
FNH:2
FNDA:3,DimensionDots
FNDA:21,(anonymous_1)
DA:8,3
DA:11,21
DA:20,32
LF:3
LH:3
BRDA:7,0,0,2
BRF:1
BRH:1
end_of_record
TN:
SF:src/components/ui/fab.tsx
FN:9,Fab
FN:19,(anonymous_1)
FNF:2
FNH:2
FNDA:25,Fab
FNDA:25,(anonymous_1)
DA:10,25
DA:11,25
DA:12,25
DA:14,25
DA:19,25
DA:29,32
LF:6
LH:6
BRDA:9,0,0,24
BRDA:12,1,0,0
BRDA:12,1,1,25
BRDA:22,2,0,0
BRDA:22,2,1,25
BRF:5
BRH:3
end_of_record
TN:
SF:src/components/ui/field-button.tsx
FN:10,FieldButton
FN:39,(anonymous_1)
FNF:2
FNH:2
FNDA:196,FieldButton
FNDA:196,(anonymous_1)
DA:27,196
DA:28,196
DA:39,196
DA:59,32
LF:4
LH:4
BRDA:13,0,0,157
BRDA:35,1,0,196
BRDA:35,1,1,45
BRDA:41,2,0,1
BRDA:41,2,1,195
BRDA:42,3,0,0
BRDA:42,3,1,196
BRDA:43,4,0,1
BRDA:43,4,1,195
BRDA:46,5,0,151
BRDA:46,5,1,45
BRDA:47,6,0,196
BRDA:47,6,1,45
BRDA:50,7,0,1
BRDA:50,7,1,195
BRF:15
BRH:14
end_of_record
TN:
SF:src/components/ui/icon-button.tsx
FN:7,IconButton
FN:28,(anonymous_1)
FNF:2
FNH:2
FNDA:498,IconButton
FNDA:498,(anonymous_1)
DA:20,498
DA:28,498
DA:34,33
LF:3
LH:3
BRDA:28,0,0,0
BRDA:28,0,1,498
BRDA:28,1,0,1
BRDA:28,1,1,497
BRF:4
BRH:3
end_of_record
TN:
SF:src/components/ui/icon.tsx
FN:14,ThemeIcon
FNF:1
FNH:1
FNDA:1500,ThemeIcon
DA:15,1500
DA:16,1500
LF:2
LH:2
BRDA:14,0,0,0
BRDA:15,1,0,1434
BRDA:15,1,1,66
BRF:3
BRH:2
end_of_record
TN:
SF:src/components/ui/index.ts
FNF:0
FNH:0
LF:0
LH:0
BRF:0
BRH:0
end_of_record
TN:
SF:src/components/ui/screen.tsx
FN:32,Screen
FNF:1
FNH:1
FNDA:433,Screen
DA:33,433
DA:34,433
DA:35,433
DA:38,433
DA:70,433
DA:71,63
DA:74,370
DA:91,31
LF:8
LH:8
BRDA:32,0,0,43
BRDA:32,1,0,63
BRDA:32,2,0,326
BRDA:32,3,0,246
BRDA:35,4,0,187
BRDA:35,4,1,246
BRDA:35,5,0,433
BRDA:35,5,1,187
BRDA:48,6,0,370
BRDA:48,6,1,63
BRDA:50,7,0,107
BRDA:50,7,1,326
BRDA:70,8,0,63
BRDA:70,8,1,370
BRDA:77,9,0,370
BRDA:77,9,1,0
BRDA:81,10,0,107
BRDA:81,10,1,263
BRF:18
BRH:17
end_of_record
TN:
SF:src/components/ui/segmented.tsx
FN:11,Segmented
FN:28,(anonymous_1)
FN:36,(anonymous_2)
FN:37,(anonymous_3)
FNF:4
FNH:4
FNDA:250,Segmented
FNDA:758,(anonymous_1)
FNDA:12,(anonymous_2)
FNDA:758,(anonymous_3)
DA:23,250
DA:24,250
DA:29,758
DA:30,758
DA:36,12
DA:37,758
DA:53,32
LF:7
LH:7
BRDA:15,0,0,178
BRDA:26,1,0,72
BRDA:26,1,1,178
BRDA:39,2,0,216
BRDA:39,2,1,542
BRDA:40,3,0,250
BRDA:40,3,1,508
BRDA:41,4,0,0
BRDA:41,4,1,758
BRDA:43,5,0,250
BRDA:43,5,1,508
BRF:11
BRH:10
end_of_record
TN:
SF:src/components/ui/settings-row.tsx
FN:18,SettingsGroup
FN:30,(anonymous_1)
FN:67,SettingsRow
FN:123,(anonymous_3)
FNF:4
FNH:4
FNDA:517,SettingsGroup
FNDA:897,(anonymous_1)
FNDA:833,SettingsRow
FNDA:389,(anonymous_3)
DA:11,32
DA:12,32
DA:19,517
DA:20,517
DA:22,517
DA:31,897
DA:68,833
DA:69,833
DA:70,833
DA:73,833
DA:98,833
DA:99,72
DA:109,761
DA:110,372
DA:117,389
DA:123,389
DA:129,32
LF:17
LH:17
BRDA:24,0,0,442
BRDA:24,0,1,75
BRDA:32,1,0,380
BRDA:32,1,1,517
BRDA:37,2,0,154
BRDA:37,2,1,363
BRDA:67,3,0,761
BRDA:67,4,0,666
BRDA:69,5,0,72
BRDA:69,5,1,761
BRDA:70,6,0,833
BRDA:70,6,1,390
BRDA:79,7,0,461
BRDA:79,7,1,372
BRDA:85,8,0,833
BRDA:85,8,1,616
BRDA:87,9,0,339
BRDA:87,9,1,277
BRDA:92,10,0,389
BRDA:92,10,1,227
BRDA:98,11,0,72
BRDA:98,11,1,761
BRDA:100,12,0,0
BRDA:100,12,1,72
BRDA:109,13,0,372
BRDA:109,13,1,389
BRDA:111,14,0,71
BRDA:111,14,1,301
BRDA:111,15,0,123
BRDA:111,15,1,249
BRDA:120,16,0,217
BRDA:120,16,1,172
BRDA:123,17,0,0
BRDA:123,17,1,389
BRF:34
BRH:32
end_of_record
TN:
SF:src/components/ui/sheet.tsx
FN:29,useKeyboardHeight
FN:31,(anonymous_1)
FN:33,(anonymous_2)
FN:36,(anonymous_3)
FN:37,(anonymous_4)
FN:46,Sheet
FNF:6
FNH:4
FNDA:707,useKeyboardHeight
FNDA:390,(anonymous_1)
FNDA:0,(anonymous_2)
FNDA:0,(anonymous_3)
FNDA:390,(anonymous_4)
FNDA:707,Sheet
DA:14,32
DA:30,707
DA:31,707
DA:32,390
DA:33,390
DA:34,0
DA:36,390
DA:37,390
DA:38,390
DA:39,390
DA:42,707
DA:47,707
DA:48,707
DA:49,707
DA:50,707
DA:51,707
DA:52,707
DA:54,707
DA:91,32
LF:19
LH:18
BRDA:33,0,0,390
BRDA:33,0,1,0
BRDA:36,1,0,390
BRDA:36,1,1,0
BRDA:46,2,0,619
BRDA:50,3,0,707
BRDA:50,3,1,0
BRDA:55,4,0,0
BRDA:55,4,1,707
BRDA:56,5,0,0
BRDA:56,5,1,707
BRDA:61,6,0,0
BRDA:61,6,1,707
BRDA:66,7,0,0
BRDA:66,7,1,707
BRDA:67,8,0,0
BRDA:67,8,1,707
BRDA:67,9,0,707
BRDA:67,9,1,707
BRDA:71,10,0,707
BRDA:71,10,1,0
BRDA:72,11,0,694
BRDA:72,11,1,13
BRF:23
BRH:14
end_of_record
TN:
SF:src/components/ui/states.tsx
FN:11,LoadingState
FN:23,EmptyState
FN:50,ErrorState
FN:62,Skeleton
FNF:4
FNH:4
FNDA:18,LoadingState
FNDA:40,EmptyState
FNDA:20,ErrorState
FNDA:8,Skeleton
DA:12,18
DA:13,18
DA:34,40
DA:51,20
DA:52,20
DA:63,8
DA:64,8
DA:67,32
LF:8
LH:8
BRDA:11,0,0,10
BRDA:40,1,0,34
BRDA:40,1,1,6
BRDA:56,2,0,17
BRDA:56,2,1,3
BRF:5
BRH:5
end_of_record
TN:
SF:src/components/ui/switch-row.tsx
FN:22,Toggle
FN:36,(anonymous_1)
FN:40,(anonymous_2)
FN:44,(anonymous_3)
FN:56,(anonymous_4)
FN:57,(anonymous_5)
FN:66,SwitchRow
FNF:7
FNH:7
FNDA:260,Toggle
FNDA:260,(anonymous_1)
FNDA:260,(anonymous_2)
FNDA:260,(anonymous_3)
FNDA:9,(anonymous_4)
FNDA:260,(anonymous_5)
FNDA:110,SwitchRow
DA:9,32
DA:10,32
DA:11,32
DA:12,32
DA:13,32
DA:14,32
DA:33,260
DA:34,260
DA:35,260
DA:36,260
DA:40,260
DA:44,260
DA:49,260
DA:56,9
DA:57,260
DA:77,110
DA:92,32
LF:17
LH:17
BRDA:26,0,0,259
BRDA:36,1,0,0
BRDA:36,1,1,260
BRDA:36,2,0,0
BRDA:36,2,1,0
BRDA:36,3,0,165
BRDA:36,3,1,95
BRDA:57,4,0,0
BRDA:57,4,1,260
BRDA:57,5,0,1
BRDA:57,5,1,259
BRDA:81,6,0,57
BRDA:81,6,1,53
BRF:13
BRH:9
end_of_record
TN:
SF:src/components/ui/text-field.tsx
FN:18,TextField
FN:46,(anonymous_1)
FN:50,(anonymous_2)
FN:62,(anonymous_3)
FN:62,(anonymous_4)
FN:63,(anonymous_5)
FNF:6
FNH:6
FNDA:695,TextField
FNDA:3,(anonymous_1)
FNDA:12,(anonymous_2)
FNDA:2,(anonymous_3)
FNDA:2,(anonymous_4)
FNDA:43,(anonymous_5)
DA:18,32
DA:22,695
DA:23,695
DA:24,695
DA:26,695
DA:27,695
DA:29,695
DA:47,3
DA:48,3
DA:51,12
DA:52,12
DA:62,2
DA:63,43
DA:86,32
DA:88,32
LF:15
LH:15
BRDA:19,0,0,652
BRDA:19,1,0,693
BRDA:26,2,0,11
BRDA:26,2,1,684
BRDA:26,3,0,4
BRDA:26,3,1,680
BRDA:27,4,0,695
BRDA:27,4,1,684
BRDA:38,5,0,2
BRDA:38,5,1,693
BRDA:57,6,0,43
BRDA:57,6,1,652
BRDA:60,7,0,42
BRDA:60,7,1,1
BRDA:63,8,0,0
BRDA:63,8,1,43
BRDA:64,9,0,42
BRDA:64,9,1,1
BRDA:72,10,0,51
BRDA:72,10,1,644
BRDA:75,11,0,11
BRDA:75,11,1,40
BRDA:76,12,0,11
BRDA:76,12,1,40
BRDA:86,13,0,0
BRDA:86,13,1,32
BRF:26
BRH:24
end_of_record
TN:
SF:src/components/ui/time-picker-sheet.tsx
FN:14,(anonymous_0)
FN:16,(anonymous_1)
FN:18,(anonymous_2)
FN:20,Column
FN:35,(anonymous_4)
FN:42,(anonymous_5)
FN:49,(anonymous_6)
FN:66,(anonymous_7)
FN:68,(anonymous_8)
FN:73,(anonymous_9)
FN:85,TimePickerBody
FN:86,(anonymous_11)
FN:87,(anonymous_12)
FN:102,(anonymous_13)
FN:108,TimePickerSheet
FNF:15
FNH:14
FNDA:768,(anonymous_0)
FNDA:1920,(anonymous_1)
FNDA:680,(anonymous_2)
FNDA:34,Column
FNDA:22,(anonymous_4)
FNDA:340,(anonymous_5)
FNDA:6,(anonymous_6)
FNDA:442,(anonymous_7)
FNDA:80,(anonymous_8)
FNDA:0,(anonymous_9)
FNDA:17,TimePickerBody
FNDA:11,(anonymous_11)
FNDA:11,(anonymous_12)
FNDA:2,(anonymous_13)
FNDA:88,TimePickerSheet
DA:12,32
DA:13,32
DA:14,768
DA:16,1920
DA:18,680
DA:31,34
DA:32,34
DA:33,34
DA:35,34
DA:36,22
DA:41,34
DA:43,340
DA:44,340
DA:49,6
DA:60,34
DA:66,442
DA:68,80
DA:74,0
DA:75,0
DA:76,0
DA:86,17
DA:87,17
DA:88,17
DA:90,17
DA:102,2
DA:121,88
DA:129,32
LF:27
LH:24
BRDA:51,0,0,22
BRDA:51,0,1,318
BRDA:51,1,0,22
BRDA:51,1,1,318
BRDA:76,2,0,0
BRDA:76,2,1,0
BRDA:76,3,0,0
BRDA:76,3,1,0
BRDA:113,4,0,11
BRDA:124,5,0,11
BRDA:124,5,1,77
BRF:11
BRH:7
end_of_record
TN:
SF:src/components/ui/wordmark.tsx
FN:27,Wordmark
FNF:1
FNH:1
FNDA:85,Wordmark
DA:28,85
DA:29,85
DA:33,85
DA:72,32
DA:74,32
LF:5
LH:5
BRDA:27,0,0,6
BRDA:27,1,0,85
BRDA:27,2,0,4
BRDA:27,3,0,83
BRDA:29,4,0,2
BRDA:29,4,1,83
BRDA:34,5,0,2
BRDA:34,5,1,83
BRDA:52,6,0,26
BRDA:52,6,1,59
BRDA:57,7,0,26
BRDA:57,7,1,25
BRF:12
BRH:12
end_of_record
TN:
SF:src/constants/demo.ts
FNF:0
FNH:0
DA:7,42
LF:1
LH:1
BRF:0
BRH:0
end_of_record
TN:
SF:src/constants/dimensions.ts
FN:29,(anonymous_0)
FNF:1
FNH:1
FNDA:1792,(anonymous_0)
DA:18,256
DA:28,256
DA:29,1792
LF:3
LH:3
BRF:0
BRH:0
end_of_record
TN:
SF:src/constants/icons.ts
FN:97,isThemeIconName
FNF:1
FNH:1
FNDA:1500,isThemeIconName
DA:49,31
DA:95,31
DA:98,1500
DA:102,31
LF:4
LH:4
BRDA:98,0,0,1500
BRDA:98,0,1,1465
BRF:2
BRH:2
end_of_record
TN:
SF:src/constants/nobi.ts
FN:114,nobiIdDesde
FN:117,(anonymous_1)
FN:121,nobiSource
FN:123,(anonymous_3)
FN:127,nobiUrl
FNF:5
FNH:5
FNDA:1610,nobiIdDesde
FNDA:74,(anonymous_1)
FNDA:165,nobiSource
FNDA:40,(anonymous_3)
FNDA:5,nobiUrl
DA:21,33
DA:30,33
DA:115,1610
DA:116,4
DA:117,74
DA:122,165
DA:123,165
DA:128,5
LF:8
LH:8
BRDA:115,0,0,1606
BRDA:115,0,1,4
BRDA:117,1,0,3
BRDA:117,1,1,1
BRDA:123,2,0,2
BRDA:123,2,1,163
BRDA:123,3,0,2
BRDA:123,3,1,0
BRF:8
BRH:7
end_of_record
TN:
SF:src/constants/people-colors.ts
FN:39,assignPeopleColors
FN:51,(anonymous_1)
FN:62,nextAvailableColor
FN:64,(anonymous_3)
FNF:4
FNH:4
FNDA:17,assignPeopleColors
FNDA:137,(anonymous_1)
FNDA:4,nextAvailableColor
FNDA:16,(anonymous_3)
DA:16,5
DA:28,5
DA:30,5
DA:40,17
DA:41,17
DA:43,17
DA:44,35
DA:45,3
DA:46,3
DA:49,17
DA:50,35
DA:51,137
DA:53,32
DA:54,32
DA:55,32
DA:58,17
DA:63,4
DA:64,16
LF:18
LH:18
BRDA:44,0,0,32
BRDA:44,0,1,3
BRDA:50,1,0,3
BRDA:50,1,1,32
BRDA:53,2,0,32
BRDA:53,2,1,5
BRDA:53,2,2,0
BRDA:64,3,0,4
BRDA:64,3,1,1
BRF:9
BRH:8
end_of_record
TN:
SF:src/constants/reminders.ts
FN:12,describeOffset
FN:13,(anonymous_1)
FNF:2
FNH:2
FNDA:19,describeOffset
FNDA:75,(anonymous_1)
DA:2,6
DA:10,6
DA:13,75
DA:14,19
DA:15,9
DA:16,8
DA:17,7
LF:7
LH:7
BRDA:14,0,0,10
BRDA:14,0,1,9
BRDA:15,1,0,1
BRDA:15,1,1,8
BRDA:16,2,0,1
BRDA:16,2,1,7
BRF:6
BRH:6
end_of_record
TN:
SF:src/constants/theme.ts
FNF:0
FNH:0
DA:16,46
DA:17,46
DA:19,46
DA:61,46
DA:75,46
DA:83,46
DA:89,46
DA:99,46
DA:112,46
DA:123,46
DA:132,46
DA:136,46
DA:137,46
DA:140,46
DA:146,46
DA:149,46
DA:152,46
LF:17
LH:17
BRF:0
BRH:0
end_of_record
TN:
SF:src/constants/themes.ts
FN:33,(anonymous_0)
FNF:1
FNH:1
FNDA:4294,(anonymous_0)
DA:6,226
DA:33,4294
DA:41,226
LF:3
LH:3
BRF:0
BRH:0
end_of_record
TN:
SF:src/hooks/use-activities-range.ts
FN:11,(anonymous_0)
FN:13,(anonymous_1)
FN:17,useActivitiesRange
FN:23,(anonymous_3)
FN:25,(anonymous_4)
FN:30,usePrefetchAdjacentRanges
FN:34,(anonymous_6)
FN:42,(anonymous_7)
FNF:8
FNH:8
FNDA:12,(anonymous_0)
FNDA:6,(anonymous_1)
FNDA:5,useActivitiesRange
FNDA:2,(anonymous_3)
FNDA:15,(anonymous_4)
FNDA:3,usePrefetchAdjacentRanges
FNDA:3,(anonymous_6)
FNDA:4,(anonymous_7)
DA:9,4
DA:12,12
DA:13,6
DA:18,5
DA:19,5
DA:20,5
DA:21,5
DA:23,2
DA:25,15
DA:31,3
DA:32,3
DA:34,3
DA:35,3
DA:36,2
DA:37,4
DA:38,4
DA:39,4
DA:40,4
DA:42,4
LF:19
LH:19
BRDA:35,0,0,1
BRDA:35,0,1,2
BRF:2
BRH:2
end_of_record
TN:
SF:src/hooks/use-activity.ts
FN:8,useActivity
FN:11,(anonymous_1)
FN:16,useActivityMutations
FN:19,(anonymous_3)
FN:22,(anonymous_4)
FN:27,(anonymous_5)
FN:29,(anonymous_6)
FN:36,(anonymous_7)
FNF:8
FNH:8
FNDA:3,useActivity
FNDA:1,(anonymous_1)
FNDA:18,useActivityMutations
FNDA:5,(anonymous_3)
FNDA:3,(anonymous_4)
FNDA:2,(anonymous_5)
FNDA:2,(anonymous_6)
FNDA:1,(anonymous_7)
DA:9,3
DA:11,1
DA:17,18
DA:18,18
DA:19,18
DA:21,18
DA:22,3
DA:26,18
DA:28,2
DA:30,2
DA:31,2
DA:35,18
DA:36,1
DA:40,18
LF:14
LH:14
BRDA:10,0,0,3
BRDA:10,0,1,1
BRF:2
BRH:2
end_of_record
TN:
SF:src/hooks/use-admin.ts
FN:15,useIsAdmin
FN:19,useAdminStats
FN:24,useAdminAccounts
FNF:3
FNH:0
FNDA:0,useIsAdmin
FNDA:0,useAdminStats
FNDA:0,useAdminAccounts
DA:6,0
DA:16,0
DA:20,0
DA:21,0
DA:25,0
DA:26,0
LF:6
LH:0
BRF:0
BRH:0
end_of_record
TN:
SF:src/hooks/use-auth-actions.ts
FN:15,useSignIn
FN:17,(anonymous_1)
FN:21,useSignUp
FN:23,(anonymous_3)
FN:28,useEmailSignUp
FN:31,(anonymous_5)
FN:35,(anonymous_6)
FN:38,(anonymous_7)
FN:44,useChangePassword
FN:46,(anonymous_9)
FN:51,useResetPassword
FN:53,(anonymous_11)
FN:57,useSignOut
FN:61,(anonymous_13)
FNF:14
FNH:0
FNDA:0,useSignIn
FNDA:0,(anonymous_1)
FNDA:0,useSignUp
FNDA:0,(anonymous_3)
FNDA:0,useEmailSignUp
FNDA:0,(anonymous_5)
FNDA:0,(anonymous_6)
FNDA:0,(anonymous_7)
FNDA:0,useChangePassword
FNDA:0,(anonymous_9)
FNDA:0,useResetPassword
FNDA:0,(anonymous_11)
FNDA:0,useSignOut
FNDA:0,(anonymous_13)
DA:16,0
DA:17,0
DA:22,0
DA:23,0
DA:29,0
DA:32,0
DA:35,0
DA:38,0
DA:45,0
DA:47,0
DA:52,0
DA:53,0
DA:58,0
DA:59,0
DA:61,0
LF:15
LH:0
BRF:0
BRH:0
end_of_record
TN:
SF:src/hooks/use-availability.ts
FN:8,useAvailability
FN:15,(anonymous_1)
FN:18,(anonymous_2)
FNF:3
FNH:0
FNDA:0,useAvailability
FNDA:0,(anonymous_1)
FNDA:0,(anonymous_2)
DA:9,0
DA:10,0
DA:11,0
DA:15,0
DA:16,0
DA:18,0
LF:6
LH:0
BRDA:15,0,0,0
BRDA:15,0,1,0
BRDA:15,1,0,0
BRDA:15,1,1,0
BRDA:19,2,0,0
BRDA:19,2,1,0
BRF:6
BRH:0
end_of_record
TN:
SF:src/hooks/use-brand-fonts.ts
FN:17,useBrandFonts
FNF:1
FNH:0
[...]
BRDA:45,8,0,17
BRDA:45,8,1,8
BRDA:46,9,0,1
BRDA:46,9,1,7
BRDA:53,10,0,5
BRDA:53,10,1,2
BRDA:60,11,0,1
BRDA:60,11,1,3
BRDA:62,12,0,3
BRDA:62,12,1,2
BRDA:63,13,0,1
BRDA:63,13,1,2
BRDA:66,14,0,0
BRDA:66,14,1,0
BRF:30
BRH:27
end_of_record
TN:
SF:src/services/demo/store.ts
FN:44,nextId
FN:61,themeByName
FN:62,(anonymous_2)
FN:67,activity
FN:103,seedActivities
FN:105,(anonymous_5)
FN:136,contactAccount
FN:144,seedOtherActivities
FN:146,(anonymous_8)
FN:175,seedCargaArtificial
FN:194,(anonymous_10)
FN:195,(anonymous_11)
FN:228,emitDataChange
FN:229,(anonymous_13)
FN:232,subscribeDataChanges
FN:234,(anonymous_15)
FN:239,setCurrentUser
FN:241,(anonymous_17)
FN:245,delay
FN:246,(anonymous_19)
FNF:20
FNH:17
FNDA:7725,nextId
FNDA:6780,themeByName
FNDA:65992,(anonymous_2)
FNDA:7006,activity
FNDA:226,seedActivities
FNDA:3616,(anonymous_5)
FNDA:904,contactAccount
FNDA:226,seedOtherActivities
FNDA:2938,(anonymous_8)
FNDA:226,seedCargaArtificial
FNDA:1356,(anonymous_10)
FNDA:1582,(anonymous_11)
FNDA:173,emitDataChange
FNDA:0,(anonymous_13)
FNDA:0,subscribeDataChanges
FNDA:0,(anonymous_15)
FNDA:21,setCurrentUser
FNDA:2,(anonymous_17)
FNDA:409,delay
FNDA:409,(anonymous_19)
DA:43,226
DA:45,7725
DA:46,7725
DA:49,226
DA:51,226
DA:62,65992
DA:63,6780
DA:64,6780
DA:76,7006
DA:77,7006
DA:78,7006
DA:79,7006
DA:80,7006
DA:104,226
DA:105,3616
DA:106,226
DA:129,226
DA:137,904
DA:145,226
DA:146,2938
DA:147,226
DA:148,226
DA:149,226
DA:150,226
DA:176,226
DA:177,226
DA:179,0
DA:180,0
DA:181,0
DA:182,0
DA:185,0
DA:186,0
DA:187,0
DA:189,0
DA:192,226
DA:193,226
DA:194,1356
DA:195,1582
DA:197,226
DA:229,173
DA:233,0
DA:234,0
DA:235,0
DA:240,21
DA:241,21
DA:246,409
LF:46
LH:35
BRDA:63,0,0,0
BRDA:63,0,1,6780
BRDA:73,1,0,3842
BRDA:74,2,0,4068
BRDA:78,3,0,6780
BRDA:78,3,1,226
BRDA:86,4,0,7006
BRDA:86,4,1,226
BRDA:87,5,0,7006
BRDA:87,5,1,226
BRDA:88,6,0,6780
BRDA:88,6,1,226
BRDA:89,7,0,7006
BRDA:89,7,1,226
BRDA:176,8,0,226
BRDA:176,8,1,226
BRDA:177,9,0,226
BRDA:177,9,1,0
BRDA:177,10,0,226
BRDA:177,10,1,0
BRDA:187,11,0,0
BRDA:187,11,1,0
BRDA:245,12,0,275
BRF:23
BRH:18
end_of_record
TN:
SF:src/services/demo/themes.ts
FN:6,ownTheme
FN:7,(anonymous_1)
FN:14,(anonymous_2)
FN:16,(anonymous_3)
FN:16,(anonymous_4)
FN:19,(anonymous_5)
FN:26,(anonymous_6)
FN:30,(anonymous_7)
FN:32,(anonymous_8)
FN:38,(anonymous_9)
FN:41,(anonymous_10)
FN:43,(anonymous_11)
FNF:12
FNH:12
FNDA:7,ownTheme
FNDA:101,(anonymous_1)
FNDA:4,(anonymous_2)
FNDA:78,(anonymous_3)
FNDA:77,(anonymous_4)
FNDA:8,(anonymous_5)
FNDA:4,(anonymous_6)
FNDA:40,(anonymous_7)
FNDA:63,(anonymous_8)
FNDA:3,(anonymous_9)
FNDA:40,(anonymous_10)
FNDA:63,(anonymous_11)
DA:7,101
DA:8,7
DA:9,6
DA:10,4
DA:13,16
DA:15,4
DA:16,78
DA:20,8
DA:21,8
DA:22,8
DA:23,8
DA:27,4
DA:28,4
DA:29,2
DA:30,40
DA:32,2
DA:33,63
DA:35,2
DA:39,3
DA:40,3
DA:41,40
DA:43,63
DA:44,2
LF:23
LH:23
BRDA:8,0,0,1
BRDA:8,0,1,6
BRDA:9,1,0,2
BRDA:9,1,1,4
BRDA:16,2,0,78
BRDA:16,2,1,2
BRDA:29,3,0,2
BRDA:29,3,1,1
BRDA:30,4,0,2
BRDA:30,4,1,38
BRDA:33,5,0,1
BRDA:33,5,1,62
BRDA:43,6,0,1
BRDA:43,6,1,62
BRDA:44,7,0,0
BRDA:44,7,1,2
BRF:16
BRH:15
end_of_record
TN:
SF:src/services/demo/workouts.ts
FN:14,seed
FN:16,(anonymous_1)
FN:38,find
FN:39,(anonymous_3)
FN:45,totalMinutes
FN:47,(anonymous_5)
FN:48,(anonymous_6)
FN:52,enrich
FN:53,(anonymous_8)
FN:57,(anonymous_9)
FN:62,detail
FN:66,(anonymous_11)
FN:67,(anonymous_12)
FN:68,(anonymous_13)
FN:73,detachWorkoutsFromActivities
FN:79,(anonymous_15)
FN:82,(anonymous_16)
FN:83,(anonymous_17)
FN:87,(anonymous_18)
FN:92,(anonymous_19)
FN:94,(anonymous_20)
FN:98,(anonymous_21)
FN:100,(anonymous_22)
FN:117,(anonymous_23)
FN:128,(anonymous_24)
FN:130,(anonymous_25)
FN:136,(anonymous_26)
FN:139,(anonymous_27)
FN:155,(anonymous_28)
FN:157,(anonymous_29)
FN:163,(anonymous_30)
FN:165,(anonymous_31)
FN:169,(anonymous_32)
FN:171,(anonymous_33)
FN:171,(anonymous_34)
FN:174,(anonymous_35)
FN:174,(anonymous_36)
FN:177,(anonymous_37)
FNF:38
FNH:32
FNDA:110,seed
FNDA:110,(anonymous_1)
FNDA:17,find
FNDA:32,(anonymous_3)
FNDA:34,totalMinutes
FNDA:139,(anonymous_5)
FNDA:15,(anonymous_6)
FNDA:34,enrich
FNDA:31,(anonymous_8)
FNDA:139,(anonymous_9)
FNDA:25,detail
FNDA:103,(anonymous_11)
FNDA:1,(anonymous_12)
FNDA:3,(anonymous_13)
FNDA:6,detachWorkoutsFromActivities
FNDA:3,(anonymous_15)
FNDA:7,(anonymous_16)
FNDA:5,(anonymous_17)
FNDA:4,(anonymous_18)
FNDA:1,(anonymous_19)
FNDA:1,(anonymous_20)
FNDA:23,(anonymous_21)
FNDA:3,(anonymous_22)
FNDA:3,(anonymous_23)
FNDA:2,(anonymous_24)
FNDA:4,(anonymous_25)
FNDA:10,(anonymous_26)
FNDA:38,(anonymous_27)
FNDA:2,(anonymous_28)
FNDA:9,(anonymous_29)
FNDA:1,(anonymous_30)
FNDA:5,(anonymous_31)
FNDA:0,(anonymous_32)
FNDA:0,(anonymous_33)
FNDA:0,(anonymous_34)
FNDA:0,(anonymous_35)
FNDA:0,(anonymous_36)
FNDA:0,(anonymous_37)
DA:10,110
DA:11,110
DA:14,110
DA:15,110
DA:16,110
DA:17,110
DA:18,110
DA:19,110
DA:28,110
DA:29,110
DA:35,440
DA:39,32
DA:40,17
DA:41,15
DA:46,34
DA:47,139
DA:48,15
DA:49,34
DA:53,34
DA:54,34
DA:57,139
DA:63,25
DA:66,103
DA:67,1
DA:68,3
DA:74,6
DA:75,6
DA:78,110
DA:80,3
DA:81,3
DA:82,7
DA:83,5
DA:88,4
DA:89,4
DA:93,1
DA:94,1
DA:95,1
DA:99,23
DA:100,23
DA:101,1
DA:103,22
DA:112,22
DA:113,22
DA:114,22
DA:118,3
DA:119,3
DA:120,3
DA:124,3
DA:125,3
DA:129,2
DA:130,4
DA:131,2
DA:132,9
DA:133,2
DA:137,10
DA:138,10
DA:139,38
DA:140,9
DA:151,9
DA:152,9
DA:156,2
DA:157,9
DA:158,2
DA:159,1
DA:160,1
DA:164,1
DA:165,5
DA:166,1
DA:170,0
DA:171,0
DA:172,0
DA:173,0
DA:174,0
DA:178,0
DA:179,0
DA:180,0
DA:185,0
DA:186,0
DA:198,0
DA:199,0
LF:80
LH:68
BRDA:22,0,0,110
BRDA:22,0,1,0
BRDA:40,1,0,2
BRDA:40,1,1,15
BRDA:48,2,0,15
BRDA:48,2,1,10
BRDA:49,3,0,4
BRDA:49,3,1,30
BRDA:53,4,0,1
BRDA:53,4,1,33
BRDA:56,5,0,34
BRDA:56,5,1,34
BRDA:75,6,0,0
BRDA:75,6,1,6
BRDA:75,7,0,6
BRDA:75,7,1,0
BRDA:94,8,0,1
BRDA:94,8,1,0
BRDA:95,9,0,0
BRDA:95,9,1,1
BRDA:100,10,0,1
BRDA:100,10,1,22
BRDA:100,11,0,23
BRDA:100,11,1,2
BRDA:105,12,0,22
BRDA:105,12,1,21
BRDA:107,13,0,22
BRDA:107,13,1,20
BRDA:109,14,0,22
BRDA:109,14,1,19
BRDA:122,15,0,2
BRDA:122,15,1,1
BRDA:131,16,0,2
BRDA:131,16,1,0
BRDA:132,17,0,1
BRDA:132,17,1,8
BRDA:139,18,0,9
BRDA:139,18,1,9
BRDA:145,19,0,9
BRDA:145,19,1,6
BRDA:146,20,0,9
BRDA:146,20,1,6
BRDA:147,21,0,9
BRDA:147,21,1,6
BRDA:148,22,0,9
BRDA:148,22,1,7
BRDA:149,23,0,9
BRDA:149,23,1,9
BRDA:158,24,0,1
BRDA:158,24,1,1
BRDA:159,25,0,0
BRDA:159,25,1,1
BRDA:166,26,0,1
BRDA:166,26,1,0
BRDA:173,27,0,0
BRDA:173,27,1,0
BRDA:173,28,0,0
BRDA:173,28,1,0
BRDA:191,29,0,0
BRDA:191,29,1,0
BRDA:192,30,0,0
BRDA:192,30,1,0
BRDA:193,31,0,0
BRDA:193,31,1,0
BRDA:194,32,0,0
BRDA:194,32,1,0
BRF:66
BRH:46
end_of_record
TN:
SF:src/services/supabase/activities.ts
FN:23,toActivity
FN:37,materialize
FN:42,(anonymous_2)
FN:69,findRoot
FN:76,fetchOne
FN:92,guardarVisores
FN:100,(anonymous_6)
FN:121,(anonymous_7)
FN:137,(anonymous_8)
FN:143,(anonymous_9)
FN:146,(anonymous_10)
FN:154,(anonymous_11)
FN:173,(anonymous_12)
FN:226,(anonymous_13)
FN:278,(anonymous_14)
FNF:15
FNH:14
FNDA:5,toActivity
FNDA:8,materialize
FNDA:1,(anonymous_2)
FNDA:6,findRoot
FNDA:13,fetchOne
FNDA:5,guardarVisores
FNDA:0,(anonymous_6)
FNDA:12,(anonymous_7)
FNDA:5,(anonymous_8)
FNDA:4,(anonymous_9)
FNDA:3,(anonymous_10)
FNDA:5,(anonymous_11)
FNDA:9,(anonymous_12)
FNDA:4,(anonymous_13)
FNDA:3,(anonymous_14)
DA:19,5
DA:24,5
DA:25,5
DA:26,3
DA:38,8
DA:39,8
DA:42,8
DA:44,8
DA:45,8
DA:46,432
DA:47,432
DA:48,431
DA:64,8
DA:65,8
DA:66,8
DA:70,6
DA:71,0
DA:77,13
DA:78,13
DA:79,13
DA:80,10
DA:97,5
DA:98,0
DA:100,0
DA:101,0
DA:104,5
DA:122,12
DA:130,11
DA:137,11
DA:138,11
DA:142,11
DA:143,11
DA:147,3
DA:148,3
DA:149,2
DA:150,1
DA:151,1
DA:156,5
DA:157,5
DA:168,5
DA:169,5
DA:170,5
DA:174,9
DA:175,8
DA:177,8
DA:178,3
DA:182,3
DA:183,3
DA:187,5
DA:188,5
DA:189,5
DA:191,5
DA:194,5
DA:196,5
DA:210,5
DA:215,5
DA:217,5
DA:218,4
DA:219,4
DA:222,5
DA:223,5
DA:227,4
DA:228,2
DA:230,2
DA:231,1
DA:233,1
DA:238,1
DA:239,1
DA:240,1
DA:241,1
DA:244,1
DA:250,0
DA:258,0
DA:259,0
DA:260,0
DA:264,0
DA:265,0
DA:269,0
DA:273,1
DA:274,1
DA:279,3
DA:286,3
DA:288,1
DA:289,1
DA:290,1
DA:291,1
DA:292,1
DA:300,1
DA:301,1
LF:89
LH:78
BRDA:25,0,0,2
BRDA:25,0,1,3
BRDA:26,1,0,3
BRDA:26,1,1,2
BRDA:26,1,2,1
BRDA:47,2,0,1
BRDA:47,2,1,431
BRDA:64,3,0,0
BRDA:64,3,1,8
BRDA:66,4,0,0
BRDA:66,4,1,8
BRDA:70,5,0,6
BRDA:70,5,1,0
BRDA:78,6,0,0
BRDA:78,6,1,13
BRDA:79,7,0,3
BRDA:79,7,1,10
BRDA:97,8,0,5
BRDA:97,8,1,0
BRDA:97,9,0,5
BRDA:97,9,1,0
BRDA:101,10,0,0
BRDA:101,10,1,0
BRDA:138,11,0,4
BRDA:138,11,1,7
BRDA:148,12,0,1
BRDA:148,12,1,2
BRDA:149,13,0,1
BRDA:149,13,1,1
BRDA:163,14,0,4
BRDA:163,14,1,1
BRDA:169,15,0,4
BRDA:169,15,1,1
BRDA:173,16,0,1
BRDA:177,17,0,3
BRDA:177,17,1,5
BRDA:177,18,0,8
BRDA:177,18,1,6
BRDA:177,18,2,1
BRDA:188,19,0,4
BRDA:188,19,1,1
BRDA:189,20,0,0
BRDA:189,20,1,5
BRDA:191,21,0,0
BRDA:191,21,1,5
BRDA:191,22,0,5
BRDA:191,22,1,0
BRDA:203,23,0,4
BRDA:203,23,1,1
BRDA:215,24,0,0
BRDA:215,24,1,5
BRDA:217,25,0,4
BRDA:217,25,1,1
BRDA:223,26,0,5
BRDA:223,26,1,0
BRDA:226,27,0,2
BRDA:230,28,0,1
BRDA:230,28,1,1
BRDA:238,29,0,0
BRDA:238,29,1,1
BRDA:240,30,0,0
BRDA:240,30,1,1
BRDA:244,31,0,0
BRDA:244,31,1,1
BRDA:259,32,0,0
BRDA:259,32,1,0
BRDA:264,33,0,0
BRDA:264,33,1,0
BRDA:269,34,0,0
BRDA:269,34,1,0
BRDA:274,35,0,0
BRDA:274,35,1,1
BRDA:286,36,0,2
BRDA:286,36,1,1
BRDA:291,37,0,0
BRDA:291,37,1,1
BRDA:300,38,0,1
BRDA:300,38,1,0
BRDA:301,39,0,0
BRDA:301,39,1,1
BRF:80
BRH:54
end_of_record
TN:
SF:src/services/supabase/admin.ts
FN:13,(anonymous_0)
FN:21,(anonymous_1)
FNF:2
FNH:2
FNDA:5,(anonymous_0)
FNDA:4,(anonymous_1)
DA:12,5
DA:14,5
DA:15,5
DA:16,4
DA:17,4
DA:18,3
DA:22,4
DA:23,4
DA:24,3
LF:9
LH:9
BRDA:15,0,0,1
BRDA:15,0,1,4
BRDA:17,1,0,1
BRDA:17,1,1,3
BRDA:23,2,0,1
BRDA:23,2,1,3
BRDA:24,3,0,3
BRDA:24,3,1,1
BRF:8
BRH:8
end_of_record
TN:
SF:src/services/supabase/auth.ts
FN:9,toAuthUser
FN:15,(anonymous_1)
FN:24,(anonymous_2)
FN:43,(anonymous_3)
FN:61,(anonymous_4)
FN:74,(anonymous_5)
FN:83,(anonymous_6)
FN:94,(anonymous_7)
FN:102,(anonymous_8)
FN:108,(anonymous_9)
FN:114,(anonymous_10)
FN:120,(anonymous_11)
FN:121,(anonymous_12)
FN:124,(anonymous_13)
FNF:14
FNH:14
FNDA:10,toAuthUser
FNDA:12,(anonymous_1)
FNDA:4,(anonymous_2)
FNDA:3,(anonymous_3)
FNDA:4,(anonymous_4)
FNDA:1,(anonymous_5)
FNDA:3,(anonymous_6)
FNDA:3,(anonymous_7)
FNDA:2,(anonymous_8)
FNDA:2,(anonymous_9)
FNDA:3,(anonymous_10)
FNDA:1,(anonymous_11)
FNDA:2,(anonymous_12)
FNDA:1,(anonymous_13)
DA:10,10
DA:11,7
DA:14,5
DA:16,12
DA:19,12
DA:20,11
DA:25,4
DA:26,4
DA:27,4
DA:29,3
DA:34,3
DA:35,2
DA:44,3
DA:45,3
DA:47,3
DA:48,1
DA:50,2
DA:57,2
DA:62,4
DA:67,4
DA:68,2
DA:69,2
DA:70,1
DA:75,1
DA:76,1
DA:84,3
DA:88,3
DA:89,2
DA:90,2
DA:95,3
DA:96,3
DA:97,1
DA:98,1
DA:99,1
DA:103,2
DA:104,2
DA:109,2
DA:110,2
DA:111,2
DA:115,3
DA:116,3
DA:117,3
DA:121,1
DA:122,2
DA:124,1
LF:45
LH:45
BRDA:10,0,0,3
BRDA:10,0,1,7
BRDA:11,1,0,7
BRDA:11,1,1,1
BRDA:19,2,0,1
BRDA:19,2,1,11
BRDA:27,3,0,1
BRDA:27,3,1,3
BRDA:32,4,0,3
BRDA:32,4,1,0
BRDA:34,5,0,1
BRDA:34,5,1,2
BRDA:47,6,0,1
BRDA:47,6,1,2
BRDA:54,7,0,2
BRDA:54,7,1,1
BRDA:57,8,0,0
BRDA:57,8,1,2
BRDA:67,9,0,2
BRDA:67,9,1,2
BRDA:69,10,0,1
BRDA:69,10,1,1
BRDA:76,11,0,0
BRDA:76,11,1,1
BRDA:88,12,0,1
BRDA:88,12,1,2
BRDA:90,13,0,1
BRDA:90,13,1,1
BRDA:96,14,0,2
BRDA:96,14,1,1
BRDA:98,15,0,0
BRDA:98,15,1,1
BRDA:104,16,0,1
BRDA:104,16,1,1
BRDA:111,17,0,1
BRDA:111,17,1,1
BRDA:116,18,0,0
BRDA:116,18,1,3
BRF:38
BRH:33
end_of_record
TN:
SF:src/services/supabase/errors.ts
FN:4,toError
FN:17,unwrap
FNF:2
FNH:2
FNDA:23,toError
FNDA:137,unwrap
DA:5,23
DA:7,22
DA:8,16
DA:10,6
DA:11,2
DA:13,4
DA:18,137
DA:19,131
DA:20,130
LF:9
LH:9
BRDA:5,0,0,1
BRDA:5,0,1,22
BRDA:7,1,0,16
BRDA:7,1,1,6
BRDA:10,2,0,2
BRDA:10,2,1,4
BRDA:18,3,0,6
BRDA:18,3,1,131
BRDA:19,4,0,1
BRDA:19,4,1,130
BRF:10
BRH:10
end_of_record
TN:
SF:src/services/supabase/profiles.ts
FN:13,toProfileError
FN:24,(anonymous_1)
FN:35,(anonymous_2)
FNF:3
FNH:3
FNDA:4,toProfileError
FNDA:5,(anonymous_1)
FNDA:4,(anonymous_2)
DA:11,5
DA:14,4
DA:16,4
DA:17,3
DA:18,1
DA:20,2
DA:23,5
DA:25,5
DA:30,5
DA:31,4
DA:36,4
DA:42,4
DA:43,1
LF:13
LH:13
BRDA:14,0,0,0
BRDA:14,0,1,4
BRDA:16,1,0,1
BRDA:16,1,1,3
BRDA:17,2,0,1
BRDA:17,2,1,2
BRDA:30,3,0,1
BRDA:30,3,1,4
BRDA:42,4,0,3
BRDA:42,4,1,1
BRF:10
BRH:9
end_of_record
TN:
SF:src/services/supabase/reminders.ts
FN:18,toReminder
FN:20,(anonymous_1)
FN:27,(anonymous_2)
FN:35,(anonymous_3)
FN:39,(anonymous_4)
FN:46,(anonymous_5)
FN:46,(anonymous_6)
FN:52,(anonymous_7)
FN:53,(anonymous_8)
FN:56,(anonymous_9)
FN:67,(anonymous_10)
FN:77,(anonymous_11)
FN:107,(anonymous_12)
FN:123,(anonymous_13)
FNF:14
FNH:14
FNDA:3,toReminder
FNDA:2,(anonymous_1)
FNDA:13,(anonymous_2)
FNDA:3,(anonymous_3)
FNDA:8,(anonymous_4)
FNDA:7,(anonymous_5)
FNDA:3,(anonymous_6)
FNDA:7,(anonymous_7)
FNDA:8,(anonymous_8)
FNDA:4,(anonymous_9)
FNDA:2,(anonymous_10)
FNDA:9,(anonymous_11)
FNDA:8,(anonymous_12)
FNDA:1,(anonymous_13)
DA:19,3
DA:20,3
DA:24,5
DA:26,5
DA:28,13
DA:35,12
DA:40,8
DA:41,8
DA:45,8
DA:46,8
DA:47,8
DA:48,3
DA:49,3
DA:52,8
DA:53,8
DA:54,8
DA:55,4
DA:56,4
DA:58,4
DA:62,7
DA:63,7
DA:68,2
DA:73,2
DA:78,9
DA:79,9
DA:80,9
DA:107,9
DA:108,8
DA:109,8
DA:111,8
DA:114,8
DA:123,9
LF:32
LH:32
BRDA:20,0,0,3
BRDA:20,0,1,2
BRDA:47,1,0,3
BRDA:47,1,1,5
BRDA:49,2,0,0
BRDA:49,2,1,3
BRDA:54,3,0,4
BRDA:54,3,1,4
BRDA:58,4,0,1
BRDA:58,4,1,3
BRDA:73,5,0,1
BRDA:73,5,1,1
BRDA:111,6,0,3
BRDA:111,6,1,5
BRDA:112,7,0,3
BRDA:112,7,1,2
BRDA:112,7,2,1
BRDA:118,8,0,1
BRDA:118,8,1,7
BRF:19
BRH:18
end_of_record
TN:
SF:src/services/supabase/shared.ts
FN:22,(anonymous_0)
FN:30,(anonymous_1)
FN:50,(anonymous_2)
FN:59,(anonymous_3)
FN:61,(anonymous_4)
FN:62,(anonymous_5)
FN:65,(anonymous_6)
FN:70,(anonymous_7)
FN:83,(anonymous_8)
FN:99,(anonymous_9)
FN:105,(anonymous_10)
FN:123,(anonymous_11)
FN:143,(anonymous_12)
FN:154,(anonymous_13)
FN:157,(anonymous_14)
FN:164,(anonymous_15)
FN:176,(anonymous_16)
FN:180,(anonymous_17)
FN:184,(anonymous_18)
FN:196,(anonymous_19)
FN:215,(anonymous_20)
FN:243,(anonymous_21)
FN:246,(anonymous_22)
FN:249,(anonymous_23)
FNF:24
FNH:19
FNDA:5,(anonymous_0)
FNDA:6,(anonymous_1)
FNDA:5,(anonymous_2)
FNDA:1,(anonymous_3)
FNDA:1,(anonymous_4)
FNDA:1,(anonymous_5)
FNDA:0,(anonymous_6)
FNDA:4,(anonymous_7)
FNDA:3,(anonymous_8)
FNDA:1,(anonymous_9)
FNDA:2,(anonymous_10)
FNDA:2,(anonymous_11)
FNDA:0,(anonymous_12)
FNDA:2,(anonymous_13)
FNDA:2,(anonymous_14)
FNDA:3,(anonymous_15)
FNDA:3,(anonymous_16)
FNDA:1,(anonymous_17)
FNDA:3,(anonymous_18)
FNDA:2,(anonymous_19)
FNDA:5,(anonymous_20)
FNDA:0,(anonymous_21)
FNDA:0,(anonymous_22)
FNDA:0,(anonymous_23)
DA:15,5
DA:23,5
DA:24,5
DA:25,3
DA:26,3
DA:27,3
DA:31,6
DA:33,6
DA:38,6
DA:42,6
DA:47,6
DA:49,6
DA:51,5
DA:52,5
DA:53,5
DA:54,5
DA:59,1
DA:61,1
DA:62,1
DA:66,0
DA:71,4
DA:72,3
DA:76,3
DA:77,1
DA:79,2
DA:84,3
DA:90,3
DA:91,3
DA:100,1
DA:101,1
DA:106,2
DA:107,2
DA:108,1
DA:113,1
DA:114,1
DA:116,1
DA:119,1
DA:124,2
DA:125,2
DA:126,1
DA:131,1
DA:132,1
DA:134,1
DA:137,1
DA:141,5
DA:144,0
DA:150,0
DA:155,2
DA:156,1
DA:157,2
DA:160,1
DA:165,3
DA:175,3
DA:177,3
DA:178,3
DA:180,1
DA:185,3
DA:191,3
DA:192,3
DA:197,2
DA:198,2
DA:203,2
DA:204,2
DA:206,2
DA:210,5
DA:216,5
DA:217,4
DA:222,4
DA:223,3
DA:228,5
DA:237,5
DA:244,0
DA:245,0
DA:246,0
DA:248,0
DA:249,0
DA:250,0
LF:77
LH:68
BRDA:24,0,0,2
BRDA:24,0,1,3
BRDA:26,1,0,0
BRDA:26,1,1,3
BRDA:27,2,0,3
BRDA:27,2,1,1
BRDA:53,3,0,4
BRDA:53,3,1,1
BRDA:57,4,0,3
BRDA:57,4,1,2
BRDA:57,5,0,1
BRDA:57,5,1,1
BRDA:59,6,0,5
BRDA:59,6,1,5
BRDA:59,7,0,1
BRDA:59,7,1,0
BRDA:61,8,0,5
BRDA:61,8,1,4
BRDA:61,9,0,1
BRDA:61,9,1,1
BRDA:62,10,0,5
BRDA:62,10,1,4
BRDA:66,11,0,0
BRDA:66,11,1,0
BRDA:66,12,0,0
BRDA:66,12,1,0
BRDA:71,13,0,1
BRDA:71,13,1,3
BRDA:76,14,0,1
BRDA:76,14,1,2
BRDA:79,15,0,1
BRDA:79,15,1,1
BRDA:90,16,0,0
BRDA:90,16,1,3
BRDA:91,17,0,1
BRDA:91,17,1,2
BRDA:91,18,0,3
BRDA:91,18,1,3
BRDA:101,19,0,0
BRDA:101,19,1,1
BRDA:107,20,0,1
BRDA:107,20,1,1
BRDA:113,21,0,0
BRDA:113,21,1,1
BRDA:119,22,0,0
BRDA:119,22,1,1
BRDA:125,23,0,1
BRDA:125,23,1,1
BRDA:131,24,0,0
BRDA:131,24,1,1
BRDA:137,25,0,0
BRDA:137,25,1,1
BRDA:155,26,0,1
BRDA:155,26,1,1
BRDA:160,27,0,0
BRDA:160,27,1,1
BRDA:191,28,0,0
BRDA:191,28,1,3
BRDA:192,29,0,1
BRDA:192,29,1,2
BRDA:192,30,0,3
BRDA:192,30,1,3
BRDA:204,31,0,0
BRDA:204,31,1,2
BRDA:206,32,0,1
BRDA:206,32,1,1
BRDA:216,33,0,1
BRDA:216,33,1,4
BRDA:222,34,0,1
BRDA:222,34,1,3
BRDA:223,35,0,3
BRDA:223,35,1,1
BRF:72
BRH:57
end_of_record
TN:
SF:src/services/supabase/themes.ts
FN:8,(anonymous_0)
FN:14,(anonymous_1)
FN:25,(anonymous_2)
FN:35,(anonymous_3)
FNF:4
FNH:4
FNDA:4,(anonymous_0)
FNDA:3,(anonymous_1)
FNDA:3,(anonymous_2)
FNDA:3,(anonymous_3)
DA:6,5
DA:9,4
DA:15,3
DA:26,3
DA:36,3
DA:37,3
LF:6
LH:6
BRDA:37,0,0,1
BRDA:37,0,1,2
BRF:2
BRH:2
end_of_record
TN:
SF:src/services/supabase/workouts.ts
FN:16,totalMinutes
FN:17,(anonymous_1)
FN:21,toDetail
FN:28,(anonymous_3)
FN:32,fetchDetail
FN:40,nextPosition
FN:54,(anonymous_6)
FN:68,(anonymous_7)
FN:79,(anonymous_8)
FN:90,(anonymous_9)
FN:96,(anonymous_10)
FN:101,(anonymous_11)
FN:112,(anonymous_12)
FN:118,(anonymous_13)
FN:124,(anonymous_14)
FN:131,(anonymous_15)
FN:131,(anonymous_16)
FN:139,(anonymous_17)
FN:156,(anonymous_18)
FNF:19
FNH:19
FNDA:16,totalMinutes
FNDA:17,(anonymous_1)
FNDA:16,toDetail
FNDA:3,(anonymous_3)
FNDA:12,fetchDetail
FNDA:2,nextPosition
FNDA:7,(anonymous_6)
FNDA:2,(anonymous_7)
FNDA:1,(anonymous_8)
FNDA:1,(anonymous_9)
FNDA:2,(anonymous_10)
FNDA:3,(anonymous_11)
FNDA:1,(anonymous_12)
FNDA:1,(anonymous_13)
FNDA:3,(anonymous_14)
FNDA:3,(anonymous_15)
FNDA:1,(anonymous_16)
FNDA:4,(anonymous_17)
FNDA:3,(anonymous_18)
DA:8,5
DA:17,17
DA:18,16
DA:22,16
DA:23,16
DA:28,3
DA:33,12
DA:34,12
DA:35,11
DA:36,10
DA:41,2
DA:49,2
DA:52,5
DA:55,7
DA:62,7
DA:69,2
DA:75,2
DA:76,2
DA:80,1
DA:87,1
DA:91,1
DA:97,2
DA:98,2
DA:102,3
DA:103,3
DA:113,1
DA:119,1
DA:120,1
DA:125,3
DA:131,3
DA:140,4
DA:141,4
DA:154,4
DA:155,3
DA:156,3
DA:167,3
DA:169,4
LF:37
LH:37
BRDA:17,0,0,17
BRDA:17,0,1,12
BRDA:18,1,0,4
BRDA:18,1,1,12
BRDA:25,2,0,16
BRDA:25,2,1,15
BRDA:34,3,0,1
BRDA:34,3,1,11
BRDA:35,4,0,1
BRDA:35,4,1,10
BRDA:49,5,0,1
BRDA:49,5,1,1
BRDA:75,6,0,0
BRDA:75,6,1,2
BRDA:76,7,0,0
BRDA:76,7,1,2
BRDA:98,8,0,1
BRDA:98,8,1,1
BRDA:106,9,0,3
BRDA:106,9,1,2
BRDA:120,10,0,0
BRDA:120,10,1,1
BRDA:154,11,0,3
BRDA:154,11,1,1
BRDA:160,12,0,2
BRDA:160,12,1,1
BRDA:161,13,0,2
BRDA:161,13,1,1
BRDA:162,14,0,2
BRDA:162,14,1,1
BRDA:163,15,0,2
BRDA:163,15,1,1
BRDA:167,16,0,0
BRDA:167,16,1,3
BRF:34
BRH:30
end_of_record
TN:
SF:src/store/calendar-store.ts
FN:45,(anonymous_0)
FN:52,(anonymous_1)
FN:53,(anonymous_2)
FN:54,(anonymous_3)
FN:55,(anonymous_4)
FN:56,(anonymous_5)
FN:57,(anonymous_6)
FN:58,(anonymous_7)
FN:59,(anonymous_8)
FN:61,(anonymous_9)
FN:64,(anonymous_10)
FN:67,(anonymous_11)
FN:73,hasActiveFilters
FNF:13
FNH:13
FNDA:19,(anonymous_0)
FNDA:3,(anonymous_1)
FNDA:2,(anonymous_2)
FNDA:2,(anonymous_3)
FNDA:1,(anonymous_4)
FNDA:2,(anonymous_5)
FNDA:1,(anonymous_6)
FNDA:5,(anonymous_7)
FNDA:5,(anonymous_8)
FNDA:1,(anonymous_9)
FNDA:1,(anonymous_10)
FNDA:23,(anonymous_11)
FNDA:24,hasActiveFilters
DA:7,19
DA:14,19
DA:45,19
DA:52,3
DA:53,2
DA:54,2
DA:55,1
DA:56,2
DA:57,1
DA:59,5
DA:61,1
DA:64,1
DA:68,23
DA:69,4
DA:74,24
LF:15
LH:15
BRDA:60,0,0,1
BRDA:60,0,1,4
BRDA:68,1,0,19
BRDA:68,1,1,4
BRDA:74,2,0,24
BRDA:74,2,1,14
BRF:6
BRH:6
end_of_record
TN:
SF:src/store/preferences-store.ts
FN:65,(anonymous_0)
FN:74,(anonymous_1)
FN:80,(anonymous_2)
FN:86,(anonymous_3)
FN:91,(anonymous_4)
FN:96,(anonymous_5)
FN:101,(anonymous_6)
FN:107,(anonymous_7)
FN:127,persistir
FNF:9
FNH:8
FNDA:75,(anonymous_0)
FNDA:11,(anonymous_1)
FNDA:9,(anonymous_2)
FNDA:1,(anonymous_3)
FNDA:0,(anonymous_4)
FNDA:5,(anonymous_5)
FNDA:2,(anonymous_6)
FNDA:11,(anonymous_7)
FNDA:28,persistir
DA:6,75
DA:12,75
DA:15,75
DA:65,75
DA:75,11
DA:76,11
DA:77,11
DA:81,9
DA:82,9
DA:83,9
DA:87,1
DA:88,1
DA:92,0
DA:93,0
DA:97,5
DA:98,5
DA:102,2
DA:103,2
DA:104,2
DA:108,11
DA:109,10
DA:110,10
DA:111,10
DA:112,10
DA:130,28
LF:25
LH:23
BRDA:81,0,0,9
BRDA:81,0,1,2
BRDA:102,1,0,0
BRDA:102,1,1,2
BRDA:108,2,0,1
BRDA:108,2,1,10
BRDA:110,3,0,10
BRDA:110,3,1,2
BRDA:114,4,0,10
BRDA:114,4,1,7
BRDA:117,5,0,10
BRDA:117,5,1,2
BRDA:118,6,0,10
BRDA:118,6,1,2
BRDA:119,7,0,10
BRDA:119,7,1,2
BRDA:120,8,0,10
BRDA:120,8,1,2
BRF:18
BRH:17
end_of_record
